2024-05-31 15:43:53,962 [INFO] Activator:176 - 


2024-05-31 15:43:53,963 [INFO] Activator:177 - !SESSION log4j initialized
2024-05-31 15:43:55,247 [INFO] LogOutputStream:77 - [STDOUT_REDIRECT] 
2024-05-31 15:44:05,640 [INFO] ApplicationProperties:184 - Using Application install path: C:\ST\STM32CubeIDE_1.15.0\STM32CubeIDE\plugins\com.st.stm32cube.common.mx_6.11.1.202404110753
2024-05-31 15:44:05,648 [INFO] DbMcusXml:78 - Set database path to: C:\ST\STM32CubeIDE_1.15.0\STM32CubeIDE\plugins\com.st.stm32cube.common.mx_6.11.1.202404110753\\db\/mcu/
2024-05-31 15:44:05,648 [INFO] ApiDb:274 - Set plugin database path to: C:\ST\STM32CubeIDE_1.15.0\STM32CubeIDE\plugins\com.st.stm32cube.common.mx_6.11.1.202404110753\\db\/plugins/boardmanager/
2024-05-31 15:44:05,653 [WARN] ApiDb:259 - Overriding images path with different value:  => C:\ST\STM32CubeIDE_1.15.0\STM32CubeIDE\plugins\com.st.stm32cube.common.mx_6.11.1.202404110753\\db\/plugins/mcufinder/images/
2024-05-31 15:44:05,659 [INFO] ApiDb:250 - Set database path to: C:\Users\stefa\.stmcufinder\plugins\mcufinder//mcu/
2024-05-31 15:44:05,660 [INFO] DbMcusAds:125 - Set database path to: C:\Users\stefa\.stmcufinder\plugins\mcufinder//mcu/
2024-05-31 15:44:05,661 [INFO] CrossReferenceDbSqlite:203 - Set database path to: C:\Users\stefa\.stmcufinder\plugins\mcufinder//mcu/cs/
2024-05-31 15:44:05,725 [INFO] RulesReader:64 - Compatibility file has been processed (297 Rules)
2024-05-31 15:44:05,771 [INFO] DbMcusXml:78 - Set database path to: C:\ST\STM32CubeIDE_1.15.0\STM32CubeIDE\plugins\com.st.stm32cube.common.mx_6.11.1.202404110753\\db\/mcu/
2024-05-31 15:44:05,772 [INFO] ApiDb:274 - Set plugin database path to: C:\ST\STM32CubeIDE_1.15.0\STM32CubeIDE\plugins\com.st.stm32cube.common.mx_6.11.1.202404110753\\db\/plugins/boardmanager/
2024-05-31 15:44:05,772 [INFO] ApiDb:261 - Set plugin images path to: C:\ST\STM32CubeIDE_1.15.0\STM32CubeIDE\plugins\com.st.stm32cube.common.mx_6.11.1.202404110753\\db\/plugins/mcufinder/images/
2024-05-31 15:44:05,772 [WARN] DbFile:41 - Overriding database path with different value: C:\Users\stefa\.stmcufinder\plugins\mcufinder/ => C:\Users\stefa\.stmcufinder\plugins\mcufinder
2024-05-31 15:44:05,772 [INFO] ApiDb:250 - Set database path to: C:\Users\stefa\.stmcufinder\plugins\mcufinder//mcu/
2024-05-31 15:44:05,772 [WARN] DbFile:41 - Overriding database path with different value: C:\Users\stefa\.stmcufinder\plugins\mcufinder/ => C:\Users\stefa\.stmcufinder\plugins\mcufinder
2024-05-31 15:44:05,772 [INFO] DbMcusAds:125 - Set database path to: C:\Users\stefa\.stmcufinder\plugins\mcufinder//mcu/
2024-05-31 15:44:05,772 [WARN] DbFile:41 - Overriding database path with different value: C:\Users\stefa\.stmcufinder\plugins\mcufinder/ => C:\Users\stefa\.stmcufinder\plugins\mcufinder
2024-05-31 15:44:05,772 [WARN] DbFile:41 - Overriding database path with different value: C:\Users\stefa\.stmcufinder\plugins\mcufinder/ => C:\Users\stefa\.stmcufinder\plugins\mcufinder
2024-05-31 15:44:05,772 [INFO] CrossReferenceDbSqlite:203 - Set database path to: C:\Users\stefa\.stmcufinder\plugins\mcufinder//mcu/cs/
2024-05-31 15:44:05,819 [INFO] MainPanel:264 - HeapMemory: 268435456
2024-05-31 15:44:05,861 [INFO] DbMcusXml:78 - Set database path to: C:\ST\STM32CubeIDE_1.15.0\STM32CubeIDE\plugins\com.st.stm32cube.common.mx_6.11.1.202404110753\\db\/mcu/
2024-05-31 15:44:05,861 [INFO] ApiDb:274 - Set plugin database path to: C:\ST\STM32CubeIDE_1.15.0\STM32CubeIDE\plugins\com.st.stm32cube.common.mx_6.11.1.202404110753\\db\/plugins/boardmanager/
2024-05-31 15:44:05,861 [INFO] ApiDb:261 - Set plugin images path to: C:\ST\STM32CubeIDE_1.15.0\STM32CubeIDE\plugins\com.st.stm32cube.common.mx_6.11.1.202404110753\\db\/plugins/mcufinder/images/
2024-05-31 15:44:05,861 [WARN] DbFile:41 - Overriding database path with different value: C:\Users\stefa\.stmcufinder\plugins\mcufinder/ => C:\Users\stefa\.stmcufinder\plugins\mcufinder
2024-05-31 15:44:05,861 [INFO] ApiDb:250 - Set database path to: C:\Users\stefa\.stmcufinder\plugins\mcufinder//mcu/
2024-05-31 15:44:05,861 [WARN] DbFile:41 - Overriding database path with different value: C:\Users\stefa\.stmcufinder\plugins\mcufinder/ => C:\Users\stefa\.stmcufinder\plugins\mcufinder
2024-05-31 15:44:05,861 [INFO] DbMcusAds:125 - Set database path to: C:\Users\stefa\.stmcufinder\plugins\mcufinder//mcu/
2024-05-31 15:44:05,862 [WARN] DbFile:41 - Overriding database path with different value: C:\Users\stefa\.stmcufinder\plugins\mcufinder/ => C:\Users\stefa\.stmcufinder\plugins\mcufinder
2024-05-31 15:44:05,862 [WARN] DbFile:41 - Overriding database path with different value: C:\Users\stefa\.stmcufinder\plugins\mcufinder/ => C:\Users\stefa\.stmcufinder\plugins\mcufinder
2024-05-31 15:44:05,871 [INFO] CrossReferenceDbSqlite:203 - Set database path to: C:\Users\stefa\.stmcufinder\plugins\mcufinder//mcu/cs/
2024-05-31 15:44:05,882 [INFO] ApplicationProperties:184 - Using Application install path: C:\ST\STM32CubeIDE_1.15.0\STM32CubeIDE\plugins\com.st.stm32cube.common.mx_6.11.1.202404110753
2024-05-31 15:44:05,883 [INFO] PluginManage:196 - Search for loadable plugins [exclusion list=, ]
2024-05-31 15:44:05,883 [INFO] PluginManage:310 - Check plugin analytics
2024-05-31 15:44:06,005 [INFO] AnalyticsPlugin:253 - Accepted Software Licenses: STM32CubeMX.6.11.1
2024-05-31 15:44:06,005 [INFO] AnalyticsPlugin:255 - Accepted CMSIS Pack Licenses: 
2024-05-31 15:44:06,005 [INFO] AnalyticsPlugin:257 - Accepted Firmware Licenses: 
2024-05-31 15:44:06,007 [INFO] PluginManage:359 - Loaded plugin analytics (category:tool,tabindex:-1)
2024-05-31 15:44:06,007 [INFO] PluginManage:310 - Check plugin cadmodel
2024-05-31 15:44:06,023 [INFO] CADModel:105 - Init CAD model plugin
2024-05-31 15:44:06,023 [INFO] PluginManage:359 - Loaded plugin cadmodel (category:power,tabindex:5)
2024-05-31 15:44:06,023 [INFO] PluginManage:310 - Check plugin clock
2024-05-31 15:44:06,029 [INFO] PluginManage:359 - Loaded plugin clock (category:base,tabindex:2)
2024-05-31 15:44:06,030 [INFO] PluginManage:310 - Check plugin ddr
2024-05-31 15:44:06,031 [INFO] PluginManage:359 - Loaded plugin ddr (category:tool,tabindex:6)
2024-05-31 15:44:06,031 [INFO] PluginManage:310 - Check plugin filemanager
2024-05-31 15:44:06,125 [INFO] PluginManage:359 - Loaded plugin filemanager (category:base,tabindex:10)
2024-05-31 15:44:06,126 [INFO] PluginManage:310 - Check plugin ipmanager
2024-05-31 15:44:06,130 [INFO] PluginManage:359 - Loaded plugin ipmanager (category:base,tabindex:5)
2024-05-31 15:44:06,130 [INFO] PluginManage:310 - Check plugin lpbam
2024-05-31 15:44:06,136 [INFO] PluginManage:359 - Loaded plugin lpbam (category:base,tabindex:0)
2024-05-31 15:44:06,136 [INFO] PluginManage:310 - Check plugin memorymap
2024-05-31 15:44:06,145 [INFO] PluginManage:359 - Loaded plugin memorymap (category:base,tabindex:4)
2024-05-31 15:44:06,146 [INFO] PluginManage:310 - Check plugin pinoutandconfiguration
2024-05-31 15:44:06,150 [INFO] PluginManage:359 - Loaded plugin pinoutandconfiguration (category:base,tabindex:1)
2024-05-31 15:44:06,150 [INFO] PluginManage:310 - Check plugin pinoutconfig
2024-05-31 15:44:06,220 [WARN] SupportedApi:132 - Cannot load RTOS API schema: s4s-elt-must-match.1: The content of 'definitions' must match (annotation?, (simpleType | complexType)?, (unique | key | keyref)*)). A problem was found starting at: attribute.
2024-05-31 15:44:06,301 [INFO] PluginManage:359 - Loaded plugin pinoutconfig (category:base,tabindex:0)
2024-05-31 15:44:06,301 [INFO] PluginManage:310 - Check plugin power
2024-05-31 15:44:06,306 [INFO] PluginManage:359 - Loaded plugin power (category:power,tabindex:4)
2024-05-31 15:44:06,306 [INFO] PluginManage:310 - Check plugin projectmanager
2024-05-31 15:44:06,315 [INFO] PluginManage:359 - Loaded plugin projectmanager (category:projectmanager,tabindex:3)
2024-05-31 15:44:06,315 [INFO] PluginManage:310 - Check plugin thirdparty
2024-05-31 15:44:06,400 [INFO] PluginManage:359 - Loaded plugin thirdparty (category:base,tabindex:-1)
2024-05-31 15:44:06,400 [INFO] PluginManage:310 - Check plugin tools
2024-05-31 15:44:06,400 [WARN] IntegrityCheckThread:84 - waiting for thirdparty lock release [integrity check]
2024-05-31 15:44:06,400 [INFO] IntegrityCheckThread:86 - entering critical section [integrity check]
2024-05-31 15:44:06,401 [INFO] ThirdPartyUpdaterWithRetryManager:70 - Updater plugin not ready yet. [1/15]
2024-05-31 15:44:06,402 [INFO] PluginManage:359 - Loaded plugin tools (category:base,tabindex:7)
2024-05-31 15:44:06,402 [INFO] PluginManage:310 - Check plugin tutovideos
2024-05-31 15:44:06,492 [INFO] PluginManage:359 - Loaded plugin tutovideos (category:base,tabindex:-1)
2024-05-31 15:44:06,492 [INFO] PluginManage:310 - Check plugin updater
2024-05-31 15:44:06,498 [INFO] PluginManage:359 - Loaded plugin updater (category:base,tabindex:12)
2024-05-31 15:44:06,498 [INFO] PluginManage:310 - Check plugin userauth
2024-05-31 15:44:06,501 [INFO] UserAuth:114 - Init User Auth plugin
2024-05-31 15:44:06,501 [INFO] PluginManage:359 - Loaded plugin userauth (category:base,tabindex:14)
2024-05-31 15:44:06,502 [INFO] PluginManage:283 - PluginManage : Loaded plugins [17]
2024-05-31 15:44:06,624 [INFO] PinOutPanel:1561 - setPackage(No Configuration,No Configuration)
2024-05-31 15:44:06,664 [INFO] CADModel:165 - CPN selected for project level
2024-05-31 15:44:06,664 [INFO] CADModel:114 - Register for checkConnection events
2024-05-31 15:44:06,673 [INFO] IPUIPlugin:80 - create IPUIPlugin
2024-05-31 15:44:06,673 [INFO] PluginManager:220 - loadIPPluginJar : add adc
2024-05-31 15:44:06,674 [INFO] IPUIPlugin:80 - create IPUIPlugin
2024-05-31 15:44:06,674 [INFO] PluginManager:220 - loadIPPluginJar : add aes
2024-05-31 15:44:06,675 [INFO] IPUIPlugin:80 - create IPUIPlugin
2024-05-31 15:44:06,675 [INFO] PluginManager:220 - loadIPPluginJar : add can
2024-05-31 15:44:06,676 [INFO] IPUIPlugin:80 - create IPUIPlugin
2024-05-31 15:44:06,676 [INFO] PluginManager:220 - loadIPPluginJar : add comp
2024-05-31 15:44:06,678 [INFO] IPUIPlugin:80 - create IPUIPlugin
2024-05-31 15:44:06,678 [INFO] PluginManager:220 - loadIPPluginJar : add cryp
2024-05-31 15:44:06,679 [INFO] IPUIPlugin:80 - create IPUIPlugin
2024-05-31 15:44:06,679 [INFO] PluginManager:220 - loadIPPluginJar : add dfsdm
2024-05-31 15:44:06,682 [INFO] IPUIPlugin:80 - create IPUIPlugin
2024-05-31 15:44:06,682 [INFO] PluginManager:220 - loadIPPluginJar : add dma
2024-05-31 15:44:06,683 [INFO] IPUIPlugin:80 - create IPUIPlugin
2024-05-31 15:44:06,683 [INFO] PluginManager:220 - loadIPPluginJar : add dma3
2024-05-31 15:44:06,684 [INFO] IPUIPlugin:80 - create IPUIPlugin
2024-05-31 15:44:06,684 [INFO] PluginManager:220 - loadIPPluginJar : add extmemmanager
2024-05-31 15:44:06,685 [INFO] IPUIPlugin:80 - create IPUIPlugin
2024-05-31 15:44:06,685 [INFO] PluginManager:220 - loadIPPluginJar : add fatfs
2024-05-31 15:44:06,687 [INFO] IPUIPlugin:80 - create IPUIPlugin
2024-05-31 15:44:06,687 [INFO] PluginManager:220 - loadIPPluginJar : add fmc
2024-05-31 15:44:06,689 [INFO] IPUIPlugin:80 - create IPUIPlugin
2024-05-31 15:44:06,689 [INFO] PluginManager:220 - loadIPPluginJar : add freertos
2024-05-31 15:44:06,690 [INFO] IPUIPlugin:80 - create IPUIPlugin
2024-05-31 15:44:06,690 [INFO] PluginManager:220 - loadIPPluginJar : add genericplugin
2024-05-31 15:44:06,693 [INFO] IPUIPlugin:80 - create IPUIPlugin
2024-05-31 15:44:06,693 [INFO] PluginManager:220 - loadIPPluginJar : add gfxmmu
2024-05-31 15:44:06,695 [INFO] IPUIPlugin:80 - create IPUIPlugin
2024-05-31 15:44:06,695 [INFO] PluginManager:220 - loadIPPluginJar : add gic
2024-05-31 15:44:06,697 [INFO] IPUIPlugin:80 - create IPUIPlugin
2024-05-31 15:44:06,697 [INFO] PluginManager:220 - loadIPPluginJar : add gpio
2024-05-31 15:44:06,698 [INFO] IPUIPlugin:80 - create IPUIPlugin
2024-05-31 15:44:06,698 [INFO] PluginManager:220 - loadIPPluginJar : add gtzc
2024-05-31 15:44:06,699 [INFO] IPUIPlugin:80 - create IPUIPlugin
2024-05-31 15:44:06,699 [INFO] PluginManager:220 - loadIPPluginJar : add hash
2024-05-31 15:44:06,700 [INFO] IPUIPlugin:80 - create IPUIPlugin
2024-05-31 15:44:06,700 [INFO] PluginManager:220 - loadIPPluginJar : add i2c
2024-05-31 15:44:06,701 [INFO] IPUIPlugin:80 - create IPUIPlugin
2024-05-31 15:44:06,701 [INFO] PluginManager:220 - loadIPPluginJar : add i2s
2024-05-31 15:44:06,702 [INFO] IPUIPlugin:80 - create IPUIPlugin
2024-05-31 15:44:06,702 [INFO] PluginManager:220 - loadIPPluginJar : add i3c
2024-05-31 15:44:06,703 [INFO] IPUIPlugin:80 - create IPUIPlugin
2024-05-31 15:44:06,703 [INFO] PluginManager:220 - loadIPPluginJar : add ipddr
2024-05-31 15:44:06,707 [INFO] IPUIPlugin:80 - create IPUIPlugin
2024-05-31 15:44:06,707 [INFO] PluginManager:220 - loadIPPluginJar : add linkedlist
2024-05-31 15:44:06,709 [INFO] IPUIPlugin:80 - create IPUIPlugin
2024-05-31 15:44:06,709 [INFO] PluginManager:220 - loadIPPluginJar : add lorawan
2024-05-31 15:44:06,710 [INFO] IPUIPlugin:80 - create IPUIPlugin
2024-05-31 15:44:06,710 [INFO] PluginManager:220 - loadIPPluginJar : add ltdc
2024-05-31 15:44:06,715 [INFO] IPUIPlugin:80 - create IPUIPlugin
2024-05-31 15:44:06,715 [INFO] PluginManager:220 - loadIPPluginJar : add mdma
2024-05-31 15:44:06,717 [INFO] IPUIPlugin:80 - create IPUIPlugin
2024-05-31 15:44:06,717 [INFO] PluginManager:220 - loadIPPluginJar : add nvic
2024-05-31 15:44:06,718 [INFO] IPUIPlugin:80 - create IPUIPlugin
2024-05-31 15:44:06,718 [INFO] PluginManager:220 - loadIPPluginJar : add opamp
2024-05-31 15:44:06,719 [INFO] IPUIPlugin:80 - create IPUIPlugin
2024-05-31 15:44:06,720 [INFO] PluginManager:220 - loadIPPluginJar : add openamp
2024-05-31 15:44:06,721 [INFO] IPUIPlugin:80 - create IPUIPlugin
2024-05-31 15:44:06,721 [INFO] PluginManager:220 - loadIPPluginJar : add pdm2pcm
2024-05-31 15:44:06,724 [INFO] IPUIPlugin:80 - create IPUIPlugin
2024-05-31 15:44:06,725 [INFO] PluginManager:220 - loadIPPluginJar : add plateformsettings
2024-05-31 15:44:06,726 [INFO] IPUIPlugin:80 - create IPUIPlugin
2024-05-31 15:44:06,726 [INFO] PluginManager:220 - loadIPPluginJar : add quadspi
2024-05-31 15:44:06,728 [INFO] IPUIPlugin:80 - create IPUIPlugin
2024-05-31 15:44:06,728 [INFO] PluginManager:220 - loadIPPluginJar : add resmgrutility
2024-05-31 15:44:06,729 [INFO] IPUIPlugin:80 - create IPUIPlugin
2024-05-31 15:44:06,729 [INFO] PluginManager:220 - loadIPPluginJar : add sai
2024-05-31 15:44:06,731 [INFO] IPUIPlugin:80 - create IPUIPlugin
2024-05-31 15:44:06,731 [INFO] PluginManager:220 - loadIPPluginJar : add spi
2024-05-31 15:44:06,734 [INFO] IPUIPlugin:80 - create IPUIPlugin
2024-05-31 15:44:06,734 [INFO] PluginManager:220 - loadIPPluginJar : add stm32_wpan
2024-05-31 15:44:06,735 [INFO] IPUIPlugin:80 - create IPUIPlugin
2024-05-31 15:44:06,735 [INFO] PluginManager:220 - loadIPPluginJar : add tim
2024-05-31 15:44:06,737 [INFO] IPUIPlugin:80 - create IPUIPlugin
2024-05-31 15:44:06,737 [INFO] PluginManager:220 - loadIPPluginJar : add touchsensing
2024-05-31 15:44:06,738 [INFO] IPUIPlugin:80 - create IPUIPlugin
2024-05-31 15:44:06,738 [INFO] PluginManager:220 - loadIPPluginJar : add tracer_emb
2024-05-31 15:44:06,739 [INFO] IPUIPlugin:80 - create IPUIPlugin
2024-05-31 15:44:06,739 [INFO] PluginManager:220 - loadIPPluginJar : add ts
2024-05-31 15:44:06,739 [INFO] IPUIPlugin:80 - create IPUIPlugin
2024-05-31 15:44:06,739 [INFO] PluginManager:220 - loadIPPluginJar : add tsc
2024-05-31 15:44:06,741 [INFO] IPUIPlugin:80 - create IPUIPlugin
2024-05-31 15:44:06,741 [INFO] PluginManager:220 - loadIPPluginJar : add ucpd
2024-05-31 15:44:06,742 [INFO] IPUIPlugin:80 - create IPUIPlugin
2024-05-31 15:44:06,742 [INFO] PluginManager:220 - loadIPPluginJar : add usart
2024-05-31 15:44:06,744 [INFO] IPUIPlugin:80 - create IPUIPlugin
2024-05-31 15:44:06,744 [INFO] PluginManager:220 - loadIPPluginJar : add usbx
2024-05-31 15:44:06,848 [INFO] CADModel:165 - CPN selected for project level
2024-05-31 15:44:06,848 [INFO] CADModel:114 - Register for checkConnection events
2024-05-31 15:44:06,848 [FATAL] Updater:308 - Updater called before beeing initialized
2024-05-31 15:44:06,849 [ERROR] CADModel:125 - Updater not yet initialized, retry later 
2024-05-31 15:44:06,922 [INFO] CADModel:165 - CPN selected for project level
2024-05-31 15:44:06,922 [INFO] CADModel:114 - Register for checkConnection events
2024-05-31 15:44:06,922 [FATAL] Updater:308 - Updater called before beeing initialized
2024-05-31 15:44:06,922 [ERROR] CADModel:125 - Updater not yet initialized, retry later 
2024-05-31 15:44:06,924 [FATAL] Updater:308 - Updater called before beeing initialized
2024-05-31 15:44:06,982 [FATAL] Updater:308 - Updater called before beeing initialized
2024-05-31 15:44:06,985 [INFO] DbMcusAds:53 - JSON generation date=Thu May 16 11:22:00 CEST 2024 (1715851320852)
2024-05-31 15:44:06,985 [FATAL] Updater:308 - Updater called before beeing initialized
2024-05-31 15:44:07,007 [WARN] DetailPanel:346 - Failed to get advertising image, set to default
2024-05-31 15:44:07,062 [FATAL] Updater:308 - Updater called before beeing initialized
2024-05-31 15:44:07,063 [FATAL] Updater:308 - Updater called before beeing initialized
2024-05-31 15:44:07,063 [FATAL] Updater:308 - Updater called before beeing initialized
2024-05-31 15:44:07,063 [WARN] DetailPanel:346 - Failed to get advertising image, set to default
2024-05-31 15:44:07,063 [FATAL] Updater:308 - Updater called before beeing initialized
2024-05-31 15:44:07,091 [ERROR] Updater:1120 - MainUpdater not yet initialized. External WinMGr cannot be set.
2024-05-31 15:44:07,092 [INFO] Updater:1056 - Updater Version found : 6.11.1
2024-05-31 15:44:07,107 [INFO] ApplicationProperties:184 - Using Application install path: C:\ST\STM32CubeIDE_1.15.0\STM32CubeIDE\plugins\com.st.stm32cube.common.mx_6.11.1.202404110753
2024-05-31 15:44:08,674 [ERROR] LogOutputStream:75 - [STDERR_REDIRECT] May 31, 2024 3:44:08 PM java.util.prefs.WindowsPreferences <init>
2024-05-31 15:44:08,675 [ERROR] LogOutputStream:75 - [STDERR_REDIRECT] WARNING: Could not open/create prefs root node Software\JavaSoft\Prefs at root 0xffffffff80000002. Windows RegCreateKeyEx(...) returned error code 5.
2024-05-31 15:44:08,675 [ERROR] LogOutputStream:75 - [STDERR_REDIRECT] 
2024-05-31 15:44:08,887 [INFO] MainUpdater:2873 - connection check result : 10
2024-05-31 15:44:08,888 [INFO] MainUpdater:290 - Updater Check For Update Now.
2024-05-31 15:44:08,888 [INFO] MicroXplorer:498 - Change Database Version : DB.6.0.111
2024-05-31 15:44:08,897 [INFO] McuFinderGlobals:63 - Set McuFinder mode to 2 (CubeIDE integrated)
2024-05-31 15:44:08,903 [INFO] UserAuth:415 - Internet connection configuration mode: 1
2024-05-31 15:44:08,920 [INFO] JxBrowserEngine:152 - Initiate JxBrowser Engine with user profile folder
2024-05-31 15:44:09,045 [INFO] CheckServerUpdateThread:120 - End of CheckServer Thread
2024-05-31 15:44:09,289 [INFO] WebApp:161 - Instantiating new browser for Auth
2024-05-31 15:44:09,494 [WARN] PackLoader:240 - Cannot read IP mode file for STMicroelectronics.FP-SNS-MOTENVWB1.1.4.0
2024-05-31 15:44:09,505 [WARN] PackLoader:240 - Cannot read IP mode file for STMicroelectronics.X-CUBE-SMBUS.2.1.0
2024-05-31 15:44:09,509 [WARN] PackLoader:240 - Cannot read IP mode file for STMicroelectronics.X-CUBE-TOUCHGFX.4.23.1
2024-05-31 15:44:09,512 [WARN] PackLoader:240 - Cannot read IP mode file for STMicroelectronics.X-CUBE-TOUCHGFX.4.23.0
2024-05-31 15:44:09,573 [WARN] PackLoader:240 - Cannot read IP mode file for STMicroelectronics.X-CUBE-TOUCHGFX.4.23.2
2024-05-31 15:44:09,593 [WARN] PackLoader:240 - Cannot read IP mode file for STMicroelectronics.X-CUBE-AZRTOS-F7.1.1.0
2024-05-31 15:44:09,599 [WARN] PackLoader:240 - Cannot read IP mode file for STMicroelectronics.X-CUBE-TOUCHGFX.4.19.1
2024-05-31 15:44:09,620 [WARN] PackLoader:240 - Cannot read IP mode file for STMicroelectronics.FP-SNS-MOTENV1.4.3.2
2024-05-31 15:44:09,624 [WARN] PackLoader:240 - Cannot read IP mode file for STMicroelectronics.FP-SNS-FLIGHT1.5.0.2
2024-05-31 15:44:09,630 [WARN] PackLoader:240 - Cannot read IP mode file for STMicroelectronics.X-CUBE-DISPLAY.3.0.0
2024-05-31 15:44:09,640 [WARN] PackLoader:240 - Cannot read IP mode file for STMicroelectronics.X-CUBE-BLE1.7.0.0
2024-05-31 15:44:09,644 [WARN] PackLoader:240 - Cannot read IP mode file for emotas.I-CUBE-CANOPEN.1.3.0
2024-05-31 15:44:09,654 [WARN] PackLoader:240 - Cannot read IP mode file for STMicroelectronics.X-CUBE-BLEMGR.3.1.0
2024-05-31 15:44:09,661 [WARN] PackLoader:240 - Cannot read IP mode file for STMicroelectronics.FP-SNS-SMARTAG2.1.2.0
2024-05-31 15:44:09,667 [INFO] LogOutputStream:77 - [STDOUT_REDIRECT] 1 : Invalid condition id : UX_CORESTACK_Condition cause : null
2024-05-31 15:44:09,668 [INFO] LogOutputStream:77 - [STDOUT_REDIRECT] 1 : Invalid condition id : UX_CORESTACK_Condition cause : null
2024-05-31 15:44:09,669 [INFO] LogOutputStream:77 - [STDOUT_REDIRECT] 1 : Invalid condition id : UX_CORESTACK_Condition cause : null
2024-05-31 15:44:09,670 [INFO] LogOutputStream:77 - [STDOUT_REDIRECT] 1 : Invalid condition id : UX_CORESTACK_Condition cause : null
2024-05-31 15:44:09,670 [INFO] LogOutputStream:77 - [STDOUT_REDIRECT] 1 : Invalid condition id : UX_CORESTACK_Condition cause : null
2024-05-31 15:44:09,673 [WARN] PackLoader:240 - Cannot read IP mode file for STMicroelectronics.X-CUBE-AZRTOS-WL.2.0.0
2024-05-31 15:44:09,677 [WARN] PackLoader:240 - Cannot read IP mode file for STMicroelectronics.FP-SNS-MOTENV1.5.0.0
2024-05-31 15:44:09,684 [WARN] PackLoader:240 - Cannot read IP mode file for WES.I-CUBE-Cesium.1.3.0
2024-05-31 15:44:09,688 [WARN] PackLoader:240 - Cannot read IP mode file for STMicroelectronics.X-CUBE-BLE2.3.3.0
2024-05-31 15:44:09,692 [WARN] PackLoader:240 - Cannot read IP mode file for STMicroelectronics.X-CUBE-TCPP.4.1.0
2024-05-31 15:44:09,697 [WARN] PackLoader:240 - Cannot read IP mode file for STMicroelectronics.X-CUBE-ALGOBUILD.1.3.0
2024-05-31 15:44:09,710 [WARN] PackLoader:240 - Cannot read IP mode file for STMicroelectronics.X-CUBE-AZRTOS-G0.1.1.0
2024-05-31 15:44:09,716 [WARN] PackLoader:240 - Cannot read IP mode file for STMicroelectronics.X-CUBE-SAFEA1.1.2.2
2024-05-31 15:44:09,721 [WARN] PackLoader:240 - Cannot read IP mode file for STMicroelectronics.X-CUBE-NFC4.3.0.0
2024-05-31 15:44:09,725 [WARN] PackLoader:240 - Cannot read IP mode file for wolfSSL.I-CUBE-wolfMQTT.1.18.0
2024-05-31 15:44:09,728 [WARN] PackLoader:240 - Cannot read IP mode file for wolfSSL.I-CUBE-wolfSSL.5.7.0
2024-05-31 15:44:09,731 [WARN] PackLoader:240 - Cannot read IP mode file for STMicroelectronics.FP-ATR-SIGFOX1.3.2.0
2024-05-31 15:44:09,736 [WARN] PackLoader:240 - Cannot read IP mode file for STMicroelectronics.X-CUBE-EEPRMA1.5.1.0
2024-05-31 15:44:09,742 [WARN] PackLoader:240 - Cannot read IP mode file for ITTIA_DB.I-CUBE-ITTIADB.8.9.0
2024-05-31 15:44:09,777 [WARN] PackLoader:240 - Cannot read IP mode file for SEGGER.I-CUBE-embOS.1.3.1
2024-05-31 15:44:09,823 [INFO] WebApp:779 - Register for checkConnection events
2024-05-31 15:44:09,824 [INFO] WebApp:414 - Apply proxy settings
2024-05-31 15:44:09,824 [INFO] WebApp:499 - Chromium requires no authentication
2024-05-31 15:44:09,833 [INFO] WebApp:442 - Direct internet connection detected
2024-05-31 15:44:09,833 [WARN] PackLoader:240 - Cannot read IP mode file for STMicroelectronics.X-CUBE-ALGOBUILD.1.4.0
2024-05-31 15:44:09,839 [WARN] PackLoader:240 - Cannot read IP mode file for STMicroelectronics.X-CUBE-GNSS1.6.0.0
2024-05-31 15:44:09,849 [WARN] PackLoader:240 - Cannot read IP mode file for STMicroelectronics.X-CUBE-AZRTOS-F4.1.1.0
2024-05-31 15:44:09,855 [WARN] PackLoader:240 - Cannot read IP mode file for STMicroelectronics.X-CUBE-FREERTOS.1.2.0
2024-05-31 15:44:09,858 [WARN] PackLoader:240 - Cannot read IP mode file for wolfSSL.I-CUBE-wolfSSL.5.6.6
2024-05-31 15:44:09,868 [WARN] PackLoader:240 - Cannot read IP mode file for STMicroelectronics.X-CUBE-AZRTOS-L5.2.0.0
2024-05-31 15:44:09,874 [WARN] PackLoader:240 - Cannot read IP mode file for STMicroelectronics.X-CUBE-NFC6.3.1.0
2024-05-31 15:44:09,878 [WARN] PackLoader:240 - Cannot read IP mode file for ITTIA_DB.I-CUBE-ITTIADB.8.8.0
2024-05-31 15:44:09,881 [WARN] PackLoader:240 - Cannot read IP mode file for STMicroelectronics.X-CUBE-AI.9.0.0
2024-05-31 15:44:09,886 [WARN] PackLoader:240 - Cannot read IP mode file for STMicroelectronics.X-CUBE-NFC7.1.0.1
2024-05-31 15:44:09,890 [WARN] PackLoader:240 - Cannot read IP mode file for STMicroelectronics.X-CUBE-AI.8.1.0
2024-05-31 15:44:09,904 [WARN] ConditionMgr:438 - getConditionDescription Invalid condition id : LAN8742 Phy interface Condition cause : null
2024-05-31 15:44:09,905 [WARN] PackLoader:240 - Cannot read IP mode file for STMicroelectronics.X-CUBE-AZRTOS-L4.2.0.0
2024-05-31 15:44:09,906 [WARN] ConditionMgr:1039 - genDependencies : Invalid condition id : LAN8742 Phy interface Condition cause : null
2024-05-31 15:44:09,906 [WARN] ConditionMgr:1039 - genDependencies : Invalid condition id : LAN8742 Phy interface Condition cause : null
2024-05-31 15:44:09,906 [WARN] ConditionMgr:1039 - genDependencies : Invalid condition id : LAN8742 Phy interface Condition cause : null
2024-05-31 15:44:09,913 [WARN] PackLoader:240 - Cannot read IP mode file for STMicroelectronics.X-CUBE-SFXS2LP1.4.0.0
2024-05-31 15:44:09,927 [WARN] ConditionMgr:438 - getConditionDescription Invalid condition id : UX DEVICE CLASS RTOS Condition cause : null
2024-05-31 15:44:09,927 [WARN] ConditionMgr:438 - getConditionDescription Invalid condition id : UX DEVICE CLASS RTOS Condition cause : null
2024-05-31 15:44:09,930 [WARN] PackLoader:240 - Cannot read IP mode file for STMicroelectronics.X-CUBE-AZRTOS-WB.2.0.0
2024-05-31 15:44:09,930 [WARN] ConditionMgr:1039 - genDependencies : Invalid condition id : UX DEVICE CLASS RTOS Condition cause : null
2024-05-31 15:44:09,931 [WARN] ConditionMgr:1039 - genDependencies : Invalid condition id : UX DEVICE CLASS RTOS Condition cause : null
2024-05-31 15:44:09,931 [WARN] ConditionMgr:1039 - genDependencies : Invalid condition id : UX DEVICE CLASS RTOS Condition cause : null
2024-05-31 15:44:09,931 [WARN] ConditionMgr:1039 - genDependencies : Invalid condition id : UX DEVICE CLASS RTOS Condition cause : null
2024-05-31 15:44:09,931 [WARN] ConditionMgr:1039 - genDependencies : Invalid condition id : UX DEVICE CLASS RTOS Condition cause : null
2024-05-31 15:44:09,942 [WARN] PackLoader:240 - Cannot read IP mode file for STMicroelectronics.X-CUBE-SUBG2.5.0.0
2024-05-31 15:44:09,977 [WARN] PackLoader:240 - Cannot read IP mode file for STMicroelectronics.X-CUBE-AZRTOS-G4.2.0.0
2024-05-31 15:44:09,990 [WARN] PackLoader:240 - Cannot read IP mode file for Infineon.AIROC-Wi-Fi-Bluetooth-STM32.1.5.1
2024-05-31 15:44:09,997 [WARN] PackLoader:240 - Cannot read IP mode file for STMicroelectronics.FP-SNS-MOTENVWB1.1.3.1
2024-05-31 15:44:10,002 [WARN] PackLoader:240 - Cannot read IP mode file for STMicroelectronics.X-CUBE-ISPU.2.0.0
2024-05-31 15:44:10,006 [WARN] PackLoader:240 - Cannot read IP mode file for STMicroelectronics.X-CUBE-ALS.1.0.2
2024-05-31 15:44:10,029 [WARN] PackLoader:240 - Cannot read IP mode file for STMicroelectronics.X-CUBE-MEMS1.10.0.0
2024-05-31 15:44:10,096 [WARN] PackLoader:240 - Cannot read IP mode file for STMicroelectronics.X-CUBE-FREERTOS.1.1.0
2024-05-31 15:44:10,113 [INFO] WebApp:192 - Starting web application
2024-05-31 15:44:10,114 [INFO] WebApp:544 - Web application path used C:\ST\STM32CubeIDE_1.15.0\STM32CubeIDE\plugins\com.st.stm32cube.common.mx_6.11.1.202404110753\db\plugins\mcufinder\reactClient1\index.html
2024-05-31 15:44:10,136 [WARN] PackLoader:240 - Cannot read IP mode file for portGmbH.I-Cube-SoM-uGOAL.1.1.0
2024-05-31 15:44:10,140 [WARN] PackLoader:240 - Cannot read IP mode file for STMicroelectronics.X-CUBE-ALS.1.0.1
2024-05-31 15:44:10,154 [WARN] PackLoader:240 - Cannot read IP mode file for STMicroelectronics.X-CUBE-AZRTOS-H7RS.1.0.0
2024-05-31 15:44:10,159 [WARN] PackLoader:240 - Cannot read IP mode file for STMicroelectronics.FP-ATR-ASTRA1.2.0.0
2024-05-31 15:44:10,168 [WARN] PackLoader:240 - Cannot read IP mode file for STMicroelectronics.X-CUBE-TOF1.3.4.1
2024-05-31 15:44:10,190 [WARN] PackLoader:240 - Cannot read IP mode file for STMicroelectronics.X-CUBE-AZRTOS-H7.3.2.0
2024-05-31 15:44:10,201 [WARN] PackLoader:240 - Cannot read IP mode file for Infineon.AIROC-Wi-Fi-Bluetooth-STM32.1.6.0
2024-05-31 15:44:10,205 [INFO] ThirdParty:978 - Integrity check success = true
2024-05-31 15:44:10,206 [INFO] IntegrityCheckThread:100 - exiting critical section [integrity check]
2024-05-31 15:44:10,206 [INFO] IntegrityCheckThread:103 - End integrity checks thread
2024-05-31 15:44:10,571 [ERROR] LogOutputStream:75 - [STDERR_REDIRECT] 
