2024-04-11 08:17:56,971 [ERROR] LogOutputStream:75 - [STDERR_REDIRECT] 
2024-04-11 16:56:19,339 [INFO] Activator:176 - 


2024-04-11 16:56:19,340 [INFO] Activator:177 - !SESSION log4j initialized
2024-04-11 16:56:23,292 [INFO] LogOutputStream:77 - [STDOUT_REDIRECT] 
2024-04-11 16:56:26,104 [INFO] ApplicationProperties:184 - Using Application install path: C:\ST\STM32CubeIDE_1.15.0\STM32CubeIDE\plugins\com.st.stm32cube.common.mx_6.11.0.202403141607
2024-04-11 16:56:26,123 [INFO] DbMcusXml:78 - Set database path to: C:\ST\STM32CubeIDE_1.15.0\STM32CubeIDE\plugins\com.st.stm32cube.common.mx_6.11.0.202403141607\\db\/mcu/
2024-04-11 16:56:26,124 [INFO] ApiDb:274 - Set plugin database path to: C:\ST\STM32CubeIDE_1.15.0\STM32CubeIDE\plugins\com.st.stm32cube.common.mx_6.11.0.202403141607\\db\/plugins/boardmanager/
2024-04-11 16:56:26,124 [WARN] ApiDb:259 - Overriding images path with different value:  => C:\ST\STM32CubeIDE_1.15.0\STM32CubeIDE\plugins\com.st.stm32cube.common.mx_6.11.0.202403141607\\db\/plugins/mcufinder/images/
2024-04-11 16:56:26,138 [INFO] ApiDb:250 - Set database path to: C:\Users\stefa\.stmcufinder\plugins\mcufinder//mcu/
2024-04-11 16:56:26,140 [INFO] DbMcusAds:125 - Set database path to: C:\Users\stefa\.stmcufinder\plugins\mcufinder//mcu/
2024-04-11 16:56:26,142 [INFO] CrossReferenceDbSqlite:203 - Set database path to: C:\Users\stefa\.stmcufinder\plugins\mcufinder//mcu/cs/
2024-04-11 16:56:26,248 [INFO] RulesReader:64 - Compatibility file has been processed (297 Rules)
2024-04-11 16:56:26,337 [INFO] DbMcusXml:78 - Set database path to: C:\ST\STM32CubeIDE_1.15.0\STM32CubeIDE\plugins\com.st.stm32cube.common.mx_6.11.0.202403141607\\db\/mcu/
2024-04-11 16:56:26,337 [INFO] ApiDb:274 - Set plugin database path to: C:\ST\STM32CubeIDE_1.15.0\STM32CubeIDE\plugins\com.st.stm32cube.common.mx_6.11.0.202403141607\\db\/plugins/boardmanager/
2024-04-11 16:56:26,337 [INFO] ApiDb:261 - Set plugin images path to: C:\ST\STM32CubeIDE_1.15.0\STM32CubeIDE\plugins\com.st.stm32cube.common.mx_6.11.0.202403141607\\db\/plugins/mcufinder/images/
2024-04-11 16:56:26,338 [WARN] DbFile:41 - Overriding database path with different value: C:\Users\stefa\.stmcufinder\plugins\mcufinder/ => C:\Users\stefa\.stmcufinder\plugins\mcufinder
2024-04-11 16:56:26,338 [INFO] ApiDb:250 - Set database path to: C:\Users\stefa\.stmcufinder\plugins\mcufinder//mcu/
2024-04-11 16:56:26,338 [WARN] DbFile:41 - Overriding database path with different value: C:\Users\stefa\.stmcufinder\plugins\mcufinder/ => C:\Users\stefa\.stmcufinder\plugins\mcufinder
2024-04-11 16:56:26,338 [INFO] DbMcusAds:125 - Set database path to: C:\Users\stefa\.stmcufinder\plugins\mcufinder//mcu/
2024-04-11 16:56:26,338 [WARN] DbFile:41 - Overriding database path with different value: C:\Users\stefa\.stmcufinder\plugins\mcufinder/ => C:\Users\stefa\.stmcufinder\plugins\mcufinder
2024-04-11 16:56:26,338 [WARN] DbFile:41 - Overriding database path with different value: C:\Users\stefa\.stmcufinder\plugins\mcufinder/ => C:\Users\stefa\.stmcufinder\plugins\mcufinder
2024-04-11 16:56:26,338 [INFO] CrossReferenceDbSqlite:203 - Set database path to: C:\Users\stefa\.stmcufinder\plugins\mcufinder//mcu/cs/
2024-04-11 16:56:26,416 [INFO] MainPanel:264 - HeapMemory: 268435456
2024-04-11 16:56:26,508 [INFO] DbMcusXml:78 - Set database path to: C:\ST\STM32CubeIDE_1.15.0\STM32CubeIDE\plugins\com.st.stm32cube.common.mx_6.11.0.202403141607\\db\/mcu/
2024-04-11 16:56:26,509 [INFO] ApiDb:274 - Set plugin database path to: C:\ST\STM32CubeIDE_1.15.0\STM32CubeIDE\plugins\com.st.stm32cube.common.mx_6.11.0.202403141607\\db\/plugins/boardmanager/
2024-04-11 16:56:26,509 [INFO] ApiDb:261 - Set plugin images path to: C:\ST\STM32CubeIDE_1.15.0\STM32CubeIDE\plugins\com.st.stm32cube.common.mx_6.11.0.202403141607\\db\/plugins/mcufinder/images/
2024-04-11 16:56:26,509 [WARN] DbFile:41 - Overriding database path with different value: C:\Users\stefa\.stmcufinder\plugins\mcufinder/ => C:\Users\stefa\.stmcufinder\plugins\mcufinder
2024-04-11 16:56:26,509 [INFO] ApiDb:250 - Set database path to: C:\Users\stefa\.stmcufinder\plugins\mcufinder//mcu/
2024-04-11 16:56:26,509 [WARN] DbFile:41 - Overriding database path with different value: C:\Users\stefa\.stmcufinder\plugins\mcufinder/ => C:\Users\stefa\.stmcufinder\plugins\mcufinder
2024-04-11 16:56:26,509 [INFO] DbMcusAds:125 - Set database path to: C:\Users\stefa\.stmcufinder\plugins\mcufinder//mcu/
2024-04-11 16:56:26,510 [WARN] DbFile:41 - Overriding database path with different value: C:\Users\stefa\.stmcufinder\plugins\mcufinder/ => C:\Users\stefa\.stmcufinder\plugins\mcufinder
2024-04-11 16:56:26,510 [WARN] DbFile:41 - Overriding database path with different value: C:\Users\stefa\.stmcufinder\plugins\mcufinder/ => C:\Users\stefa\.stmcufinder\plugins\mcufinder
2024-04-11 16:56:26,510 [INFO] CrossReferenceDbSqlite:203 - Set database path to: C:\Users\stefa\.stmcufinder\plugins\mcufinder//mcu/cs/
2024-04-11 16:56:26,529 [INFO] ApplicationProperties:184 - Using Application install path: C:\ST\STM32CubeIDE_1.15.0\STM32CubeIDE\plugins\com.st.stm32cube.common.mx_6.11.0.202403141607
2024-04-11 16:56:26,531 [INFO] PluginManage:196 - Search for loadable plugins [exclusion list=, ]
2024-04-11 16:56:26,532 [INFO] PluginManage:310 - Check plugin analytics
2024-04-11 16:56:26,725 [INFO] AnalyticsPlugin:253 - Accepted Software Licenses: STM32CubeMX.6.11.0
2024-04-11 16:56:26,725 [INFO] AnalyticsPlugin:255 - Accepted CMSIS Pack Licenses: STMicroelectronics.X-CUBE-TOUCHGFX.4.23.0,STMicroelectronics.X-CUBE-FREERTOS.1.1.0,STMicroelectronics.X-CUBE-TOUCHGFX.4.19.1,STMicroelectronics.X-CUBE-TOUCHGFX.4.23.1,STMicroelectronics.X-CUBE-NFC4.3.0.0,STMicroelectronics.X-CUBE-TOUCHGFX.4.23.2
2024-04-11 16:56:26,725 [INFO] AnalyticsPlugin:257 - Accepted Firmware Licenses: FW.H5.1.2.0,FW.H7.1.11.0
2024-04-11 16:56:26,727 [INFO] PluginManage:359 - Loaded plugin analytics (category:tool,tabindex:-1)
2024-04-11 16:56:26,728 [INFO] PluginManage:310 - Check plugin cadmodel
2024-04-11 16:56:26,747 [INFO] CADModel:105 - Init CAD model plugin
2024-04-11 16:56:26,747 [INFO] PluginManage:359 - Loaded plugin cadmodel (category:power,tabindex:5)
2024-04-11 16:56:26,747 [INFO] PluginManage:310 - Check plugin clock
2024-04-11 16:56:26,763 [INFO] PluginManage:359 - Loaded plugin clock (category:base,tabindex:2)
2024-04-11 16:56:26,763 [INFO] PluginManage:310 - Check plugin ddr
2024-04-11 16:56:26,765 [INFO] PluginManage:359 - Loaded plugin ddr (category:tool,tabindex:6)
2024-04-11 16:56:26,765 [INFO] PluginManage:310 - Check plugin filemanager
2024-04-11 16:56:26,925 [INFO] PluginManage:359 - Loaded plugin filemanager (category:base,tabindex:10)
2024-04-11 16:56:26,925 [INFO] PluginManage:310 - Check plugin ipmanager
2024-04-11 16:56:26,935 [INFO] PluginManage:359 - Loaded plugin ipmanager (category:base,tabindex:5)
2024-04-11 16:56:26,936 [INFO] PluginManage:310 - Check plugin lpbam
2024-04-11 16:56:26,956 [INFO] PluginManage:359 - Loaded plugin lpbam (category:base,tabindex:0)
2024-04-11 16:56:26,957 [INFO] PluginManage:310 - Check plugin memorymap
2024-04-11 16:56:26,993 [INFO] PluginManage:359 - Loaded plugin memorymap (category:base,tabindex:4)
2024-04-11 16:56:26,994 [INFO] PluginManage:310 - Check plugin pinoutandconfiguration
2024-04-11 16:56:27,011 [INFO] PluginManage:359 - Loaded plugin pinoutandconfiguration (category:base,tabindex:1)
2024-04-11 16:56:27,012 [INFO] PluginManage:310 - Check plugin pinoutconfig
2024-04-11 16:56:27,149 [WARN] SupportedApi:132 - Cannot load RTOS API schema: s4s-elt-must-match.1: The content of 'definitions' must match (annotation?, (simpleType | complexType)?, (unique | key | keyref)*)). A problem was found starting at: attribute.
2024-04-11 16:56:27,362 [INFO] PluginManage:359 - Loaded plugin pinoutconfig (category:base,tabindex:0)
2024-04-11 16:56:27,362 [INFO] PluginManage:310 - Check plugin power
2024-04-11 16:56:27,378 [INFO] PluginManage:359 - Loaded plugin power (category:power,tabindex:4)
2024-04-11 16:56:27,378 [INFO] PluginManage:310 - Check plugin projectmanager
2024-04-11 16:56:27,396 [INFO] PluginManage:359 - Loaded plugin projectmanager (category:projectmanager,tabindex:3)
2024-04-11 16:56:27,396 [INFO] PluginManage:310 - Check plugin thirdparty
2024-04-11 16:56:27,735 [INFO] PluginManage:359 - Loaded plugin thirdparty (category:base,tabindex:-1)
2024-04-11 16:56:27,735 [WARN] IntegrityCheckThread:84 - waiting for thirdparty lock release [integrity check]
2024-04-11 16:56:27,735 [INFO] PluginManage:310 - Check plugin tools
2024-04-11 16:56:27,735 [INFO] IntegrityCheckThread:86 - entering critical section [integrity check]
2024-04-11 16:56:27,736 [INFO] ThirdPartyUpdaterWithRetryManager:70 - Updater plugin not ready yet. [1/15]
2024-04-11 16:56:27,768 [INFO] PluginManage:359 - Loaded plugin tools (category:base,tabindex:7)
2024-04-11 16:56:27,768 [INFO] PluginManage:310 - Check plugin tutovideos
2024-04-11 16:56:27,985 [INFO] PluginManage:359 - Loaded plugin tutovideos (category:base,tabindex:-1)
2024-04-11 16:56:27,986 [INFO] PluginManage:310 - Check plugin updater
2024-04-11 16:56:27,999 [INFO] PluginManage:359 - Loaded plugin updater (category:base,tabindex:12)
2024-04-11 16:56:27,999 [INFO] PluginManage:310 - Check plugin userauth
2024-04-11 16:56:28,005 [INFO] UserAuth:114 - Init User Auth plugin
2024-04-11 16:56:28,006 [INFO] PluginManage:359 - Loaded plugin userauth (category:base,tabindex:14)
2024-04-11 16:56:28,006 [INFO] PluginManage:283 - PluginManage : Loaded plugins [17]
2024-04-11 16:56:28,316 [INFO] PinOutPanel:1561 - setPackage(No Configuration,No Configuration)
2024-04-11 16:56:28,429 [INFO] CADModel:165 - CPN selected for project level
2024-04-11 16:56:28,430 [INFO] CADModel:114 - Register for checkConnection events
2024-04-11 16:56:28,462 [INFO] IPUIPlugin:80 - create IPUIPlugin
2024-04-11 16:56:28,462 [INFO] PluginManager:220 - loadIPPluginJar : add adc
2024-04-11 16:56:28,495 [INFO] IPUIPlugin:80 - create IPUIPlugin
2024-04-11 16:56:28,495 [INFO] PluginManager:220 - loadIPPluginJar : add aes
2024-04-11 16:56:28,543 [INFO] IPUIPlugin:80 - create IPUIPlugin
2024-04-11 16:56:28,543 [INFO] PluginManager:220 - loadIPPluginJar : add can
2024-04-11 16:56:28,570 [INFO] IPUIPlugin:80 - create IPUIPlugin
2024-04-11 16:56:28,570 [INFO] PluginManager:220 - loadIPPluginJar : add comp
2024-04-11 16:56:28,617 [INFO] IPUIPlugin:80 - create IPUIPlugin
2024-04-11 16:56:28,617 [INFO] PluginManager:220 - loadIPPluginJar : add cryp
2024-04-11 16:56:28,653 [INFO] IPUIPlugin:80 - create IPUIPlugin
2024-04-11 16:56:28,654 [INFO] PluginManager:220 - loadIPPluginJar : add dfsdm
2024-04-11 16:56:28,669 [INFO] IPUIPlugin:80 - create IPUIPlugin
2024-04-11 16:56:28,670 [INFO] PluginManager:220 - loadIPPluginJar : add dma
2024-04-11 16:56:28,724 [INFO] IPUIPlugin:80 - create IPUIPlugin
2024-04-11 16:56:28,724 [INFO] PluginManager:220 - loadIPPluginJar : add dma3
2024-04-11 16:56:28,780 [INFO] IPUIPlugin:80 - create IPUIPlugin
2024-04-11 16:56:28,780 [INFO] PluginManager:220 - loadIPPluginJar : add extmemmanager
2024-04-11 16:56:28,805 [INFO] IPUIPlugin:80 - create IPUIPlugin
2024-04-11 16:56:28,805 [INFO] PluginManager:220 - loadIPPluginJar : add fatfs
2024-04-11 16:56:28,861 [INFO] IPUIPlugin:80 - create IPUIPlugin
2024-04-11 16:56:28,861 [INFO] PluginManager:220 - loadIPPluginJar : add fmc
2024-04-11 16:56:28,881 [INFO] IPUIPlugin:80 - create IPUIPlugin
2024-04-11 16:56:28,881 [INFO] PluginManager:220 - loadIPPluginJar : add freertos
2024-04-11 16:56:28,907 [INFO] IPUIPlugin:80 - create IPUIPlugin
2024-04-11 16:56:28,907 [INFO] PluginManager:220 - loadIPPluginJar : add genericplugin
2024-04-11 16:56:29,038 [INFO] IPUIPlugin:80 - create IPUIPlugin
2024-04-11 16:56:29,038 [INFO] PluginManager:220 - loadIPPluginJar : add gfxmmu
2024-04-11 16:56:29,237 [INFO] IPUIPlugin:80 - create IPUIPlugin
2024-04-11 16:56:29,237 [INFO] PluginManager:220 - loadIPPluginJar : add gic
2024-04-11 16:56:29,255 [INFO] IPUIPlugin:80 - create IPUIPlugin
2024-04-11 16:56:29,255 [INFO] PluginManager:220 - loadIPPluginJar : add gpio
2024-04-11 16:56:29,357 [INFO] IPUIPlugin:80 - create IPUIPlugin
2024-04-11 16:56:29,357 [INFO] PluginManager:220 - loadIPPluginJar : add gtzc
2024-04-11 16:56:29,413 [INFO] IPUIPlugin:80 - create IPUIPlugin
2024-04-11 16:56:29,413 [INFO] PluginManager:220 - loadIPPluginJar : add hash
2024-04-11 16:56:29,462 [INFO] IPUIPlugin:80 - create IPUIPlugin
2024-04-11 16:56:29,462 [INFO] PluginManager:220 - loadIPPluginJar : add i2c
2024-04-11 16:56:29,503 [INFO] IPUIPlugin:80 - create IPUIPlugin
2024-04-11 16:56:29,503 [INFO] PluginManager:220 - loadIPPluginJar : add i2s
2024-04-11 16:56:29,545 [INFO] IPUIPlugin:80 - create IPUIPlugin
2024-04-11 16:56:29,545 [INFO] PluginManager:220 - loadIPPluginJar : add i3c
2024-04-11 16:56:29,658 [INFO] IPUIPlugin:80 - create IPUIPlugin
2024-04-11 16:56:29,658 [INFO] PluginManager:220 - loadIPPluginJar : add ipddr
2024-04-11 16:56:29,743 [INFO] IPUIPlugin:80 - create IPUIPlugin
2024-04-11 16:56:29,743 [INFO] PluginManager:220 - loadIPPluginJar : add linkedlist
2024-04-11 16:56:29,773 [INFO] IPUIPlugin:80 - create IPUIPlugin
2024-04-11 16:56:29,773 [INFO] PluginManager:220 - loadIPPluginJar : add lorawan
2024-04-11 16:56:29,810 [INFO] IPUIPlugin:80 - create IPUIPlugin
2024-04-11 16:56:29,810 [INFO] PluginManager:220 - loadIPPluginJar : add ltdc
2024-04-11 16:56:29,828 [INFO] IPUIPlugin:80 - create IPUIPlugin
2024-04-11 16:56:29,828 [INFO] PluginManager:220 - loadIPPluginJar : add mdma
2024-04-11 16:56:29,843 [INFO] IPUIPlugin:80 - create IPUIPlugin
2024-04-11 16:56:29,844 [INFO] PluginManager:220 - loadIPPluginJar : add nvic
2024-04-11 16:56:29,880 [INFO] IPUIPlugin:80 - create IPUIPlugin
2024-04-11 16:56:29,881 [INFO] PluginManager:220 - loadIPPluginJar : add opamp
2024-04-11 16:56:29,948 [INFO] IPUIPlugin:80 - create IPUIPlugin
2024-04-11 16:56:29,948 [INFO] PluginManager:220 - loadIPPluginJar : add openamp
2024-04-11 16:56:29,986 [INFO] IPUIPlugin:80 - create IPUIPlugin
2024-04-11 16:56:29,986 [INFO] PluginManager:220 - loadIPPluginJar : add pdm2pcm
2024-04-11 16:56:29,996 [INFO] IPUIPlugin:80 - create IPUIPlugin
2024-04-11 16:56:29,998 [INFO] PluginManager:220 - loadIPPluginJar : add plateformsettings
2024-04-11 16:56:30,017 [INFO] IPUIPlugin:80 - create IPUIPlugin
2024-04-11 16:56:30,018 [INFO] PluginManager:220 - loadIPPluginJar : add quadspi
2024-04-11 16:56:30,028 [INFO] IPUIPlugin:80 - create IPUIPlugin
2024-04-11 16:56:30,028 [INFO] PluginManager:220 - loadIPPluginJar : add resmgrutility
2024-04-11 16:56:30,072 [INFO] IPUIPlugin:80 - create IPUIPlugin
2024-04-11 16:56:30,072 [INFO] PluginManager:220 - loadIPPluginJar : add sai
2024-04-11 16:56:30,104 [INFO] IPUIPlugin:80 - create IPUIPlugin
2024-04-11 16:56:30,104 [INFO] PluginManager:220 - loadIPPluginJar : add spi
2024-04-11 16:56:30,169 [INFO] IPUIPlugin:80 - create IPUIPlugin
2024-04-11 16:56:30,169 [INFO] PluginManager:220 - loadIPPluginJar : add stm32_wpan
2024-04-11 16:56:30,193 [INFO] IPUIPlugin:80 - create IPUIPlugin
2024-04-11 16:56:30,193 [INFO] PluginManager:220 - loadIPPluginJar : add tim
2024-04-11 16:56:30,253 [INFO] IPUIPlugin:80 - create IPUIPlugin
2024-04-11 16:56:30,254 [INFO] PluginManager:220 - loadIPPluginJar : add touchsensing
2024-04-11 16:56:30,273 [INFO] IPUIPlugin:80 - create IPUIPlugin
2024-04-11 16:56:30,273 [INFO] PluginManager:220 - loadIPPluginJar : add tracer_emb
2024-04-11 16:56:30,293 [INFO] IPUIPlugin:80 - create IPUIPlugin
2024-04-11 16:56:30,293 [INFO] PluginManager:220 - loadIPPluginJar : add ts
2024-04-11 16:56:30,314 [INFO] IPUIPlugin:80 - create IPUIPlugin
2024-04-11 16:56:30,314 [INFO] PluginManager:220 - loadIPPluginJar : add tsc
2024-04-11 16:56:30,334 [INFO] IPUIPlugin:80 - create IPUIPlugin
2024-04-11 16:56:30,334 [INFO] PluginManager:220 - loadIPPluginJar : add ucpd
2024-04-11 16:56:30,373 [INFO] IPUIPlugin:80 - create IPUIPlugin
2024-04-11 16:56:30,374 [INFO] PluginManager:220 - loadIPPluginJar : add usart
2024-04-11 16:56:30,419 [INFO] IPUIPlugin:80 - create IPUIPlugin
2024-04-11 16:56:30,419 [INFO] PluginManager:220 - loadIPPluginJar : add usbx
2024-04-11 16:56:30,560 [INFO] CADModel:165 - CPN selected for project level
2024-04-11 16:56:30,560 [INFO] CADModel:114 - Register for checkConnection events
2024-04-11 16:56:30,560 [FATAL] Updater:308 - Updater called before beeing initialized
2024-04-11 16:56:30,560 [ERROR] CADModel:125 - Updater not yet initialized, retry later 
2024-04-11 16:56:30,736 [INFO] CADModel:165 - CPN selected for project level
2024-04-11 16:56:30,737 [INFO] CADModel:114 - Register for checkConnection events
2024-04-11 16:56:30,737 [FATAL] Updater:308 - Updater called before beeing initialized
2024-04-11 16:56:30,737 [INFO] ThirdPartyUpdaterWithRetryManager:70 - Updater plugin not ready yet. [2/15]
2024-04-11 16:56:30,737 [ERROR] CADModel:125 - Updater not yet initialized, retry later 
2024-04-11 16:56:30,741 [FATAL] Updater:308 - Updater called before beeing initialized
2024-04-11 16:56:30,878 [FATAL] Updater:308 - Updater called before beeing initialized
2024-04-11 16:56:30,893 [INFO] DbMcusAds:53 - JSON generation date=Wed Nov 29 11:52:27 CET 2023 (1701255147349)
2024-04-11 16:56:30,893 [FATAL] Updater:308 - Updater called before beeing initialized
2024-04-11 16:56:30,989 [WARN] DetailPanel:346 - Failed to get advertising image, set to default
2024-04-11 16:56:31,134 [FATAL] Updater:308 - Updater called before beeing initialized
2024-04-11 16:56:31,137 [FATAL] Updater:308 - Updater called before beeing initialized
2024-04-11 16:56:31,138 [FATAL] Updater:308 - Updater called before beeing initialized
2024-04-11 16:56:31,138 [WARN] DetailPanel:346 - Failed to get advertising image, set to default
2024-04-11 16:56:31,139 [FATAL] Updater:308 - Updater called before beeing initialized
2024-04-11 16:56:31,200 [ERROR] Updater:1120 - MainUpdater not yet initialized. External WinMGr cannot be set.
2024-04-11 16:56:31,210 [INFO] Updater:1056 - Updater Version found : 6.11.0
2024-04-11 16:56:31,237 [INFO] ApplicationProperties:184 - Using Application install path: C:\ST\STM32CubeIDE_1.15.0\STM32CubeIDE\plugins\com.st.stm32cube.common.mx_6.11.0.202403141607
2024-04-11 16:56:32,822 [ERROR] LogOutputStream:75 - [STDERR_REDIRECT] Apr 11, 2024 4:56:32 PM java.util.prefs.WindowsPreferences <init>
2024-04-11 16:56:32,824 [ERROR] LogOutputStream:75 - [STDERR_REDIRECT] WARNING: Could not open/create prefs root node Software\JavaSoft\Prefs at root 0xffffffff80000002. Windows RegCreateKeyEx(...) returned error code 5.
2024-04-11 16:56:32,824 [ERROR] LogOutputStream:75 - [STDERR_REDIRECT] 
2024-04-11 16:56:33,268 [INFO] MainUpdater:2873 - connection check result : 10
2024-04-11 16:56:33,269 [INFO] MainUpdater:290 - Updater Check For Update Now.
2024-04-11 16:56:33,270 [INFO] MicroXplorer:498 - Change Database Version : DB.6.0.110
2024-04-11 16:56:33,285 [INFO] McuFinderGlobals:63 - Set McuFinder mode to 2 (CubeIDE integrated)
2024-04-11 16:56:33,304 [INFO] UserAuth:415 - Internet connection configuration mode: 1
2024-04-11 16:56:33,334 [INFO] JxBrowserEngine:152 - Initiate JxBrowser Engine with user profile folder
2024-04-11 16:56:33,484 [INFO] CheckServerUpdateThread:120 - End of CheckServer Thread
2024-04-11 16:56:33,908 [WARN] PackLoader:240 - Cannot read IP mode file for STMicroelectronics.X-CUBE-SMBUS.2.1.0
2024-04-11 16:56:33,931 [WARN] PackLoader:240 - Cannot read IP mode file for STMicroelectronics.X-CUBE-TOUCHGFX.4.23.1
2024-04-11 16:56:33,946 [WARN] PackLoader:240 - Cannot read IP mode file for STMicroelectronics.X-CUBE-TOUCHGFX.4.23.0
2024-04-11 16:56:34,064 [WARN] PackLoader:240 - Cannot read IP mode file for STMicroelectronics.X-CUBE-TOUCHGFX.4.23.2
2024-04-11 16:56:34,110 [WARN] PackLoader:240 - Cannot read IP mode file for STMicroelectronics.X-CUBE-AZRTOS-F7.1.1.0
2024-04-11 16:56:34,134 [WARN] PackLoader:240 - Cannot read IP mode file for STMicroelectronics.X-CUBE-TOUCHGFX.4.19.1
2024-04-11 16:56:34,210 [WARN] PackLoader:240 - Cannot read IP mode file for STMicroelectronics.FP-SNS-MOTENV1.4.3.2
2024-04-11 16:56:34,225 [WARN] PackLoader:240 - Cannot read IP mode file for STMicroelectronics.FP-SNS-FLIGHT1.5.0.2
2024-04-11 16:56:34,244 [WARN] PackLoader:240 - Cannot read IP mode file for STMicroelectronics.X-CUBE-DISPLAY.3.0.0
2024-04-11 16:56:34,263 [WARN] PackLoader:240 - Cannot read IP mode file for STMicroelectronics.X-CUBE-BLE1.7.0.0
2024-04-11 16:56:34,277 [WARN] PackLoader:240 - Cannot read IP mode file for emotas.I-CUBE-CANOPEN.1.3.0
2024-04-11 16:56:34,298 [WARN] PackLoader:240 - Cannot read IP mode file for STMicroelectronics.X-CUBE-BLEMGR.3.1.0
2024-04-11 16:56:34,315 [WARN] PackLoader:240 - Cannot read IP mode file for STMicroelectronics.FP-SNS-SMARTAG2.1.2.0
2024-04-11 16:56:34,338 [INFO] LogOutputStream:77 - [STDOUT_REDIRECT] 1 : Invalid condition id : UX_CORESTACK_Condition cause : null
2024-04-11 16:56:34,339 [INFO] LogOutputStream:77 - [STDOUT_REDIRECT] 1 : Invalid condition id : UX_CORESTACK_Condition cause : null
2024-04-11 16:56:34,340 [INFO] LogOutputStream:77 - [STDOUT_REDIRECT] 1 : Invalid condition id : UX_CORESTACK_Condition cause : null
2024-04-11 16:56:34,341 [INFO] LogOutputStream:77 - [STDOUT_REDIRECT] 1 : Invalid condition id : UX_CORESTACK_Condition cause : null
2024-04-11 16:56:34,343 [INFO] LogOutputStream:77 - [STDOUT_REDIRECT] 1 : Invalid condition id : UX_CORESTACK_Condition cause : null
2024-04-11 16:56:34,345 [WARN] PackLoader:240 - Cannot read IP mode file for STMicroelectronics.X-CUBE-AZRTOS-WL.2.0.0
2024-04-11 16:56:34,359 [WARN] PackLoader:240 - Cannot read IP mode file for STMicroelectronics.FP-SNS-MOTENV1.5.0.0
2024-04-11 16:56:34,384 [WARN] PackLoader:240 - Cannot read IP mode file for WES.I-CUBE-Cesium.1.3.0
2024-04-11 16:56:34,406 [WARN] PackLoader:240 - Cannot read IP mode file for STMicroelectronics.X-CUBE-BLE2.3.3.0
2024-04-11 16:56:34,423 [WARN] PackLoader:240 - Cannot read IP mode file for STMicroelectronics.X-CUBE-ALGOBUILD.1.3.0
2024-04-11 16:56:34,457 [WARN] PackLoader:240 - Cannot read IP mode file for STMicroelectronics.X-CUBE-AZRTOS-G0.1.1.0
2024-04-11 16:56:34,478 [WARN] PackLoader:240 - Cannot read IP mode file for STMicroelectronics.X-CUBE-SAFEA1.1.2.2
2024-04-11 16:56:34,494 [WARN] PackLoader:240 - Cannot read IP mode file for STMicroelectronics.X-CUBE-NFC4.3.0.0
2024-04-11 16:56:34,507 [WARN] PackLoader:240 - Cannot read IP mode file for wolfSSL.I-CUBE-wolfSSL.5.7.0
2024-04-11 16:56:34,521 [WARN] PackLoader:240 - Cannot read IP mode file for STMicroelectronics.FP-ATR-SIGFOX1.3.2.0
2024-04-11 16:56:34,537 [WARN] PackLoader:240 - Cannot read IP mode file for STMicroelectronics.X-CUBE-EEPRMA1.5.1.0
2024-04-11 16:56:34,554 [WARN] PackLoader:240 - Cannot read IP mode file for ITTIA_DB.I-CUBE-ITTIADB.8.9.0
2024-04-11 16:56:34,598 [WARN] PackLoader:240 - Cannot read IP mode file for SEGGER.I-CUBE-embOS.1.3.1
2024-04-11 16:56:34,645 [WARN] PackLoader:240 - Cannot read IP mode file for STMicroelectronics.X-CUBE-GNSS1.6.0.0
2024-04-11 16:56:34,675 [WARN] PackLoader:240 - Cannot read IP mode file for STMicroelectronics.X-CUBE-AZRTOS-F4.1.1.0
2024-04-11 16:56:34,689 [WARN] PackLoader:240 - Cannot read IP mode file for wolfSSL.I-CUBE-wolfSSL.5.6.6
2024-04-11 16:56:34,717 [WARN] PackLoader:240 - Cannot read IP mode file for STMicroelectronics.X-CUBE-AZRTOS-L5.2.0.0
2024-04-11 16:56:34,734 [WARN] PackLoader:240 - Cannot read IP mode file for STMicroelectronics.X-CUBE-NFC6.3.1.0
2024-04-11 16:56:34,751 [WARN] PackLoader:240 - Cannot read IP mode file for ITTIA_DB.I-CUBE-ITTIADB.8.8.0
2024-04-11 16:56:34,763 [WARN] PackLoader:240 - Cannot read IP mode file for STMicroelectronics.X-CUBE-NFC7.1.0.1
2024-04-11 16:56:34,775 [WARN] PackLoader:240 - Cannot read IP mode file for STMicroelectronics.X-CUBE-AI.8.1.0
2024-04-11 16:56:34,804 [WARN] ConditionMgr:438 - getConditionDescription Invalid condition id : LAN8742 Phy interface Condition cause : null
2024-04-11 16:56:34,804 [WARN] PackLoader:240 - Cannot read IP mode file for STMicroelectronics.X-CUBE-AZRTOS-L4.2.0.0
2024-04-11 16:56:34,805 [WARN] ConditionMgr:1039 - genDependencies : Invalid condition id : LAN8742 Phy interface Condition cause : null
2024-04-11 16:56:34,806 [WARN] ConditionMgr:1039 - genDependencies : Invalid condition id : LAN8742 Phy interface Condition cause : null
2024-04-11 16:56:34,806 [WARN] ConditionMgr:1039 - genDependencies : Invalid condition id : LAN8742 Phy interface Condition cause : null
2024-04-11 16:56:34,822 [WARN] PackLoader:240 - Cannot read IP mode file for STMicroelectronics.X-CUBE-SFXS2LP1.4.0.0
2024-04-11 16:56:34,854 [WARN] ConditionMgr:438 - getConditionDescription Invalid condition id : UX DEVICE CLASS RTOS Condition cause : null
2024-04-11 16:56:34,854 [WARN] ConditionMgr:438 - getConditionDescription Invalid condition id : UX DEVICE CLASS RTOS Condition cause : null
2024-04-11 16:56:34,855 [WARN] PackLoader:240 - Cannot read IP mode file for STMicroelectronics.X-CUBE-AZRTOS-WB.2.0.0
2024-04-11 16:56:34,856 [WARN] ConditionMgr:1039 - genDependencies : Invalid condition id : UX DEVICE CLASS RTOS Condition cause : null
2024-04-11 16:56:34,856 [WARN] ConditionMgr:1039 - genDependencies : Invalid condition id : UX DEVICE CLASS RTOS Condition cause : null
2024-04-11 16:56:34,856 [WARN] ConditionMgr:1039 - genDependencies : Invalid condition id : UX DEVICE CLASS RTOS Condition cause : null
2024-04-11 16:56:34,856 [WARN] ConditionMgr:1039 - genDependencies : Invalid condition id : UX DEVICE CLASS RTOS Condition cause : null
2024-04-11 16:56:34,856 [WARN] ConditionMgr:1039 - genDependencies : Invalid condition id : UX DEVICE CLASS RTOS Condition cause : null
2024-04-11 16:56:34,879 [WARN] PackLoader:240 - Cannot read IP mode file for STMicroelectronics.X-CUBE-SUBG2.5.0.0
2024-04-11 16:56:34,913 [WARN] PackLoader:240 - Cannot read IP mode file for STMicroelectronics.X-CUBE-AZRTOS-G4.2.0.0
2024-04-11 16:56:34,938 [WARN] PackLoader:240 - Cannot read IP mode file for Infineon.AIROC-Wi-Fi-Bluetooth-STM32.1.5.1
2024-04-11 16:56:34,956 [WARN] PackLoader:240 - Cannot read IP mode file for STMicroelectronics.FP-SNS-MOTENVWB1.1.3.1
2024-04-11 16:56:34,969 [WARN] PackLoader:240 - Cannot read IP mode file for STMicroelectronics.X-CUBE-ISPU.2.0.0
2024-04-11 16:56:35,016 [WARN] PackLoader:240 - Cannot read IP mode file for STMicroelectronics.X-CUBE-MEMS1.10.0.0
2024-04-11 16:56:35,126 [WARN] PackLoader:240 - Cannot read IP mode file for STMicroelectronics.X-CUBE-FREERTOS.1.1.0
2024-04-11 16:56:35,190 [WARN] PackLoader:240 - Cannot read IP mode file for portGmbH.I-Cube-SoM-uGOAL.1.1.0
2024-04-11 16:56:35,202 [WARN] PackLoader:240 - Cannot read IP mode file for STMicroelectronics.X-CUBE-ALS.1.0.1
2024-04-11 16:56:35,215 [WARN] PackLoader:240 - Cannot read IP mode file for STMicroelectronics.FP-ATR-ASTRA1.2.0.0
2024-04-11 16:56:35,238 [WARN] PackLoader:240 - Cannot read IP mode file for STMicroelectronics.X-CUBE-TOF1.3.4.1
2024-04-11 16:56:35,281 [WARN] PackLoader:240 - Cannot read IP mode file for STMicroelectronics.X-CUBE-AZRTOS-H7.3.2.0
2024-04-11 16:56:35,308 [WARN] PackLoader:240 - Cannot read IP mode file for Infineon.AIROC-Wi-Fi-Bluetooth-STM32.1.6.0
2024-04-11 16:56:35,312 [INFO] ThirdParty:978 - Integrity check success = true
2024-04-11 16:56:35,312 [INFO] IntegrityCheckThread:100 - exiting critical section [integrity check]
2024-04-11 16:56:35,312 [INFO] IntegrityCheckThread:103 - End integrity checks thread
2024-04-11 16:56:38,142 [INFO] WebApp:161 - Instantiating new browser for Auth
2024-04-11 16:56:38,756 [INFO] WebApp:779 - Register for checkConnection events
2024-04-11 16:56:38,757 [INFO] WebApp:414 - Apply proxy settings
2024-04-11 16:56:38,757 [INFO] WebApp:499 - Chromium requires no authentication
2024-04-11 16:56:38,764 [INFO] WebApp:442 - Direct internet connection detected
2024-04-11 16:56:38,902 [INFO] WebApp:192 - Starting web application
2024-04-11 16:56:38,902 [INFO] WebApp:544 - Web application path used C:\ST\STM32CubeIDE_1.15.0\STM32CubeIDE\plugins\com.st.stm32cube.common.mx_6.11.0.202403141607\db\plugins\mcufinder\reactClient1\index.html
2024-04-11 20:03:52,314 [ERROR] LogOutputStream:75 - [STDERR_REDIRECT] 
2024-04-11 20:04:12,025 [INFO] Activator:176 - 


2024-04-11 20:04:12,026 [INFO] Activator:177 - !SESSION log4j initialized
2024-04-11 20:04:15,657 [INFO] LogOutputStream:77 - [STDOUT_REDIRECT] 
2024-04-11 20:04:18,097 [INFO] ApplicationProperties:184 - Using Application install path: C:\ST\STM32CubeIDE_1.15.0\STM32CubeIDE\plugins\com.st.stm32cube.common.mx_6.11.0.202403141607
2024-04-11 20:04:18,118 [INFO] DbMcusXml:78 - Set database path to: C:\ST\STM32CubeIDE_1.15.0\STM32CubeIDE\plugins\com.st.stm32cube.common.mx_6.11.0.202403141607\\db\/mcu/
2024-04-11 20:04:18,118 [INFO] ApiDb:274 - Set plugin database path to: C:\ST\STM32CubeIDE_1.15.0\STM32CubeIDE\plugins\com.st.stm32cube.common.mx_6.11.0.202403141607\\db\/plugins/boardmanager/
2024-04-11 20:04:18,118 [WARN] ApiDb:259 - Overriding images path with different value:  => C:\ST\STM32CubeIDE_1.15.0\STM32CubeIDE\plugins\com.st.stm32cube.common.mx_6.11.0.202403141607\\db\/plugins/mcufinder/images/
2024-04-11 20:04:18,126 [INFO] ApiDb:250 - Set database path to: C:\Users\stefa\.stmcufinder\plugins\mcufinder//mcu/
2024-04-11 20:04:18,127 [INFO] DbMcusAds:125 - Set database path to: C:\Users\stefa\.stmcufinder\plugins\mcufinder//mcu/
2024-04-11 20:04:18,129 [INFO] CrossReferenceDbSqlite:203 - Set database path to: C:\Users\stefa\.stmcufinder\plugins\mcufinder//mcu/cs/
2024-04-11 20:04:18,226 [INFO] RulesReader:64 - Compatibility file has been processed (297 Rules)
2024-04-11 20:04:18,325 [INFO] DbMcusXml:78 - Set database path to: C:\ST\STM32CubeIDE_1.15.0\STM32CubeIDE\plugins\com.st.stm32cube.common.mx_6.11.0.202403141607\\db\/mcu/
2024-04-11 20:04:18,325 [INFO] ApiDb:274 - Set plugin database path to: C:\ST\STM32CubeIDE_1.15.0\STM32CubeIDE\plugins\com.st.stm32cube.common.mx_6.11.0.202403141607\\db\/plugins/boardmanager/
2024-04-11 20:04:18,325 [INFO] ApiDb:261 - Set plugin images path to: C:\ST\STM32CubeIDE_1.15.0\STM32CubeIDE\plugins\com.st.stm32cube.common.mx_6.11.0.202403141607\\db\/plugins/mcufinder/images/
2024-04-11 20:04:18,326 [WARN] DbFile:41 - Overriding database path with different value: C:\Users\stefa\.stmcufinder\plugins\mcufinder/ => C:\Users\stefa\.stmcufinder\plugins\mcufinder
2024-04-11 20:04:18,326 [INFO] ApiDb:250 - Set database path to: C:\Users\stefa\.stmcufinder\plugins\mcufinder//mcu/
2024-04-11 20:04:18,326 [WARN] DbFile:41 - Overriding database path with different value: C:\Users\stefa\.stmcufinder\plugins\mcufinder/ => C:\Users\stefa\.stmcufinder\plugins\mcufinder
2024-04-11 20:04:18,326 [INFO] DbMcusAds:125 - Set database path to: C:\Users\stefa\.stmcufinder\plugins\mcufinder//mcu/
2024-04-11 20:04:18,326 [WARN] DbFile:41 - Overriding database path with different value: C:\Users\stefa\.stmcufinder\plugins\mcufinder/ => C:\Users\stefa\.stmcufinder\plugins\mcufinder
2024-04-11 20:04:18,326 [WARN] DbFile:41 - Overriding database path with different value: C:\Users\stefa\.stmcufinder\plugins\mcufinder/ => C:\Users\stefa\.stmcufinder\plugins\mcufinder
2024-04-11 20:04:18,326 [INFO] CrossReferenceDbSqlite:203 - Set database path to: C:\Users\stefa\.stmcufinder\plugins\mcufinder//mcu/cs/
2024-04-11 20:04:18,413 [INFO] MainPanel:264 - HeapMemory: 268435456
2024-04-11 20:04:18,554 [INFO] DbMcusXml:78 - Set database path to: C:\ST\STM32CubeIDE_1.15.0\STM32CubeIDE\plugins\com.st.stm32cube.common.mx_6.11.0.202403141607\\db\/mcu/
2024-04-11 20:04:18,554 [INFO] ApiDb:274 - Set plugin database path to: C:\ST\STM32CubeIDE_1.15.0\STM32CubeIDE\plugins\com.st.stm32cube.common.mx_6.11.0.202403141607\\db\/plugins/boardmanager/
2024-04-11 20:04:18,554 [INFO] ApiDb:261 - Set plugin images path to: C:\ST\STM32CubeIDE_1.15.0\STM32CubeIDE\plugins\com.st.stm32cube.common.mx_6.11.0.202403141607\\db\/plugins/mcufinder/images/
2024-04-11 20:04:18,554 [WARN] DbFile:41 - Overriding database path with different value: C:\Users\stefa\.stmcufinder\plugins\mcufinder/ => C:\Users\stefa\.stmcufinder\plugins\mcufinder
2024-04-11 20:04:18,555 [INFO] ApiDb:250 - Set database path to: C:\Users\stefa\.stmcufinder\plugins\mcufinder//mcu/
2024-04-11 20:04:18,555 [WARN] DbFile:41 - Overriding database path with different value: C:\Users\stefa\.stmcufinder\plugins\mcufinder/ => C:\Users\stefa\.stmcufinder\plugins\mcufinder
2024-04-11 20:04:18,555 [INFO] DbMcusAds:125 - Set database path to: C:\Users\stefa\.stmcufinder\plugins\mcufinder//mcu/
2024-04-11 20:04:18,555 [WARN] DbFile:41 - Overriding database path with different value: C:\Users\stefa\.stmcufinder\plugins\mcufinder/ => C:\Users\stefa\.stmcufinder\plugins\mcufinder
2024-04-11 20:04:18,555 [WARN] DbFile:41 - Overriding database path with different value: C:\Users\stefa\.stmcufinder\plugins\mcufinder/ => C:\Users\stefa\.stmcufinder\plugins\mcufinder
2024-04-11 20:04:18,555 [INFO] CrossReferenceDbSqlite:203 - Set database path to: C:\Users\stefa\.stmcufinder\plugins\mcufinder//mcu/cs/
2024-04-11 20:04:18,571 [INFO] ApplicationProperties:184 - Using Application install path: C:\ST\STM32CubeIDE_1.15.0\STM32CubeIDE\plugins\com.st.stm32cube.common.mx_6.11.0.202403141607
2024-04-11 20:04:18,572 [INFO] PluginManage:196 - Search for loadable plugins [exclusion list=, ]
2024-04-11 20:04:18,573 [INFO] PluginManage:310 - Check plugin analytics
2024-04-11 20:04:18,749 [INFO] AnalyticsPlugin:253 - Accepted Software Licenses: STM32CubeMX.6.11.0
2024-04-11 20:04:18,750 [INFO] AnalyticsPlugin:255 - Accepted CMSIS Pack Licenses: STMicroelectronics.X-CUBE-TOUCHGFX.4.23.0,STMicroelectronics.X-CUBE-FREERTOS.1.1.0,STMicroelectronics.X-CUBE-TOUCHGFX.4.19.1,STMicroelectronics.X-CUBE-TOUCHGFX.4.23.1,STMicroelectronics.X-CUBE-NFC4.3.0.0,STMicroelectronics.X-CUBE-TOUCHGFX.4.23.2
2024-04-11 20:04:18,750 [INFO] AnalyticsPlugin:257 - Accepted Firmware Licenses: FW.H5.1.2.0,FW.H7.1.11.0
2024-04-11 20:04:18,752 [INFO] PluginManage:359 - Loaded plugin analytics (category:tool,tabindex:-1)
2024-04-11 20:04:18,753 [INFO] PluginManage:310 - Check plugin cadmodel
2024-04-11 20:04:18,769 [INFO] CADModel:105 - Init CAD model plugin
2024-04-11 20:04:18,769 [INFO] PluginManage:359 - Loaded plugin cadmodel (category:power,tabindex:5)
2024-04-11 20:04:18,769 [INFO] PluginManage:310 - Check plugin clock
2024-04-11 20:04:18,791 [INFO] PluginManage:359 - Loaded plugin clock (category:base,tabindex:2)
2024-04-11 20:04:18,791 [INFO] PluginManage:310 - Check plugin ddr
2024-04-11 20:04:18,794 [INFO] PluginManage:359 - Loaded plugin ddr (category:tool,tabindex:6)
2024-04-11 20:04:18,795 [INFO] PluginManage:310 - Check plugin filemanager
2024-04-11 20:04:18,965 [INFO] PluginManage:359 - Loaded plugin filemanager (category:base,tabindex:10)
2024-04-11 20:04:18,965 [INFO] PluginManage:310 - Check plugin ipmanager
2024-04-11 20:04:18,973 [INFO] PluginManage:359 - Loaded plugin ipmanager (category:base,tabindex:5)
2024-04-11 20:04:18,973 [INFO] PluginManage:310 - Check plugin lpbam
2024-04-11 20:04:18,989 [INFO] PluginManage:359 - Loaded plugin lpbam (category:base,tabindex:0)
2024-04-11 20:04:18,989 [INFO] PluginManage:310 - Check plugin memorymap
2024-04-11 20:04:19,025 [INFO] PluginManage:359 - Loaded plugin memorymap (category:base,tabindex:4)
2024-04-11 20:04:19,025 [INFO] PluginManage:310 - Check plugin pinoutandconfiguration
2024-04-11 20:04:19,043 [INFO] PluginManage:359 - Loaded plugin pinoutandconfiguration (category:base,tabindex:1)
2024-04-11 20:04:19,044 [INFO] PluginManage:310 - Check plugin pinoutconfig
2024-04-11 20:04:19,112 [WARN] SupportedApi:132 - Cannot load RTOS API schema: s4s-elt-must-match.1: The content of 'definitions' must match (annotation?, (simpleType | complexType)?, (unique | key | keyref)*)). A problem was found starting at: attribute.
2024-04-11 20:04:19,229 [INFO] PluginManage:359 - Loaded plugin pinoutconfig (category:base,tabindex:0)
2024-04-11 20:04:19,229 [INFO] PluginManage:310 - Check plugin power
2024-04-11 20:04:19,245 [INFO] PluginManage:359 - Loaded plugin power (category:power,tabindex:4)
2024-04-11 20:04:19,246 [INFO] PluginManage:310 - Check plugin projectmanager
2024-04-11 20:04:19,264 [INFO] PluginManage:359 - Loaded plugin projectmanager (category:projectmanager,tabindex:3)
2024-04-11 20:04:19,265 [INFO] PluginManage:310 - Check plugin thirdparty
2024-04-11 20:04:19,555 [WARN] IntegrityCheckThread:84 - waiting for thirdparty lock release [integrity check]
2024-04-11 20:04:19,556 [INFO] PluginManage:359 - Loaded plugin thirdparty (category:base,tabindex:-1)
2024-04-11 20:04:19,556 [INFO] IntegrityCheckThread:86 - entering critical section [integrity check]
2024-04-11 20:04:19,556 [INFO] PluginManage:310 - Check plugin tools
2024-04-11 20:04:19,556 [INFO] ThirdPartyUpdaterWithRetryManager:70 - Updater plugin not ready yet. [1/15]
2024-04-11 20:04:19,588 [INFO] PluginManage:359 - Loaded plugin tools (category:base,tabindex:7)
2024-04-11 20:04:19,588 [INFO] PluginManage:310 - Check plugin tutovideos
2024-04-11 20:04:19,705 [INFO] PluginManage:359 - Loaded plugin tutovideos (category:base,tabindex:-1)
2024-04-11 20:04:19,705 [INFO] PluginManage:310 - Check plugin updater
2024-04-11 20:04:19,716 [INFO] PluginManage:359 - Loaded plugin updater (category:base,tabindex:12)
2024-04-11 20:04:19,717 [INFO] PluginManage:310 - Check plugin userauth
2024-04-11 20:04:19,721 [INFO] UserAuth:114 - Init User Auth plugin
2024-04-11 20:04:19,721 [INFO] PluginManage:359 - Loaded plugin userauth (category:base,tabindex:14)
2024-04-11 20:04:19,722 [INFO] PluginManage:283 - PluginManage : Loaded plugins [17]
2024-04-11 20:04:19,996 [INFO] PinOutPanel:1561 - setPackage(No Configuration,No Configuration)
2024-04-11 20:04:20,086 [INFO] CADModel:165 - CPN selected for project level
2024-04-11 20:04:20,086 [INFO] CADModel:114 - Register for checkConnection events
2024-04-11 20:04:20,115 [INFO] IPUIPlugin:80 - create IPUIPlugin
2024-04-11 20:04:20,116 [INFO] PluginManager:220 - loadIPPluginJar : add adc
2024-04-11 20:04:20,152 [INFO] IPUIPlugin:80 - create IPUIPlugin
2024-04-11 20:04:20,152 [INFO] PluginManager:220 - loadIPPluginJar : add aes
2024-04-11 20:04:20,189 [INFO] IPUIPlugin:80 - create IPUIPlugin
2024-04-11 20:04:20,189 [INFO] PluginManager:220 - loadIPPluginJar : add can
2024-04-11 20:04:20,206 [INFO] IPUIPlugin:80 - create IPUIPlugin
2024-04-11 20:04:20,206 [INFO] PluginManager:220 - loadIPPluginJar : add comp
2024-04-11 20:04:20,234 [INFO] IPUIPlugin:80 - create IPUIPlugin
2024-04-11 20:04:20,234 [INFO] PluginManager:220 - loadIPPluginJar : add cryp
2024-04-11 20:04:20,258 [INFO] IPUIPlugin:80 - create IPUIPlugin
2024-04-11 20:04:20,258 [INFO] PluginManager:220 - loadIPPluginJar : add dfsdm
2024-04-11 20:04:20,270 [INFO] IPUIPlugin:80 - create IPUIPlugin
2024-04-11 20:04:20,271 [INFO] PluginManager:220 - loadIPPluginJar : add dma
2024-04-11 20:04:20,323 [INFO] IPUIPlugin:80 - create IPUIPlugin
2024-04-11 20:04:20,323 [INFO] PluginManager:220 - loadIPPluginJar : add dma3
2024-04-11 20:04:20,361 [INFO] IPUIPlugin:80 - create IPUIPlugin
2024-04-11 20:04:20,362 [INFO] PluginManager:220 - loadIPPluginJar : add extmemmanager
2024-04-11 20:04:20,377 [INFO] IPUIPlugin:80 - create IPUIPlugin
2024-04-11 20:04:20,378 [INFO] PluginManager:220 - loadIPPluginJar : add fatfs
2024-04-11 20:04:20,434 [INFO] IPUIPlugin:80 - create IPUIPlugin
2024-04-11 20:04:20,434 [INFO] PluginManager:220 - loadIPPluginJar : add fmc
2024-04-11 20:04:20,446 [INFO] IPUIPlugin:80 - create IPUIPlugin
2024-04-11 20:04:20,446 [INFO] PluginManager:220 - loadIPPluginJar : add freertos
2024-04-11 20:04:20,474 [INFO] IPUIPlugin:80 - create IPUIPlugin
2024-04-11 20:04:20,475 [INFO] PluginManager:220 - loadIPPluginJar : add genericplugin
2024-04-11 20:04:20,592 [INFO] IPUIPlugin:80 - create IPUIPlugin
2024-04-11 20:04:20,592 [INFO] PluginManager:220 - loadIPPluginJar : add gfxmmu
2024-04-11 20:04:20,734 [INFO] IPUIPlugin:80 - create IPUIPlugin
2024-04-11 20:04:20,734 [INFO] PluginManager:220 - loadIPPluginJar : add gic
2024-04-11 20:04:20,743 [INFO] IPUIPlugin:80 - create IPUIPlugin
2024-04-11 20:04:20,743 [INFO] PluginManager:220 - loadIPPluginJar : add gpio
2024-04-11 20:04:20,819 [INFO] IPUIPlugin:80 - create IPUIPlugin
2024-04-11 20:04:20,819 [INFO] PluginManager:220 - loadIPPluginJar : add gtzc
2024-04-11 20:04:20,845 [INFO] IPUIPlugin:80 - create IPUIPlugin
2024-04-11 20:04:20,845 [INFO] PluginManager:220 - loadIPPluginJar : add hash
2024-04-11 20:04:20,888 [INFO] IPUIPlugin:80 - create IPUIPlugin
2024-04-11 20:04:20,888 [INFO] PluginManager:220 - loadIPPluginJar : add i2c
2024-04-11 20:04:20,941 [INFO] IPUIPlugin:80 - create IPUIPlugin
2024-04-11 20:04:20,942 [INFO] PluginManager:220 - loadIPPluginJar : add i2s
2024-04-11 20:04:20,977 [INFO] IPUIPlugin:80 - create IPUIPlugin
2024-04-11 20:04:20,977 [INFO] PluginManager:220 - loadIPPluginJar : add i3c
2024-04-11 20:04:21,063 [INFO] IPUIPlugin:80 - create IPUIPlugin
2024-04-11 20:04:21,063 [INFO] PluginManager:220 - loadIPPluginJar : add ipddr
2024-04-11 20:04:21,147 [INFO] IPUIPlugin:80 - create IPUIPlugin
2024-04-11 20:04:21,147 [INFO] PluginManager:220 - loadIPPluginJar : add linkedlist
2024-04-11 20:04:21,174 [INFO] IPUIPlugin:80 - create IPUIPlugin
2024-04-11 20:04:21,174 [INFO] PluginManager:220 - loadIPPluginJar : add lorawan
2024-04-11 20:04:21,206 [INFO] IPUIPlugin:80 - create IPUIPlugin
2024-04-11 20:04:21,207 [INFO] PluginManager:220 - loadIPPluginJar : add ltdc
2024-04-11 20:04:21,217 [INFO] IPUIPlugin:80 - create IPUIPlugin
2024-04-11 20:04:21,218 [INFO] PluginManager:220 - loadIPPluginJar : add mdma
2024-04-11 20:04:21,227 [INFO] IPUIPlugin:80 - create IPUIPlugin
2024-04-11 20:04:21,227 [INFO] PluginManager:220 - loadIPPluginJar : add nvic
2024-04-11 20:04:21,254 [INFO] IPUIPlugin:80 - create IPUIPlugin
2024-04-11 20:04:21,254 [INFO] PluginManager:220 - loadIPPluginJar : add opamp
2024-04-11 20:04:21,323 [INFO] IPUIPlugin:80 - create IPUIPlugin
2024-04-11 20:04:21,323 [INFO] PluginManager:220 - loadIPPluginJar : add openamp
2024-04-11 20:04:21,356 [INFO] IPUIPlugin:80 - create IPUIPlugin
2024-04-11 20:04:21,356 [INFO] PluginManager:220 - loadIPPluginJar : add pdm2pcm
2024-04-11 20:04:21,366 [INFO] IPUIPlugin:80 - create IPUIPlugin
2024-04-11 20:04:21,368 [INFO] PluginManager:220 - loadIPPluginJar : add plateformsettings
2024-04-11 20:04:21,385 [INFO] IPUIPlugin:80 - create IPUIPlugin
2024-04-11 20:04:21,385 [INFO] PluginManager:220 - loadIPPluginJar : add quadspi
2024-04-11 20:04:21,394 [INFO] IPUIPlugin:80 - create IPUIPlugin
2024-04-11 20:04:21,394 [INFO] PluginManager:220 - loadIPPluginJar : add resmgrutility
2024-04-11 20:04:21,432 [INFO] IPUIPlugin:80 - create IPUIPlugin
2024-04-11 20:04:21,432 [INFO] PluginManager:220 - loadIPPluginJar : add sai
2024-04-11 20:04:21,460 [INFO] IPUIPlugin:80 - create IPUIPlugin
2024-04-11 20:04:21,461 [INFO] PluginManager:220 - loadIPPluginJar : add spi
2024-04-11 20:04:21,515 [INFO] IPUIPlugin:80 - create IPUIPlugin
2024-04-11 20:04:21,516 [INFO] PluginManager:220 - loadIPPluginJar : add stm32_wpan
2024-04-11 20:04:21,535 [INFO] IPUIPlugin:80 - create IPUIPlugin
2024-04-11 20:04:21,536 [INFO] PluginManager:220 - loadIPPluginJar : add tim
2024-04-11 20:04:21,594 [INFO] IPUIPlugin:80 - create IPUIPlugin
2024-04-11 20:04:21,594 [INFO] PluginManager:220 - loadIPPluginJar : add touchsensing
2024-04-11 20:04:21,614 [INFO] IPUIPlugin:80 - create IPUIPlugin
2024-04-11 20:04:21,614 [INFO] PluginManager:220 - loadIPPluginJar : add tracer_emb
2024-04-11 20:04:21,636 [INFO] IPUIPlugin:80 - create IPUIPlugin
2024-04-11 20:04:21,636 [INFO] PluginManager:220 - loadIPPluginJar : add ts
2024-04-11 20:04:21,660 [INFO] IPUIPlugin:80 - create IPUIPlugin
2024-04-11 20:04:21,660 [INFO] PluginManager:220 - loadIPPluginJar : add tsc
2024-04-11 20:04:21,682 [INFO] IPUIPlugin:80 - create IPUIPlugin
2024-04-11 20:04:21,682 [INFO] PluginManager:220 - loadIPPluginJar : add ucpd
2024-04-11 20:04:21,718 [INFO] IPUIPlugin:80 - create IPUIPlugin
2024-04-11 20:04:21,718 [INFO] PluginManager:220 - loadIPPluginJar : add usart
2024-04-11 20:04:21,748 [INFO] IPUIPlugin:80 - create IPUIPlugin
2024-04-11 20:04:21,748 [INFO] PluginManager:220 - loadIPPluginJar : add usbx
2024-04-11 20:04:21,864 [INFO] CADModel:165 - CPN selected for project level
2024-04-11 20:04:21,864 [INFO] CADModel:114 - Register for checkConnection events
2024-04-11 20:04:21,864 [FATAL] Updater:308 - Updater called before beeing initialized
2024-04-11 20:04:21,864 [ERROR] CADModel:125 - Updater not yet initialized, retry later 
2024-04-11 20:04:21,975 [INFO] CADModel:165 - CPN selected for project level
2024-04-11 20:04:21,975 [INFO] CADModel:114 - Register for checkConnection events
2024-04-11 20:04:21,975 [FATAL] Updater:308 - Updater called before beeing initialized
2024-04-11 20:04:21,975 [ERROR] CADModel:125 - Updater not yet initialized, retry later 
2024-04-11 20:04:21,979 [FATAL] Updater:308 - Updater called before beeing initialized
2024-04-11 20:04:22,103 [FATAL] Updater:308 - Updater called before beeing initialized
2024-04-11 20:04:22,112 [INFO] DbMcusAds:53 - JSON generation date=Wed Nov 29 11:52:27 CET 2023 (1701255147349)
2024-04-11 20:04:22,112 [FATAL] Updater:308 - Updater called before beeing initialized
2024-04-11 20:04:22,179 [WARN] DetailPanel:346 - Failed to get advertising image, set to default
2024-04-11 20:04:22,249 [FATAL] Updater:308 - Updater called before beeing initialized
2024-04-11 20:04:22,254 [FATAL] Updater:308 - Updater called before beeing initialized
2024-04-11 20:04:22,255 [FATAL] Updater:308 - Updater called before beeing initialized
2024-04-11 20:04:22,255 [WARN] DetailPanel:346 - Failed to get advertising image, set to default
2024-04-11 20:04:22,257 [FATAL] Updater:308 - Updater called before beeing initialized
2024-04-11 20:04:22,327 [ERROR] Updater:1120 - MainUpdater not yet initialized. External WinMGr cannot be set.
2024-04-11 20:04:22,337 [INFO] Updater:1056 - Updater Version found : 6.11.0
2024-04-11 20:04:22,356 [INFO] ApplicationProperties:184 - Using Application install path: C:\ST\STM32CubeIDE_1.15.0\STM32CubeIDE\plugins\com.st.stm32cube.common.mx_6.11.0.202403141607
2024-04-11 20:04:22,559 [INFO] ThirdPartyUpdaterWithRetryManager:70 - Updater plugin not ready yet. [2/15]
2024-04-11 20:04:23,937 [ERROR] LogOutputStream:75 - [STDERR_REDIRECT] Apr 11, 2024 8:04:23 PM java.util.prefs.WindowsPreferences <init>
2024-04-11 20:04:23,939 [ERROR] LogOutputStream:75 - [STDERR_REDIRECT] WARNING: Could not open/create prefs root node Software\JavaSoft\Prefs at root 0xffffffff80000002. Windows RegCreateKeyEx(...) returned error code 5.
2024-04-11 20:04:23,940 [ERROR] LogOutputStream:75 - [STDERR_REDIRECT] 
2024-04-11 20:04:24,387 [INFO] MainUpdater:2873 - connection check result : 10
2024-04-11 20:04:24,387 [INFO] MainUpdater:290 - Updater Check For Update Now.
2024-04-11 20:04:24,388 [INFO] MicroXplorer:498 - Change Database Version : DB.6.0.110
2024-04-11 20:04:24,406 [INFO] McuFinderGlobals:63 - Set McuFinder mode to 2 (CubeIDE integrated)
2024-04-11 20:04:24,418 [INFO] UserAuth:415 - Internet connection configuration mode: 1
2024-04-11 20:04:24,454 [INFO] JxBrowserEngine:152 - Initiate JxBrowser Engine with user profile folder
2024-04-11 20:04:24,617 [INFO] CheckServerUpdateThread:120 - End of CheckServer Thread
2024-04-11 20:04:25,706 [WARN] PackLoader:240 - Cannot read IP mode file for STMicroelectronics.X-CUBE-SMBUS.2.1.0
2024-04-11 20:04:25,723 [WARN] PackLoader:240 - Cannot read IP mode file for STMicroelectronics.X-CUBE-TOUCHGFX.4.23.1
2024-04-11 20:04:25,736 [WARN] PackLoader:240 - Cannot read IP mode file for STMicroelectronics.X-CUBE-TOUCHGFX.4.23.0
2024-04-11 20:04:25,844 [WARN] PackLoader:240 - Cannot read IP mode file for STMicroelectronics.X-CUBE-TOUCHGFX.4.23.2
2024-04-11 20:04:25,888 [WARN] PackLoader:240 - Cannot read IP mode file for STMicroelectronics.X-CUBE-AZRTOS-F7.1.1.0
2024-04-11 20:04:25,907 [WARN] PackLoader:240 - Cannot read IP mode file for STMicroelectronics.X-CUBE-TOUCHGFX.4.19.1
2024-04-11 20:04:25,972 [WARN] PackLoader:240 - Cannot read IP mode file for STMicroelectronics.FP-SNS-MOTENV1.4.3.2
2024-04-11 20:04:25,987 [WARN] PackLoader:240 - Cannot read IP mode file for STMicroelectronics.FP-SNS-FLIGHT1.5.0.2
2024-04-11 20:04:26,004 [WARN] PackLoader:240 - Cannot read IP mode file for STMicroelectronics.X-CUBE-DISPLAY.3.0.0
2024-04-11 20:04:26,024 [WARN] PackLoader:240 - Cannot read IP mode file for STMicroelectronics.X-CUBE-BLE1.7.0.0
2024-04-11 20:04:26,038 [WARN] PackLoader:240 - Cannot read IP mode file for emotas.I-CUBE-CANOPEN.1.3.0
2024-04-11 20:04:26,054 [WARN] PackLoader:240 - Cannot read IP mode file for STMicroelectronics.X-CUBE-BLEMGR.3.1.0
2024-04-11 20:04:26,067 [WARN] PackLoader:240 - Cannot read IP mode file for STMicroelectronics.FP-SNS-SMARTAG2.1.2.0
2024-04-11 20:04:26,080 [INFO] LogOutputStream:77 - [STDOUT_REDIRECT] 1 : Invalid condition id : UX_CORESTACK_Condition cause : null
2024-04-11 20:04:26,080 [INFO] LogOutputStream:77 - [STDOUT_REDIRECT] 1 : Invalid condition id : UX_CORESTACK_Condition cause : null
2024-04-11 20:04:26,081 [INFO] LogOutputStream:77 - [STDOUT_REDIRECT] 1 : Invalid condition id : UX_CORESTACK_Condition cause : null
2024-04-11 20:04:26,082 [INFO] LogOutputStream:77 - [STDOUT_REDIRECT] 1 : Invalid condition id : UX_CORESTACK_Condition cause : null
2024-04-11 20:04:26,082 [INFO] LogOutputStream:77 - [STDOUT_REDIRECT] 1 : Invalid condition id : UX_CORESTACK_Condition cause : null
2024-04-11 20:04:26,084 [WARN] PackLoader:240 - Cannot read IP mode file for STMicroelectronics.X-CUBE-AZRTOS-WL.2.0.0
2024-04-11 20:04:26,096 [WARN] PackLoader:240 - Cannot read IP mode file for STMicroelectronics.FP-SNS-MOTENV1.5.0.0
2024-04-11 20:04:26,121 [WARN] PackLoader:240 - Cannot read IP mode file for WES.I-CUBE-Cesium.1.3.0
2024-04-11 20:04:26,131 [WARN] PackLoader:240 - Cannot read IP mode file for STMicroelectronics.X-CUBE-BLE2.3.3.0
2024-04-11 20:04:26,144 [WARN] PackLoader:240 - Cannot read IP mode file for STMicroelectronics.X-CUBE-ALGOBUILD.1.3.0
2024-04-11 20:04:26,166 [WARN] PackLoader:240 - Cannot read IP mode file for STMicroelectronics.X-CUBE-AZRTOS-G0.1.1.0
2024-04-11 20:04:26,183 [WARN] PackLoader:240 - Cannot read IP mode file for STMicroelectronics.X-CUBE-SAFEA1.1.2.2
2024-04-11 20:04:26,198 [WARN] PackLoader:240 - Cannot read IP mode file for STMicroelectronics.X-CUBE-NFC4.3.0.0
2024-04-11 20:04:26,212 [WARN] PackLoader:240 - Cannot read IP mode file for wolfSSL.I-CUBE-wolfSSL.5.7.0
2024-04-11 20:04:26,223 [WARN] PackLoader:240 - Cannot read IP mode file for STMicroelectronics.FP-ATR-SIGFOX1.3.2.0
2024-04-11 20:04:26,239 [WARN] PackLoader:240 - Cannot read IP mode file for STMicroelectronics.X-CUBE-EEPRMA1.5.1.0
2024-04-11 20:04:26,249 [WARN] PackLoader:240 - Cannot read IP mode file for ITTIA_DB.I-CUBE-ITTIADB.8.9.0
2024-04-11 20:04:26,285 [WARN] PackLoader:240 - Cannot read IP mode file for SEGGER.I-CUBE-embOS.1.3.1
2024-04-11 20:04:26,333 [WARN] PackLoader:240 - Cannot read IP mode file for STMicroelectronics.X-CUBE-GNSS1.6.0.0
2024-04-11 20:04:26,361 [WARN] PackLoader:240 - Cannot read IP mode file for STMicroelectronics.X-CUBE-AZRTOS-F4.1.1.0
2024-04-11 20:04:26,374 [WARN] PackLoader:240 - Cannot read IP mode file for wolfSSL.I-CUBE-wolfSSL.5.6.6
2024-04-11 20:04:26,395 [WARN] PackLoader:240 - Cannot read IP mode file for STMicroelectronics.X-CUBE-AZRTOS-L5.2.0.0
2024-04-11 20:04:26,410 [WARN] PackLoader:240 - Cannot read IP mode file for STMicroelectronics.X-CUBE-NFC6.3.1.0
2024-04-11 20:04:26,425 [WARN] PackLoader:240 - Cannot read IP mode file for ITTIA_DB.I-CUBE-ITTIADB.8.8.0
2024-04-11 20:04:26,441 [WARN] PackLoader:240 - Cannot read IP mode file for STMicroelectronics.X-CUBE-NFC7.1.0.1
2024-04-11 20:04:26,455 [WARN] PackLoader:240 - Cannot read IP mode file for STMicroelectronics.X-CUBE-AI.8.1.0
2024-04-11 20:04:26,482 [WARN] ConditionMgr:438 - getConditionDescription Invalid condition id : LAN8742 Phy interface Condition cause : null
2024-04-11 20:04:26,483 [WARN] PackLoader:240 - Cannot read IP mode file for STMicroelectronics.X-CUBE-AZRTOS-L4.2.0.0
2024-04-11 20:04:26,485 [WARN] ConditionMgr:1039 - genDependencies : Invalid condition id : LAN8742 Phy interface Condition cause : null
2024-04-11 20:04:26,485 [WARN] ConditionMgr:1039 - genDependencies : Invalid condition id : LAN8742 Phy interface Condition cause : null
2024-04-11 20:04:26,486 [WARN] ConditionMgr:1039 - genDependencies : Invalid condition id : LAN8742 Phy interface Condition cause : null
2024-04-11 20:04:26,509 [WARN] PackLoader:240 - Cannot read IP mode file for STMicroelectronics.X-CUBE-SFXS2LP1.4.0.0
2024-04-11 20:04:26,543 [WARN] ConditionMgr:438 - getConditionDescription Invalid condition id : UX DEVICE CLASS RTOS Condition cause : null
2024-04-11 20:04:26,543 [WARN] ConditionMgr:438 - getConditionDescription Invalid condition id : UX DEVICE CLASS RTOS Condition cause : null
2024-04-11 20:04:26,546 [WARN] PackLoader:240 - Cannot read IP mode file for STMicroelectronics.X-CUBE-AZRTOS-WB.2.0.0
2024-04-11 20:04:26,546 [WARN] ConditionMgr:1039 - genDependencies : Invalid condition id : UX DEVICE CLASS RTOS Condition cause : null
2024-04-11 20:04:26,547 [WARN] ConditionMgr:1039 - genDependencies : Invalid condition id : UX DEVICE CLASS RTOS Condition cause : null
2024-04-11 20:04:26,547 [WARN] ConditionMgr:1039 - genDependencies : Invalid condition id : UX DEVICE CLASS RTOS Condition cause : null
2024-04-11 20:04:26,547 [WARN] ConditionMgr:1039 - genDependencies : Invalid condition id : UX DEVICE CLASS RTOS Condition cause : null
2024-04-11 20:04:26,547 [WARN] ConditionMgr:1039 - genDependencies : Invalid condition id : UX DEVICE CLASS RTOS Condition cause : null
2024-04-11 20:04:26,572 [WARN] PackLoader:240 - Cannot read IP mode file for STMicroelectronics.X-CUBE-SUBG2.5.0.0
2024-04-11 20:04:26,603 [WARN] PackLoader:240 - Cannot read IP mode file for STMicroelectronics.X-CUBE-AZRTOS-G4.2.0.0
2024-04-11 20:04:26,637 [WARN] PackLoader:240 - Cannot read IP mode file for Infineon.AIROC-Wi-Fi-Bluetooth-STM32.1.5.1
2024-04-11 20:04:26,670 [WARN] PackLoader:240 - Cannot read IP mode file for STMicroelectronics.FP-SNS-MOTENVWB1.1.3.1
2024-04-11 20:04:26,682 [WARN] PackLoader:240 - Cannot read IP mode file for STMicroelectronics.X-CUBE-ISPU.2.0.0
2024-04-11 20:04:26,720 [WARN] PackLoader:240 - Cannot read IP mode file for STMicroelectronics.X-CUBE-MEMS1.10.0.0
2024-04-11 20:04:26,868 [WARN] PackLoader:240 - Cannot read IP mode file for STMicroelectronics.X-CUBE-FREERTOS.1.1.0
2024-04-11 20:04:26,928 [WARN] PackLoader:240 - Cannot read IP mode file for portGmbH.I-Cube-SoM-uGOAL.1.1.0
2024-04-11 20:04:26,942 [WARN] PackLoader:240 - Cannot read IP mode file for STMicroelectronics.X-CUBE-ALS.1.0.1
2024-04-11 20:04:26,956 [WARN] PackLoader:240 - Cannot read IP mode file for STMicroelectronics.FP-ATR-ASTRA1.2.0.0
2024-04-11 20:04:26,979 [WARN] PackLoader:240 - Cannot read IP mode file for STMicroelectronics.X-CUBE-TOF1.3.4.1
2024-04-11 20:04:27,014 [WARN] PackLoader:240 - Cannot read IP mode file for STMicroelectronics.X-CUBE-AZRTOS-H7.3.2.0
2024-04-11 20:04:27,039 [WARN] PackLoader:240 - Cannot read IP mode file for Infineon.AIROC-Wi-Fi-Bluetooth-STM32.1.6.0
2024-04-11 20:04:27,042 [INFO] ThirdParty:978 - Integrity check success = true
2024-04-11 20:04:27,042 [INFO] IntegrityCheckThread:100 - exiting critical section [integrity check]
2024-04-11 20:04:27,042 [INFO] IntegrityCheckThread:103 - End integrity checks thread
2024-04-11 20:04:28,404 [INFO] WebApp:161 - Instantiating new browser for Auth
2024-04-11 20:04:28,812 [INFO] WebApp:779 - Register for checkConnection events
2024-04-11 20:04:28,813 [INFO] WebApp:414 - Apply proxy settings
2024-04-11 20:04:28,813 [INFO] WebApp:499 - Chromium requires no authentication
2024-04-11 20:04:28,826 [INFO] WebApp:442 - Direct internet connection detected
2024-04-11 20:04:29,056 [INFO] WebApp:192 - Starting web application
2024-04-11 20:04:29,056 [INFO] WebApp:544 - Web application path used C:\ST\STM32CubeIDE_1.15.0\STM32CubeIDE\plugins\com.st.stm32cube.common.mx_6.11.0.202403141607\db\plugins\mcufinder\reactClient1\index.html
