2024-08-14 07:51:29,841 [INFO] Activator:176 - 


2024-08-14 07:51:29,841 [INFO] Activator:177 - !SESSION log4j initialized
2024-08-14 07:51:34,610 [INFO] LogOutputStream:77 - [STDOUT_REDIRECT] 
2024-08-14 07:51:44,184 [INFO] ApplicationProperties:184 - Using Application install path: C:\ST\STM32CubeIDE_1.15.0\STM32CubeIDE\plugins\com.st.stm32cube.common.mx_6.12.0.202406281431
2024-08-14 07:51:44,200 [INFO] DbMcusXml:78 - Set database path to: C:\ST\STM32CubeIDE_1.15.0\STM32CubeIDE\plugins\com.st.stm32cube.common.mx_6.12.0.202406281431\\db\/mcu/
2024-08-14 07:51:44,201 [INFO] ApiDb:274 - Set plugin database path to: C:\ST\STM32CubeIDE_1.15.0\STM32CubeIDE\plugins\com.st.stm32cube.common.mx_6.12.0.202406281431\\db\/plugins/boardmanager/
2024-08-14 07:51:44,201 [WARN] ApiDb:259 - Overriding images path with different value:  => C:\ST\STM32CubeIDE_1.15.0\STM32CubeIDE\plugins\com.st.stm32cube.common.mx_6.12.0.202406281431\\db\/plugins/mcufinder/images/
2024-08-14 07:51:44,211 [INFO] ApiDb:250 - Set database path to: C:\Users\stefa\.stmcufinder\plugins\mcufinder//mcu/
2024-08-14 07:51:44,212 [INFO] DbMcusAds:125 - Set database path to: C:\Users\stefa\.stmcufinder\plugins\mcufinder//mcu/
2024-08-14 07:51:44,214 [INFO] CrossReferenceDbSqlite:203 - Set database path to: C:\Users\stefa\.stmcufinder\plugins\mcufinder//mcu/cs/
2024-08-14 07:51:44,332 [INFO] RulesReader:64 - Compatibility file has been processed (297 Rules)
2024-08-14 07:51:44,445 [INFO] DbMcusXml:78 - Set database path to: C:\ST\STM32CubeIDE_1.15.0\STM32CubeIDE\plugins\com.st.stm32cube.common.mx_6.12.0.202406281431\\db\/mcu/
2024-08-14 07:51:44,445 [INFO] ApiDb:274 - Set plugin database path to: C:\ST\STM32CubeIDE_1.15.0\STM32CubeIDE\plugins\com.st.stm32cube.common.mx_6.12.0.202406281431\\db\/plugins/boardmanager/
2024-08-14 07:51:44,445 [INFO] ApiDb:261 - Set plugin images path to: C:\ST\STM32CubeIDE_1.15.0\STM32CubeIDE\plugins\com.st.stm32cube.common.mx_6.12.0.202406281431\\db\/plugins/mcufinder/images/
2024-08-14 07:51:44,445 [WARN] DbFile:41 - Overriding database path with different value: C:\Users\stefa\.stmcufinder\plugins\mcufinder/ => C:\Users\stefa\.stmcufinder\plugins\mcufinder
2024-08-14 07:51:44,446 [INFO] ApiDb:250 - Set database path to: C:\Users\stefa\.stmcufinder\plugins\mcufinder//mcu/
2024-08-14 07:51:44,446 [WARN] DbFile:41 - Overriding database path with different value: C:\Users\stefa\.stmcufinder\plugins\mcufinder/ => C:\Users\stefa\.stmcufinder\plugins\mcufinder
2024-08-14 07:51:44,446 [INFO] DbMcusAds:125 - Set database path to: C:\Users\stefa\.stmcufinder\plugins\mcufinder//mcu/
2024-08-14 07:51:44,446 [WARN] DbFile:41 - Overriding database path with different value: C:\Users\stefa\.stmcufinder\plugins\mcufinder/ => C:\Users\stefa\.stmcufinder\plugins\mcufinder
2024-08-14 07:51:44,446 [WARN] DbFile:41 - Overriding database path with different value: C:\Users\stefa\.stmcufinder\plugins\mcufinder/ => C:\Users\stefa\.stmcufinder\plugins\mcufinder
2024-08-14 07:51:44,446 [INFO] CrossReferenceDbSqlite:203 - Set database path to: C:\Users\stefa\.stmcufinder\plugins\mcufinder//mcu/cs/
2024-08-14 07:51:44,548 [INFO] MainPanel:268 - HeapMemory: 494927872
2024-08-14 07:51:44,695 [INFO] DbMcusXml:78 - Set database path to: C:\ST\STM32CubeIDE_1.15.0\STM32CubeIDE\plugins\com.st.stm32cube.common.mx_6.12.0.202406281431\\db\/mcu/
2024-08-14 07:51:44,696 [INFO] ApiDb:274 - Set plugin database path to: C:\ST\STM32CubeIDE_1.15.0\STM32CubeIDE\plugins\com.st.stm32cube.common.mx_6.12.0.202406281431\\db\/plugins/boardmanager/
2024-08-14 07:51:44,696 [INFO] ApiDb:261 - Set plugin images path to: C:\ST\STM32CubeIDE_1.15.0\STM32CubeIDE\plugins\com.st.stm32cube.common.mx_6.12.0.202406281431\\db\/plugins/mcufinder/images/
2024-08-14 07:51:44,696 [WARN] DbFile:41 - Overriding database path with different value: C:\Users\stefa\.stmcufinder\plugins\mcufinder/ => C:\Users\stefa\.stmcufinder\plugins\mcufinder
2024-08-14 07:51:44,696 [INFO] ApiDb:250 - Set database path to: C:\Users\stefa\.stmcufinder\plugins\mcufinder//mcu/
2024-08-14 07:51:44,696 [WARN] DbFile:41 - Overriding database path with different value: C:\Users\stefa\.stmcufinder\plugins\mcufinder/ => C:\Users\stefa\.stmcufinder\plugins\mcufinder
2024-08-14 07:51:44,696 [INFO] DbMcusAds:125 - Set database path to: C:\Users\stefa\.stmcufinder\plugins\mcufinder//mcu/
2024-08-14 07:51:44,697 [WARN] DbFile:41 - Overriding database path with different value: C:\Users\stefa\.stmcufinder\plugins\mcufinder/ => C:\Users\stefa\.stmcufinder\plugins\mcufinder
2024-08-14 07:51:44,697 [WARN] DbFile:41 - Overriding database path with different value: C:\Users\stefa\.stmcufinder\plugins\mcufinder/ => C:\Users\stefa\.stmcufinder\plugins\mcufinder
2024-08-14 07:51:44,697 [INFO] CrossReferenceDbSqlite:203 - Set database path to: C:\Users\stefa\.stmcufinder\plugins\mcufinder//mcu/cs/
2024-08-14 07:51:44,722 [INFO] ApplicationProperties:184 - Using Application install path: C:\ST\STM32CubeIDE_1.15.0\STM32CubeIDE\plugins\com.st.stm32cube.common.mx_6.12.0.202406281431
2024-08-14 07:51:44,724 [INFO] PluginManage:196 - Search for loadable plugins [exclusion list=, ]
2024-08-14 07:51:44,726 [INFO] PluginManage:310 - Check plugin analytics
2024-08-14 07:51:44,974 [INFO] AnalyticsPlugin:253 - Accepted Software Licenses: STM32CubeMX.6.12.0
2024-08-14 07:51:44,975 [INFO] AnalyticsPlugin:255 - Accepted CMSIS Pack Licenses: STMicroelectronics.X-CUBE-TOUCHGFX.4.24.0,STMicroelectronics.X-CUBE-FREERTOS.1.2.0,STMicroelectronics.X-CUBE-TOUCHGFX.4.23.2
2024-08-14 07:51:44,975 [INFO] AnalyticsPlugin:257 - Accepted Firmware Licenses: FW.H5.1.3.0,FW.H7.1.11.0
2024-08-14 07:51:44,977 [INFO] PluginManage:359 - Loaded plugin analytics (category:tool,tabindex:-1)
2024-08-14 07:51:44,978 [INFO] PluginManage:310 - Check plugin cadmodel
2024-08-14 07:51:44,992 [INFO] CADModel:105 - Init CAD model plugin
2024-08-14 07:51:44,992 [INFO] PluginManage:359 - Loaded plugin cadmodel (category:power,tabindex:5)
2024-08-14 07:51:44,992 [INFO] PluginManage:310 - Check plugin clock
2024-08-14 07:51:45,014 [INFO] PluginManage:359 - Loaded plugin clock (category:base,tabindex:2)
2024-08-14 07:51:45,014 [INFO] PluginManage:310 - Check plugin ddr
2024-08-14 07:51:45,017 [INFO] PluginManage:359 - Loaded plugin ddr (category:tool,tabindex:6)
2024-08-14 07:51:45,018 [INFO] PluginManage:310 - Check plugin filemanager
2024-08-14 07:51:45,184 [INFO] PluginManage:359 - Loaded plugin filemanager (category:base,tabindex:10)
2024-08-14 07:51:45,184 [INFO] PluginManage:310 - Check plugin ipmanager
2024-08-14 07:51:45,192 [INFO] PluginManage:359 - Loaded plugin ipmanager (category:base,tabindex:5)
2024-08-14 07:51:45,192 [INFO] PluginManage:310 - Check plugin lpbam
2024-08-14 07:51:45,214 [INFO] PluginManage:359 - Loaded plugin lpbam (category:base,tabindex:0)
2024-08-14 07:51:45,214 [INFO] PluginManage:310 - Check plugin memorymap
2024-08-14 07:51:45,250 [INFO] PluginManage:359 - Loaded plugin memorymap (category:base,tabindex:4)
2024-08-14 07:51:45,250 [INFO] PluginManage:310 - Check plugin pinoutandconfiguration
2024-08-14 07:51:45,268 [INFO] PluginManage:359 - Loaded plugin pinoutandconfiguration (category:base,tabindex:1)
2024-08-14 07:51:45,269 [INFO] PluginManage:310 - Check plugin pinoutconfig
2024-08-14 07:51:45,359 [WARN] SupportedApi:132 - Cannot load RTOS API schema: s4s-elt-must-match.1: The content of 'definitions' must match (annotation?, (simpleType | complexType)?, (unique | key | keyref)*)). A problem was found starting at: attribute.
2024-08-14 07:51:45,509 [INFO] PluginManage:359 - Loaded plugin pinoutconfig (category:base,tabindex:0)
2024-08-14 07:51:45,509 [INFO] PluginManage:310 - Check plugin power
2024-08-14 07:51:45,530 [INFO] PluginManage:359 - Loaded plugin power (category:power,tabindex:4)
2024-08-14 07:51:45,530 [INFO] PluginManage:310 - Check plugin projectmanager
2024-08-14 07:51:45,548 [INFO] PluginManage:359 - Loaded plugin projectmanager (category:projectmanager,tabindex:4)
2024-08-14 07:51:45,548 [INFO] PluginManage:310 - Check plugin rif
2024-08-14 07:51:45,564 [INFO] PluginManage:359 - Loaded plugin rif (category:base,tabindex:3)
2024-08-14 07:51:45,564 [INFO] PluginManage:310 - Check plugin thirdparty
2024-08-14 07:51:45,908 [INFO] PluginManage:359 - Loaded plugin thirdparty (category:base,tabindex:-1)
2024-08-14 07:51:45,908 [INFO] PluginManage:310 - Check plugin tools
2024-08-14 07:51:45,908 [WARN] IntegrityCheckThread:84 - waiting for thirdparty lock release [integrity check]
2024-08-14 07:51:45,908 [INFO] IntegrityCheckThread:86 - entering critical section [integrity check]
2024-08-14 07:51:45,909 [INFO] ThirdPartyUpdaterWithRetryManager:70 - Updater plugin not ready yet. [1/15]
2024-08-14 07:51:45,956 [INFO] PluginManage:359 - Loaded plugin tools (category:base,tabindex:7)
2024-08-14 07:51:45,956 [INFO] PluginManage:310 - Check plugin tutovideos
2024-08-14 07:51:46,187 [INFO] PluginManage:359 - Loaded plugin tutovideos (category:base,tabindex:-1)
2024-08-14 07:51:46,187 [INFO] PluginManage:310 - Check plugin updater
2024-08-14 07:51:46,207 [INFO] PluginManage:359 - Loaded plugin updater (category:base,tabindex:12)
2024-08-14 07:51:46,208 [INFO] PluginManage:310 - Check plugin userauth
2024-08-14 07:51:46,216 [INFO] UserAuth:113 - Init User Auth plugin
2024-08-14 07:51:46,216 [INFO] PluginManage:359 - Loaded plugin userauth (category:base,tabindex:14)
2024-08-14 07:51:46,217 [INFO] PluginManage:283 - PluginManage : Loaded plugins [18]
2024-08-14 07:51:46,440 [INFO] PinOutPanel:1561 - setPackage(No Configuration,No Configuration)
2024-08-14 07:51:46,545 [INFO] CADModel:165 - CPN selected for project level
2024-08-14 07:51:46,545 [INFO] CADModel:114 - Register for checkConnection events
2024-08-14 07:51:46,578 [INFO] IPUIPlugin:80 - create IPUIPlugin
2024-08-14 07:51:46,579 [INFO] PluginManager:220 - loadIPPluginJar : add adc
2024-08-14 07:51:46,626 [INFO] IPUIPlugin:80 - create IPUIPlugin
2024-08-14 07:51:46,626 [INFO] PluginManager:220 - loadIPPluginJar : add aes
2024-08-14 07:51:46,677 [INFO] IPUIPlugin:80 - create IPUIPlugin
2024-08-14 07:51:46,677 [INFO] PluginManager:220 - loadIPPluginJar : add can
2024-08-14 07:51:46,704 [INFO] IPUIPlugin:80 - create IPUIPlugin
2024-08-14 07:51:46,704 [INFO] PluginManager:220 - loadIPPluginJar : add comp
2024-08-14 07:51:46,745 [INFO] IPUIPlugin:80 - create IPUIPlugin
2024-08-14 07:51:46,745 [INFO] PluginManager:220 - loadIPPluginJar : add cryp
2024-08-14 07:51:46,755 [INFO] IPUIPlugin:80 - create IPUIPlugin
2024-08-14 07:51:46,755 [INFO] PluginManager:220 - loadIPPluginJar : add ddr_ctrl_phy
2024-08-14 07:51:46,777 [INFO] IPUIPlugin:80 - create IPUIPlugin
2024-08-14 07:51:46,777 [INFO] PluginManager:220 - loadIPPluginJar : add dfsdm
2024-08-14 07:51:46,787 [INFO] IPUIPlugin:80 - create IPUIPlugin
2024-08-14 07:51:46,787 [INFO] PluginManager:220 - loadIPPluginJar : add dma
2024-08-14 07:51:46,824 [INFO] IPUIPlugin:80 - create IPUIPlugin
2024-08-14 07:51:46,824 [INFO] PluginManager:220 - loadIPPluginJar : add dma3
2024-08-14 07:51:46,863 [INFO] IPUIPlugin:80 - create IPUIPlugin
2024-08-14 07:51:46,864 [INFO] PluginManager:220 - loadIPPluginJar : add extmemmanager
2024-08-14 07:51:46,884 [INFO] IPUIPlugin:80 - create IPUIPlugin
2024-08-14 07:51:46,884 [INFO] PluginManager:220 - loadIPPluginJar : add fatfs
2024-08-14 07:51:46,925 [INFO] IPUIPlugin:80 - create IPUIPlugin
2024-08-14 07:51:46,925 [INFO] PluginManager:220 - loadIPPluginJar : add fmc
2024-08-14 07:51:46,943 [INFO] IPUIPlugin:80 - create IPUIPlugin
2024-08-14 07:51:46,943 [INFO] PluginManager:220 - loadIPPluginJar : add freertos
2024-08-14 07:51:46,967 [INFO] IPUIPlugin:80 - create IPUIPlugin
2024-08-14 07:51:46,967 [INFO] PluginManager:220 - loadIPPluginJar : add genericplugin
2024-08-14 07:51:47,085 [INFO] IPUIPlugin:80 - create IPUIPlugin
2024-08-14 07:51:47,085 [INFO] PluginManager:220 - loadIPPluginJar : add gfxmmu
2024-08-14 07:51:47,218 [INFO] IPUIPlugin:80 - create IPUIPlugin
2024-08-14 07:51:47,219 [INFO] PluginManager:220 - loadIPPluginJar : add gic
2024-08-14 07:51:47,229 [INFO] IPUIPlugin:80 - create IPUIPlugin
2024-08-14 07:51:47,230 [INFO] PluginManager:220 - loadIPPluginJar : add gpio
2024-08-14 07:51:47,331 [INFO] IPUIPlugin:80 - create IPUIPlugin
2024-08-14 07:51:47,332 [INFO] PluginManager:220 - loadIPPluginJar : add gtzc
2024-08-14 07:51:47,337 [INFO] IPUIPlugin:80 - create IPUIPlugin
2024-08-14 07:51:47,337 [INFO] PluginManager:220 - loadIPPluginJar : add hash
2024-08-14 07:51:47,422 [INFO] IPUIPlugin:80 - create IPUIPlugin
2024-08-14 07:51:47,422 [INFO] PluginManager:220 - loadIPPluginJar : add i2c
2024-08-14 07:51:47,474 [INFO] IPUIPlugin:80 - create IPUIPlugin
2024-08-14 07:51:47,475 [INFO] PluginManager:220 - loadIPPluginJar : add i2s
2024-08-14 07:51:47,528 [INFO] IPUIPlugin:80 - create IPUIPlugin
2024-08-14 07:51:47,529 [INFO] PluginManager:220 - loadIPPluginJar : add i3c
2024-08-14 07:51:47,648 [INFO] IPUIPlugin:80 - create IPUIPlugin
2024-08-14 07:51:47,649 [INFO] PluginManager:220 - loadIPPluginJar : add ipddr
2024-08-14 07:51:47,747 [INFO] IPUIPlugin:80 - create IPUIPlugin
2024-08-14 07:51:47,748 [INFO] PluginManager:220 - loadIPPluginJar : add linkedlist
2024-08-14 07:51:47,797 [INFO] IPUIPlugin:80 - create IPUIPlugin
2024-08-14 07:51:47,797 [INFO] PluginManager:220 - loadIPPluginJar : add lorawan
2024-08-14 07:51:47,837 [INFO] IPUIPlugin:80 - create IPUIPlugin
2024-08-14 07:51:47,838 [INFO] PluginManager:220 - loadIPPluginJar : add ltdc
2024-08-14 07:51:47,853 [INFO] IPUIPlugin:80 - create IPUIPlugin
2024-08-14 07:51:47,853 [INFO] PluginManager:220 - loadIPPluginJar : add mdma
2024-08-14 07:51:47,867 [INFO] IPUIPlugin:80 - create IPUIPlugin
2024-08-14 07:51:47,867 [INFO] PluginManager:220 - loadIPPluginJar : add nvic
2024-08-14 07:51:47,910 [INFO] IPUIPlugin:80 - create IPUIPlugin
2024-08-14 07:51:47,910 [INFO] PluginManager:220 - loadIPPluginJar : add opamp
2024-08-14 07:51:47,983 [INFO] IPUIPlugin:80 - create IPUIPlugin
2024-08-14 07:51:47,983 [INFO] PluginManager:220 - loadIPPluginJar : add openamp
2024-08-14 07:51:48,036 [INFO] IPUIPlugin:80 - create IPUIPlugin
2024-08-14 07:51:48,036 [INFO] PluginManager:220 - loadIPPluginJar : add pdm2pcm
2024-08-14 07:51:48,049 [INFO] IPUIPlugin:80 - create IPUIPlugin
2024-08-14 07:51:48,051 [INFO] PluginManager:220 - loadIPPluginJar : add plateformsettings
2024-08-14 07:51:48,076 [INFO] IPUIPlugin:80 - create IPUIPlugin
2024-08-14 07:51:48,076 [INFO] PluginManager:220 - loadIPPluginJar : add quadspi
2024-08-14 07:51:48,106 [INFO] IPUIPlugin:80 - create IPUIPlugin
2024-08-14 07:51:48,107 [INFO] PluginManager:220 - loadIPPluginJar : add radio
2024-08-14 07:51:48,121 [INFO] IPUIPlugin:80 - create IPUIPlugin
2024-08-14 07:51:48,121 [INFO] PluginManager:220 - loadIPPluginJar : add resmgrutility
2024-08-14 07:51:48,163 [INFO] IPUIPlugin:80 - create IPUIPlugin
2024-08-14 07:51:48,163 [INFO] PluginManager:220 - loadIPPluginJar : add sai
2024-08-14 07:51:48,205 [INFO] IPUIPlugin:80 - create IPUIPlugin
2024-08-14 07:51:48,206 [INFO] PluginManager:220 - loadIPPluginJar : add spi
2024-08-14 07:51:48,287 [INFO] IPUIPlugin:80 - create IPUIPlugin
2024-08-14 07:51:48,288 [INFO] PluginManager:220 - loadIPPluginJar : add stm32_wpan
2024-08-14 07:51:48,291 [INFO] IPUIPlugin:80 - create IPUIPlugin
2024-08-14 07:51:48,291 [INFO] PluginManager:220 - loadIPPluginJar : add tim
2024-08-14 07:51:48,360 [INFO] IPUIPlugin:80 - create IPUIPlugin
2024-08-14 07:51:48,361 [INFO] PluginManager:220 - loadIPPluginJar : add touchsensing
2024-08-14 07:51:48,389 [INFO] IPUIPlugin:80 - create IPUIPlugin
2024-08-14 07:51:48,389 [INFO] PluginManager:220 - loadIPPluginJar : add tracer_emb
2024-08-14 07:51:48,423 [INFO] IPUIPlugin:80 - create IPUIPlugin
2024-08-14 07:51:48,423 [INFO] PluginManager:220 - loadIPPluginJar : add ts
2024-08-14 07:51:48,444 [INFO] IPUIPlugin:80 - create IPUIPlugin
2024-08-14 07:51:48,444 [INFO] PluginManager:220 - loadIPPluginJar : add tsc
2024-08-14 07:51:48,448 [INFO] IPUIPlugin:80 - create IPUIPlugin
2024-08-14 07:51:48,448 [INFO] PluginManager:220 - loadIPPluginJar : add ucpd
2024-08-14 07:51:48,492 [INFO] IPUIPlugin:80 - create IPUIPlugin
2024-08-14 07:51:48,492 [INFO] PluginManager:220 - loadIPPluginJar : add usart
2024-08-14 07:51:48,542 [INFO] IPUIPlugin:80 - create IPUIPlugin
2024-08-14 07:51:48,542 [INFO] PluginManager:220 - loadIPPluginJar : add usbx
2024-08-14 07:51:48,665 [INFO] CADModel:165 - CPN selected for project level
2024-08-14 07:51:48,665 [INFO] CADModel:114 - Register for checkConnection events
2024-08-14 07:51:48,665 [FATAL] Updater:334 - Updater called before beeing initialized
2024-08-14 07:51:48,665 [ERROR] CADModel:125 - Updater not yet initialized, retry later 
2024-08-14 07:51:48,777 [INFO] CADModel:165 - CPN selected for project level
2024-08-14 07:51:48,777 [INFO] CADModel:114 - Register for checkConnection events
2024-08-14 07:51:48,777 [FATAL] Updater:334 - Updater called before beeing initialized
2024-08-14 07:51:48,777 [ERROR] CADModel:125 - Updater not yet initialized, retry later 
2024-08-14 07:51:48,780 [FATAL] Updater:334 - Updater called before beeing initialized
2024-08-14 07:51:48,892 [FATAL] Updater:334 - Updater called before beeing initialized
2024-08-14 07:51:48,899 [INFO] DbMcusAds:53 - JSON generation date=Thu May 16 11:22:00 CEST 2024 (1715851320667)
2024-08-14 07:51:48,900 [FATAL] Updater:334 - Updater called before beeing initialized
2024-08-14 07:51:48,911 [INFO] ThirdPartyUpdaterWithRetryManager:70 - Updater plugin not ready yet. [2/15]
2024-08-14 07:51:48,938 [WARN] DetailPanel:346 - Failed to get advertising image, set to default
2024-08-14 07:51:49,013 [FATAL] Updater:334 - Updater called before beeing initialized
2024-08-14 07:51:49,015 [FATAL] Updater:334 - Updater called before beeing initialized
2024-08-14 07:51:49,015 [FATAL] Updater:334 - Updater called before beeing initialized
2024-08-14 07:51:49,015 [WARN] DetailPanel:346 - Failed to get advertising image, set to default
2024-08-14 07:51:49,016 [FATAL] Updater:334 - Updater called before beeing initialized
2024-08-14 07:51:49,085 [ERROR] Updater:1164 - MainUpdater not yet initialized. External WinMGr cannot be set.
2024-08-14 07:51:49,096 [INFO] Updater:1100 - Updater Version found : 6.12.0
2024-08-14 07:51:49,111 [INFO] ApplicationProperties:184 - Using Application install path: C:\ST\STM32CubeIDE_1.15.0\STM32CubeIDE\plugins\com.st.stm32cube.common.mx_6.12.0.202406281431
2024-08-14 07:51:50,701 [ERROR] LogOutputStream:75 - [STDERR_REDIRECT] Aug 14, 2024 7:51:50 AM java.util.prefs.WindowsPreferences <init>
2024-08-14 07:51:50,702 [ERROR] LogOutputStream:75 - [STDERR_REDIRECT] WARNING: Could not open/create prefs root node Software\JavaSoft\Prefs at root 0xffffffff80000002. Windows RegCreateKeyEx(...) returned error code 5.
2024-08-14 07:51:50,702 [ERROR] LogOutputStream:75 - [STDERR_REDIRECT] 
2024-08-14 07:51:51,084 [INFO] MainUpdater:2873 - connection check result : 10
2024-08-14 07:51:51,084 [INFO] MainUpdater:290 - Updater Check For Update Now.
2024-08-14 07:51:51,084 [INFO] MicroXplorer:498 - Change Database Version : DB.6.0.120
2024-08-14 07:51:51,102 [INFO] McuFinderGlobals:63 - Set McuFinder mode to 2 (CubeIDE integrated)
2024-08-14 07:51:51,102 [INFO] UserAuth:179 - activating auth plugin
2024-08-14 07:51:51,108 [INFO] UserAuth:417 - Internet connection configuration mode: 1
2024-08-14 07:51:51,133 [INFO] JxBrowserEngine:152 - Initiate JxBrowser Engine with user profile folder
2024-08-14 07:51:51,268 [INFO] CheckServerUpdateThread:120 - End of CheckServer Thread
2024-08-14 07:51:52,102 [WARN] PackLoader:240 - Cannot read IP mode file for STMicroelectronics.FP-SNS-MOTENVWB1.1.4.0
2024-08-14 07:51:52,120 [WARN] PackLoader:240 - Cannot read IP mode file for STMicroelectronics.X-CUBE-SMBUS.2.1.0
2024-08-14 07:51:52,129 [WARN] PackLoader:240 - Cannot read IP mode file for STMicroelectronics.X-CUBE-TOUCHGFX.4.23.0
2024-08-14 07:51:52,207 [WARN] PackLoader:240 - Cannot read IP mode file for STMicroelectronics.X-CUBE-TOUCHGFX.4.23.2
2024-08-14 07:51:52,256 [WARN] PackLoader:240 - Cannot read IP mode file for STMicroelectronics.X-CUBE-AZRTOS-F7.1.1.0
2024-08-14 07:51:52,267 [WARN] PackLoader:240 - Cannot read IP mode file for STMicroelectronics.X-CUBE-TOUCHGFX.4.19.1
2024-08-14 07:51:52,310 [WARN] PackLoader:240 - Cannot read IP mode file for STMicroelectronics.FP-SNS-FLIGHT1.5.0.2
2024-08-14 07:51:52,322 [WARN] PackLoader:240 - Cannot read IP mode file for STMicroelectronics.X-CUBE-DISPLAY.3.0.0
2024-08-14 07:51:52,336 [WARN] PackLoader:240 - Cannot read IP mode file for STMicroelectronics.X-CUBE-BLE1.7.0.0
2024-08-14 07:51:52,343 [WARN] PackLoader:240 - Cannot read IP mode file for emotas.I-CUBE-CANOPEN.1.3.0
2024-08-14 07:51:52,358 [WARN] PackLoader:240 - Cannot read IP mode file for STMicroelectronics.X-CUBE-BLEMGR.3.1.0
2024-08-14 07:51:52,370 [WARN] PackLoader:240 - Cannot read IP mode file for STMicroelectronics.FP-SNS-SMARTAG2.1.2.0
2024-08-14 07:51:52,382 [INFO] LogOutputStream:77 - [STDOUT_REDIRECT] 1 : Invalid condition id : UX_CORESTACK_Condition cause : null
2024-08-14 07:51:52,383 [INFO] LogOutputStream:77 - [STDOUT_REDIRECT] 1 : Invalid condition id : UX_CORESTACK_Condition cause : null
2024-08-14 07:51:52,385 [INFO] LogOutputStream:77 - [STDOUT_REDIRECT] 1 : Invalid condition id : UX_CORESTACK_Condition cause : null
2024-08-14 07:51:52,386 [INFO] LogOutputStream:77 - [STDOUT_REDIRECT] 1 : Invalid condition id : UX_CORESTACK_Condition cause : null
2024-08-14 07:51:52,387 [INFO] LogOutputStream:77 - [STDOUT_REDIRECT] 1 : Invalid condition id : UX_CORESTACK_Condition cause : null
2024-08-14 07:51:52,391 [WARN] PackLoader:240 - Cannot read IP mode file for STMicroelectronics.X-CUBE-AZRTOS-WL.2.0.0
2024-08-14 07:51:52,397 [WARN] PackLoader:240 - Cannot read IP mode file for STMicroelectronics.FP-SNS-MOTENV1.5.0.0
2024-08-14 07:51:52,402 [WARN] PackLoader:240 - Cannot read IP mode file for wolfSSL.I-CUBE-wolfMQTT.1.19.0
2024-08-14 07:51:52,409 [WARN] PackLoader:240 - Cannot read IP mode file for WES.I-CUBE-Cesium.1.3.0
2024-08-14 07:51:52,415 [WARN] PackLoader:240 - Cannot read IP mode file for STMicroelectronics.X-CUBE-BLE2.3.3.0
2024-08-14 07:51:52,421 [WARN] PackLoader:240 - Cannot read IP mode file for STMicroelectronics.X-CUBE-TCPP.4.1.0
2024-08-14 07:51:52,437 [WARN] PackLoader:240 - Cannot read IP mode file for STMicroelectronics.X-CUBE-AZRTOS-G0.1.1.0
2024-08-14 07:51:52,444 [WARN] PackLoader:240 - Cannot read IP mode file for STMicroelectronics.X-CUBE-SAFEA1.1.2.2
2024-08-14 07:51:52,451 [WARN] PackLoader:240 - Cannot read IP mode file for STMicroelectronics.X-CUBE-NFC4.3.0.0
2024-08-14 07:51:52,461 [WARN] PackLoader:240 - Cannot read IP mode file for EmbeddedOffice.I-CUBE-FS-RTOS.1.0.1
2024-08-14 07:51:52,461 [ERROR] ConditionMgr:805 - Attr not supported : Dmpu
2024-08-14 07:51:52,462 [ERROR] ConditionMgr:805 - Attr not supported : Dmpu
2024-08-14 07:51:52,462 [ERROR] ConditionMgr:805 - Attr not supported : Dmpu
2024-08-14 07:51:52,462 [ERROR] ConditionMgr:805 - Attr not supported : Dmpu
2024-08-14 07:51:52,462 [ERROR] ConditionMgr:805 - Attr not supported : Dmpu
2024-08-14 07:51:52,462 [ERROR] ConditionMgr:805 - Attr not supported : Dmpu
2024-08-14 07:51:52,462 [ERROR] ConditionMgr:805 - Attr not supported : Dmpu
2024-08-14 07:51:52,462 [ERROR] ConditionMgr:805 - Attr not supported : Dmpu
2024-08-14 07:51:52,462 [ERROR] ConditionMgr:805 - Attr not supported : Dmpu
2024-08-14 07:51:52,462 [ERROR] ConditionMgr:805 - Attr not supported : Dmpu
2024-08-14 07:51:52,462 [ERROR] ConditionMgr:805 - Attr not supported : Dmpu
2024-08-14 07:51:52,462 [ERROR] ConditionMgr:805 - Attr not supported : Dmpu
2024-08-14 07:51:52,462 [ERROR] ConditionMgr:805 - Attr not supported : Dmpu
2024-08-14 07:51:52,463 [ERROR] ConditionMgr:805 - Attr not supported : Dmpu
2024-08-14 07:51:52,463 [ERROR] ConditionMgr:805 - Attr not supported : Dmpu
2024-08-14 07:51:52,463 [ERROR] ConditionMgr:805 - Attr not supported : Dmpu
2024-08-14 07:51:52,463 [ERROR] ConditionMgr:805 - Attr not supported : Dmpu
2024-08-14 07:51:52,463 [ERROR] ConditionMgr:805 - Attr not supported : Dmpu
2024-08-14 07:51:52,463 [ERROR] ConditionMgr:805 - Attr not supported : Dmpu
2024-08-14 07:51:52,463 [ERROR] ConditionMgr:805 - Attr not supported : Dmpu
2024-08-14 07:51:52,463 [ERROR] ConditionMgr:805 - Attr not supported : Dmpu
2024-08-14 07:51:52,463 [ERROR] ConditionMgr:805 - Attr not supported : Dmpu
2024-08-14 07:51:52,463 [ERROR] ConditionMgr:805 - Attr not supported : Dmpu
2024-08-14 07:51:52,463 [ERROR] ConditionMgr:805 - Attr not supported : Dmpu
2024-08-14 07:51:52,463 [ERROR] ConditionMgr:805 - Attr not supported : Dmpu
2024-08-14 07:51:52,463 [ERROR] ConditionMgr:805 - Attr not supported : Dmpu
2024-08-14 07:51:52,463 [ERROR] ConditionMgr:805 - Attr not supported : Dmpu
2024-08-14 07:51:52,464 [ERROR] ConditionMgr:805 - Attr not supported : Dmpu
2024-08-14 07:51:52,464 [ERROR] ConditionMgr:805 - Attr not supported : Dmpu
2024-08-14 07:51:52,464 [ERROR] ConditionMgr:805 - Attr not supported : Dmpu
2024-08-14 07:51:52,464 [ERROR] ConditionMgr:805 - Attr not supported : Dmpu
2024-08-14 07:51:52,464 [ERROR] ConditionMgr:805 - Attr not supported : Dmpu
2024-08-14 07:51:52,464 [ERROR] ConditionMgr:805 - Attr not supported : Dmpu
2024-08-14 07:51:52,464 [ERROR] ConditionMgr:805 - Attr not supported : Dmpu
2024-08-14 07:51:52,464 [ERROR] ConditionMgr:805 - Attr not supported : Dmpu
2024-08-14 07:51:52,465 [ERROR] ConditionMgr:805 - Attr not supported : Dmpu
2024-08-14 07:51:52,465 [ERROR] ConditionMgr:805 - Attr not supported : Dmpu
2024-08-14 07:51:52,465 [ERROR] ConditionMgr:805 - Attr not supported : Dmpu
2024-08-14 07:51:52,465 [ERROR] ConditionMgr:805 - Attr not supported : Dmpu
2024-08-14 07:51:52,465 [ERROR] ConditionMgr:805 - Attr not supported : Dmpu
2024-08-14 07:51:52,465 [ERROR] ConditionMgr:805 - Attr not supported : Dmpu
2024-08-14 07:51:52,465 [ERROR] ConditionMgr:805 - Attr not supported : Dmpu
2024-08-14 07:51:52,465 [ERROR] ConditionMgr:805 - Attr not supported : Dmpu
2024-08-14 07:51:52,465 [ERROR] ConditionMgr:805 - Attr not supported : Dmpu
2024-08-14 07:51:52,465 [ERROR] ConditionMgr:805 - Attr not supported : Dmpu
2024-08-14 07:51:52,465 [ERROR] ConditionMgr:805 - Attr not supported : Dmpu
2024-08-14 07:51:52,465 [ERROR] ConditionMgr:805 - Attr not supported : Dmpu
2024-08-14 07:51:52,465 [ERROR] ConditionMgr:805 - Attr not supported : Dmpu
2024-08-14 07:51:52,465 [ERROR] ConditionMgr:805 - Attr not supported : Dmpu
2024-08-14 07:51:52,465 [ERROR] ConditionMgr:805 - Attr not supported : Dmpu
2024-08-14 07:51:52,465 [ERROR] ConditionMgr:805 - Attr not supported : Dmpu
2024-08-14 07:51:52,465 [ERROR] ConditionMgr:805 - Attr not supported : Dmpu
2024-08-14 07:51:52,465 [ERROR] ConditionMgr:805 - Attr not supported : Dmpu
2024-08-14 07:51:52,465 [ERROR] ConditionMgr:805 - Attr not supported : Dmpu
2024-08-14 07:51:52,465 [ERROR] ConditionMgr:805 - Attr not supported : Dmpu
2024-08-14 07:51:52,465 [ERROR] ConditionMgr:805 - Attr not supported : Dmpu
2024-08-14 07:51:52,465 [ERROR] ConditionMgr:805 - Attr not supported : Dmpu
2024-08-14 07:51:52,465 [ERROR] ConditionMgr:805 - Attr not supported : Dmpu
2024-08-14 07:51:52,466 [ERROR] ConditionMgr:805 - Attr not supported : Dmpu
2024-08-14 07:51:52,466 [ERROR] ConditionMgr:805 - Attr not supported : Dmpu
2024-08-14 07:51:52,466 [ERROR] ConditionMgr:805 - Attr not supported : Dmpu
2024-08-14 07:51:52,466 [ERROR] ConditionMgr:805 - Attr not supported : Dmpu
2024-08-14 07:51:52,466 [ERROR] ConditionMgr:805 - Attr not supported : Dmpu
2024-08-14 07:51:52,466 [ERROR] ConditionMgr:805 - Attr not supported : Dmpu
2024-08-14 07:51:52,472 [WARN] PackLoader:240 - Cannot read IP mode file for RealThread.X-CUBE-RT-Thread_Nano.4.1.1
2024-08-14 07:51:52,478 [WARN] PackLoader:240 - Cannot read IP mode file for STMicroelectronics.FP-ATR-SIGFOX1.3.2.0
2024-08-14 07:51:52,484 [WARN] PackLoader:240 - Cannot read IP mode file for wolfSSL.I-CUBE-wolfSSL.5.7.2
2024-08-14 07:51:52,491 [WARN] PackLoader:240 - Cannot read IP mode file for STMicroelectronics.X-CUBE-EEPRMA1.5.1.0
2024-08-14 07:51:52,501 [WARN] PackLoader:240 - Cannot read IP mode file for ITTIA_DB.I-CUBE-ITTIADB.8.9.0
2024-08-14 07:51:52,537 [WARN] PackLoader:240 - Cannot read IP mode file for SEGGER.I-CUBE-embOS.1.3.1
2024-08-14 07:51:52,582 [WARN] PackLoader:240 - Cannot read IP mode file for STMicroelectronics.X-CUBE-ALGOBUILD.1.4.0
2024-08-14 07:51:52,590 [WARN] PackLoader:240 - Cannot read IP mode file for STMicroelectronics.X-CUBE-GNSS1.6.0.0
2024-08-14 07:51:52,605 [WARN] PackLoader:240 - Cannot read IP mode file for STMicroelectronics.X-CUBE-AZRTOS-F4.1.1.0
2024-08-14 07:51:52,614 [WARN] PackLoader:240 - Cannot read IP mode file for STMicroelectronics.X-CUBE-FREERTOS.1.2.0
2024-08-14 07:51:52,658 [WARN] PackLoader:240 - Cannot read IP mode file for STMicroelectronics.X-CUBE-AZRTOS-L5.2.0.0
2024-08-14 07:51:52,666 [WARN] PackLoader:240 - Cannot read IP mode file for STMicroelectronics.X-CUBE-NFC6.3.1.0
2024-08-14 07:51:52,672 [WARN] PackLoader:240 - Cannot read IP mode file for STMicroelectronics.X-CUBE-DPower.1.2.0
2024-08-14 07:51:52,677 [WARN] PackLoader:240 - Cannot read IP mode file for STMicroelectronics.X-CUBE-AI.9.0.0
2024-08-14 07:51:52,682 [WARN] PackLoader:240 - Cannot read IP mode file for STMicroelectronics.X-CUBE-NFC7.1.0.1
2024-08-14 07:51:52,687 [WARN] PackLoader:240 - Cannot read IP mode file for wolfSSL.I-CUBE-wolfTPM.3.2.0
2024-08-14 07:51:52,698 [WARN] ConditionMgr:438 - getConditionDescription Invalid condition id : LAN8742 Phy interface Condition cause : null
2024-08-14 07:51:52,699 [WARN] PackLoader:240 - Cannot read IP mode file for STMicroelectronics.X-CUBE-AZRTOS-L4.2.0.0
2024-08-14 07:51:52,700 [WARN] ConditionMgr:1039 - genDependencies : Invalid condition id : LAN8742 Phy interface Condition cause : null
2024-08-14 07:51:52,700 [WARN] ConditionMgr:1039 - genDependencies : Invalid condition id : LAN8742 Phy interface Condition cause : null
2024-08-14 07:51:52,701 [WARN] ConditionMgr:1039 - genDependencies : Invalid condition id : LAN8742 Phy interface Condition cause : null
2024-08-14 07:51:52,707 [WARN] PackLoader:240 - Cannot read IP mode file for STMicroelectronics.X-CUBE-SFXS2LP1.4.0.0
2024-08-14 07:51:52,719 [WARN] ConditionMgr:438 - getConditionDescription Invalid condition id : UX DEVICE CLASS RTOS Condition cause : null
2024-08-14 07:51:52,720 [WARN] ConditionMgr:438 - getConditionDescription Invalid condition id : UX DEVICE CLASS RTOS Condition cause : null
2024-08-14 07:51:52,721 [WARN] PackLoader:240 - Cannot read IP mode file for STMicroelectronics.X-CUBE-AZRTOS-WB.2.0.0
2024-08-14 07:51:52,722 [WARN] ConditionMgr:1039 - genDependencies : Invalid condition id : UX DEVICE CLASS RTOS Condition cause : null
2024-08-14 07:51:52,722 [WARN] ConditionMgr:1039 - genDependencies : Invalid condition id : UX DEVICE CLASS RTOS Condition cause : null
2024-08-14 07:51:52,723 [WARN] ConditionMgr:1039 - genDependencies : Invalid condition id : UX DEVICE CLASS RTOS Condition cause : null
2024-08-14 07:51:52,723 [WARN] ConditionMgr:1039 - genDependencies : Invalid condition id : UX DEVICE CLASS RTOS Condition cause : null
2024-08-14 07:51:52,723 [WARN] ConditionMgr:1039 - genDependencies : Invalid condition id : UX DEVICE CLASS RTOS Condition cause : null
2024-08-14 07:51:52,729 [WARN] PackLoader:240 - Cannot read IP mode file for STMicroelectronics.FP-SNS-STBOX1.2.0.0
2024-08-14 07:51:52,740 [WARN] PackLoader:240 - Cannot read IP mode file for STMicroelectronics.X-CUBE-SUBG2.5.0.0
2024-08-14 07:51:52,755 [WARN] PackLoader:240 - Cannot read IP mode file for Cesanta.I-CUBE-Mongoose.7.13.0
2024-08-14 07:51:52,768 [WARN] PackLoader:240 - Cannot read IP mode file for STMicroelectronics.X-CUBE-AZRTOS-G4.2.0.0
2024-08-14 07:51:52,775 [WARN] PackLoader:240 - Cannot read IP mode file for STMicroelectronics.X-CUBE-ISPU.2.0.0
2024-08-14 07:51:52,779 [WARN] PackLoader:240 - Cannot read IP mode file for STMicroelectronics.X-CUBE-ALS.1.0.2
2024-08-14 07:51:52,809 [WARN] PackLoader:240 - Cannot read IP mode file for STMicroelectronics.X-CUBE-MEMS1.10.0.0
2024-08-14 07:51:52,883 [WARN] PackLoader:240 - Cannot read IP mode file for STMicroelectronics.X-CUBE-FREERTOS.1.1.0
2024-08-14 07:51:52,915 [WARN] PackLoader:240 - Cannot read IP mode file for STMicroelectronics.X-CUBE-TOUCHGFX.4.24.0
2024-08-14 07:51:52,945 [WARN] PackLoader:240 - Cannot read IP mode file for portGmbH.I-Cube-SoM-uGOAL.1.1.0
2024-08-14 07:51:52,961 [WARN] PackLoader:240 - Cannot read IP mode file for STMicroelectronics.X-CUBE-AZRTOS-H7RS.1.0.0
2024-08-14 07:51:52,967 [WARN] PackLoader:240 - Cannot read IP mode file for STMicroelectronics.FP-ATR-ASTRA1.2.0.0
2024-08-14 07:51:52,978 [WARN] PackLoader:240 - Cannot read IP mode file for STMicroelectronics.X-CUBE-TOF1.3.4.2
2024-08-14 07:51:52,999 [WARN] PackLoader:240 - Cannot read IP mode file for STMicroelectronics.X-CUBE-AZRTOS-H7.3.2.0
2024-08-14 07:51:53,011 [WARN] PackLoader:240 - Cannot read IP mode file for Infineon.AIROC-Wi-Fi-Bluetooth-STM32.1.6.0
2024-08-14 07:51:53,017 [WARN] PackLoader:240 - Cannot read IP mode file for wolfSSL.I-CUBE-wolfSSH.1.4.17
2024-08-14 07:51:53,018 [INFO] ThirdParty:978 - Integrity check success = true
2024-08-14 07:51:53,018 [INFO] IntegrityCheckThread:100 - exiting critical section [integrity check]
2024-08-14 07:51:53,018 [INFO] IntegrityCheckThread:103 - End integrity checks thread
2024-08-14 07:51:54,719 [INFO] WebApp:167 - Instantiating new browser for Auth
2024-08-14 07:51:55,759 [INFO] WebApp:448 - Apply proxy settings
2024-08-14 07:51:55,759 [INFO] WebApp:533 - Chromium requires no authentication
2024-08-14 07:51:55,774 [INFO] WebApp:476 - Direct internet connection detected
2024-08-14 07:51:55,814 [INFO] WebApp:869 - Register for checkConnection events
2024-08-14 07:51:55,814 [INFO] WebApp:448 - Apply proxy settings
2024-08-14 07:51:55,814 [INFO] WebApp:533 - Chromium requires no authentication
2024-08-14 07:51:55,814 [INFO] WebApp:476 - Direct internet connection detected
2024-08-14 07:51:55,996 [INFO] WebApp:186 - Connection restablished
2024-08-14 07:51:56,014 [INFO] WebApp:220 - Starting web application
2024-08-14 07:51:56,015 [INFO] WebApp:578 - Web application path used C:\ST\STM32CubeIDE_1.15.0\STM32CubeIDE\plugins\com.st.stm32cube.common.mx_6.12.0.202406281431\db\plugins\mcufinder\reactClient1\index.html
2024-08-14 07:52:10,835 [ERROR] LogOutputStream:75 - [STDERR_REDIRECT] 
