2024-08-08 16:26:55,863 [INFO] Activator:176 - 


2024-08-08 16:26:55,864 [INFO] Activator:177 - !SESSION log4j initialized
2024-08-08 16:26:57,364 [INFO] LogOutputStream:77 - [STDOUT_REDIRECT] 
2024-08-08 16:27:02,346 [INFO] ApplicationProperties:184 - Using Application install path: C:\ST\STM32CubeIDE_1.15.0\STM32CubeIDE\plugins\com.st.stm32cube.common.mx_6.12.0.202406281431
2024-08-08 16:27:02,370 [INFO] DbMcusXml:78 - Set database path to: C:\ST\STM32CubeIDE_1.15.0\STM32CubeIDE\plugins\com.st.stm32cube.common.mx_6.12.0.202406281431\\db\/mcu/
2024-08-08 16:27:02,370 [INFO] ApiDb:274 - Set plugin database path to: C:\ST\STM32CubeIDE_1.15.0\STM32CubeIDE\plugins\com.st.stm32cube.common.mx_6.12.0.202406281431\\db\/plugins/boardmanager/
2024-08-08 16:27:02,371 [WARN] ApiDb:259 - Overriding images path with different value:  => C:\ST\STM32CubeIDE_1.15.0\STM32CubeIDE\plugins\com.st.stm32cube.common.mx_6.12.0.202406281431\\db\/plugins/mcufinder/images/
2024-08-08 16:27:02,379 [INFO] ApiDb:250 - Set database path to: C:\Users\stefa\.stmcufinder\plugins\mcufinder//mcu/
2024-08-08 16:27:02,380 [INFO] DbMcusAds:125 - Set database path to: C:\Users\stefa\.stmcufinder\plugins\mcufinder//mcu/
2024-08-08 16:27:02,384 [INFO] CrossReferenceDbSqlite:203 - Set database path to: C:\Users\stefa\.stmcufinder\plugins\mcufinder//mcu/cs/
2024-08-08 16:27:02,511 [INFO] RulesReader:64 - Compatibility file has been processed (297 Rules)
2024-08-08 16:27:02,603 [INFO] DbMcusXml:78 - Set database path to: C:\ST\STM32CubeIDE_1.15.0\STM32CubeIDE\plugins\com.st.stm32cube.common.mx_6.12.0.202406281431\\db\/mcu/
2024-08-08 16:27:02,603 [INFO] ApiDb:274 - Set plugin database path to: C:\ST\STM32CubeIDE_1.15.0\STM32CubeIDE\plugins\com.st.stm32cube.common.mx_6.12.0.202406281431\\db\/plugins/boardmanager/
2024-08-08 16:27:02,604 [INFO] ApiDb:261 - Set plugin images path to: C:\ST\STM32CubeIDE_1.15.0\STM32CubeIDE\plugins\com.st.stm32cube.common.mx_6.12.0.202406281431\\db\/plugins/mcufinder/images/
2024-08-08 16:27:02,604 [WARN] DbFile:41 - Overriding database path with different value: C:\Users\stefa\.stmcufinder\plugins\mcufinder/ => C:\Users\stefa\.stmcufinder\plugins\mcufinder
2024-08-08 16:27:02,604 [INFO] ApiDb:250 - Set database path to: C:\Users\stefa\.stmcufinder\plugins\mcufinder//mcu/
2024-08-08 16:27:02,604 [WARN] DbFile:41 - Overriding database path with different value: C:\Users\stefa\.stmcufinder\plugins\mcufinder/ => C:\Users\stefa\.stmcufinder\plugins\mcufinder
2024-08-08 16:27:02,604 [INFO] DbMcusAds:125 - Set database path to: C:\Users\stefa\.stmcufinder\plugins\mcufinder//mcu/
2024-08-08 16:27:02,604 [WARN] DbFile:41 - Overriding database path with different value: C:\Users\stefa\.stmcufinder\plugins\mcufinder/ => C:\Users\stefa\.stmcufinder\plugins\mcufinder
2024-08-08 16:27:02,604 [WARN] DbFile:41 - Overriding database path with different value: C:\Users\stefa\.stmcufinder\plugins\mcufinder/ => C:\Users\stefa\.stmcufinder\plugins\mcufinder
2024-08-08 16:27:02,605 [INFO] CrossReferenceDbSqlite:203 - Set database path to: C:\Users\stefa\.stmcufinder\plugins\mcufinder//mcu/cs/
2024-08-08 16:27:02,705 [INFO] MainPanel:268 - HeapMemory: 268435456
2024-08-08 16:27:02,848 [INFO] DbMcusXml:78 - Set database path to: C:\ST\STM32CubeIDE_1.15.0\STM32CubeIDE\plugins\com.st.stm32cube.common.mx_6.12.0.202406281431\\db\/mcu/
2024-08-08 16:27:02,849 [INFO] ApiDb:274 - Set plugin database path to: C:\ST\STM32CubeIDE_1.15.0\STM32CubeIDE\plugins\com.st.stm32cube.common.mx_6.12.0.202406281431\\db\/plugins/boardmanager/
2024-08-08 16:27:02,849 [INFO] ApiDb:261 - Set plugin images path to: C:\ST\STM32CubeIDE_1.15.0\STM32CubeIDE\plugins\com.st.stm32cube.common.mx_6.12.0.202406281431\\db\/plugins/mcufinder/images/
2024-08-08 16:27:02,850 [WARN] DbFile:41 - Overriding database path with different value: C:\Users\stefa\.stmcufinder\plugins\mcufinder/ => C:\Users\stefa\.stmcufinder\plugins\mcufinder
2024-08-08 16:27:02,850 [INFO] ApiDb:250 - Set database path to: C:\Users\stefa\.stmcufinder\plugins\mcufinder//mcu/
2024-08-08 16:27:02,850 [WARN] DbFile:41 - Overriding database path with different value: C:\Users\stefa\.stmcufinder\plugins\mcufinder/ => C:\Users\stefa\.stmcufinder\plugins\mcufinder
2024-08-08 16:27:02,850 [INFO] DbMcusAds:125 - Set database path to: C:\Users\stefa\.stmcufinder\plugins\mcufinder//mcu/
2024-08-08 16:27:02,850 [WARN] DbFile:41 - Overriding database path with different value: C:\Users\stefa\.stmcufinder\plugins\mcufinder/ => C:\Users\stefa\.stmcufinder\plugins\mcufinder
2024-08-08 16:27:02,851 [WARN] DbFile:41 - Overriding database path with different value: C:\Users\stefa\.stmcufinder\plugins\mcufinder/ => C:\Users\stefa\.stmcufinder\plugins\mcufinder
2024-08-08 16:27:02,851 [INFO] CrossReferenceDbSqlite:203 - Set database path to: C:\Users\stefa\.stmcufinder\plugins\mcufinder//mcu/cs/
2024-08-08 16:27:02,873 [INFO] ApplicationProperties:184 - Using Application install path: C:\ST\STM32CubeIDE_1.15.0\STM32CubeIDE\plugins\com.st.stm32cube.common.mx_6.12.0.202406281431
2024-08-08 16:27:02,876 [INFO] PluginManage:196 - Search for loadable plugins [exclusion list=, ]
2024-08-08 16:27:02,878 [INFO] PluginManage:310 - Check plugin analytics
2024-08-08 16:27:03,100 [INFO] AnalyticsPlugin:253 - Accepted Software Licenses: STM32CubeMX.6.12.0
2024-08-08 16:27:03,100 [INFO] AnalyticsPlugin:255 - Accepted CMSIS Pack Licenses: STMicroelectronics.X-CUBE-TOUCHGFX.4.24.0,STMicroelectronics.X-CUBE-FREERTOS.1.2.0,STMicroelectronics.X-CUBE-TOUCHGFX.4.23.2
2024-08-08 16:27:03,100 [INFO] AnalyticsPlugin:257 - Accepted Firmware Licenses: FW.H5.1.3.0,FW.H7.1.11.0
2024-08-08 16:27:03,103 [INFO] PluginManage:359 - Loaded plugin analytics (category:tool,tabindex:-1)
2024-08-08 16:27:03,103 [INFO] PluginManage:310 - Check plugin cadmodel
2024-08-08 16:27:03,107 [INFO] CADModel:105 - Init CAD model plugin
2024-08-08 16:27:03,107 [INFO] PluginManage:359 - Loaded plugin cadmodel (category:power,tabindex:5)
2024-08-08 16:27:03,108 [INFO] PluginManage:310 - Check plugin clock
2024-08-08 16:27:03,120 [INFO] PluginManage:359 - Loaded plugin clock (category:base,tabindex:2)
2024-08-08 16:27:03,120 [INFO] PluginManage:310 - Check plugin ddr
2024-08-08 16:27:03,122 [INFO] PluginManage:359 - Loaded plugin ddr (category:tool,tabindex:6)
2024-08-08 16:27:03,122 [INFO] PluginManage:310 - Check plugin filemanager
2024-08-08 16:27:03,301 [INFO] PluginManage:359 - Loaded plugin filemanager (category:base,tabindex:10)
2024-08-08 16:27:03,302 [INFO] PluginManage:310 - Check plugin ipmanager
2024-08-08 16:27:03,310 [INFO] PluginManage:359 - Loaded plugin ipmanager (category:base,tabindex:5)
2024-08-08 16:27:03,310 [INFO] PluginManage:310 - Check plugin lpbam
2024-08-08 16:27:03,323 [INFO] PluginManage:359 - Loaded plugin lpbam (category:base,tabindex:0)
2024-08-08 16:27:03,323 [INFO] PluginManage:310 - Check plugin memorymap
2024-08-08 16:27:03,339 [INFO] PluginManage:359 - Loaded plugin memorymap (category:base,tabindex:4)
2024-08-08 16:27:03,339 [INFO] PluginManage:310 - Check plugin pinoutandconfiguration
2024-08-08 16:27:03,349 [INFO] PluginManage:359 - Loaded plugin pinoutandconfiguration (category:base,tabindex:1)
2024-08-08 16:27:03,349 [INFO] PluginManage:310 - Check plugin pinoutconfig
2024-08-08 16:27:03,462 [WARN] SupportedApi:132 - Cannot load RTOS API schema: s4s-elt-must-match.1: The content of 'definitions' must match (annotation?, (simpleType | complexType)?, (unique | key | keyref)*)). A problem was found starting at: attribute.
2024-08-08 16:27:03,653 [INFO] PluginManage:359 - Loaded plugin pinoutconfig (category:base,tabindex:0)
2024-08-08 16:27:03,653 [INFO] PluginManage:310 - Check plugin power
2024-08-08 16:27:03,662 [INFO] PluginManage:359 - Loaded plugin power (category:power,tabindex:4)
2024-08-08 16:27:03,662 [INFO] PluginManage:310 - Check plugin projectmanager
2024-08-08 16:27:03,683 [INFO] PluginManage:359 - Loaded plugin projectmanager (category:projectmanager,tabindex:4)
2024-08-08 16:27:03,684 [INFO] PluginManage:310 - Check plugin rif
2024-08-08 16:27:03,688 [INFO] PluginManage:359 - Loaded plugin rif (category:base,tabindex:3)
2024-08-08 16:27:03,689 [INFO] PluginManage:310 - Check plugin thirdparty
2024-08-08 16:27:03,859 [INFO] PluginManage:359 - Loaded plugin thirdparty (category:base,tabindex:-1)
2024-08-08 16:27:03,859 [WARN] IntegrityCheckThread:84 - waiting for thirdparty lock release [integrity check]
2024-08-08 16:27:03,860 [INFO] PluginManage:310 - Check plugin tools
2024-08-08 16:27:03,860 [INFO] IntegrityCheckThread:86 - entering critical section [integrity check]
2024-08-08 16:27:03,860 [INFO] ThirdPartyUpdaterWithRetryManager:70 - Updater plugin not ready yet. [1/15]
2024-08-08 16:27:03,862 [INFO] PluginManage:359 - Loaded plugin tools (category:base,tabindex:7)
2024-08-08 16:27:03,862 [INFO] PluginManage:310 - Check plugin tutovideos
2024-08-08 16:27:04,044 [INFO] PluginManage:359 - Loaded plugin tutovideos (category:base,tabindex:-1)
2024-08-08 16:27:04,044 [INFO] PluginManage:310 - Check plugin updater
2024-08-08 16:27:04,062 [INFO] PluginManage:359 - Loaded plugin updater (category:base,tabindex:12)
2024-08-08 16:27:04,062 [INFO] PluginManage:310 - Check plugin userauth
2024-08-08 16:27:04,068 [INFO] UserAuth:113 - Init User Auth plugin
2024-08-08 16:27:04,069 [INFO] PluginManage:359 - Loaded plugin userauth (category:base,tabindex:14)
2024-08-08 16:27:04,069 [INFO] PluginManage:283 - PluginManage : Loaded plugins [18]
2024-08-08 16:27:04,343 [INFO] PinOutPanel:1561 - setPackage(No Configuration,No Configuration)
2024-08-08 16:27:04,482 [INFO] CADModel:165 - CPN selected for project level
2024-08-08 16:27:04,483 [INFO] CADModel:114 - Register for checkConnection events
2024-08-08 16:27:04,505 [INFO] IPUIPlugin:80 - create IPUIPlugin
2024-08-08 16:27:04,506 [INFO] PluginManager:220 - loadIPPluginJar : add adc
2024-08-08 16:27:04,509 [INFO] IPUIPlugin:80 - create IPUIPlugin
2024-08-08 16:27:04,510 [INFO] PluginManager:220 - loadIPPluginJar : add aes
2024-08-08 16:27:04,514 [INFO] IPUIPlugin:80 - create IPUIPlugin
2024-08-08 16:27:04,515 [INFO] PluginManager:220 - loadIPPluginJar : add can
2024-08-08 16:27:04,519 [INFO] IPUIPlugin:80 - create IPUIPlugin
2024-08-08 16:27:04,519 [INFO] PluginManager:220 - loadIPPluginJar : add comp
2024-08-08 16:27:04,523 [INFO] IPUIPlugin:80 - create IPUIPlugin
2024-08-08 16:27:04,523 [INFO] PluginManager:220 - loadIPPluginJar : add cryp
2024-08-08 16:27:04,527 [INFO] IPUIPlugin:80 - create IPUIPlugin
2024-08-08 16:27:04,527 [INFO] PluginManager:220 - loadIPPluginJar : add ddr_ctrl_phy
2024-08-08 16:27:04,531 [INFO] IPUIPlugin:80 - create IPUIPlugin
2024-08-08 16:27:04,531 [INFO] PluginManager:220 - loadIPPluginJar : add dfsdm
2024-08-08 16:27:04,539 [INFO] IPUIPlugin:80 - create IPUIPlugin
2024-08-08 16:27:04,540 [INFO] PluginManager:220 - loadIPPluginJar : add dma
2024-08-08 16:27:04,543 [INFO] IPUIPlugin:80 - create IPUIPlugin
2024-08-08 16:27:04,543 [INFO] PluginManager:220 - loadIPPluginJar : add dma3
2024-08-08 16:27:04,547 [INFO] IPUIPlugin:80 - create IPUIPlugin
2024-08-08 16:27:04,547 [INFO] PluginManager:220 - loadIPPluginJar : add extmemmanager
2024-08-08 16:27:04,550 [INFO] IPUIPlugin:80 - create IPUIPlugin
2024-08-08 16:27:04,550 [INFO] PluginManager:220 - loadIPPluginJar : add fatfs
2024-08-08 16:27:04,555 [INFO] IPUIPlugin:80 - create IPUIPlugin
2024-08-08 16:27:04,555 [INFO] PluginManager:220 - loadIPPluginJar : add fmc
2024-08-08 16:27:04,564 [INFO] IPUIPlugin:80 - create IPUIPlugin
2024-08-08 16:27:04,565 [INFO] PluginManager:220 - loadIPPluginJar : add freertos
2024-08-08 16:27:04,567 [INFO] IPUIPlugin:80 - create IPUIPlugin
2024-08-08 16:27:04,568 [INFO] PluginManager:220 - loadIPPluginJar : add genericplugin
2024-08-08 16:27:04,570 [INFO] IPUIPlugin:80 - create IPUIPlugin
2024-08-08 16:27:04,570 [INFO] PluginManager:220 - loadIPPluginJar : add gfxmmu
2024-08-08 16:27:04,579 [INFO] IPUIPlugin:80 - create IPUIPlugin
2024-08-08 16:27:04,579 [INFO] PluginManager:220 - loadIPPluginJar : add gic
2024-08-08 16:27:04,585 [INFO] IPUIPlugin:80 - create IPUIPlugin
2024-08-08 16:27:04,585 [INFO] PluginManager:220 - loadIPPluginJar : add gpio
2024-08-08 16:27:04,589 [INFO] IPUIPlugin:80 - create IPUIPlugin
2024-08-08 16:27:04,589 [INFO] PluginManager:220 - loadIPPluginJar : add gtzc
2024-08-08 16:27:04,592 [INFO] IPUIPlugin:80 - create IPUIPlugin
2024-08-08 16:27:04,592 [INFO] PluginManager:220 - loadIPPluginJar : add hash
2024-08-08 16:27:04,596 [INFO] IPUIPlugin:80 - create IPUIPlugin
2024-08-08 16:27:04,596 [INFO] PluginManager:220 - loadIPPluginJar : add i2c
2024-08-08 16:27:04,601 [INFO] IPUIPlugin:80 - create IPUIPlugin
2024-08-08 16:27:04,601 [INFO] PluginManager:220 - loadIPPluginJar : add i2s
2024-08-08 16:27:04,604 [INFO] IPUIPlugin:80 - create IPUIPlugin
2024-08-08 16:27:04,604 [INFO] PluginManager:220 - loadIPPluginJar : add i3c
2024-08-08 16:27:04,608 [INFO] IPUIPlugin:80 - create IPUIPlugin
2024-08-08 16:27:04,609 [INFO] PluginManager:220 - loadIPPluginJar : add ipddr
2024-08-08 16:27:04,617 [INFO] IPUIPlugin:80 - create IPUIPlugin
2024-08-08 16:27:04,618 [INFO] PluginManager:220 - loadIPPluginJar : add linkedlist
2024-08-08 16:27:04,621 [INFO] IPUIPlugin:80 - create IPUIPlugin
2024-08-08 16:27:04,622 [INFO] PluginManager:220 - loadIPPluginJar : add lorawan
2024-08-08 16:27:04,624 [INFO] IPUIPlugin:80 - create IPUIPlugin
2024-08-08 16:27:04,624 [INFO] PluginManager:220 - loadIPPluginJar : add ltdc
2024-08-08 16:27:04,629 [INFO] IPUIPlugin:80 - create IPUIPlugin
2024-08-08 16:27:04,630 [INFO] PluginManager:220 - loadIPPluginJar : add mdma
2024-08-08 16:27:04,635 [INFO] IPUIPlugin:80 - create IPUIPlugin
2024-08-08 16:27:04,635 [INFO] PluginManager:220 - loadIPPluginJar : add nvic
2024-08-08 16:27:04,639 [INFO] IPUIPlugin:80 - create IPUIPlugin
2024-08-08 16:27:04,639 [INFO] PluginManager:220 - loadIPPluginJar : add opamp
2024-08-08 16:27:04,643 [INFO] IPUIPlugin:80 - create IPUIPlugin
2024-08-08 16:27:04,643 [INFO] PluginManager:220 - loadIPPluginJar : add openamp
2024-08-08 16:27:04,647 [INFO] IPUIPlugin:80 - create IPUIPlugin
2024-08-08 16:27:04,647 [INFO] PluginManager:220 - loadIPPluginJar : add pdm2pcm
2024-08-08 16:27:04,655 [INFO] IPUIPlugin:80 - create IPUIPlugin
2024-08-08 16:27:04,658 [INFO] PluginManager:220 - loadIPPluginJar : add plateformsettings
2024-08-08 16:27:04,660 [INFO] IPUIPlugin:80 - create IPUIPlugin
2024-08-08 16:27:04,660 [INFO] PluginManager:220 - loadIPPluginJar : add quadspi
2024-08-08 16:27:04,662 [INFO] IPUIPlugin:80 - create IPUIPlugin
2024-08-08 16:27:04,663 [INFO] PluginManager:220 - loadIPPluginJar : add radio
2024-08-08 16:27:04,667 [INFO] IPUIPlugin:80 - create IPUIPlugin
2024-08-08 16:27:04,668 [INFO] PluginManager:220 - loadIPPluginJar : add resmgrutility
2024-08-08 16:27:04,671 [INFO] IPUIPlugin:80 - create IPUIPlugin
2024-08-08 16:27:04,671 [INFO] PluginManager:220 - loadIPPluginJar : add sai
2024-08-08 16:27:04,674 [INFO] IPUIPlugin:80 - create IPUIPlugin
2024-08-08 16:27:04,674 [INFO] PluginManager:220 - loadIPPluginJar : add spi
2024-08-08 16:27:04,681 [INFO] IPUIPlugin:80 - create IPUIPlugin
2024-08-08 16:27:04,681 [INFO] PluginManager:220 - loadIPPluginJar : add stm32_wpan
2024-08-08 16:27:04,684 [INFO] IPUIPlugin:80 - create IPUIPlugin
2024-08-08 16:27:04,684 [INFO] PluginManager:220 - loadIPPluginJar : add tim
2024-08-08 16:27:04,689 [INFO] IPUIPlugin:80 - create IPUIPlugin
2024-08-08 16:27:04,689 [INFO] PluginManager:220 - loadIPPluginJar : add touchsensing
2024-08-08 16:27:04,692 [INFO] IPUIPlugin:80 - create IPUIPlugin
2024-08-08 16:27:04,692 [INFO] PluginManager:220 - loadIPPluginJar : add tracer_emb
2024-08-08 16:27:04,694 [INFO] IPUIPlugin:80 - create IPUIPlugin
2024-08-08 16:27:04,695 [INFO] PluginManager:220 - loadIPPluginJar : add ts
2024-08-08 16:27:04,697 [INFO] IPUIPlugin:80 - create IPUIPlugin
2024-08-08 16:27:04,698 [INFO] PluginManager:220 - loadIPPluginJar : add tsc
2024-08-08 16:27:04,700 [INFO] IPUIPlugin:80 - create IPUIPlugin
2024-08-08 16:27:04,701 [INFO] PluginManager:220 - loadIPPluginJar : add ucpd
2024-08-08 16:27:04,704 [INFO] IPUIPlugin:80 - create IPUIPlugin
2024-08-08 16:27:04,705 [INFO] PluginManager:220 - loadIPPluginJar : add usart
2024-08-08 16:27:04,709 [INFO] IPUIPlugin:80 - create IPUIPlugin
2024-08-08 16:27:04,709 [INFO] PluginManager:220 - loadIPPluginJar : add usbx
2024-08-08 16:27:04,851 [INFO] CADModel:165 - CPN selected for project level
2024-08-08 16:27:04,851 [INFO] CADModel:114 - Register for checkConnection events
2024-08-08 16:27:04,851 [FATAL] Updater:334 - Updater called before beeing initialized
2024-08-08 16:27:04,851 [ERROR] CADModel:125 - Updater not yet initialized, retry later 
2024-08-08 16:27:05,016 [INFO] CADModel:165 - CPN selected for project level
2024-08-08 16:27:05,016 [INFO] CADModel:114 - Register for checkConnection events
2024-08-08 16:27:05,016 [FATAL] Updater:334 - Updater called before beeing initialized
2024-08-08 16:27:05,016 [ERROR] CADModel:125 - Updater not yet initialized, retry later 
2024-08-08 16:27:05,021 [FATAL] Updater:334 - Updater called before beeing initialized
2024-08-08 16:27:05,154 [FATAL] Updater:334 - Updater called before beeing initialized
2024-08-08 16:27:05,161 [INFO] DbMcusAds:53 - JSON generation date=Thu May 16 11:22:00 CEST 2024 (1715851320667)
2024-08-08 16:27:05,161 [FATAL] Updater:334 - Updater called before beeing initialized
2024-08-08 16:27:05,202 [WARN] DetailPanel:346 - Failed to get advertising image, set to default
2024-08-08 16:27:05,278 [FATAL] Updater:334 - Updater called before beeing initialized
2024-08-08 16:27:05,282 [FATAL] Updater:334 - Updater called before beeing initialized
2024-08-08 16:27:05,282 [FATAL] Updater:334 - Updater called before beeing initialized
2024-08-08 16:27:05,282 [WARN] DetailPanel:346 - Failed to get advertising image, set to default
2024-08-08 16:27:05,283 [FATAL] Updater:334 - Updater called before beeing initialized
2024-08-08 16:27:05,342 [ERROR] Updater:1164 - MainUpdater not yet initialized. External WinMGr cannot be set.
2024-08-08 16:27:05,346 [INFO] Updater:1100 - Updater Version found : 6.12.0
2024-08-08 16:27:05,372 [INFO] ApplicationProperties:184 - Using Application install path: C:\ST\STM32CubeIDE_1.15.0\STM32CubeIDE\plugins\com.st.stm32cube.common.mx_6.12.0.202406281431
2024-08-08 16:27:06,861 [INFO] ThirdPartyUpdaterWithRetryManager:70 - Updater plugin not ready yet. [2/15]
2024-08-08 16:27:06,954 [ERROR] LogOutputStream:75 - [STDERR_REDIRECT] Aug 08, 2024 4:27:06 PM java.util.prefs.WindowsPreferences <init>
2024-08-08 16:27:06,955 [ERROR] LogOutputStream:75 - [STDERR_REDIRECT] WARNING: Could not open/create prefs root node Software\JavaSoft\Prefs at root 0xffffffff80000002. Windows RegCreateKeyEx(...) returned error code 5.
2024-08-08 16:27:06,956 [ERROR] LogOutputStream:75 - [STDERR_REDIRECT] 
2024-08-08 16:27:07,304 [INFO] MainUpdater:2873 - connection check result : 10
2024-08-08 16:27:07,306 [INFO] MainUpdater:290 - Updater Check For Update Now.
2024-08-08 16:27:07,306 [INFO] MicroXplorer:498 - Change Database Version : DB.6.0.120
2024-08-08 16:27:07,315 [INFO] McuFinderGlobals:63 - Set McuFinder mode to 2 (CubeIDE integrated)
2024-08-08 16:27:07,316 [INFO] UserAuth:417 - Internet connection configuration mode: 1
2024-08-08 16:27:07,333 [INFO] JxBrowserEngine:152 - Initiate JxBrowser Engine with user profile folder
2024-08-08 16:27:07,477 [INFO] CheckServerUpdateThread:120 - End of CheckServer Thread
2024-08-08 16:27:08,181 [INFO] WebApp:167 - Instantiating new browser for Auth
2024-08-08 16:27:09,072 [INFO] WebApp:448 - Apply proxy settings
2024-08-08 16:27:09,072 [INFO] WebApp:533 - Chromium requires no authentication
2024-08-08 16:27:09,095 [INFO] WebApp:476 - Direct internet connection detected
2024-08-08 16:27:09,145 [INFO] WebApp:869 - Register for checkConnection events
2024-08-08 16:27:09,145 [INFO] WebApp:448 - Apply proxy settings
2024-08-08 16:27:09,145 [INFO] WebApp:533 - Chromium requires no authentication
2024-08-08 16:27:09,146 [INFO] WebApp:476 - Direct internet connection detected
2024-08-08 16:27:09,435 [INFO] WebApp:186 - Connection restablished
2024-08-08 16:27:09,527 [INFO] WebApp:220 - Starting web application
2024-08-08 16:27:09,528 [INFO] WebApp:578 - Web application path used C:\ST\STM32CubeIDE_1.15.0\STM32CubeIDE\plugins\com.st.stm32cube.common.mx_6.12.0.202406281431\db\plugins\mcufinder\reactClient1\index.html
2024-08-08 16:27:09,687 [INFO] UserAuth:417 - Internet connection configuration mode: 1
2024-08-08 16:27:10,026 [WARN] PackLoader:240 - Cannot read IP mode file for STMicroelectronics.FP-SNS-MOTENVWB1.1.4.0
2024-08-08 16:27:10,039 [WARN] PackLoader:240 - Cannot read IP mode file for STMicroelectronics.X-CUBE-SMBUS.2.1.0
2024-08-08 16:27:10,046 [WARN] PackLoader:240 - Cannot read IP mode file for STMicroelectronics.X-CUBE-TOUCHGFX.4.23.0
2024-08-08 16:27:10,147 [WARN] PackLoader:240 - Cannot read IP mode file for STMicroelectronics.X-CUBE-TOUCHGFX.4.23.2
2024-08-08 16:27:10,209 [WARN] PackLoader:240 - Cannot read IP mode file for STMicroelectronics.X-CUBE-AZRTOS-F7.1.1.0
2024-08-08 16:27:10,218 [WARN] PackLoader:240 - Cannot read IP mode file for STMicroelectronics.X-CUBE-TOUCHGFX.4.19.1
2024-08-08 16:27:10,247 [WARN] PackLoader:240 - Cannot read IP mode file for STMicroelectronics.FP-SNS-FLIGHT1.5.0.2
2024-08-08 16:27:10,257 [WARN] PackLoader:240 - Cannot read IP mode file for STMicroelectronics.X-CUBE-DISPLAY.3.0.0
2024-08-08 16:27:10,269 [WARN] PackLoader:240 - Cannot read IP mode file for STMicroelectronics.X-CUBE-BLE1.7.0.0
2024-08-08 16:27:10,275 [WARN] PackLoader:240 - Cannot read IP mode file for emotas.I-CUBE-CANOPEN.1.3.0
2024-08-08 16:27:10,289 [WARN] PackLoader:240 - Cannot read IP mode file for STMicroelectronics.X-CUBE-BLEMGR.3.1.0
2024-08-08 16:27:10,297 [WARN] PackLoader:240 - Cannot read IP mode file for STMicroelectronics.FP-SNS-SMARTAG2.1.2.0
2024-08-08 16:27:10,307 [INFO] LogOutputStream:77 - [STDOUT_REDIRECT] 1 : Invalid condition id : UX_CORESTACK_Condition cause : null
2024-08-08 16:27:10,308 [INFO] LogOutputStream:77 - [STDOUT_REDIRECT] 1 : Invalid condition id : UX_CORESTACK_Condition cause : null
2024-08-08 16:27:10,308 [INFO] LogOutputStream:77 - [STDOUT_REDIRECT] 1 : Invalid condition id : UX_CORESTACK_Condition cause : null
2024-08-08 16:27:10,309 [INFO] LogOutputStream:77 - [STDOUT_REDIRECT] 1 : Invalid condition id : UX_CORESTACK_Condition cause : null
2024-08-08 16:27:10,310 [INFO] LogOutputStream:77 - [STDOUT_REDIRECT] 1 : Invalid condition id : UX_CORESTACK_Condition cause : null
2024-08-08 16:27:10,313 [WARN] PackLoader:240 - Cannot read IP mode file for STMicroelectronics.X-CUBE-AZRTOS-WL.2.0.0
2024-08-08 16:27:10,319 [WARN] PackLoader:240 - Cannot read IP mode file for STMicroelectronics.FP-SNS-MOTENV1.5.0.0
2024-08-08 16:27:10,323 [WARN] PackLoader:240 - Cannot read IP mode file for wolfSSL.I-CUBE-wolfMQTT.1.19.0
2024-08-08 16:27:10,329 [WARN] PackLoader:240 - Cannot read IP mode file for WES.I-CUBE-Cesium.1.3.0
2024-08-08 16:27:10,336 [WARN] PackLoader:240 - Cannot read IP mode file for STMicroelectronics.X-CUBE-BLE2.3.3.0
2024-08-08 16:27:10,343 [WARN] PackLoader:240 - Cannot read IP mode file for STMicroelectronics.X-CUBE-TCPP.4.1.0
2024-08-08 16:27:10,366 [WARN] PackLoader:240 - Cannot read IP mode file for STMicroelectronics.X-CUBE-AZRTOS-G0.1.1.0
2024-08-08 16:27:10,376 [WARN] PackLoader:240 - Cannot read IP mode file for STMicroelectronics.X-CUBE-SAFEA1.1.2.2
2024-08-08 16:27:10,384 [WARN] PackLoader:240 - Cannot read IP mode file for STMicroelectronics.X-CUBE-NFC4.3.0.0
2024-08-08 16:27:10,404 [WARN] PackLoader:240 - Cannot read IP mode file for EmbeddedOffice.I-CUBE-FS-RTOS.1.0.1
2024-08-08 16:27:10,405 [ERROR] ConditionMgr:805 - Attr not supported : Dmpu
2024-08-08 16:27:10,405 [ERROR] ConditionMgr:805 - Attr not supported : Dmpu
2024-08-08 16:27:10,405 [ERROR] ConditionMgr:805 - Attr not supported : Dmpu
2024-08-08 16:27:10,405 [ERROR] ConditionMgr:805 - Attr not supported : Dmpu
2024-08-08 16:27:10,406 [ERROR] ConditionMgr:805 - Attr not supported : Dmpu
2024-08-08 16:27:10,406 [ERROR] ConditionMgr:805 - Attr not supported : Dmpu
2024-08-08 16:27:10,406 [ERROR] ConditionMgr:805 - Attr not supported : Dmpu
2024-08-08 16:27:10,406 [ERROR] ConditionMgr:805 - Attr not supported : Dmpu
2024-08-08 16:27:10,406 [ERROR] ConditionMgr:805 - Attr not supported : Dmpu
2024-08-08 16:27:10,406 [ERROR] ConditionMgr:805 - Attr not supported : Dmpu
2024-08-08 16:27:10,406 [ERROR] ConditionMgr:805 - Attr not supported : Dmpu
2024-08-08 16:27:10,406 [ERROR] ConditionMgr:805 - Attr not supported : Dmpu
2024-08-08 16:27:10,406 [ERROR] ConditionMgr:805 - Attr not supported : Dmpu
2024-08-08 16:27:10,406 [ERROR] ConditionMgr:805 - Attr not supported : Dmpu
2024-08-08 16:27:10,406 [ERROR] ConditionMgr:805 - Attr not supported : Dmpu
2024-08-08 16:27:10,407 [ERROR] ConditionMgr:805 - Attr not supported : Dmpu
2024-08-08 16:27:10,407 [ERROR] ConditionMgr:805 - Attr not supported : Dmpu
2024-08-08 16:27:10,407 [ERROR] ConditionMgr:805 - Attr not supported : Dmpu
2024-08-08 16:27:10,407 [ERROR] ConditionMgr:805 - Attr not supported : Dmpu
2024-08-08 16:27:10,407 [ERROR] ConditionMgr:805 - Attr not supported : Dmpu
2024-08-08 16:27:10,407 [ERROR] ConditionMgr:805 - Attr not supported : Dmpu
2024-08-08 16:27:10,407 [ERROR] ConditionMgr:805 - Attr not supported : Dmpu
2024-08-08 16:27:10,407 [ERROR] ConditionMgr:805 - Attr not supported : Dmpu
2024-08-08 16:27:10,407 [ERROR] ConditionMgr:805 - Attr not supported : Dmpu
2024-08-08 16:27:10,407 [ERROR] ConditionMgr:805 - Attr not supported : Dmpu
2024-08-08 16:27:10,407 [ERROR] ConditionMgr:805 - Attr not supported : Dmpu
2024-08-08 16:27:10,407 [ERROR] ConditionMgr:805 - Attr not supported : Dmpu
2024-08-08 16:27:10,407 [ERROR] ConditionMgr:805 - Attr not supported : Dmpu
2024-08-08 16:27:10,408 [ERROR] ConditionMgr:805 - Attr not supported : Dmpu
2024-08-08 16:27:10,408 [ERROR] ConditionMgr:805 - Attr not supported : Dmpu
2024-08-08 16:27:10,408 [ERROR] ConditionMgr:805 - Attr not supported : Dmpu
2024-08-08 16:27:10,408 [ERROR] ConditionMgr:805 - Attr not supported : Dmpu
2024-08-08 16:27:10,408 [ERROR] ConditionMgr:805 - Attr not supported : Dmpu
2024-08-08 16:27:10,408 [ERROR] ConditionMgr:805 - Attr not supported : Dmpu
2024-08-08 16:27:10,408 [ERROR] ConditionMgr:805 - Attr not supported : Dmpu
2024-08-08 16:27:10,408 [ERROR] ConditionMgr:805 - Attr not supported : Dmpu
2024-08-08 16:27:10,408 [ERROR] ConditionMgr:805 - Attr not supported : Dmpu
2024-08-08 16:27:10,408 [ERROR] ConditionMgr:805 - Attr not supported : Dmpu
2024-08-08 16:27:10,409 [ERROR] ConditionMgr:805 - Attr not supported : Dmpu
2024-08-08 16:27:10,409 [ERROR] ConditionMgr:805 - Attr not supported : Dmpu
2024-08-08 16:27:10,409 [ERROR] ConditionMgr:805 - Attr not supported : Dmpu
2024-08-08 16:27:10,409 [ERROR] ConditionMgr:805 - Attr not supported : Dmpu
2024-08-08 16:27:10,409 [ERROR] ConditionMgr:805 - Attr not supported : Dmpu
2024-08-08 16:27:10,409 [ERROR] ConditionMgr:805 - Attr not supported : Dmpu
2024-08-08 16:27:10,409 [ERROR] ConditionMgr:805 - Attr not supported : Dmpu
2024-08-08 16:27:10,409 [ERROR] ConditionMgr:805 - Attr not supported : Dmpu
2024-08-08 16:27:10,409 [ERROR] ConditionMgr:805 - Attr not supported : Dmpu
2024-08-08 16:27:10,409 [ERROR] ConditionMgr:805 - Attr not supported : Dmpu
2024-08-08 16:27:10,409 [ERROR] ConditionMgr:805 - Attr not supported : Dmpu
2024-08-08 16:27:10,409 [ERROR] ConditionMgr:805 - Attr not supported : Dmpu
2024-08-08 16:27:10,409 [ERROR] ConditionMgr:805 - Attr not supported : Dmpu
2024-08-08 16:27:10,409 [ERROR] ConditionMgr:805 - Attr not supported : Dmpu
2024-08-08 16:27:10,409 [ERROR] ConditionMgr:805 - Attr not supported : Dmpu
2024-08-08 16:27:10,409 [ERROR] ConditionMgr:805 - Attr not supported : Dmpu
2024-08-08 16:27:10,409 [ERROR] ConditionMgr:805 - Attr not supported : Dmpu
2024-08-08 16:27:10,409 [ERROR] ConditionMgr:805 - Attr not supported : Dmpu
2024-08-08 16:27:10,409 [ERROR] ConditionMgr:805 - Attr not supported : Dmpu
2024-08-08 16:27:10,410 [ERROR] ConditionMgr:805 - Attr not supported : Dmpu
2024-08-08 16:27:10,410 [ERROR] ConditionMgr:805 - Attr not supported : Dmpu
2024-08-08 16:27:10,410 [ERROR] ConditionMgr:805 - Attr not supported : Dmpu
2024-08-08 16:27:10,410 [ERROR] ConditionMgr:805 - Attr not supported : Dmpu
2024-08-08 16:27:10,410 [ERROR] ConditionMgr:805 - Attr not supported : Dmpu
2024-08-08 16:27:10,410 [ERROR] ConditionMgr:805 - Attr not supported : Dmpu
2024-08-08 16:27:10,410 [ERROR] ConditionMgr:805 - Attr not supported : Dmpu
2024-08-08 16:27:10,416 [WARN] PackLoader:240 - Cannot read IP mode file for RealThread.X-CUBE-RT-Thread_Nano.4.1.1
2024-08-08 16:27:10,421 [WARN] PackLoader:240 - Cannot read IP mode file for STMicroelectronics.FP-ATR-SIGFOX1.3.2.0
2024-08-08 16:27:10,425 [WARN] PackLoader:240 - Cannot read IP mode file for wolfSSL.I-CUBE-wolfSSL.5.7.2
2024-08-08 16:27:10,432 [WARN] PackLoader:240 - Cannot read IP mode file for STMicroelectronics.X-CUBE-EEPRMA1.5.1.0
2024-08-08 16:27:10,439 [WARN] PackLoader:240 - Cannot read IP mode file for ITTIA_DB.I-CUBE-ITTIADB.8.9.0
2024-08-08 16:27:10,467 [WARN] PackLoader:240 - Cannot read IP mode file for SEGGER.I-CUBE-embOS.1.3.1
2024-08-08 16:27:10,527 [WARN] PackLoader:240 - Cannot read IP mode file for STMicroelectronics.X-CUBE-ALGOBUILD.1.4.0
2024-08-08 16:27:10,534 [WARN] PackLoader:240 - Cannot read IP mode file for STMicroelectronics.X-CUBE-GNSS1.6.0.0
2024-08-08 16:27:10,545 [WARN] PackLoader:240 - Cannot read IP mode file for STMicroelectronics.X-CUBE-AZRTOS-F4.1.1.0
2024-08-08 16:27:10,553 [WARN] PackLoader:240 - Cannot read IP mode file for STMicroelectronics.X-CUBE-FREERTOS.1.2.0
2024-08-08 16:27:10,601 [WARN] PackLoader:240 - Cannot read IP mode file for STMicroelectronics.X-CUBE-AZRTOS-L5.2.0.0
2024-08-08 16:27:10,609 [WARN] PackLoader:240 - Cannot read IP mode file for STMicroelectronics.X-CUBE-NFC6.3.1.0
2024-08-08 16:27:10,614 [WARN] PackLoader:240 - Cannot read IP mode file for STMicroelectronics.X-CUBE-DPower.1.2.0
2024-08-08 16:27:10,620 [WARN] PackLoader:240 - Cannot read IP mode file for STMicroelectronics.X-CUBE-AI.9.0.0
2024-08-08 16:27:10,624 [WARN] PackLoader:240 - Cannot read IP mode file for STMicroelectronics.X-CUBE-NFC7.1.0.1
2024-08-08 16:27:10,628 [WARN] PackLoader:240 - Cannot read IP mode file for wolfSSL.I-CUBE-wolfTPM.3.2.0
2024-08-08 16:27:10,646 [WARN] ConditionMgr:438 - getConditionDescription Invalid condition id : LAN8742 Phy interface Condition cause : null
2024-08-08 16:27:10,647 [WARN] PackLoader:240 - Cannot read IP mode file for STMicroelectronics.X-CUBE-AZRTOS-L4.2.0.0
2024-08-08 16:27:10,649 [WARN] ConditionMgr:1039 - genDependencies : Invalid condition id : LAN8742 Phy interface Condition cause : null
2024-08-08 16:27:10,650 [WARN] ConditionMgr:1039 - genDependencies : Invalid condition id : LAN8742 Phy interface Condition cause : null
2024-08-08 16:27:10,651 [WARN] ConditionMgr:1039 - genDependencies : Invalid condition id : LAN8742 Phy interface Condition cause : null
2024-08-08 16:27:10,658 [WARN] PackLoader:240 - Cannot read IP mode file for STMicroelectronics.X-CUBE-SFXS2LP1.4.0.0
2024-08-08 16:27:10,671 [WARN] ConditionMgr:438 - getConditionDescription Invalid condition id : UX DEVICE CLASS RTOS Condition cause : null
2024-08-08 16:27:10,671 [WARN] ConditionMgr:438 - getConditionDescription Invalid condition id : UX DEVICE CLASS RTOS Condition cause : null
2024-08-08 16:27:10,673 [WARN] PackLoader:240 - Cannot read IP mode file for STMicroelectronics.X-CUBE-AZRTOS-WB.2.0.0
2024-08-08 16:27:10,673 [WARN] ConditionMgr:1039 - genDependencies : Invalid condition id : UX DEVICE CLASS RTOS Condition cause : null
2024-08-08 16:27:10,674 [WARN] ConditionMgr:1039 - genDependencies : Invalid condition id : UX DEVICE CLASS RTOS Condition cause : null
2024-08-08 16:27:10,674 [WARN] ConditionMgr:1039 - genDependencies : Invalid condition id : UX DEVICE CLASS RTOS Condition cause : null
2024-08-08 16:27:10,674 [WARN] ConditionMgr:1039 - genDependencies : Invalid condition id : UX DEVICE CLASS RTOS Condition cause : null
2024-08-08 16:27:10,674 [WARN] ConditionMgr:1039 - genDependencies : Invalid condition id : UX DEVICE CLASS RTOS Condition cause : null
2024-08-08 16:27:10,678 [WARN] PackLoader:240 - Cannot read IP mode file for STMicroelectronics.FP-SNS-STBOX1.2.0.0
2024-08-08 16:27:10,692 [WARN] PackLoader:240 - Cannot read IP mode file for STMicroelectronics.X-CUBE-SUBG2.5.0.0
2024-08-08 16:27:10,702 [WARN] PackLoader:240 - Cannot read IP mode file for Cesanta.I-CUBE-Mongoose.7.13.0
2024-08-08 16:27:10,717 [WARN] PackLoader:240 - Cannot read IP mode file for STMicroelectronics.X-CUBE-AZRTOS-G4.2.0.0
2024-08-08 16:27:10,723 [WARN] PackLoader:240 - Cannot read IP mode file for STMicroelectronics.X-CUBE-ISPU.2.0.0
2024-08-08 16:27:10,728 [WARN] PackLoader:240 - Cannot read IP mode file for STMicroelectronics.X-CUBE-ALS.1.0.2
2024-08-08 16:27:10,773 [WARN] PackLoader:240 - Cannot read IP mode file for STMicroelectronics.X-CUBE-MEMS1.10.0.0
2024-08-08 16:27:10,893 [WARN] PackLoader:240 - Cannot read IP mode file for STMicroelectronics.X-CUBE-FREERTOS.1.1.0
2024-08-08 16:27:10,923 [WARN] PackLoader:240 - Cannot read IP mode file for STMicroelectronics.X-CUBE-TOUCHGFX.4.24.0
2024-08-08 16:27:10,953 [WARN] PackLoader:240 - Cannot read IP mode file for portGmbH.I-Cube-SoM-uGOAL.1.1.0
2024-08-08 16:27:10,969 [WARN] PackLoader:240 - Cannot read IP mode file for STMicroelectronics.X-CUBE-AZRTOS-H7RS.1.0.0
2024-08-08 16:27:10,974 [WARN] PackLoader:240 - Cannot read IP mode file for STMicroelectronics.FP-ATR-ASTRA1.2.0.0
2024-08-08 16:27:10,983 [WARN] PackLoader:240 - Cannot read IP mode file for STMicroelectronics.X-CUBE-TOF1.3.4.2
2024-08-08 16:27:11,010 [WARN] PackLoader:240 - Cannot read IP mode file for STMicroelectronics.X-CUBE-AZRTOS-H7.3.2.0
2024-08-08 16:27:11,026 [WARN] PackLoader:240 - Cannot read IP mode file for Infineon.AIROC-Wi-Fi-Bluetooth-STM32.1.6.0
2024-08-08 16:27:11,035 [WARN] PackLoader:240 - Cannot read IP mode file for wolfSSL.I-CUBE-wolfSSH.1.4.17
2024-08-08 16:27:11,036 [INFO] ThirdParty:978 - Integrity check success = true
2024-08-08 16:27:11,036 [INFO] IntegrityCheckThread:100 - exiting critical section [integrity check]
2024-08-08 16:27:11,036 [INFO] IntegrityCheckThread:103 - End integrity checks thread
2024-08-08 16:27:12,329 [ERROR] LogOutputStream:75 - [STDERR_REDIRECT] 
2024-08-08 16:27:12,330 [ERROR] LogOutputStream:75 - [STDERR_REDIRECT] 
2024-08-08 16:27:31,273 [INFO] Activator:176 - 


2024-08-08 16:27:31,275 [INFO] Activator:177 - !SESSION log4j initialized
2024-08-08 16:27:34,319 [INFO] LogOutputStream:77 - [STDOUT_REDIRECT] 
2024-08-08 16:27:37,039 [INFO] ApplicationProperties:184 - Using Application install path: C:\ST\STM32CubeIDE_1.15.0\STM32CubeIDE\plugins\com.st.stm32cube.common.mx_6.12.0.202406281431
2024-08-08 16:27:37,059 [INFO] DbMcusXml:78 - Set database path to: C:\ST\STM32CubeIDE_1.15.0\STM32CubeIDE\plugins\com.st.stm32cube.common.mx_6.12.0.202406281431\\db\/mcu/
2024-08-08 16:27:37,060 [INFO] ApiDb:274 - Set plugin database path to: C:\ST\STM32CubeIDE_1.15.0\STM32CubeIDE\plugins\com.st.stm32cube.common.mx_6.12.0.202406281431\\db\/plugins/boardmanager/
2024-08-08 16:27:37,060 [WARN] ApiDb:259 - Overriding images path with different value:  => C:\ST\STM32CubeIDE_1.15.0\STM32CubeIDE\plugins\com.st.stm32cube.common.mx_6.12.0.202406281431\\db\/plugins/mcufinder/images/
2024-08-08 16:27:37,068 [INFO] ApiDb:250 - Set database path to: C:\Users\stefa\.stmcufinder\plugins\mcufinder//mcu/
2024-08-08 16:27:37,069 [INFO] DbMcusAds:125 - Set database path to: C:\Users\stefa\.stmcufinder\plugins\mcufinder//mcu/
2024-08-08 16:27:37,071 [INFO] CrossReferenceDbSqlite:203 - Set database path to: C:\Users\stefa\.stmcufinder\plugins\mcufinder//mcu/cs/
2024-08-08 16:27:37,201 [INFO] RulesReader:64 - Compatibility file has been processed (297 Rules)
2024-08-08 16:27:37,291 [INFO] DbMcusXml:78 - Set database path to: C:\ST\STM32CubeIDE_1.15.0\STM32CubeIDE\plugins\com.st.stm32cube.common.mx_6.12.0.202406281431\\db\/mcu/
2024-08-08 16:27:37,291 [INFO] ApiDb:274 - Set plugin database path to: C:\ST\STM32CubeIDE_1.15.0\STM32CubeIDE\plugins\com.st.stm32cube.common.mx_6.12.0.202406281431\\db\/plugins/boardmanager/
2024-08-08 16:27:37,292 [INFO] ApiDb:261 - Set plugin images path to: C:\ST\STM32CubeIDE_1.15.0\STM32CubeIDE\plugins\com.st.stm32cube.common.mx_6.12.0.202406281431\\db\/plugins/mcufinder/images/
2024-08-08 16:27:37,292 [WARN] DbFile:41 - Overriding database path with different value: C:\Users\stefa\.stmcufinder\plugins\mcufinder/ => C:\Users\stefa\.stmcufinder\plugins\mcufinder
2024-08-08 16:27:37,292 [INFO] ApiDb:250 - Set database path to: C:\Users\stefa\.stmcufinder\plugins\mcufinder//mcu/
2024-08-08 16:27:37,292 [WARN] DbFile:41 - Overriding database path with different value: C:\Users\stefa\.stmcufinder\plugins\mcufinder/ => C:\Users\stefa\.stmcufinder\plugins\mcufinder
2024-08-08 16:27:37,292 [INFO] DbMcusAds:125 - Set database path to: C:\Users\stefa\.stmcufinder\plugins\mcufinder//mcu/
2024-08-08 16:27:37,292 [WARN] DbFile:41 - Overriding database path with different value: C:\Users\stefa\.stmcufinder\plugins\mcufinder/ => C:\Users\stefa\.stmcufinder\plugins\mcufinder
2024-08-08 16:27:37,292 [WARN] DbFile:41 - Overriding database path with different value: C:\Users\stefa\.stmcufinder\plugins\mcufinder/ => C:\Users\stefa\.stmcufinder\plugins\mcufinder
2024-08-08 16:27:37,293 [INFO] CrossReferenceDbSqlite:203 - Set database path to: C:\Users\stefa\.stmcufinder\plugins\mcufinder//mcu/cs/
2024-08-08 16:27:37,384 [INFO] MainPanel:268 - HeapMemory: 268435456
2024-08-08 16:27:37,496 [INFO] DbMcusXml:78 - Set database path to: C:\ST\STM32CubeIDE_1.15.0\STM32CubeIDE\plugins\com.st.stm32cube.common.mx_6.12.0.202406281431\\db\/mcu/
2024-08-08 16:27:37,496 [INFO] ApiDb:274 - Set plugin database path to: C:\ST\STM32CubeIDE_1.15.0\STM32CubeIDE\plugins\com.st.stm32cube.common.mx_6.12.0.202406281431\\db\/plugins/boardmanager/
2024-08-08 16:27:37,496 [INFO] ApiDb:261 - Set plugin images path to: C:\ST\STM32CubeIDE_1.15.0\STM32CubeIDE\plugins\com.st.stm32cube.common.mx_6.12.0.202406281431\\db\/plugins/mcufinder/images/
2024-08-08 16:27:37,497 [WARN] DbFile:41 - Overriding database path with different value: C:\Users\stefa\.stmcufinder\plugins\mcufinder/ => C:\Users\stefa\.stmcufinder\plugins\mcufinder
2024-08-08 16:27:37,497 [INFO] ApiDb:250 - Set database path to: C:\Users\stefa\.stmcufinder\plugins\mcufinder//mcu/
2024-08-08 16:27:37,497 [WARN] DbFile:41 - Overriding database path with different value: C:\Users\stefa\.stmcufinder\plugins\mcufinder/ => C:\Users\stefa\.stmcufinder\plugins\mcufinder
2024-08-08 16:27:37,497 [INFO] DbMcusAds:125 - Set database path to: C:\Users\stefa\.stmcufinder\plugins\mcufinder//mcu/
2024-08-08 16:27:37,497 [WARN] DbFile:41 - Overriding database path with different value: C:\Users\stefa\.stmcufinder\plugins\mcufinder/ => C:\Users\stefa\.stmcufinder\plugins\mcufinder
2024-08-08 16:27:37,497 [WARN] DbFile:41 - Overriding database path with different value: C:\Users\stefa\.stmcufinder\plugins\mcufinder/ => C:\Users\stefa\.stmcufinder\plugins\mcufinder
2024-08-08 16:27:37,498 [INFO] CrossReferenceDbSqlite:203 - Set database path to: C:\Users\stefa\.stmcufinder\plugins\mcufinder//mcu/cs/
2024-08-08 16:27:37,518 [INFO] ApplicationProperties:184 - Using Application install path: C:\ST\STM32CubeIDE_1.15.0\STM32CubeIDE\plugins\com.st.stm32cube.common.mx_6.12.0.202406281431
2024-08-08 16:27:37,520 [INFO] PluginManage:196 - Search for loadable plugins [exclusion list=, ]
2024-08-08 16:27:37,521 [INFO] PluginManage:310 - Check plugin analytics
2024-08-08 16:27:37,728 [INFO] AnalyticsPlugin:253 - Accepted Software Licenses: STM32CubeMX.6.12.0
2024-08-08 16:27:37,728 [INFO] AnalyticsPlugin:255 - Accepted CMSIS Pack Licenses: STMicroelectronics.X-CUBE-TOUCHGFX.4.24.0,STMicroelectronics.X-CUBE-FREERTOS.1.2.0,STMicroelectronics.X-CUBE-TOUCHGFX.4.23.2
2024-08-08 16:27:37,728 [INFO] AnalyticsPlugin:257 - Accepted Firmware Licenses: FW.H5.1.3.0,FW.H7.1.11.0
2024-08-08 16:27:37,731 [INFO] PluginManage:359 - Loaded plugin analytics (category:tool,tabindex:-1)
2024-08-08 16:27:37,731 [INFO] PluginManage:310 - Check plugin cadmodel
2024-08-08 16:27:37,737 [INFO] CADModel:105 - Init CAD model plugin
2024-08-08 16:27:37,738 [INFO] PluginManage:359 - Loaded plugin cadmodel (category:power,tabindex:5)
2024-08-08 16:27:37,738 [INFO] PluginManage:310 - Check plugin clock
2024-08-08 16:27:37,751 [INFO] PluginManage:359 - Loaded plugin clock (category:base,tabindex:2)
2024-08-08 16:27:37,751 [INFO] PluginManage:310 - Check plugin ddr
2024-08-08 16:27:37,754 [INFO] PluginManage:359 - Loaded plugin ddr (category:tool,tabindex:6)
2024-08-08 16:27:37,754 [INFO] PluginManage:310 - Check plugin filemanager
2024-08-08 16:27:37,921 [INFO] PluginManage:359 - Loaded plugin filemanager (category:base,tabindex:10)
2024-08-08 16:27:37,922 [INFO] PluginManage:310 - Check plugin ipmanager
2024-08-08 16:27:37,931 [INFO] PluginManage:359 - Loaded plugin ipmanager (category:base,tabindex:5)
2024-08-08 16:27:37,932 [INFO] PluginManage:310 - Check plugin lpbam
2024-08-08 16:27:37,944 [INFO] PluginManage:359 - Loaded plugin lpbam (category:base,tabindex:0)
2024-08-08 16:27:37,944 [INFO] PluginManage:310 - Check plugin memorymap
2024-08-08 16:27:37,963 [INFO] PluginManage:359 - Loaded plugin memorymap (category:base,tabindex:4)
2024-08-08 16:27:37,963 [INFO] PluginManage:310 - Check plugin pinoutandconfiguration
2024-08-08 16:27:37,973 [INFO] PluginManage:359 - Loaded plugin pinoutandconfiguration (category:base,tabindex:1)
2024-08-08 16:27:37,974 [INFO] PluginManage:310 - Check plugin pinoutconfig
2024-08-08 16:27:38,090 [WARN] SupportedApi:132 - Cannot load RTOS API schema: s4s-elt-must-match.1: The content of 'definitions' must match (annotation?, (simpleType | complexType)?, (unique | key | keyref)*)). A problem was found starting at: attribute.
2024-08-08 16:27:38,304 [INFO] PluginManage:359 - Loaded plugin pinoutconfig (category:base,tabindex:0)
2024-08-08 16:27:38,304 [INFO] PluginManage:310 - Check plugin power
2024-08-08 16:27:38,313 [INFO] PluginManage:359 - Loaded plugin power (category:power,tabindex:4)
2024-08-08 16:27:38,313 [INFO] PluginManage:310 - Check plugin projectmanager
2024-08-08 16:27:38,332 [INFO] PluginManage:359 - Loaded plugin projectmanager (category:projectmanager,tabindex:4)
2024-08-08 16:27:38,332 [INFO] PluginManage:310 - Check plugin rif
2024-08-08 16:27:38,340 [INFO] PluginManage:359 - Loaded plugin rif (category:base,tabindex:3)
2024-08-08 16:27:38,340 [INFO] PluginManage:310 - Check plugin thirdparty
2024-08-08 16:27:38,510 [INFO] PluginManage:359 - Loaded plugin thirdparty (category:base,tabindex:-1)
2024-08-08 16:27:38,510 [WARN] IntegrityCheckThread:84 - waiting for thirdparty lock release [integrity check]
2024-08-08 16:27:38,510 [INFO] PluginManage:310 - Check plugin tools
2024-08-08 16:27:38,510 [INFO] IntegrityCheckThread:86 - entering critical section [integrity check]
2024-08-08 16:27:38,510 [INFO] ThirdPartyUpdaterWithRetryManager:70 - Updater plugin not ready yet. [1/15]
2024-08-08 16:27:38,513 [INFO] PluginManage:359 - Loaded plugin tools (category:base,tabindex:7)
2024-08-08 16:27:38,513 [INFO] PluginManage:310 - Check plugin tutovideos
2024-08-08 16:27:38,734 [INFO] PluginManage:359 - Loaded plugin tutovideos (category:base,tabindex:-1)
2024-08-08 16:27:38,735 [INFO] PluginManage:310 - Check plugin updater
2024-08-08 16:27:38,754 [INFO] PluginManage:359 - Loaded plugin updater (category:base,tabindex:12)
2024-08-08 16:27:38,754 [INFO] PluginManage:310 - Check plugin userauth
2024-08-08 16:27:38,761 [INFO] UserAuth:113 - Init User Auth plugin
2024-08-08 16:27:38,761 [INFO] PluginManage:359 - Loaded plugin userauth (category:base,tabindex:14)
2024-08-08 16:27:38,762 [INFO] PluginManage:283 - PluginManage : Loaded plugins [18]
2024-08-08 16:27:39,084 [INFO] PinOutPanel:1561 - setPackage(No Configuration,No Configuration)
2024-08-08 16:27:39,200 [INFO] CADModel:165 - CPN selected for project level
2024-08-08 16:27:39,200 [INFO] CADModel:114 - Register for checkConnection events
2024-08-08 16:27:39,221 [INFO] IPUIPlugin:80 - create IPUIPlugin
2024-08-08 16:27:39,221 [INFO] PluginManager:220 - loadIPPluginJar : add adc
2024-08-08 16:27:39,227 [INFO] IPUIPlugin:80 - create IPUIPlugin
2024-08-08 16:27:39,228 [INFO] PluginManager:220 - loadIPPluginJar : add aes
2024-08-08 16:27:39,234 [INFO] IPUIPlugin:80 - create IPUIPlugin
2024-08-08 16:27:39,235 [INFO] PluginManager:220 - loadIPPluginJar : add can
2024-08-08 16:27:39,236 [INFO] IPUIPlugin:80 - create IPUIPlugin
2024-08-08 16:27:39,237 [INFO] PluginManager:220 - loadIPPluginJar : add comp
2024-08-08 16:27:39,239 [INFO] IPUIPlugin:80 - create IPUIPlugin
2024-08-08 16:27:39,239 [INFO] PluginManager:220 - loadIPPluginJar : add cryp
2024-08-08 16:27:39,242 [INFO] IPUIPlugin:80 - create IPUIPlugin
2024-08-08 16:27:39,242 [INFO] PluginManager:220 - loadIPPluginJar : add ddr_ctrl_phy
2024-08-08 16:27:39,246 [INFO] IPUIPlugin:80 - create IPUIPlugin
2024-08-08 16:27:39,246 [INFO] PluginManager:220 - loadIPPluginJar : add dfsdm
2024-08-08 16:27:39,254 [INFO] IPUIPlugin:80 - create IPUIPlugin
2024-08-08 16:27:39,255 [INFO] PluginManager:220 - loadIPPluginJar : add dma
2024-08-08 16:27:39,259 [INFO] IPUIPlugin:80 - create IPUIPlugin
2024-08-08 16:27:39,259 [INFO] PluginManager:220 - loadIPPluginJar : add dma3
2024-08-08 16:27:39,262 [INFO] IPUIPlugin:80 - create IPUIPlugin
2024-08-08 16:27:39,263 [INFO] PluginManager:220 - loadIPPluginJar : add extmemmanager
2024-08-08 16:27:39,266 [INFO] IPUIPlugin:80 - create IPUIPlugin
2024-08-08 16:27:39,266 [INFO] PluginManager:220 - loadIPPluginJar : add fatfs
2024-08-08 16:27:39,273 [INFO] IPUIPlugin:80 - create IPUIPlugin
2024-08-08 16:27:39,273 [INFO] PluginManager:220 - loadIPPluginJar : add fmc
2024-08-08 16:27:39,279 [INFO] IPUIPlugin:80 - create IPUIPlugin
2024-08-08 16:27:39,279 [INFO] PluginManager:220 - loadIPPluginJar : add freertos
2024-08-08 16:27:39,281 [INFO] IPUIPlugin:80 - create IPUIPlugin
2024-08-08 16:27:39,281 [INFO] PluginManager:220 - loadIPPluginJar : add genericplugin
2024-08-08 16:27:39,284 [INFO] IPUIPlugin:80 - create IPUIPlugin
2024-08-08 16:27:39,284 [INFO] PluginManager:220 - loadIPPluginJar : add gfxmmu
2024-08-08 16:27:39,290 [INFO] IPUIPlugin:80 - create IPUIPlugin
2024-08-08 16:27:39,291 [INFO] PluginManager:220 - loadIPPluginJar : add gic
2024-08-08 16:27:39,296 [INFO] IPUIPlugin:80 - create IPUIPlugin
2024-08-08 16:27:39,297 [INFO] PluginManager:220 - loadIPPluginJar : add gpio
2024-08-08 16:27:39,301 [INFO] IPUIPlugin:80 - create IPUIPlugin
2024-08-08 16:27:39,302 [INFO] PluginManager:220 - loadIPPluginJar : add gtzc
2024-08-08 16:27:39,304 [INFO] IPUIPlugin:80 - create IPUIPlugin
2024-08-08 16:27:39,305 [INFO] PluginManager:220 - loadIPPluginJar : add hash
2024-08-08 16:27:39,308 [INFO] IPUIPlugin:80 - create IPUIPlugin
2024-08-08 16:27:39,309 [INFO] PluginManager:220 - loadIPPluginJar : add i2c
2024-08-08 16:27:39,312 [INFO] IPUIPlugin:80 - create IPUIPlugin
2024-08-08 16:27:39,312 [INFO] PluginManager:220 - loadIPPluginJar : add i2s
2024-08-08 16:27:39,316 [INFO] IPUIPlugin:80 - create IPUIPlugin
2024-08-08 16:27:39,317 [INFO] PluginManager:220 - loadIPPluginJar : add i3c
2024-08-08 16:27:39,321 [INFO] IPUIPlugin:80 - create IPUIPlugin
2024-08-08 16:27:39,321 [INFO] PluginManager:220 - loadIPPluginJar : add ipddr
2024-08-08 16:27:39,330 [INFO] IPUIPlugin:80 - create IPUIPlugin
2024-08-08 16:27:39,332 [INFO] PluginManager:220 - loadIPPluginJar : add linkedlist
2024-08-08 16:27:39,336 [INFO] IPUIPlugin:80 - create IPUIPlugin
2024-08-08 16:27:39,336 [INFO] PluginManager:220 - loadIPPluginJar : add lorawan
2024-08-08 16:27:39,338 [INFO] IPUIPlugin:80 - create IPUIPlugin
2024-08-08 16:27:39,338 [INFO] PluginManager:220 - loadIPPluginJar : add ltdc
2024-08-08 16:27:39,346 [INFO] IPUIPlugin:80 - create IPUIPlugin
2024-08-08 16:27:39,347 [INFO] PluginManager:220 - loadIPPluginJar : add mdma
2024-08-08 16:27:39,352 [INFO] IPUIPlugin:80 - create IPUIPlugin
2024-08-08 16:27:39,352 [INFO] PluginManager:220 - loadIPPluginJar : add nvic
2024-08-08 16:27:39,357 [INFO] IPUIPlugin:80 - create IPUIPlugin
2024-08-08 16:27:39,357 [INFO] PluginManager:220 - loadIPPluginJar : add opamp
2024-08-08 16:27:39,363 [INFO] IPUIPlugin:80 - create IPUIPlugin
2024-08-08 16:27:39,363 [INFO] PluginManager:220 - loadIPPluginJar : add openamp
2024-08-08 16:27:39,367 [INFO] IPUIPlugin:80 - create IPUIPlugin
2024-08-08 16:27:39,368 [INFO] PluginManager:220 - loadIPPluginJar : add pdm2pcm
2024-08-08 16:27:39,374 [INFO] IPUIPlugin:80 - create IPUIPlugin
2024-08-08 16:27:39,378 [INFO] PluginManager:220 - loadIPPluginJar : add plateformsettings
2024-08-08 16:27:39,380 [INFO] IPUIPlugin:80 - create IPUIPlugin
2024-08-08 16:27:39,380 [INFO] PluginManager:220 - loadIPPluginJar : add quadspi
2024-08-08 16:27:39,383 [INFO] IPUIPlugin:80 - create IPUIPlugin
2024-08-08 16:27:39,384 [INFO] PluginManager:220 - loadIPPluginJar : add radio
2024-08-08 16:27:39,389 [INFO] IPUIPlugin:80 - create IPUIPlugin
2024-08-08 16:27:39,390 [INFO] PluginManager:220 - loadIPPluginJar : add resmgrutility
2024-08-08 16:27:39,393 [INFO] IPUIPlugin:80 - create IPUIPlugin
2024-08-08 16:27:39,393 [INFO] PluginManager:220 - loadIPPluginJar : add sai
2024-08-08 16:27:39,396 [INFO] IPUIPlugin:80 - create IPUIPlugin
2024-08-08 16:27:39,396 [INFO] PluginManager:220 - loadIPPluginJar : add spi
2024-08-08 16:27:39,404 [INFO] IPUIPlugin:80 - create IPUIPlugin
2024-08-08 16:27:39,404 [INFO] PluginManager:220 - loadIPPluginJar : add stm32_wpan
2024-08-08 16:27:39,407 [INFO] IPUIPlugin:80 - create IPUIPlugin
2024-08-08 16:27:39,407 [INFO] PluginManager:220 - loadIPPluginJar : add tim
2024-08-08 16:27:39,411 [INFO] IPUIPlugin:80 - create IPUIPlugin
2024-08-08 16:27:39,411 [INFO] PluginManager:220 - loadIPPluginJar : add touchsensing
2024-08-08 16:27:39,414 [INFO] IPUIPlugin:80 - create IPUIPlugin
2024-08-08 16:27:39,414 [INFO] PluginManager:220 - loadIPPluginJar : add tracer_emb
2024-08-08 16:27:39,418 [INFO] IPUIPlugin:80 - create IPUIPlugin
2024-08-08 16:27:39,418 [INFO] PluginManager:220 - loadIPPluginJar : add ts
2024-08-08 16:27:39,420 [INFO] IPUIPlugin:80 - create IPUIPlugin
2024-08-08 16:27:39,420 [INFO] PluginManager:220 - loadIPPluginJar : add tsc
2024-08-08 16:27:39,422 [INFO] IPUIPlugin:80 - create IPUIPlugin
2024-08-08 16:27:39,422 [INFO] PluginManager:220 - loadIPPluginJar : add ucpd
2024-08-08 16:27:39,425 [INFO] IPUIPlugin:80 - create IPUIPlugin
2024-08-08 16:27:39,425 [INFO] PluginManager:220 - loadIPPluginJar : add usart
2024-08-08 16:27:39,429 [INFO] IPUIPlugin:80 - create IPUIPlugin
2024-08-08 16:27:39,430 [INFO] PluginManager:220 - loadIPPluginJar : add usbx
2024-08-08 16:27:39,565 [INFO] CADModel:165 - CPN selected for project level
2024-08-08 16:27:39,566 [INFO] CADModel:114 - Register for checkConnection events
2024-08-08 16:27:39,566 [FATAL] Updater:334 - Updater called before beeing initialized
2024-08-08 16:27:39,567 [ERROR] CADModel:125 - Updater not yet initialized, retry later 
2024-08-08 16:27:39,755 [INFO] CADModel:165 - CPN selected for project level
2024-08-08 16:27:39,755 [INFO] CADModel:114 - Register for checkConnection events
2024-08-08 16:27:39,755 [FATAL] Updater:334 - Updater called before beeing initialized
2024-08-08 16:27:39,755 [ERROR] CADModel:125 - Updater not yet initialized, retry later 
2024-08-08 16:27:39,760 [FATAL] Updater:334 - Updater called before beeing initialized
2024-08-08 16:27:39,887 [FATAL] Updater:334 - Updater called before beeing initialized
2024-08-08 16:27:39,895 [INFO] DbMcusAds:53 - JSON generation date=Thu May 16 11:22:00 CEST 2024 (1715851320667)
2024-08-08 16:27:39,895 [FATAL] Updater:334 - Updater called before beeing initialized
2024-08-08 16:27:39,929 [WARN] DetailPanel:346 - Failed to get advertising image, set to default
2024-08-08 16:27:40,032 [FATAL] Updater:334 - Updater called before beeing initialized
2024-08-08 16:27:40,035 [FATAL] Updater:334 - Updater called before beeing initialized
2024-08-08 16:27:40,035 [FATAL] Updater:334 - Updater called before beeing initialized
2024-08-08 16:27:40,035 [WARN] DetailPanel:346 - Failed to get advertising image, set to default
2024-08-08 16:27:40,036 [FATAL] Updater:334 - Updater called before beeing initialized
2024-08-08 16:27:40,081 [ERROR] Updater:1164 - MainUpdater not yet initialized. External WinMGr cannot be set.
2024-08-08 16:27:40,083 [INFO] Updater:1100 - Updater Version found : 6.12.0
2024-08-08 16:27:40,106 [INFO] ApplicationProperties:184 - Using Application install path: C:\ST\STM32CubeIDE_1.15.0\STM32CubeIDE\plugins\com.st.stm32cube.common.mx_6.12.0.202406281431
2024-08-08 16:27:41,511 [INFO] ThirdPartyUpdaterWithRetryManager:70 - Updater plugin not ready yet. [2/15]
2024-08-08 16:27:41,685 [ERROR] LogOutputStream:75 - [STDERR_REDIRECT] Aug 08, 2024 4:27:41 PM java.util.prefs.WindowsPreferences <init>
2024-08-08 16:27:41,687 [ERROR] LogOutputStream:75 - [STDERR_REDIRECT] WARNING: Could not open/create prefs root node Software\JavaSoft\Prefs at root 0xffffffff80000002. Windows RegCreateKeyEx(...) returned error code 5.
2024-08-08 16:27:41,687 [ERROR] LogOutputStream:75 - [STDERR_REDIRECT] 
2024-08-08 16:27:42,118 [INFO] MainUpdater:2873 - connection check result : 10
2024-08-08 16:27:42,120 [INFO] MainUpdater:290 - Updater Check For Update Now.
2024-08-08 16:27:42,120 [INFO] MicroXplorer:498 - Change Database Version : DB.6.0.120
2024-08-08 16:27:42,128 [INFO] McuFinderGlobals:63 - Set McuFinder mode to 2 (CubeIDE integrated)
2024-08-08 16:27:42,128 [INFO] UserAuth:417 - Internet connection configuration mode: 1
2024-08-08 16:27:42,146 [INFO] JxBrowserEngine:152 - Initiate JxBrowser Engine with user profile folder
2024-08-08 16:27:42,300 [INFO] CheckServerUpdateThread:120 - End of CheckServer Thread
2024-08-08 16:27:42,891 [INFO] WebApp:167 - Instantiating new browser for Auth
2024-08-08 16:27:43,886 [INFO] WebApp:448 - Apply proxy settings
2024-08-08 16:27:43,887 [INFO] WebApp:533 - Chromium requires no authentication
2024-08-08 16:27:43,897 [INFO] WebApp:476 - Direct internet connection detected
2024-08-08 16:27:43,933 [INFO] WebApp:869 - Register for checkConnection events
2024-08-08 16:27:43,933 [INFO] WebApp:448 - Apply proxy settings
2024-08-08 16:27:43,933 [INFO] WebApp:533 - Chromium requires no authentication
2024-08-08 16:27:43,934 [INFO] WebApp:476 - Direct internet connection detected
2024-08-08 16:27:44,200 [INFO] WebApp:186 - Connection restablished
2024-08-08 16:27:44,243 [INFO] WebApp:220 - Starting web application
2024-08-08 16:27:44,243 [INFO] WebApp:578 - Web application path used C:\ST\STM32CubeIDE_1.15.0\STM32CubeIDE\plugins\com.st.stm32cube.common.mx_6.12.0.202406281431\db\plugins\mcufinder\reactClient1\index.html
2024-08-08 16:27:44,359 [INFO] UserAuth:417 - Internet connection configuration mode: 1
2024-08-08 16:27:44,660 [WARN] PackLoader:240 - Cannot read IP mode file for STMicroelectronics.FP-SNS-MOTENVWB1.1.4.0
2024-08-08 16:27:44,672 [WARN] PackLoader:240 - Cannot read IP mode file for STMicroelectronics.X-CUBE-SMBUS.2.1.0
2024-08-08 16:27:44,677 [WARN] PackLoader:240 - Cannot read IP mode file for STMicroelectronics.X-CUBE-TOUCHGFX.4.23.0
2024-08-08 16:27:44,758 [WARN] PackLoader:240 - Cannot read IP mode file for STMicroelectronics.X-CUBE-TOUCHGFX.4.23.2
2024-08-08 16:27:44,847 [WARN] PackLoader:240 - Cannot read IP mode file for STMicroelectronics.X-CUBE-AZRTOS-F7.1.1.0
2024-08-08 16:27:44,859 [WARN] PackLoader:240 - Cannot read IP mode file for STMicroelectronics.X-CUBE-TOUCHGFX.4.19.1
2024-08-08 16:27:44,912 [WARN] PackLoader:240 - Cannot read IP mode file for STMicroelectronics.FP-SNS-FLIGHT1.5.0.2
2024-08-08 16:27:44,923 [WARN] PackLoader:240 - Cannot read IP mode file for STMicroelectronics.X-CUBE-DISPLAY.3.0.0
2024-08-08 16:27:44,942 [WARN] PackLoader:240 - Cannot read IP mode file for STMicroelectronics.X-CUBE-BLE1.7.0.0
2024-08-08 16:27:44,950 [WARN] PackLoader:240 - Cannot read IP mode file for emotas.I-CUBE-CANOPEN.1.3.0
2024-08-08 16:27:44,961 [WARN] PackLoader:240 - Cannot read IP mode file for STMicroelectronics.X-CUBE-BLEMGR.3.1.0
2024-08-08 16:27:44,970 [WARN] PackLoader:240 - Cannot read IP mode file for STMicroelectronics.FP-SNS-SMARTAG2.1.2.0
2024-08-08 16:27:44,980 [INFO] LogOutputStream:77 - [STDOUT_REDIRECT] 1 : Invalid condition id : UX_CORESTACK_Condition cause : null
2024-08-08 16:27:44,981 [INFO] LogOutputStream:77 - [STDOUT_REDIRECT] 1 : Invalid condition id : UX_CORESTACK_Condition cause : null
2024-08-08 16:27:44,982 [INFO] LogOutputStream:77 - [STDOUT_REDIRECT] 1 : Invalid condition id : UX_CORESTACK_Condition cause : null
2024-08-08 16:27:44,983 [INFO] LogOutputStream:77 - [STDOUT_REDIRECT] 1 : Invalid condition id : UX_CORESTACK_Condition cause : null
2024-08-08 16:27:44,984 [INFO] LogOutputStream:77 - [STDOUT_REDIRECT] 1 : Invalid condition id : UX_CORESTACK_Condition cause : null
2024-08-08 16:27:44,987 [WARN] PackLoader:240 - Cannot read IP mode file for STMicroelectronics.X-CUBE-AZRTOS-WL.2.0.0
2024-08-08 16:27:44,991 [WARN] PackLoader:240 - Cannot read IP mode file for STMicroelectronics.FP-SNS-MOTENV1.5.0.0
2024-08-08 16:27:44,995 [WARN] PackLoader:240 - Cannot read IP mode file for wolfSSL.I-CUBE-wolfMQTT.1.19.0
2024-08-08 16:27:45,005 [WARN] PackLoader:240 - Cannot read IP mode file for WES.I-CUBE-Cesium.1.3.0
2024-08-08 16:27:45,011 [WARN] PackLoader:240 - Cannot read IP mode file for STMicroelectronics.X-CUBE-BLE2.3.3.0
2024-08-08 16:27:45,017 [WARN] PackLoader:240 - Cannot read IP mode file for STMicroelectronics.X-CUBE-TCPP.4.1.0
2024-08-08 16:27:45,031 [WARN] PackLoader:240 - Cannot read IP mode file for STMicroelectronics.X-CUBE-AZRTOS-G0.1.1.0
2024-08-08 16:27:45,037 [WARN] PackLoader:240 - Cannot read IP mode file for STMicroelectronics.X-CUBE-SAFEA1.1.2.2
2024-08-08 16:27:45,041 [WARN] PackLoader:240 - Cannot read IP mode file for STMicroelectronics.X-CUBE-NFC4.3.0.0
2024-08-08 16:27:45,049 [WARN] PackLoader:240 - Cannot read IP mode file for EmbeddedOffice.I-CUBE-FS-RTOS.1.0.1
2024-08-08 16:27:45,049 [ERROR] ConditionMgr:805 - Attr not supported : Dmpu
2024-08-08 16:27:45,049 [ERROR] ConditionMgr:805 - Attr not supported : Dmpu
2024-08-08 16:27:45,049 [ERROR] ConditionMgr:805 - Attr not supported : Dmpu
2024-08-08 16:27:45,049 [ERROR] ConditionMgr:805 - Attr not supported : Dmpu
2024-08-08 16:27:45,049 [ERROR] ConditionMgr:805 - Attr not supported : Dmpu
2024-08-08 16:27:45,049 [ERROR] ConditionMgr:805 - Attr not supported : Dmpu
2024-08-08 16:27:45,049 [ERROR] ConditionMgr:805 - Attr not supported : Dmpu
2024-08-08 16:27:45,050 [ERROR] ConditionMgr:805 - Attr not supported : Dmpu
2024-08-08 16:27:45,050 [ERROR] ConditionMgr:805 - Attr not supported : Dmpu
2024-08-08 16:27:45,050 [ERROR] ConditionMgr:805 - Attr not supported : Dmpu
2024-08-08 16:27:45,050 [ERROR] ConditionMgr:805 - Attr not supported : Dmpu
2024-08-08 16:27:45,050 [ERROR] ConditionMgr:805 - Attr not supported : Dmpu
2024-08-08 16:27:45,050 [ERROR] ConditionMgr:805 - Attr not supported : Dmpu
2024-08-08 16:27:45,050 [ERROR] ConditionMgr:805 - Attr not supported : Dmpu
2024-08-08 16:27:45,050 [ERROR] ConditionMgr:805 - Attr not supported : Dmpu
2024-08-08 16:27:45,050 [ERROR] ConditionMgr:805 - Attr not supported : Dmpu
2024-08-08 16:27:45,050 [ERROR] ConditionMgr:805 - Attr not supported : Dmpu
2024-08-08 16:27:45,050 [ERROR] ConditionMgr:805 - Attr not supported : Dmpu
2024-08-08 16:27:45,050 [ERROR] ConditionMgr:805 - Attr not supported : Dmpu
2024-08-08 16:27:45,050 [ERROR] ConditionMgr:805 - Attr not supported : Dmpu
2024-08-08 16:27:45,050 [ERROR] ConditionMgr:805 - Attr not supported : Dmpu
2024-08-08 16:27:45,050 [ERROR] ConditionMgr:805 - Attr not supported : Dmpu
2024-08-08 16:27:45,050 [ERROR] ConditionMgr:805 - Attr not supported : Dmpu
2024-08-08 16:27:45,050 [ERROR] ConditionMgr:805 - Attr not supported : Dmpu
2024-08-08 16:27:45,050 [ERROR] ConditionMgr:805 - Attr not supported : Dmpu
2024-08-08 16:27:45,050 [ERROR] ConditionMgr:805 - Attr not supported : Dmpu
2024-08-08 16:27:45,051 [ERROR] ConditionMgr:805 - Attr not supported : Dmpu
2024-08-08 16:27:45,051 [ERROR] ConditionMgr:805 - Attr not supported : Dmpu
2024-08-08 16:27:45,051 [ERROR] ConditionMgr:805 - Attr not supported : Dmpu
2024-08-08 16:27:45,051 [ERROR] ConditionMgr:805 - Attr not supported : Dmpu
2024-08-08 16:27:45,051 [ERROR] ConditionMgr:805 - Attr not supported : Dmpu
2024-08-08 16:27:45,051 [ERROR] ConditionMgr:805 - Attr not supported : Dmpu
2024-08-08 16:27:45,051 [ERROR] ConditionMgr:805 - Attr not supported : Dmpu
2024-08-08 16:27:45,051 [ERROR] ConditionMgr:805 - Attr not supported : Dmpu
2024-08-08 16:27:45,051 [ERROR] ConditionMgr:805 - Attr not supported : Dmpu
2024-08-08 16:27:45,051 [ERROR] ConditionMgr:805 - Attr not supported : Dmpu
2024-08-08 16:27:45,051 [ERROR] ConditionMgr:805 - Attr not supported : Dmpu
2024-08-08 16:27:45,051 [ERROR] ConditionMgr:805 - Attr not supported : Dmpu
2024-08-08 16:27:45,051 [ERROR] ConditionMgr:805 - Attr not supported : Dmpu
2024-08-08 16:27:45,051 [ERROR] ConditionMgr:805 - Attr not supported : Dmpu
2024-08-08 16:27:45,051 [ERROR] ConditionMgr:805 - Attr not supported : Dmpu
2024-08-08 16:27:45,051 [ERROR] ConditionMgr:805 - Attr not supported : Dmpu
2024-08-08 16:27:45,051 [ERROR] ConditionMgr:805 - Attr not supported : Dmpu
2024-08-08 16:27:45,051 [ERROR] ConditionMgr:805 - Attr not supported : Dmpu
2024-08-08 16:27:45,051 [ERROR] ConditionMgr:805 - Attr not supported : Dmpu
2024-08-08 16:27:45,051 [ERROR] ConditionMgr:805 - Attr not supported : Dmpu
2024-08-08 16:27:45,051 [ERROR] ConditionMgr:805 - Attr not supported : Dmpu
2024-08-08 16:27:45,051 [ERROR] ConditionMgr:805 - Attr not supported : Dmpu
2024-08-08 16:27:45,052 [ERROR] ConditionMgr:805 - Attr not supported : Dmpu
2024-08-08 16:27:45,052 [ERROR] ConditionMgr:805 - Attr not supported : Dmpu
2024-08-08 16:27:45,052 [ERROR] ConditionMgr:805 - Attr not supported : Dmpu
2024-08-08 16:27:45,052 [ERROR] ConditionMgr:805 - Attr not supported : Dmpu
2024-08-08 16:27:45,052 [ERROR] ConditionMgr:805 - Attr not supported : Dmpu
2024-08-08 16:27:45,052 [ERROR] ConditionMgr:805 - Attr not supported : Dmpu
2024-08-08 16:27:45,052 [ERROR] ConditionMgr:805 - Attr not supported : Dmpu
2024-08-08 16:27:45,052 [ERROR] ConditionMgr:805 - Attr not supported : Dmpu
2024-08-08 16:27:45,052 [ERROR] ConditionMgr:805 - Attr not supported : Dmpu
2024-08-08 16:27:45,052 [ERROR] ConditionMgr:805 - Attr not supported : Dmpu
2024-08-08 16:27:45,052 [ERROR] ConditionMgr:805 - Attr not supported : Dmpu
2024-08-08 16:27:45,052 [ERROR] ConditionMgr:805 - Attr not supported : Dmpu
2024-08-08 16:27:45,052 [ERROR] ConditionMgr:805 - Attr not supported : Dmpu
2024-08-08 16:27:45,052 [ERROR] ConditionMgr:805 - Attr not supported : Dmpu
2024-08-08 16:27:45,052 [ERROR] ConditionMgr:805 - Attr not supported : Dmpu
2024-08-08 16:27:45,052 [ERROR] ConditionMgr:805 - Attr not supported : Dmpu
2024-08-08 16:27:45,056 [WARN] PackLoader:240 - Cannot read IP mode file for RealThread.X-CUBE-RT-Thread_Nano.4.1.1
2024-08-08 16:27:45,059 [WARN] PackLoader:240 - Cannot read IP mode file for STMicroelectronics.FP-ATR-SIGFOX1.3.2.0
2024-08-08 16:27:45,064 [WARN] PackLoader:240 - Cannot read IP mode file for wolfSSL.I-CUBE-wolfSSL.5.7.2
2024-08-08 16:27:45,071 [WARN] PackLoader:240 - Cannot read IP mode file for STMicroelectronics.X-CUBE-EEPRMA1.5.1.0
2024-08-08 16:27:45,077 [WARN] PackLoader:240 - Cannot read IP mode file for ITTIA_DB.I-CUBE-ITTIADB.8.9.0
2024-08-08 16:27:45,103 [WARN] PackLoader:240 - Cannot read IP mode file for SEGGER.I-CUBE-embOS.1.3.1
2024-08-08 16:27:45,137 [WARN] PackLoader:240 - Cannot read IP mode file for STMicroelectronics.X-CUBE-ALGOBUILD.1.4.0
2024-08-08 16:27:45,142 [WARN] PackLoader:240 - Cannot read IP mode file for STMicroelectronics.X-CUBE-GNSS1.6.0.0
2024-08-08 16:27:45,159 [WARN] PackLoader:240 - Cannot read IP mode file for STMicroelectronics.X-CUBE-AZRTOS-F4.1.1.0
2024-08-08 16:27:45,167 [WARN] PackLoader:240 - Cannot read IP mode file for STMicroelectronics.X-CUBE-FREERTOS.1.2.0
2024-08-08 16:27:45,207 [WARN] PackLoader:240 - Cannot read IP mode file for STMicroelectronics.X-CUBE-AZRTOS-L5.2.0.0
2024-08-08 16:27:45,218 [WARN] PackLoader:240 - Cannot read IP mode file for STMicroelectronics.X-CUBE-NFC6.3.1.0
2024-08-08 16:27:45,224 [WARN] PackLoader:240 - Cannot read IP mode file for STMicroelectronics.X-CUBE-DPower.1.2.0
2024-08-08 16:27:45,229 [WARN] PackLoader:240 - Cannot read IP mode file for STMicroelectronics.X-CUBE-AI.9.0.0
2024-08-08 16:27:45,237 [WARN] PackLoader:240 - Cannot read IP mode file for STMicroelectronics.X-CUBE-NFC7.1.0.1
2024-08-08 16:27:45,242 [WARN] PackLoader:240 - Cannot read IP mode file for wolfSSL.I-CUBE-wolfTPM.3.2.0
2024-08-08 16:27:45,259 [WARN] ConditionMgr:438 - getConditionDescription Invalid condition id : LAN8742 Phy interface Condition cause : null
2024-08-08 16:27:45,260 [WARN] PackLoader:240 - Cannot read IP mode file for STMicroelectronics.X-CUBE-AZRTOS-L4.2.0.0
2024-08-08 16:27:45,263 [WARN] ConditionMgr:1039 - genDependencies : Invalid condition id : LAN8742 Phy interface Condition cause : null
2024-08-08 16:27:45,263 [WARN] ConditionMgr:1039 - genDependencies : Invalid condition id : LAN8742 Phy interface Condition cause : null
2024-08-08 16:27:45,265 [WARN] ConditionMgr:1039 - genDependencies : Invalid condition id : LAN8742 Phy interface Condition cause : null
2024-08-08 16:27:45,273 [WARN] PackLoader:240 - Cannot read IP mode file for STMicroelectronics.X-CUBE-SFXS2LP1.4.0.0
2024-08-08 16:27:45,283 [WARN] ConditionMgr:438 - getConditionDescription Invalid condition id : UX DEVICE CLASS RTOS Condition cause : null
2024-08-08 16:27:45,283 [WARN] ConditionMgr:438 - getConditionDescription Invalid condition id : UX DEVICE CLASS RTOS Condition cause : null
2024-08-08 16:27:45,285 [WARN] PackLoader:240 - Cannot read IP mode file for STMicroelectronics.X-CUBE-AZRTOS-WB.2.0.0
2024-08-08 16:27:45,286 [WARN] ConditionMgr:1039 - genDependencies : Invalid condition id : UX DEVICE CLASS RTOS Condition cause : null
2024-08-08 16:27:45,287 [WARN] ConditionMgr:1039 - genDependencies : Invalid condition id : UX DEVICE CLASS RTOS Condition cause : null
2024-08-08 16:27:45,287 [WARN] ConditionMgr:1039 - genDependencies : Invalid condition id : UX DEVICE CLASS RTOS Condition cause : null
2024-08-08 16:27:45,287 [WARN] ConditionMgr:1039 - genDependencies : Invalid condition id : UX DEVICE CLASS RTOS Condition cause : null
2024-08-08 16:27:45,287 [WARN] ConditionMgr:1039 - genDependencies : Invalid condition id : UX DEVICE CLASS RTOS Condition cause : null
2024-08-08 16:27:45,292 [WARN] PackLoader:240 - Cannot read IP mode file for STMicroelectronics.FP-SNS-STBOX1.2.0.0
2024-08-08 16:27:45,303 [WARN] PackLoader:240 - Cannot read IP mode file for STMicroelectronics.X-CUBE-SUBG2.5.0.0
2024-08-08 16:27:45,310 [WARN] PackLoader:240 - Cannot read IP mode file for Cesanta.I-CUBE-Mongoose.7.13.0
2024-08-08 16:27:45,321 [WARN] PackLoader:240 - Cannot read IP mode file for STMicroelectronics.X-CUBE-AZRTOS-G4.2.0.0
2024-08-08 16:27:45,326 [WARN] PackLoader:240 - Cannot read IP mode file for STMicroelectronics.X-CUBE-ISPU.2.0.0
2024-08-08 16:27:45,330 [WARN] PackLoader:240 - Cannot read IP mode file for STMicroelectronics.X-CUBE-ALS.1.0.2
2024-08-08 16:27:45,360 [WARN] PackLoader:240 - Cannot read IP mode file for STMicroelectronics.X-CUBE-MEMS1.10.0.0
2024-08-08 16:27:45,449 [WARN] PackLoader:240 - Cannot read IP mode file for STMicroelectronics.X-CUBE-FREERTOS.1.1.0
2024-08-08 16:27:45,480 [WARN] PackLoader:240 - Cannot read IP mode file for STMicroelectronics.X-CUBE-TOUCHGFX.4.24.0
2024-08-08 16:27:45,511 [WARN] PackLoader:240 - Cannot read IP mode file for portGmbH.I-Cube-SoM-uGOAL.1.1.0
2024-08-08 16:27:45,528 [WARN] PackLoader:240 - Cannot read IP mode file for STMicroelectronics.X-CUBE-AZRTOS-H7RS.1.0.0
2024-08-08 16:27:45,535 [WARN] PackLoader:240 - Cannot read IP mode file for STMicroelectronics.FP-ATR-ASTRA1.2.0.0
2024-08-08 16:27:45,543 [WARN] PackLoader:240 - Cannot read IP mode file for STMicroelectronics.X-CUBE-TOF1.3.4.2
2024-08-08 16:27:45,568 [WARN] PackLoader:240 - Cannot read IP mode file for STMicroelectronics.X-CUBE-AZRTOS-H7.3.2.0
2024-08-08 16:27:45,579 [WARN] PackLoader:240 - Cannot read IP mode file for Infineon.AIROC-Wi-Fi-Bluetooth-STM32.1.6.0
2024-08-08 16:27:45,587 [WARN] PackLoader:240 - Cannot read IP mode file for wolfSSL.I-CUBE-wolfSSH.1.4.17
2024-08-08 16:27:45,588 [INFO] ThirdParty:978 - Integrity check success = true
2024-08-08 16:27:45,588 [INFO] IntegrityCheckThread:100 - exiting critical section [integrity check]
2024-08-08 16:27:45,588 [INFO] IntegrityCheckThread:103 - End integrity checks thread
2024-08-08 16:30:18,402 [ERROR] LogOutputStream:75 - [STDERR_REDIRECT] 
