2024-11-19 09:00:45,958 [ERROR] LogOutputStream:75 - [STDERR_REDIRECT] 
2024-11-19 14:20:35,458 [INFO] Activator:176 - 


2024-11-19 14:20:35,458 [INFO] Activator:177 - !SESSION log4j initialized
2024-11-19 14:20:39,104 [INFO] LogOutputStream:77 - [STDOUT_REDIRECT] 
2024-11-19 14:20:42,138 [INFO] ApplicationProperties:184 - Using Application install path: C:\ST\STM32CubeIDE_1.15.0\STM32CubeIDE\plugins\com.st.stm32cube.common.mx_6.12.1.202409122256
2024-11-19 14:20:42,165 [INFO] DbMcusXml:78 - Set database path to: C:\ST\STM32CubeIDE_1.15.0\STM32CubeIDE\plugins\com.st.stm32cube.common.mx_6.12.1.202409122256\\db\/mcu/
2024-11-19 14:20:42,166 [INFO] ApiDb:274 - Set plugin database path to: C:\ST\STM32CubeIDE_1.15.0\STM32CubeIDE\plugins\com.st.stm32cube.common.mx_6.12.1.202409122256\\db\/plugins/boardmanager/
2024-11-19 14:20:42,167 [WARN] ApiDb:259 - Overriding images path with different value:  => C:\ST\STM32CubeIDE_1.15.0\STM32CubeIDE\plugins\com.st.stm32cube.common.mx_6.12.1.202409122256\\db\/plugins/mcufinder/images/
2024-11-19 14:20:42,175 [INFO] ApiDb:250 - Set database path to: C:\Users\stefa\.stmcufinder\plugins\mcufinder//mcu/
2024-11-19 14:20:42,176 [INFO] DbMcusAds:125 - Set database path to: C:\Users\stefa\.stmcufinder\plugins\mcufinder//mcu/
2024-11-19 14:20:42,177 [INFO] CrossReferenceDbSqlite:203 - Set database path to: C:\Users\stefa\.stmcufinder\plugins\mcufinder//mcu/cs/
2024-11-19 14:20:42,269 [INFO] RulesReader:64 - Compatibility file has been processed (297 Rules)
2024-11-19 14:20:42,370 [INFO] DbMcusXml:78 - Set database path to: C:\ST\STM32CubeIDE_1.15.0\STM32CubeIDE\plugins\com.st.stm32cube.common.mx_6.12.1.202409122256\\db\/mcu/
2024-11-19 14:20:42,370 [INFO] ApiDb:274 - Set plugin database path to: C:\ST\STM32CubeIDE_1.15.0\STM32CubeIDE\plugins\com.st.stm32cube.common.mx_6.12.1.202409122256\\db\/plugins/boardmanager/
2024-11-19 14:20:42,370 [INFO] ApiDb:261 - Set plugin images path to: C:\ST\STM32CubeIDE_1.15.0\STM32CubeIDE\plugins\com.st.stm32cube.common.mx_6.12.1.202409122256\\db\/plugins/mcufinder/images/
2024-11-19 14:20:42,371 [WARN] DbFile:41 - Overriding database path with different value: C:\Users\stefa\.stmcufinder\plugins\mcufinder/ => C:\Users\stefa\.stmcufinder\plugins\mcufinder
2024-11-19 14:20:42,371 [INFO] ApiDb:250 - Set database path to: C:\Users\stefa\.stmcufinder\plugins\mcufinder//mcu/
2024-11-19 14:20:42,371 [WARN] DbFile:41 - Overriding database path with different value: C:\Users\stefa\.stmcufinder\plugins\mcufinder/ => C:\Users\stefa\.stmcufinder\plugins\mcufinder
2024-11-19 14:20:42,371 [INFO] DbMcusAds:125 - Set database path to: C:\Users\stefa\.stmcufinder\plugins\mcufinder//mcu/
2024-11-19 14:20:42,371 [WARN] DbFile:41 - Overriding database path with different value: C:\Users\stefa\.stmcufinder\plugins\mcufinder/ => C:\Users\stefa\.stmcufinder\plugins\mcufinder
2024-11-19 14:20:42,371 [WARN] DbFile:41 - Overriding database path with different value: C:\Users\stefa\.stmcufinder\plugins\mcufinder/ => C:\Users\stefa\.stmcufinder\plugins\mcufinder
2024-11-19 14:20:42,371 [INFO] CrossReferenceDbSqlite:203 - Set database path to: C:\Users\stefa\.stmcufinder\plugins\mcufinder//mcu/cs/
2024-11-19 14:20:42,460 [INFO] MainPanel:268 - HeapMemory: 268435456
2024-11-19 14:20:42,599 [INFO] DbMcusXml:78 - Set database path to: C:\ST\STM32CubeIDE_1.15.0\STM32CubeIDE\plugins\com.st.stm32cube.common.mx_6.12.1.202409122256\\db\/mcu/
2024-11-19 14:20:42,599 [INFO] ApiDb:274 - Set plugin database path to: C:\ST\STM32CubeIDE_1.15.0\STM32CubeIDE\plugins\com.st.stm32cube.common.mx_6.12.1.202409122256\\db\/plugins/boardmanager/
2024-11-19 14:20:42,599 [INFO] ApiDb:261 - Set plugin images path to: C:\ST\STM32CubeIDE_1.15.0\STM32CubeIDE\plugins\com.st.stm32cube.common.mx_6.12.1.202409122256\\db\/plugins/mcufinder/images/
2024-11-19 14:20:42,600 [WARN] DbFile:41 - Overriding database path with different value: C:\Users\stefa\.stmcufinder\plugins\mcufinder/ => C:\Users\stefa\.stmcufinder\plugins\mcufinder
2024-11-19 14:20:42,600 [INFO] ApiDb:250 - Set database path to: C:\Users\stefa\.stmcufinder\plugins\mcufinder//mcu/
2024-11-19 14:20:42,600 [WARN] DbFile:41 - Overriding database path with different value: C:\Users\stefa\.stmcufinder\plugins\mcufinder/ => C:\Users\stefa\.stmcufinder\plugins\mcufinder
2024-11-19 14:20:42,600 [INFO] DbMcusAds:125 - Set database path to: C:\Users\stefa\.stmcufinder\plugins\mcufinder//mcu/
2024-11-19 14:20:42,600 [WARN] DbFile:41 - Overriding database path with different value: C:\Users\stefa\.stmcufinder\plugins\mcufinder/ => C:\Users\stefa\.stmcufinder\plugins\mcufinder
2024-11-19 14:20:42,600 [WARN] DbFile:41 - Overriding database path with different value: C:\Users\stefa\.stmcufinder\plugins\mcufinder/ => C:\Users\stefa\.stmcufinder\plugins\mcufinder
2024-11-19 14:20:42,600 [INFO] CrossReferenceDbSqlite:203 - Set database path to: C:\Users\stefa\.stmcufinder\plugins\mcufinder//mcu/cs/
2024-11-19 14:20:42,628 [INFO] ApplicationProperties:184 - Using Application install path: C:\ST\STM32CubeIDE_1.15.0\STM32CubeIDE\plugins\com.st.stm32cube.common.mx_6.12.1.202409122256
2024-11-19 14:20:42,630 [INFO] PluginManage:196 - Search for loadable plugins [exclusion list=, ]
2024-11-19 14:20:42,632 [INFO] PluginManage:310 - Check plugin analytics
2024-11-19 14:20:42,835 [INFO] AnalyticsPlugin:253 - Accepted Software Licenses: 
2024-11-19 14:20:42,835 [INFO] AnalyticsPlugin:255 - Accepted CMSIS Pack Licenses: 
2024-11-19 14:20:42,835 [INFO] AnalyticsPlugin:257 - Accepted Firmware Licenses: 
2024-11-19 14:20:42,838 [INFO] PluginManage:359 - Loaded plugin analytics (category:tool,tabindex:-1)
2024-11-19 14:20:42,838 [INFO] PluginManage:310 - Check plugin cadmodel
2024-11-19 14:20:42,852 [INFO] CADModel:105 - Init CAD model plugin
2024-11-19 14:20:42,852 [INFO] PluginManage:359 - Loaded plugin cadmodel (category:power,tabindex:5)
2024-11-19 14:20:42,852 [INFO] PluginManage:310 - Check plugin clock
2024-11-19 14:20:42,870 [INFO] PluginManage:359 - Loaded plugin clock (category:base,tabindex:2)
2024-11-19 14:20:42,870 [INFO] PluginManage:310 - Check plugin ddr
2024-11-19 14:20:42,872 [INFO] PluginManage:359 - Loaded plugin ddr (category:tool,tabindex:6)
2024-11-19 14:20:42,872 [INFO] PluginManage:310 - Check plugin filemanager
2024-11-19 14:20:43,053 [INFO] PluginManage:359 - Loaded plugin filemanager (category:base,tabindex:10)
2024-11-19 14:20:43,053 [INFO] PluginManage:310 - Check plugin ipmanager
2024-11-19 14:20:43,060 [INFO] PluginManage:359 - Loaded plugin ipmanager (category:base,tabindex:5)
2024-11-19 14:20:43,061 [INFO] PluginManage:310 - Check plugin lpbam
2024-11-19 14:20:43,093 [INFO] PluginManage:359 - Loaded plugin lpbam (category:base,tabindex:0)
2024-11-19 14:20:43,094 [INFO] PluginManage:310 - Check plugin memorymap
2024-11-19 14:20:43,125 [INFO] PluginManage:359 - Loaded plugin memorymap (category:base,tabindex:4)
2024-11-19 14:20:43,126 [INFO] PluginManage:310 - Check plugin pinoutandconfiguration
2024-11-19 14:20:43,163 [INFO] PluginManage:359 - Loaded plugin pinoutandconfiguration (category:base,tabindex:1)
2024-11-19 14:20:43,164 [INFO] PluginManage:310 - Check plugin pinoutconfig
2024-11-19 14:20:43,290 [WARN] SupportedApi:132 - Cannot load RTOS API schema: s4s-elt-must-match.1: The content of 'definitions' must match (annotation?, (simpleType | complexType)?, (unique | key | keyref)*)). A problem was found starting at: attribute.
2024-11-19 14:20:43,454 [INFO] PluginManage:359 - Loaded plugin pinoutconfig (category:base,tabindex:0)
2024-11-19 14:20:43,454 [INFO] PluginManage:310 - Check plugin power
2024-11-19 14:20:43,476 [INFO] PluginManage:359 - Loaded plugin power (category:power,tabindex:4)
2024-11-19 14:20:43,477 [INFO] PluginManage:310 - Check plugin projectmanager
2024-11-19 14:20:43,496 [INFO] PluginManage:359 - Loaded plugin projectmanager (category:projectmanager,tabindex:4)
2024-11-19 14:20:43,496 [INFO] PluginManage:310 - Check plugin rif
2024-11-19 14:20:43,516 [INFO] PluginManage:359 - Loaded plugin rif (category:base,tabindex:3)
2024-11-19 14:20:43,517 [INFO] PluginManage:310 - Check plugin thirdparty
2024-11-19 14:20:43,892 [INFO] PluginManage:359 - Loaded plugin thirdparty (category:base,tabindex:-1)
2024-11-19 14:20:43,892 [WARN] IntegrityCheckThread:84 - waiting for thirdparty lock release [integrity check]
2024-11-19 14:20:43,892 [INFO] PluginManage:310 - Check plugin tools
2024-11-19 14:20:43,892 [INFO] IntegrityCheckThread:86 - entering critical section [integrity check]
2024-11-19 14:20:43,893 [INFO] ThirdPartyUpdaterWithRetryManager:70 - Updater plugin not ready yet. [1/15]
2024-11-19 14:20:43,930 [INFO] PluginManage:359 - Loaded plugin tools (category:base,tabindex:7)
2024-11-19 14:20:43,930 [INFO] PluginManage:310 - Check plugin tutovideos
2024-11-19 14:20:44,092 [INFO] PluginManage:359 - Loaded plugin tutovideos (category:base,tabindex:-1)
2024-11-19 14:20:44,092 [INFO] PluginManage:310 - Check plugin updater
2024-11-19 14:20:44,104 [INFO] PluginManage:359 - Loaded plugin updater (category:base,tabindex:12)
2024-11-19 14:20:44,104 [INFO] PluginManage:310 - Check plugin userauth
2024-11-19 14:20:44,107 [INFO] UserAuth:113 - Init User Auth plugin
2024-11-19 14:20:44,107 [INFO] PluginManage:359 - Loaded plugin userauth (category:base,tabindex:14)
2024-11-19 14:20:44,108 [INFO] PluginManage:283 - PluginManage : Loaded plugins [18]
2024-11-19 14:20:44,301 [INFO] PinOutPanel:1561 - setPackage(No Configuration,No Configuration)
2024-11-19 14:20:44,389 [INFO] CADModel:165 - CPN selected for project level
2024-11-19 14:20:44,389 [INFO] CADModel:114 - Register for checkConnection events
2024-11-19 14:20:44,421 [INFO] IPUIPlugin:80 - create IPUIPlugin
2024-11-19 14:20:44,422 [INFO] PluginManager:220 - loadIPPluginJar : add adc
2024-11-19 14:20:44,475 [INFO] IPUIPlugin:80 - create IPUIPlugin
2024-11-19 14:20:44,475 [INFO] PluginManager:220 - loadIPPluginJar : add aes
2024-11-19 14:20:44,537 [INFO] IPUIPlugin:80 - create IPUIPlugin
2024-11-19 14:20:44,537 [INFO] PluginManager:220 - loadIPPluginJar : add can
2024-11-19 14:20:44,571 [INFO] IPUIPlugin:80 - create IPUIPlugin
2024-11-19 14:20:44,571 [INFO] PluginManager:220 - loadIPPluginJar : add comp
2024-11-19 14:20:44,603 [INFO] IPUIPlugin:80 - create IPUIPlugin
2024-11-19 14:20:44,604 [INFO] PluginManager:220 - loadIPPluginJar : add cryp
2024-11-19 14:20:44,623 [INFO] IPUIPlugin:80 - create IPUIPlugin
2024-11-19 14:20:44,623 [INFO] PluginManager:220 - loadIPPluginJar : add ddr_ctrl_phy
2024-11-19 14:20:44,670 [INFO] IPUIPlugin:80 - create IPUIPlugin
2024-11-19 14:20:44,670 [INFO] PluginManager:220 - loadIPPluginJar : add dfsdm
2024-11-19 14:20:44,693 [INFO] IPUIPlugin:80 - create IPUIPlugin
2024-11-19 14:20:44,694 [INFO] PluginManager:220 - loadIPPluginJar : add dma
2024-11-19 14:20:44,777 [INFO] IPUIPlugin:80 - create IPUIPlugin
2024-11-19 14:20:44,778 [INFO] PluginManager:220 - loadIPPluginJar : add dma3
2024-11-19 14:20:44,829 [INFO] IPUIPlugin:80 - create IPUIPlugin
2024-11-19 14:20:44,829 [INFO] PluginManager:220 - loadIPPluginJar : add extmemmanager
2024-11-19 14:20:44,851 [INFO] IPUIPlugin:80 - create IPUIPlugin
2024-11-19 14:20:44,851 [INFO] PluginManager:220 - loadIPPluginJar : add fatfs
2024-11-19 14:20:44,908 [INFO] IPUIPlugin:80 - create IPUIPlugin
2024-11-19 14:20:44,908 [INFO] PluginManager:220 - loadIPPluginJar : add fmc
2024-11-19 14:20:44,921 [INFO] IPUIPlugin:80 - create IPUIPlugin
2024-11-19 14:20:44,922 [INFO] PluginManager:220 - loadIPPluginJar : add freertos
2024-11-19 14:20:44,941 [INFO] IPUIPlugin:80 - create IPUIPlugin
2024-11-19 14:20:44,941 [INFO] PluginManager:220 - loadIPPluginJar : add genericplugin
2024-11-19 14:20:45,031 [INFO] IPUIPlugin:80 - create IPUIPlugin
2024-11-19 14:20:45,031 [INFO] PluginManager:220 - loadIPPluginJar : add gfxmmu
2024-11-19 14:20:45,167 [INFO] IPUIPlugin:80 - create IPUIPlugin
2024-11-19 14:20:45,167 [INFO] PluginManager:220 - loadIPPluginJar : add gic
2024-11-19 14:20:45,177 [INFO] IPUIPlugin:80 - create IPUIPlugin
2024-11-19 14:20:45,177 [INFO] PluginManager:220 - loadIPPluginJar : add gpio
2024-11-19 14:20:45,273 [INFO] IPUIPlugin:80 - create IPUIPlugin
2024-11-19 14:20:45,273 [INFO] PluginManager:220 - loadIPPluginJar : add gtzc
2024-11-19 14:20:45,310 [INFO] IPUIPlugin:80 - create IPUIPlugin
2024-11-19 14:20:45,310 [INFO] PluginManager:220 - loadIPPluginJar : add hash
2024-11-19 14:20:45,366 [INFO] IPUIPlugin:80 - create IPUIPlugin
2024-11-19 14:20:45,366 [INFO] PluginManager:220 - loadIPPluginJar : add i2c
2024-11-19 14:20:45,408 [INFO] IPUIPlugin:80 - create IPUIPlugin
2024-11-19 14:20:45,408 [INFO] PluginManager:220 - loadIPPluginJar : add i2s
2024-11-19 14:20:45,464 [INFO] IPUIPlugin:80 - create IPUIPlugin
2024-11-19 14:20:45,465 [INFO] PluginManager:220 - loadIPPluginJar : add i3c
2024-11-19 14:20:45,573 [INFO] IPUIPlugin:80 - create IPUIPlugin
2024-11-19 14:20:45,574 [INFO] PluginManager:220 - loadIPPluginJar : add ipddr
2024-11-19 14:20:45,661 [INFO] IPUIPlugin:80 - create IPUIPlugin
2024-11-19 14:20:45,662 [INFO] PluginManager:220 - loadIPPluginJar : add linkedlist
2024-11-19 14:20:45,700 [INFO] IPUIPlugin:80 - create IPUIPlugin
2024-11-19 14:20:45,700 [INFO] PluginManager:220 - loadIPPluginJar : add lorawan
2024-11-19 14:20:45,744 [INFO] IPUIPlugin:80 - create IPUIPlugin
2024-11-19 14:20:45,744 [INFO] PluginManager:220 - loadIPPluginJar : add ltdc
2024-11-19 14:20:45,764 [INFO] IPUIPlugin:80 - create IPUIPlugin
2024-11-19 14:20:45,764 [INFO] PluginManager:220 - loadIPPluginJar : add mdma
2024-11-19 14:20:45,774 [INFO] IPUIPlugin:80 - create IPUIPlugin
2024-11-19 14:20:45,774 [INFO] PluginManager:220 - loadIPPluginJar : add nvic
2024-11-19 14:20:45,811 [INFO] IPUIPlugin:80 - create IPUIPlugin
2024-11-19 14:20:45,811 [INFO] PluginManager:220 - loadIPPluginJar : add opamp
2024-11-19 14:20:45,858 [INFO] IPUIPlugin:80 - create IPUIPlugin
2024-11-19 14:20:45,859 [INFO] PluginManager:220 - loadIPPluginJar : add openamp
2024-11-19 14:20:45,894 [INFO] IPUIPlugin:80 - create IPUIPlugin
2024-11-19 14:20:45,894 [INFO] PluginManager:220 - loadIPPluginJar : add pdm2pcm
2024-11-19 14:20:45,908 [INFO] IPUIPlugin:80 - create IPUIPlugin
2024-11-19 14:20:45,912 [INFO] PluginManager:220 - loadIPPluginJar : add plateformsettings
2024-11-19 14:20:45,931 [INFO] IPUIPlugin:80 - create IPUIPlugin
2024-11-19 14:20:45,936 [INFO] PluginManager:220 - loadIPPluginJar : add quadspi
2024-11-19 14:20:45,956 [INFO] IPUIPlugin:80 - create IPUIPlugin
2024-11-19 14:20:45,958 [INFO] PluginManager:220 - loadIPPluginJar : add radio
2024-11-19 14:20:45,968 [INFO] IPUIPlugin:80 - create IPUIPlugin
2024-11-19 14:20:45,968 [INFO] PluginManager:220 - loadIPPluginJar : add resmgrutility
2024-11-19 14:20:46,012 [INFO] IPUIPlugin:80 - create IPUIPlugin
2024-11-19 14:20:46,013 [INFO] PluginManager:220 - loadIPPluginJar : add sai
2024-11-19 14:20:46,046 [INFO] IPUIPlugin:80 - create IPUIPlugin
2024-11-19 14:20:46,046 [INFO] PluginManager:220 - loadIPPluginJar : add spi
2024-11-19 14:20:46,109 [INFO] IPUIPlugin:80 - create IPUIPlugin
2024-11-19 14:20:46,110 [INFO] PluginManager:220 - loadIPPluginJar : add stm32_wpan
2024-11-19 14:20:46,131 [INFO] IPUIPlugin:80 - create IPUIPlugin
2024-11-19 14:20:46,131 [INFO] PluginManager:220 - loadIPPluginJar : add tim
2024-11-19 14:20:46,185 [INFO] IPUIPlugin:80 - create IPUIPlugin
2024-11-19 14:20:46,186 [INFO] PluginManager:220 - loadIPPluginJar : add touchsensing
2024-11-19 14:20:46,205 [INFO] IPUIPlugin:80 - create IPUIPlugin
2024-11-19 14:20:46,205 [INFO] PluginManager:220 - loadIPPluginJar : add tracer_emb
2024-11-19 14:20:46,224 [INFO] IPUIPlugin:80 - create IPUIPlugin
2024-11-19 14:20:46,224 [INFO] PluginManager:220 - loadIPPluginJar : add ts
2024-11-19 14:20:46,245 [INFO] IPUIPlugin:80 - create IPUIPlugin
2024-11-19 14:20:46,245 [INFO] PluginManager:220 - loadIPPluginJar : add tsc
2024-11-19 14:20:46,265 [INFO] IPUIPlugin:80 - create IPUIPlugin
2024-11-19 14:20:46,265 [INFO] PluginManager:220 - loadIPPluginJar : add ucpd
2024-11-19 14:20:46,303 [INFO] IPUIPlugin:80 - create IPUIPlugin
2024-11-19 14:20:46,303 [INFO] PluginManager:220 - loadIPPluginJar : add usart
2024-11-19 14:20:46,337 [INFO] IPUIPlugin:80 - create IPUIPlugin
2024-11-19 14:20:46,337 [INFO] PluginManager:220 - loadIPPluginJar : add usbx
2024-11-19 14:20:46,450 [INFO] CADModel:165 - CPN selected for project level
2024-11-19 14:20:46,450 [INFO] CADModel:114 - Register for checkConnection events
2024-11-19 14:20:46,450 [FATAL] Updater:334 - Updater called before beeing initialized
2024-11-19 14:20:46,450 [ERROR] CADModel:125 - Updater not yet initialized, retry later 
2024-11-19 14:20:46,536 [INFO] CADModel:165 - CPN selected for project level
2024-11-19 14:20:46,536 [INFO] CADModel:114 - Register for checkConnection events
2024-11-19 14:20:46,536 [FATAL] Updater:334 - Updater called before beeing initialized
2024-11-19 14:20:46,536 [ERROR] CADModel:125 - Updater not yet initialized, retry later 
2024-11-19 14:20:46,538 [FATAL] Updater:334 - Updater called before beeing initialized
2024-11-19 14:20:46,626 [FATAL] Updater:334 - Updater called before beeing initialized
2024-11-19 14:20:46,636 [INFO] DbMcusAds:53 - JSON generation date=Fri Sep 20 15:04:38 CEST 2024 (1726837478367)
2024-11-19 14:20:46,636 [FATAL] Updater:334 - Updater called before beeing initialized
2024-11-19 14:20:46,668 [WARN] DetailPanel:346 - Failed to get advertising image, set to default
2024-11-19 14:20:46,743 [FATAL] Updater:334 - Updater called before beeing initialized
2024-11-19 14:20:46,744 [FATAL] Updater:334 - Updater called before beeing initialized
2024-11-19 14:20:46,745 [FATAL] Updater:334 - Updater called before beeing initialized
2024-11-19 14:20:46,745 [WARN] DetailPanel:346 - Failed to get advertising image, set to default
2024-11-19 14:20:46,745 [FATAL] Updater:334 - Updater called before beeing initialized
2024-11-19 14:20:46,797 [ERROR] Updater:1164 - MainUpdater not yet initialized. External WinMGr cannot be set.
2024-11-19 14:20:46,806 [INFO] Updater:1100 - Updater Version found : 6.12.1
2024-11-19 14:20:46,823 [INFO] ApplicationProperties:184 - Using Application install path: C:\ST\STM32CubeIDE_1.15.0\STM32CubeIDE\plugins\com.st.stm32cube.common.mx_6.12.1.202409122256
2024-11-19 14:20:46,894 [INFO] ThirdPartyUpdaterWithRetryManager:70 - Updater plugin not ready yet. [2/15]
2024-11-19 14:20:48,403 [ERROR] LogOutputStream:75 - [STDERR_REDIRECT] Nov 19, 2024 2:20:48 PM java.util.prefs.WindowsPreferences <init>
2024-11-19 14:20:48,405 [ERROR] LogOutputStream:75 - [STDERR_REDIRECT] WARNING: Could not open/create prefs root node Software\JavaSoft\Prefs at root 0xffffffff80000002. Windows RegCreateKeyEx(...) returned error code 5.
2024-11-19 14:20:48,405 [ERROR] LogOutputStream:75 - [STDERR_REDIRECT] 
2024-11-19 14:20:49,083 [INFO] MainUpdater:2873 - connection check result : 10
2024-11-19 14:20:49,084 [INFO] MainUpdater:290 - Updater Check For Update Now.
2024-11-19 14:20:49,084 [INFO] MicroXplorer:498 - Change Database Version : DB.6.0.121
2024-11-19 14:20:49,104 [INFO] McuFinderGlobals:63 - Set McuFinder mode to 2 (CubeIDE integrated)
2024-11-19 14:20:49,112 [INFO] UserAuth:417 - Internet connection configuration mode: 1
2024-11-19 14:20:49,137 [INFO] JxBrowserEngine:152 - Initiate JxBrowser Engine with user profile folder
2024-11-19 14:20:49,356 [INFO] CheckServerUpdateThread:120 - End of CheckServer Thread
2024-11-19 14:20:50,083 [WARN] PackLoader:240 - Cannot read IP mode file for STMicroelectronics.FP-SNS-MOTENVWB1.1.4.0
2024-11-19 14:20:50,107 [WARN] PackLoader:240 - Cannot read IP mode file for STMicroelectronics.FP-ATR-ASTRA1.2.0.1
2024-11-19 14:20:50,125 [WARN] PackLoader:240 - Cannot read IP mode file for STMicroelectronics.X-CUBE-SMBUS.2.1.0
2024-11-19 14:20:50,147 [WARN] PackLoader:240 - Cannot read IP mode file for STMicroelectronics.X-CUBE-WB05N.1.1.0
2024-11-19 14:20:50,166 [WARN] PackLoader:240 - Cannot read IP mode file for STMicroelectronics.X-CUBE-TOUCHGFX.4.23.0
2024-11-19 14:20:50,277 [WARN] PackLoader:240 - Cannot read IP mode file for STMicroelectronics.X-CUBE-TOUCHGFX.4.23.2
2024-11-19 14:20:50,402 [WARN] PackLoader:240 - Cannot read IP mode file for STMicroelectronics.X-CUBE-AZRTOS-F7.1.1.0
2024-11-19 14:20:50,434 [WARN] PackLoader:240 - Cannot read IP mode file for STMicroelectronics.X-CUBE-TOUCHGFX.4.19.1
2024-11-19 14:20:50,583 [WARN] PackLoader:240 - Cannot read IP mode file for STMicroelectronics.X-CUBE-MEMS1.11.0.0
2024-11-19 14:20:50,729 [WARN] PackLoader:240 - Cannot read IP mode file for STMicroelectronics.FP-SNS-FLIGHT1.5.0.2
2024-11-19 14:20:50,747 [WARN] PackLoader:240 - Cannot read IP mode file for STMicroelectronics.X-CUBE-DISPLAY.3.0.0
2024-11-19 14:20:50,765 [WARN] PackLoader:240 - Cannot read IP mode file for STMicroelectronics.X-CUBE-BLE1.7.0.0
2024-11-19 14:20:50,790 [WARN] PackLoader:240 - Cannot read IP mode file for STMicroelectronics.X-CUBE-NFC10.1.0.0
2024-11-19 14:20:50,809 [WARN] PackLoader:240 - Cannot read IP mode file for emotas.I-CUBE-CANOPEN.1.3.0
2024-11-19 14:20:50,827 [WARN] PackLoader:240 - Cannot read IP mode file for STMicroelectronics.X-CUBE-BLEMGR.3.1.0
2024-11-19 14:20:50,844 [WARN] PackLoader:240 - Cannot read IP mode file for STMicroelectronics.FP-SNS-SMARTAG2.1.2.0
2024-11-19 14:20:50,865 [INFO] LogOutputStream:77 - [STDOUT_REDIRECT] 1 : Invalid condition id : UX_CORESTACK_Condition cause : null
2024-11-19 14:20:50,866 [INFO] LogOutputStream:77 - [STDOUT_REDIRECT] 1 : Invalid condition id : UX_CORESTACK_Condition cause : null
2024-11-19 14:20:50,866 [INFO] LogOutputStream:77 - [STDOUT_REDIRECT] 1 : Invalid condition id : UX_CORESTACK_Condition cause : null
2024-11-19 14:20:50,867 [INFO] LogOutputStream:77 - [STDOUT_REDIRECT] 1 : Invalid condition id : UX_CORESTACK_Condition cause : null
2024-11-19 14:20:50,868 [INFO] LogOutputStream:77 - [STDOUT_REDIRECT] 1 : Invalid condition id : UX_CORESTACK_Condition cause : null
2024-11-19 14:20:50,870 [WARN] PackLoader:240 - Cannot read IP mode file for STMicroelectronics.X-CUBE-AZRTOS-WL.2.0.0
2024-11-19 14:20:50,889 [WARN] PackLoader:240 - Cannot read IP mode file for STMicroelectronics.FP-SNS-MOTENV1.5.0.0
2024-11-19 14:20:50,906 [WARN] PackLoader:240 - Cannot read IP mode file for wolfSSL.I-CUBE-wolfMQTT.1.19.0
2024-11-19 14:20:50,928 [WARN] PackLoader:240 - Cannot read IP mode file for WES.I-CUBE-Cesium.1.3.0
2024-11-19 14:20:50,947 [WARN] PackLoader:240 - Cannot read IP mode file for STMicroelectronics.X-CUBE-BLE2.3.3.0
2024-11-19 14:20:50,963 [WARN] PackLoader:240 - Cannot read IP mode file for STMicroelectronics.X-CUBE-NFC9.1.0.0
2024-11-19 14:20:50,981 [WARN] PackLoader:240 - Cannot read IP mode file for STMicroelectronics.X-CUBE-TCPP.4.1.0
2024-11-19 14:20:51,012 [WARN] PackLoader:240 - Cannot read IP mode file for STMicroelectronics.X-CUBE-AZRTOS-G0.1.1.0
2024-11-19 14:20:51,029 [WARN] PackLoader:240 - Cannot read IP mode file for STMicroelectronics.X-CUBE-SAFEA1.1.2.2
2024-11-19 14:20:51,050 [WARN] PackLoader:240 - Cannot read IP mode file for STMicroelectronics.X-CUBE-NFC4.3.0.0
2024-11-19 14:20:51,071 [WARN] PackLoader:240 - Cannot read IP mode file for EmbeddedOffice.I-CUBE-FS-RTOS.1.0.1
2024-11-19 14:20:51,072 [ERROR] ConditionMgr:805 - Attr not supported : Dmpu
2024-11-19 14:20:51,072 [ERROR] ConditionMgr:805 - Attr not supported : Dmpu
2024-11-19 14:20:51,072 [ERROR] ConditionMgr:805 - Attr not supported : Dmpu
2024-11-19 14:20:51,072 [ERROR] ConditionMgr:805 - Attr not supported : Dmpu
2024-11-19 14:20:51,072 [ERROR] ConditionMgr:805 - Attr not supported : Dmpu
2024-11-19 14:20:51,072 [ERROR] ConditionMgr:805 - Attr not supported : Dmpu
2024-11-19 14:20:51,072 [ERROR] ConditionMgr:805 - Attr not supported : Dmpu
2024-11-19 14:20:51,072 [ERROR] ConditionMgr:805 - Attr not supported : Dmpu
2024-11-19 14:20:51,072 [ERROR] ConditionMgr:805 - Attr not supported : Dmpu
2024-11-19 14:20:51,073 [ERROR] ConditionMgr:805 - Attr not supported : Dmpu
2024-11-19 14:20:51,073 [ERROR] ConditionMgr:805 - Attr not supported : Dmpu
2024-11-19 14:20:51,073 [ERROR] ConditionMgr:805 - Attr not supported : Dmpu
2024-11-19 14:20:51,073 [ERROR] ConditionMgr:805 - Attr not supported : Dmpu
2024-11-19 14:20:51,073 [ERROR] ConditionMgr:805 - Attr not supported : Dmpu
2024-11-19 14:20:51,073 [ERROR] ConditionMgr:805 - Attr not supported : Dmpu
2024-11-19 14:20:51,073 [ERROR] ConditionMgr:805 - Attr not supported : Dmpu
2024-11-19 14:20:51,073 [ERROR] ConditionMgr:805 - Attr not supported : Dmpu
2024-11-19 14:20:51,073 [ERROR] ConditionMgr:805 - Attr not supported : Dmpu
2024-11-19 14:20:51,073 [ERROR] ConditionMgr:805 - Attr not supported : Dmpu
2024-11-19 14:20:51,073 [ERROR] ConditionMgr:805 - Attr not supported : Dmpu
2024-11-19 14:20:51,073 [ERROR] ConditionMgr:805 - Attr not supported : Dmpu
2024-11-19 14:20:51,073 [ERROR] ConditionMgr:805 - Attr not supported : Dmpu
2024-11-19 14:20:51,073 [ERROR] ConditionMgr:805 - Attr not supported : Dmpu
2024-11-19 14:20:51,073 [ERROR] ConditionMgr:805 - Attr not supported : Dmpu
2024-11-19 14:20:51,074 [ERROR] ConditionMgr:805 - Attr not supported : Dmpu
2024-11-19 14:20:51,074 [ERROR] ConditionMgr:805 - Attr not supported : Dmpu
2024-11-19 14:20:51,074 [ERROR] ConditionMgr:805 - Attr not supported : Dmpu
2024-11-19 14:20:51,074 [ERROR] ConditionMgr:805 - Attr not supported : Dmpu
2024-11-19 14:20:51,074 [ERROR] ConditionMgr:805 - Attr not supported : Dmpu
2024-11-19 14:20:51,074 [ERROR] ConditionMgr:805 - Attr not supported : Dmpu
2024-11-19 14:20:51,074 [ERROR] ConditionMgr:805 - Attr not supported : Dmpu
2024-11-19 14:20:51,074 [ERROR] ConditionMgr:805 - Attr not supported : Dmpu
2024-11-19 14:20:51,074 [ERROR] ConditionMgr:805 - Attr not supported : Dmpu
2024-11-19 14:20:51,074 [ERROR] ConditionMgr:805 - Attr not supported : Dmpu
2024-11-19 14:20:51,074 [ERROR] ConditionMgr:805 - Attr not supported : Dmpu
2024-11-19 14:20:51,074 [ERROR] ConditionMgr:805 - Attr not supported : Dmpu
2024-11-19 14:20:51,075 [ERROR] ConditionMgr:805 - Attr not supported : Dmpu
2024-11-19 14:20:51,075 [ERROR] ConditionMgr:805 - Attr not supported : Dmpu
2024-11-19 14:20:51,075 [ERROR] ConditionMgr:805 - Attr not supported : Dmpu
2024-11-19 14:20:51,075 [ERROR] ConditionMgr:805 - Attr not supported : Dmpu
2024-11-19 14:20:51,075 [ERROR] ConditionMgr:805 - Attr not supported : Dmpu
2024-11-19 14:20:51,075 [ERROR] ConditionMgr:805 - Attr not supported : Dmpu
2024-11-19 14:20:51,075 [ERROR] ConditionMgr:805 - Attr not supported : Dmpu
2024-11-19 14:20:51,075 [ERROR] ConditionMgr:805 - Attr not supported : Dmpu
2024-11-19 14:20:51,075 [ERROR] ConditionMgr:805 - Attr not supported : Dmpu
2024-11-19 14:20:51,075 [ERROR] ConditionMgr:805 - Attr not supported : Dmpu
2024-11-19 14:20:51,075 [ERROR] ConditionMgr:805 - Attr not supported : Dmpu
2024-11-19 14:20:51,075 [ERROR] ConditionMgr:805 - Attr not supported : Dmpu
2024-11-19 14:20:51,076 [ERROR] ConditionMgr:805 - Attr not supported : Dmpu
2024-11-19 14:20:51,076 [ERROR] ConditionMgr:805 - Attr not supported : Dmpu
2024-11-19 14:20:51,076 [ERROR] ConditionMgr:805 - Attr not supported : Dmpu
2024-11-19 14:20:51,076 [ERROR] ConditionMgr:805 - Attr not supported : Dmpu
2024-11-19 14:20:51,076 [ERROR] ConditionMgr:805 - Attr not supported : Dmpu
2024-11-19 14:20:51,076 [ERROR] ConditionMgr:805 - Attr not supported : Dmpu
2024-11-19 14:20:51,076 [ERROR] ConditionMgr:805 - Attr not supported : Dmpu
2024-11-19 14:20:51,076 [ERROR] ConditionMgr:805 - Attr not supported : Dmpu
2024-11-19 14:20:51,076 [ERROR] ConditionMgr:805 - Attr not supported : Dmpu
2024-11-19 14:20:51,076 [ERROR] ConditionMgr:805 - Attr not supported : Dmpu
2024-11-19 14:20:51,076 [ERROR] ConditionMgr:805 - Attr not supported : Dmpu
2024-11-19 14:20:51,076 [ERROR] ConditionMgr:805 - Attr not supported : Dmpu
2024-11-19 14:20:51,076 [ERROR] ConditionMgr:805 - Attr not supported : Dmpu
2024-11-19 14:20:51,076 [ERROR] ConditionMgr:805 - Attr not supported : Dmpu
2024-11-19 14:20:51,076 [ERROR] ConditionMgr:805 - Attr not supported : Dmpu
2024-11-19 14:20:51,076 [ERROR] ConditionMgr:805 - Attr not supported : Dmpu
2024-11-19 14:20:51,095 [WARN] PackLoader:240 - Cannot read IP mode file for RealThread.X-CUBE-RT-Thread_Nano.4.1.1
2024-11-19 14:20:51,115 [WARN] PackLoader:240 - Cannot read IP mode file for STMicroelectronics.FP-ATR-SIGFOX1.3.2.0
2024-11-19 14:20:51,133 [WARN] PackLoader:240 - Cannot read IP mode file for wolfSSL.I-CUBE-wolfSSL.5.7.2
2024-11-19 14:20:51,151 [WARN] ConditionMgr:438 - getConditionDescription Invalid condition id : Cortex-A Device cause : null
2024-11-19 14:20:51,172 [WARN] ConditionMgr:1039 - genDependencies : Invalid condition id : Cortex-A Device cause : null
2024-11-19 14:20:51,172 [WARN] ConditionMgr:1039 - genDependencies : Invalid condition id : Cortex-A Device cause : null
2024-11-19 14:20:51,172 [WARN] ConditionMgr:1039 - genDependencies : Invalid condition id : Cortex-A Device cause : null
2024-11-19 14:20:51,189 [WARN] PackLoader:240 - Cannot read IP mode file for STMicroelectronics.X-CUBE-EEPRMA1.5.1.0
2024-11-19 14:20:51,212 [WARN] PackLoader:240 - Cannot read IP mode file for ITTIA_DB.I-CUBE-ITTIADB.8.9.0
2024-11-19 14:20:51,254 [WARN] PackLoader:240 - Cannot read IP mode file for SEGGER.I-CUBE-embOS.1.3.1
2024-11-19 14:20:51,304 [WARN] PackLoader:240 - Cannot read IP mode file for STMicroelectronics.X-CUBE-ALGOBUILD.1.4.0
2024-11-19 14:20:51,322 [WARN] PackLoader:240 - Cannot read IP mode file for STMicroelectronics.X-CUBE-AI.9.1.0
2024-11-19 14:20:51,341 [WARN] PackLoader:240 - Cannot read IP mode file for STMicroelectronics.X-CUBE-GNSS1.6.0.0
2024-11-19 14:20:51,370 [WARN] PackLoader:240 - Cannot read IP mode file for STMicroelectronics.X-CUBE-AZRTOS-F4.1.1.0
2024-11-19 14:20:51,385 [WARN] PackLoader:240 - Cannot read IP mode file for STMicroelectronics.X-CUBE-ISPU.2.1.0
2024-11-19 14:20:51,402 [WARN] PackLoader:240 - Cannot read IP mode file for STMicroelectronics.X-CUBE-FREERTOS.1.2.0
2024-11-19 14:20:51,488 [WARN] PackLoader:240 - Cannot read IP mode file for STMicroelectronics.X-CUBE-AZRTOS-L5.2.0.0
2024-11-19 14:20:51,504 [WARN] PackLoader:240 - Cannot read IP mode file for STMicroelectronics.X-CUBE-NFC6.3.1.0
2024-11-19 14:20:51,521 [WARN] PackLoader:240 - Cannot read IP mode file for STMicroelectronics.X-CUBE-DPower.1.2.0
2024-11-19 14:20:51,537 [WARN] PackLoader:240 - Cannot read IP mode file for STMicroelectronics.X-CUBE-AI.9.0.0
2024-11-19 14:20:51,552 [WARN] PackLoader:240 - Cannot read IP mode file for STMicroelectronics.X-CUBE-NFC7.1.0.1
2024-11-19 14:20:51,568 [WARN] PackLoader:240 - Cannot read IP mode file for wolfSSL.I-CUBE-wolfTPM.3.2.0
2024-11-19 14:20:51,591 [WARN] ConditionMgr:438 - getConditionDescription Invalid condition id : LAN8742 Phy interface Condition cause : null
2024-11-19 14:20:51,592 [WARN] PackLoader:240 - Cannot read IP mode file for STMicroelectronics.X-CUBE-AZRTOS-L4.2.0.0
2024-11-19 14:20:51,593 [WARN] ConditionMgr:1039 - genDependencies : Invalid condition id : LAN8742 Phy interface Condition cause : null
2024-11-19 14:20:51,593 [WARN] ConditionMgr:1039 - genDependencies : Invalid condition id : LAN8742 Phy interface Condition cause : null
2024-11-19 14:20:51,594 [WARN] ConditionMgr:1039 - genDependencies : Invalid condition id : LAN8742 Phy interface Condition cause : null
2024-11-19 14:20:51,618 [WARN] PackLoader:240 - Cannot read IP mode file for STMicroelectronics.X-CUBE-SFXS2LP1.4.0.0
2024-11-19 14:20:51,651 [WARN] PackLoader:240 - Cannot read IP mode file for STMicroelectronics.X-CUBE-AZRTOS-H7.3.3.0
2024-11-19 14:20:51,677 [WARN] PackLoader:240 - Cannot read IP mode file for STMicroelectronics.X-CUBE-IPS.3.0.0
2024-11-19 14:20:51,710 [WARN] ConditionMgr:438 - getConditionDescription Invalid condition id : UX DEVICE CLASS RTOS Condition cause : null
2024-11-19 14:20:51,710 [WARN] ConditionMgr:438 - getConditionDescription Invalid condition id : UX DEVICE CLASS RTOS Condition cause : null
2024-11-19 14:20:51,713 [WARN] PackLoader:240 - Cannot read IP mode file for STMicroelectronics.X-CUBE-AZRTOS-WB.2.0.0
2024-11-19 14:20:51,714 [WARN] ConditionMgr:1039 - genDependencies : Invalid condition id : UX DEVICE CLASS RTOS Condition cause : null
2024-11-19 14:20:51,714 [WARN] ConditionMgr:1039 - genDependencies : Invalid condition id : UX DEVICE CLASS RTOS Condition cause : null
2024-11-19 14:20:51,715 [WARN] ConditionMgr:1039 - genDependencies : Invalid condition id : UX DEVICE CLASS RTOS Condition cause : null
2024-11-19 14:20:51,715 [WARN] ConditionMgr:1039 - genDependencies : Invalid condition id : UX DEVICE CLASS RTOS Condition cause : null
2024-11-19 14:20:51,715 [WARN] ConditionMgr:1039 - genDependencies : Invalid condition id : UX DEVICE CLASS RTOS Condition cause : null
2024-11-19 14:20:51,740 [WARN] PackLoader:240 - Cannot read IP mode file for STMicroelectronics.X-CUBE-GNSS1.7.0.0
2024-11-19 14:20:51,762 [WARN] PackLoader:240 - Cannot read IP mode file for STMicroelectronics.FP-SNS-STBOX1.2.0.0
2024-11-19 14:20:51,788 [WARN] PackLoader:240 - Cannot read IP mode file for STMicroelectronics.X-CUBE-SUBG2.5.0.0
2024-11-19 14:20:51,809 [WARN] PackLoader:240 - Cannot read IP mode file for Cesanta.I-CUBE-Mongoose.7.13.0
2024-11-19 14:20:51,835 [WARN] PackLoader:240 - Cannot read IP mode file for STMicroelectronics.X-CUBE-AZRTOS-G4.2.0.0
2024-11-19 14:20:51,850 [WARN] PackLoader:240 - Cannot read IP mode file for STMicroelectronics.X-CUBE-ISPU.2.0.0
2024-11-19 14:20:51,868 [WARN] PackLoader:240 - Cannot read IP mode file for STMicroelectronics.X-CUBE-ALS.1.0.2
2024-11-19 14:20:51,923 [WARN] PackLoader:240 - Cannot read IP mode file for STMicroelectronics.X-CUBE-MEMS1.10.0.0
2024-11-19 14:20:52,038 [WARN] PackLoader:240 - Cannot read IP mode file for STMicroelectronics.X-CUBE-FREERTOS.1.1.0
2024-11-19 14:20:52,108 [WARN] PackLoader:240 - Cannot read IP mode file for STMicroelectronics.X-CUBE-TOUCHGFX.4.24.0
2024-11-19 14:20:52,183 [WARN] PackLoader:240 - Cannot read IP mode file for STMicroelectronics.X-CUBE-TOUCHGFX.4.24.1
2024-11-19 14:20:52,203 [WARN] PackLoader:240 - Cannot read IP mode file for portGmbH.I-Cube-SoM-uGOAL.1.1.0
2024-11-19 14:20:52,236 [WARN] PackLoader:240 - Cannot read IP mode file for STMicroelectronics.X-CUBE-AZRTOS-H7RS.1.0.0
2024-11-19 14:20:52,253 [WARN] PackLoader:240 - Cannot read IP mode file for STMicroelectronics.FP-ATR-ASTRA1.2.0.0
2024-11-19 14:20:52,272 [WARN] PackLoader:240 - Cannot read IP mode file for STMicroelectronics.X-CUBE-TOF1.3.4.2
2024-11-19 14:20:52,307 [WARN] PackLoader:240 - Cannot read IP mode file for STMicroelectronics.X-CUBE-AZRTOS-H7.3.2.0
2024-11-19 14:20:52,344 [WARN] PackLoader:240 - Cannot read IP mode file for Infineon.AIROC-Wi-Fi-Bluetooth-STM32.1.6.0
2024-11-19 14:20:52,361 [WARN] PackLoader:240 - Cannot read IP mode file for wolfSSL.I-CUBE-wolfSSH.1.4.17
2024-11-19 14:20:52,362 [INFO] ThirdParty:978 - Integrity check success = true
2024-11-19 14:20:52,362 [INFO] IntegrityCheckThread:100 - exiting critical section [integrity check]
2024-11-19 14:20:52,362 [INFO] IntegrityCheckThread:103 - End integrity checks thread
2024-11-19 14:20:54,510 [INFO] WebApp:167 - Instantiating new browser for Auth
2024-11-19 14:20:55,055 [INFO] WebApp:448 - Apply proxy settings
2024-11-19 14:20:55,055 [INFO] WebApp:533 - Chromium requires no authentication
2024-11-19 14:20:55,061 [INFO] WebApp:476 - Direct internet connection detected
2024-11-19 14:20:55,075 [INFO] WebApp:869 - Register for checkConnection events
2024-11-19 14:20:55,075 [INFO] WebApp:448 - Apply proxy settings
2024-11-19 14:20:55,075 [INFO] WebApp:533 - Chromium requires no authentication
2024-11-19 14:20:55,076 [INFO] WebApp:476 - Direct internet connection detected
2024-11-19 14:20:55,164 [INFO] WebApp:220 - Starting web application
2024-11-19 14:20:55,164 [INFO] WebApp:578 - Web application path used C:\ST\STM32CubeIDE_1.15.0\STM32CubeIDE\plugins\com.st.stm32cube.common.mx_6.12.1.202409122256\db\plugins\mcufinder\reactClient1\index.html
2024-11-19 14:20:55,284 [INFO] UserAuth:417 - Internet connection configuration mode: 1
2024-11-19 14:20:55,314 [INFO] WebApp:186 - Connection restablished
