2024-11-28 09:30:24,652 [ERROR] LogOutputStream:75 - [STDERR_REDIRECT] 
2024-11-28 09:41:44,820 [INFO] Activator:176 - 


2024-11-28 09:41:44,820 [INFO] Activator:177 - !SESSION log4j initialized
2024-11-28 09:41:48,795 [INFO] LogOutputStream:77 - [STDOUT_REDIRECT] 
2024-11-28 09:41:51,592 [INFO] ApplicationProperties:184 - Using Application install path: C:\ST\STM32CubeIDE_1.15.0\STM32CubeIDE\plugins\com.st.stm32cube.common.mx_6.13.0.202411220809
2024-11-28 09:41:51,603 [INFO] DbMcusXml:78 - Set database path to: C:\ST\STM32CubeIDE_1.15.0\STM32CubeIDE\plugins\com.st.stm32cube.common.mx_6.13.0.202411220809\\db\/mcu/
2024-11-28 09:41:51,603 [INFO] ApiDb:274 - Set plugin database path to: C:\ST\STM32CubeIDE_1.15.0\STM32CubeIDE\plugins\com.st.stm32cube.common.mx_6.13.0.202411220809\\db\/plugins/boardmanager/
2024-11-28 09:41:51,604 [WARN] ApiDb:259 - Overriding images path with different value:  => C:\ST\STM32CubeIDE_1.15.0\STM32CubeIDE\plugins\com.st.stm32cube.common.mx_6.13.0.202411220809\\db\/plugins/mcufinder/images/
2024-11-28 09:41:51,610 [INFO] ApiDb:250 - Set database path to: C:\Users\stefa\.stmcufinder\plugins\mcufinder//mcu/
2024-11-28 09:41:51,611 [INFO] DbMcusAds:125 - Set database path to: C:\Users\stefa\.stmcufinder\plugins\mcufinder//mcu/
2024-11-28 09:41:51,612 [INFO] CrossReferenceDbSqlite:203 - Set database path to: C:\Users\stefa\.stmcufinder\plugins\mcufinder//mcu/cs/
2024-11-28 09:41:51,700 [INFO] RulesReader:64 - Compatibility file has been processed (297 Rules)
2024-11-28 09:41:51,751 [INFO] DbMcusXml:78 - Set database path to: C:\ST\STM32CubeIDE_1.15.0\STM32CubeIDE\plugins\com.st.stm32cube.common.mx_6.13.0.202411220809\\db\/mcu/
2024-11-28 09:41:51,751 [INFO] ApiDb:274 - Set plugin database path to: C:\ST\STM32CubeIDE_1.15.0\STM32CubeIDE\plugins\com.st.stm32cube.common.mx_6.13.0.202411220809\\db\/plugins/boardmanager/
2024-11-28 09:41:51,752 [INFO] ApiDb:261 - Set plugin images path to: C:\ST\STM32CubeIDE_1.15.0\STM32CubeIDE\plugins\com.st.stm32cube.common.mx_6.13.0.202411220809\\db\/plugins/mcufinder/images/
2024-11-28 09:41:51,752 [WARN] DbFile:41 - Overriding database path with different value: C:\Users\stefa\.stmcufinder\plugins\mcufinder/ => C:\Users\stefa\.stmcufinder\plugins\mcufinder
2024-11-28 09:41:51,752 [INFO] ApiDb:250 - Set database path to: C:\Users\stefa\.stmcufinder\plugins\mcufinder//mcu/
2024-11-28 09:41:51,752 [WARN] DbFile:41 - Overriding database path with different value: C:\Users\stefa\.stmcufinder\plugins\mcufinder/ => C:\Users\stefa\.stmcufinder\plugins\mcufinder
2024-11-28 09:41:51,752 [INFO] DbMcusAds:125 - Set database path to: C:\Users\stefa\.stmcufinder\plugins\mcufinder//mcu/
2024-11-28 09:41:51,752 [WARN] DbFile:41 - Overriding database path with different value: C:\Users\stefa\.stmcufinder\plugins\mcufinder/ => C:\Users\stefa\.stmcufinder\plugins\mcufinder
2024-11-28 09:41:51,752 [WARN] DbFile:41 - Overriding database path with different value: C:\Users\stefa\.stmcufinder\plugins\mcufinder/ => C:\Users\stefa\.stmcufinder\plugins\mcufinder
2024-11-28 09:41:51,752 [INFO] CrossReferenceDbSqlite:203 - Set database path to: C:\Users\stefa\.stmcufinder\plugins\mcufinder//mcu/cs/
2024-11-28 09:41:51,794 [INFO] MainPanel:272 - HeapMemory: 268435456
2024-11-28 09:41:51,868 [INFO] DbMcusXml:78 - Set database path to: C:\ST\STM32CubeIDE_1.15.0\STM32CubeIDE\plugins\com.st.stm32cube.common.mx_6.13.0.202411220809\\db\/mcu/
2024-11-28 09:41:51,869 [INFO] ApiDb:274 - Set plugin database path to: C:\ST\STM32CubeIDE_1.15.0\STM32CubeIDE\plugins\com.st.stm32cube.common.mx_6.13.0.202411220809\\db\/plugins/boardmanager/
2024-11-28 09:41:51,869 [INFO] ApiDb:261 - Set plugin images path to: C:\ST\STM32CubeIDE_1.15.0\STM32CubeIDE\plugins\com.st.stm32cube.common.mx_6.13.0.202411220809\\db\/plugins/mcufinder/images/
2024-11-28 09:41:51,869 [WARN] DbFile:41 - Overriding database path with different value: C:\Users\stefa\.stmcufinder\plugins\mcufinder/ => C:\Users\stefa\.stmcufinder\plugins\mcufinder
2024-11-28 09:41:51,869 [INFO] ApiDb:250 - Set database path to: C:\Users\stefa\.stmcufinder\plugins\mcufinder//mcu/
2024-11-28 09:41:51,869 [WARN] DbFile:41 - Overriding database path with different value: C:\Users\stefa\.stmcufinder\plugins\mcufinder/ => C:\Users\stefa\.stmcufinder\plugins\mcufinder
2024-11-28 09:41:51,869 [INFO] DbMcusAds:125 - Set database path to: C:\Users\stefa\.stmcufinder\plugins\mcufinder//mcu/
2024-11-28 09:41:51,870 [WARN] DbFile:41 - Overriding database path with different value: C:\Users\stefa\.stmcufinder\plugins\mcufinder/ => C:\Users\stefa\.stmcufinder\plugins\mcufinder
2024-11-28 09:41:51,870 [WARN] DbFile:41 - Overriding database path with different value: C:\Users\stefa\.stmcufinder\plugins\mcufinder/ => C:\Users\stefa\.stmcufinder\plugins\mcufinder
2024-11-28 09:41:51,870 [INFO] CrossReferenceDbSqlite:203 - Set database path to: C:\Users\stefa\.stmcufinder\plugins\mcufinder//mcu/cs/
2024-11-28 09:41:51,886 [INFO] ApplicationProperties:184 - Using Application install path: C:\ST\STM32CubeIDE_1.15.0\STM32CubeIDE\plugins\com.st.stm32cube.common.mx_6.13.0.202411220809
2024-11-28 09:41:51,888 [INFO] PluginManage:196 - Search for loadable plugins [exclusion list=, ]
2024-11-28 09:41:51,889 [INFO] PluginManage:310 - Check plugin analytics
2024-11-28 09:41:52,121 [INFO] AnalyticsPlugin:253 - Accepted Software Licenses: 
2024-11-28 09:41:52,121 [INFO] AnalyticsPlugin:255 - Accepted CMSIS Pack Licenses: 
2024-11-28 09:41:52,121 [INFO] AnalyticsPlugin:257 - Accepted Firmware Licenses: 
2024-11-28 09:41:52,123 [INFO] PluginManage:359 - Loaded plugin analytics (category:tool,tabindex:-1)
2024-11-28 09:41:52,123 [INFO] PluginManage:310 - Check plugin cadmodel
2024-11-28 09:41:52,134 [INFO] CADModel:105 - Init CAD model plugin
2024-11-28 09:41:52,135 [INFO] PluginManage:359 - Loaded plugin cadmodel (category:power,tabindex:5)
2024-11-28 09:41:52,135 [INFO] PluginManage:310 - Check plugin clock
2024-11-28 09:41:52,149 [INFO] PluginManage:359 - Loaded plugin clock (category:base,tabindex:2)
2024-11-28 09:41:52,149 [INFO] PluginManage:310 - Check plugin ddr
2024-11-28 09:41:52,151 [INFO] PluginManage:359 - Loaded plugin ddr (category:tool,tabindex:6)
2024-11-28 09:41:52,151 [INFO] PluginManage:310 - Check plugin filemanager
2024-11-28 09:41:52,264 [INFO] PluginManage:359 - Loaded plugin filemanager (category:base,tabindex:10)
2024-11-28 09:41:52,264 [INFO] PluginManage:310 - Check plugin ipmanager
2024-11-28 09:41:52,269 [INFO] PluginManage:359 - Loaded plugin ipmanager (category:base,tabindex:5)
2024-11-28 09:41:52,270 [INFO] PluginManage:310 - Check plugin lpbam
2024-11-28 09:41:52,283 [INFO] PluginManage:359 - Loaded plugin lpbam (category:base,tabindex:0)
2024-11-28 09:41:52,284 [INFO] PluginManage:310 - Check plugin memorymap
2024-11-28 09:41:52,300 [INFO] PluginManage:359 - Loaded plugin memorymap (category:base,tabindex:4)
2024-11-28 09:41:52,300 [INFO] PluginManage:310 - Check plugin pinoutandconfiguration
2024-11-28 09:41:52,312 [INFO] PluginManage:359 - Loaded plugin pinoutandconfiguration (category:base,tabindex:1)
2024-11-28 09:41:52,312 [INFO] PluginManage:310 - Check plugin pinoutconfig
2024-11-28 09:41:52,382 [WARN] SupportedApi:132 - Cannot load RTOS API schema: s4s-elt-must-match.1: The content of 'definitions' must match (annotation?, (simpleType | complexType)?, (unique | key | keyref)*)). A problem was found starting at: attribute.
2024-11-28 09:41:52,559 [INFO] PluginManage:359 - Loaded plugin pinoutconfig (category:base,tabindex:0)
2024-11-28 09:41:52,559 [INFO] PluginManage:310 - Check plugin power
2024-11-28 09:41:52,578 [INFO] PluginManage:359 - Loaded plugin power (category:power,tabindex:4)
2024-11-28 09:41:52,578 [INFO] PluginManage:310 - Check plugin projectmanager
2024-11-28 09:41:52,593 [INFO] PluginManage:359 - Loaded plugin projectmanager (category:projectmanager,tabindex:4)
2024-11-28 09:41:52,593 [INFO] PluginManage:310 - Check plugin rif
2024-11-28 09:41:52,611 [INFO] PluginManage:359 - Loaded plugin rif (category:base,tabindex:3)
2024-11-28 09:41:52,611 [INFO] PluginManage:310 - Check plugin thirdparty
2024-11-28 09:41:52,882 [WARN] IntegrityCheckThread:84 - waiting for thirdparty lock release [integrity check]
2024-11-28 09:41:52,883 [INFO] PluginManage:359 - Loaded plugin thirdparty (category:base,tabindex:-1)
2024-11-28 09:41:52,883 [INFO] IntegrityCheckThread:86 - entering critical section [integrity check]
2024-11-28 09:41:52,883 [INFO] PluginManage:310 - Check plugin tools
2024-11-28 09:41:52,883 [INFO] ThirdPartyUpdaterWithRetryManager:70 - Updater plugin not ready yet. [1/15]
2024-11-28 09:41:52,919 [INFO] PluginManage:359 - Loaded plugin tools (category:base,tabindex:7)
2024-11-28 09:41:52,920 [INFO] PluginManage:310 - Check plugin tutovideos
2024-11-28 09:41:53,127 [INFO] PluginManage:359 - Loaded plugin tutovideos (category:base,tabindex:-1)
2024-11-28 09:41:53,128 [INFO] PluginManage:310 - Check plugin updater
2024-11-28 09:41:53,146 [INFO] PluginManage:359 - Loaded plugin updater (category:base,tabindex:12)
2024-11-28 09:41:53,147 [INFO] PluginManage:310 - Check plugin userauth
2024-11-28 09:41:53,150 [INFO] UserAuth:118 - Init User Auth plugin
2024-11-28 09:41:53,150 [INFO] PluginManage:359 - Loaded plugin userauth (category:base,tabindex:14)
2024-11-28 09:41:53,151 [INFO] PluginManage:283 - PluginManage : Loaded plugins [18]
2024-11-28 09:41:53,313 [INFO] PinOutPanel:1589 - setPackage(No Configuration,No Configuration)
2024-11-28 09:41:53,379 [INFO] CADModel:165 - CPN selected for project level
2024-11-28 09:41:53,379 [INFO] CADModel:114 - Register for checkConnection events
2024-11-28 09:41:53,404 [INFO] IPUIPlugin:80 - create IPUIPlugin
2024-11-28 09:41:53,404 [INFO] PluginManager:220 - loadIPPluginJar : add adc
2024-11-28 09:41:53,434 [INFO] IPUIPlugin:80 - create IPUIPlugin
2024-11-28 09:41:53,434 [INFO] PluginManager:220 - loadIPPluginJar : add aes
2024-11-28 09:41:53,463 [INFO] IPUIPlugin:80 - create IPUIPlugin
2024-11-28 09:41:53,464 [INFO] PluginManager:220 - loadIPPluginJar : add can
2024-11-28 09:41:53,485 [INFO] IPUIPlugin:80 - create IPUIPlugin
2024-11-28 09:41:53,485 [INFO] PluginManager:220 - loadIPPluginJar : add comp
2024-11-28 09:41:53,512 [INFO] IPUIPlugin:80 - create IPUIPlugin
2024-11-28 09:41:53,512 [INFO] PluginManager:220 - loadIPPluginJar : add cryp
2024-11-28 09:41:53,520 [INFO] IPUIPlugin:80 - create IPUIPlugin
2024-11-28 09:41:53,520 [INFO] PluginManager:220 - loadIPPluginJar : add ddr_ctrl_phy
2024-11-28 09:41:53,543 [INFO] IPUIPlugin:80 - create IPUIPlugin
2024-11-28 09:41:53,543 [INFO] PluginManager:220 - loadIPPluginJar : add dfsdm
2024-11-28 09:41:53,553 [INFO] IPUIPlugin:80 - create IPUIPlugin
2024-11-28 09:41:53,553 [INFO] PluginManager:220 - loadIPPluginJar : add dma
2024-11-28 09:41:53,590 [INFO] IPUIPlugin:80 - create IPUIPlugin
2024-11-28 09:41:53,590 [INFO] PluginManager:220 - loadIPPluginJar : add dma3
2024-11-28 09:41:53,637 [INFO] IPUIPlugin:80 - create IPUIPlugin
2024-11-28 09:41:53,637 [INFO] PluginManager:220 - loadIPPluginJar : add extmemmanager
2024-11-28 09:41:53,661 [INFO] IPUIPlugin:80 - create IPUIPlugin
2024-11-28 09:41:53,661 [INFO] PluginManager:220 - loadIPPluginJar : add fatfs
2024-11-28 09:41:53,714 [INFO] IPUIPlugin:80 - create IPUIPlugin
2024-11-28 09:41:53,714 [INFO] PluginManager:220 - loadIPPluginJar : add fmc
2024-11-28 09:41:53,729 [INFO] IPUIPlugin:80 - create IPUIPlugin
2024-11-28 09:41:53,729 [INFO] PluginManager:220 - loadIPPluginJar : add freertos
2024-11-28 09:41:53,757 [INFO] IPUIPlugin:80 - create IPUIPlugin
2024-11-28 09:41:53,757 [INFO] PluginManager:220 - loadIPPluginJar : add genericplugin
2024-11-28 09:41:53,893 [INFO] IPUIPlugin:80 - create IPUIPlugin
2024-11-28 09:41:53,893 [INFO] PluginManager:220 - loadIPPluginJar : add gfxmmu
2024-11-28 09:41:54,075 [INFO] IPUIPlugin:80 - create IPUIPlugin
2024-11-28 09:41:54,076 [INFO] PluginManager:220 - loadIPPluginJar : add gic
2024-11-28 09:41:54,088 [INFO] IPUIPlugin:80 - create IPUIPlugin
2024-11-28 09:41:54,088 [INFO] PluginManager:220 - loadIPPluginJar : add gpio
2024-11-28 09:41:54,168 [INFO] IPUIPlugin:80 - create IPUIPlugin
2024-11-28 09:41:54,168 [INFO] PluginManager:220 - loadIPPluginJar : add gtzc
2024-11-28 09:41:54,201 [INFO] IPUIPlugin:80 - create IPUIPlugin
2024-11-28 09:41:54,201 [INFO] PluginManager:220 - loadIPPluginJar : add hash
2024-11-28 09:41:54,272 [INFO] IPUIPlugin:80 - create IPUIPlugin
2024-11-28 09:41:54,272 [INFO] PluginManager:220 - loadIPPluginJar : add i2c
2024-11-28 09:41:54,316 [INFO] IPUIPlugin:80 - create IPUIPlugin
2024-11-28 09:41:54,316 [INFO] PluginManager:220 - loadIPPluginJar : add i2s
2024-11-28 09:41:54,356 [INFO] IPUIPlugin:80 - create IPUIPlugin
2024-11-28 09:41:54,357 [INFO] PluginManager:220 - loadIPPluginJar : add i3c
2024-11-28 09:41:54,463 [INFO] IPUIPlugin:80 - create IPUIPlugin
2024-11-28 09:41:54,464 [INFO] PluginManager:220 - loadIPPluginJar : add ipddr
2024-11-28 09:41:54,579 [INFO] IPUIPlugin:80 - create IPUIPlugin
2024-11-28 09:41:54,580 [INFO] PluginManager:220 - loadIPPluginJar : add linkedlist
2024-11-28 09:41:54,623 [INFO] IPUIPlugin:80 - create IPUIPlugin
2024-11-28 09:41:54,623 [INFO] PluginManager:220 - loadIPPluginJar : add lorawan
2024-11-28 09:41:54,666 [INFO] IPUIPlugin:80 - create IPUIPlugin
2024-11-28 09:41:54,666 [INFO] PluginManager:220 - loadIPPluginJar : add ltdc
2024-11-28 09:41:54,682 [INFO] IPUIPlugin:80 - create IPUIPlugin
2024-11-28 09:41:54,683 [INFO] PluginManager:220 - loadIPPluginJar : add mdma
2024-11-28 09:41:54,695 [INFO] IPUIPlugin:80 - create IPUIPlugin
2024-11-28 09:41:54,695 [INFO] PluginManager:220 - loadIPPluginJar : add nvic
2024-11-28 09:41:54,733 [INFO] IPUIPlugin:80 - create IPUIPlugin
2024-11-28 09:41:54,733 [INFO] PluginManager:220 - loadIPPluginJar : add opamp
2024-11-28 09:41:54,789 [INFO] IPUIPlugin:80 - create IPUIPlugin
2024-11-28 09:41:54,789 [INFO] PluginManager:220 - loadIPPluginJar : add openamp
2024-11-28 09:41:54,827 [INFO] IPUIPlugin:80 - create IPUIPlugin
2024-11-28 09:41:54,827 [INFO] PluginManager:220 - loadIPPluginJar : add pdm2pcm
2024-11-28 09:41:54,840 [INFO] IPUIPlugin:80 - create IPUIPlugin
2024-11-28 09:41:54,842 [INFO] PluginManager:220 - loadIPPluginJar : add plateformsettings
2024-11-28 09:41:54,865 [INFO] IPUIPlugin:80 - create IPUIPlugin
2024-11-28 09:41:54,866 [INFO] PluginManager:220 - loadIPPluginJar : add quadspi
2024-11-28 09:41:54,889 [INFO] IPUIPlugin:80 - create IPUIPlugin
2024-11-28 09:41:54,891 [INFO] PluginManager:220 - loadIPPluginJar : add radio
2024-11-28 09:41:54,902 [INFO] IPUIPlugin:80 - create IPUIPlugin
2024-11-28 09:41:54,902 [INFO] PluginManager:220 - loadIPPluginJar : add resmgrutility
2024-11-28 09:41:54,942 [INFO] IPUIPlugin:80 - create IPUIPlugin
2024-11-28 09:41:54,942 [INFO] PluginManager:220 - loadIPPluginJar : add sai
2024-11-28 09:41:54,979 [INFO] IPUIPlugin:80 - create IPUIPlugin
2024-11-28 09:41:54,979 [INFO] PluginManager:220 - loadIPPluginJar : add spi
2024-11-28 09:41:55,035 [INFO] IPUIPlugin:80 - create IPUIPlugin
2024-11-28 09:41:55,035 [INFO] PluginManager:220 - loadIPPluginJar : add stm32_wpan
2024-11-28 09:41:55,054 [INFO] IPUIPlugin:80 - create IPUIPlugin
2024-11-28 09:41:55,054 [INFO] PluginManager:220 - loadIPPluginJar : add tim
2024-11-28 09:41:55,128 [INFO] IPUIPlugin:80 - create IPUIPlugin
2024-11-28 09:41:55,128 [INFO] PluginManager:220 - loadIPPluginJar : add touchsensing
2024-11-28 09:41:55,150 [INFO] IPUIPlugin:80 - create IPUIPlugin
2024-11-28 09:41:55,150 [INFO] PluginManager:220 - loadIPPluginJar : add tracer_emb
2024-11-28 09:41:55,176 [INFO] IPUIPlugin:80 - create IPUIPlugin
2024-11-28 09:41:55,176 [INFO] PluginManager:220 - loadIPPluginJar : add ts
2024-11-28 09:41:55,197 [INFO] IPUIPlugin:80 - create IPUIPlugin
2024-11-28 09:41:55,197 [INFO] PluginManager:220 - loadIPPluginJar : add tsc
2024-11-28 09:41:55,219 [INFO] IPUIPlugin:80 - create IPUIPlugin
2024-11-28 09:41:55,219 [INFO] PluginManager:220 - loadIPPluginJar : add ucpd
2024-11-28 09:41:55,269 [INFO] IPUIPlugin:80 - create IPUIPlugin
2024-11-28 09:41:55,269 [INFO] PluginManager:220 - loadIPPluginJar : add usart
2024-11-28 09:41:55,316 [INFO] IPUIPlugin:80 - create IPUIPlugin
2024-11-28 09:41:55,317 [INFO] PluginManager:220 - loadIPPluginJar : add usbx
2024-11-28 09:41:55,425 [FATAL] Updater:351 - Updater called before beeing initialized
2024-11-28 09:41:55,447 [INFO] RulesReader:64 - Compatibility file has been processed (297 Rules)
2024-11-28 09:41:55,456 [INFO] RulesReader:64 - Compatibility file has been processed (297 Rules)
2024-11-28 09:41:55,462 [INFO] CADModel:165 - CPN selected for project level
2024-11-28 09:41:55,462 [INFO] CADModel:114 - Register for checkConnection events
2024-11-28 09:41:55,462 [FATAL] Updater:351 - Updater called before beeing initialized
2024-11-28 09:41:55,462 [ERROR] CADModel:125 - Updater not yet initialized, retry later 
2024-11-28 09:41:55,557 [FATAL] Updater:351 - Updater called before beeing initialized
2024-11-28 09:41:55,558 [INFO] CADModel:165 - CPN selected for project level
2024-11-28 09:41:55,558 [INFO] CADModel:114 - Register for checkConnection events
2024-11-28 09:41:55,558 [FATAL] Updater:351 - Updater called before beeing initialized
2024-11-28 09:41:55,558 [ERROR] CADModel:125 - Updater not yet initialized, retry later 
2024-11-28 09:41:55,560 [FATAL] Updater:351 - Updater called before beeing initialized
2024-11-28 09:41:55,639 [FATAL] Updater:351 - Updater called before beeing initialized
2024-11-28 09:41:55,647 [INFO] DbMcusAds:53 - JSON generation date=Thu Sep 30 08:55:09 CEST 2021 (1632984909247)
2024-11-28 09:41:55,648 [FATAL] Updater:351 - Updater called before beeing initialized
2024-11-28 09:41:55,677 [WARN] DetailPanel:346 - Failed to get advertising image, set to default
2024-11-28 09:41:55,837 [FATAL] Updater:351 - Updater called before beeing initialized
2024-11-28 09:41:55,838 [FATAL] Updater:351 - Updater called before beeing initialized
2024-11-28 09:41:55,838 [FATAL] Updater:351 - Updater called before beeing initialized
2024-11-28 09:41:55,838 [WARN] DetailPanel:346 - Failed to get advertising image, set to default
2024-11-28 09:41:55,839 [FATAL] Updater:351 - Updater called before beeing initialized
2024-11-28 09:41:55,878 [ERROR] Updater:1198 - MainUpdater not yet initialized. External WinMGr cannot be set.
2024-11-28 09:41:55,883 [INFO] ThirdPartyUpdaterWithRetryManager:70 - Updater plugin not ready yet. [2/15]
2024-11-28 09:41:55,886 [INFO] Updater:1134 - Updater Version found : 6.13.0
2024-11-28 09:41:55,900 [INFO] ApplicationProperties:184 - Using Application install path: C:\ST\STM32CubeIDE_1.15.0\STM32CubeIDE\plugins\com.st.stm32cube.common.mx_6.13.0.202411220809
2024-11-28 09:41:57,473 [ERROR] LogOutputStream:75 - [STDERR_REDIRECT] Nov 28, 2024 9:41:57 AM java.util.prefs.WindowsPreferences <init>
2024-11-28 09:41:57,475 [ERROR] LogOutputStream:75 - [STDERR_REDIRECT] WARNING: Could not open/create prefs root node Software\JavaSoft\Prefs at root 0xffffffff80000002. Windows RegCreateKeyEx(...) returned error code 5.
2024-11-28 09:41:57,475 [ERROR] LogOutputStream:75 - [STDERR_REDIRECT] 
2024-11-28 09:41:57,880 [INFO] MainUpdater:2872 - connection check result : 10
2024-11-28 09:41:57,880 [INFO] MainUpdater:289 - Updater Check For Update Now.
2024-11-28 09:41:57,881 [INFO] MicroXplorer:498 - Change Database Version : DB.6.0.130
2024-11-28 09:41:57,898 [INFO] McuFinderGlobals:63 - Set McuFinder mode to 2 (CubeIDE integrated)
2024-11-28 09:41:57,906 [INFO] UserAuth:486 - Internet connection configuration mode: 1
2024-11-28 09:41:57,930 [INFO] JxBrowserEngine:152 - Initiate JxBrowser Engine with user profile folder
2024-11-28 09:41:58,103 [INFO] CheckServerUpdateThread:120 - End of CheckServer Thread
2024-11-28 09:41:58,640 [INFO] WebApp:168 - Instantiating new browser for Auth
2024-11-28 09:41:59,049 [WARN] PackLoader:240 - Cannot read IP mode file for STMicroelectronics.FP-SNS-MOTENVWB1.1.4.0
2024-11-28 09:41:59,068 [WARN] PackLoader:240 - Cannot read IP mode file for STMicroelectronics.FP-ATR-ASTRA1.2.0.1
2024-11-28 09:41:59,088 [WARN] PackLoader:240 - Cannot read IP mode file for STMicroelectronics.X-CUBE-SMBUS.2.1.0
2024-11-28 09:41:59,110 [WARN] PackLoader:240 - Cannot read IP mode file for STMicroelectronics.X-CUBE-WB05N.1.1.0
2024-11-28 09:41:59,132 [WARN] PackLoader:240 - Cannot read IP mode file for STMicroelectronics.X-CUBE-TOUCHGFX.4.23.0
2024-11-28 09:41:59,178 [INFO] WebApp:449 - Apply proxy settings
2024-11-28 09:41:59,178 [INFO] WebApp:534 - Chromium requires no authentication
2024-11-28 09:41:59,190 [INFO] WebApp:477 - Direct internet connection detected
2024-11-28 09:41:59,226 [INFO] WebApp:880 - Register for checkConnection events
2024-11-28 09:41:59,226 [INFO] WebApp:449 - Apply proxy settings
2024-11-28 09:41:59,227 [INFO] WebApp:534 - Chromium requires no authentication
2024-11-28 09:41:59,227 [INFO] WebApp:477 - Direct internet connection detected
2024-11-28 09:41:59,257 [WARN] PackLoader:240 - Cannot read IP mode file for STMicroelectronics.X-CUBE-TOUCHGFX.4.23.2
2024-11-28 09:41:59,360 [WARN] PackLoader:240 - Cannot read IP mode file for STMicroelectronics.X-CUBE-AZRTOS-F7.1.1.0
2024-11-28 09:41:59,378 [WARN] PackLoader:240 - Cannot read IP mode file for STMicroelectronics.X-CUBE-TOUCHGFX.4.19.1
2024-11-28 09:41:59,491 [INFO] WebApp:187 - Connection restablished
2024-11-28 09:41:59,501 [WARN] PackLoader:240 - Cannot read IP mode file for STMicroelectronics.X-CUBE-MEMS1.11.0.0
2024-11-28 09:41:59,571 [INFO] WebApp:221 - Starting web application
2024-11-28 09:41:59,572 [INFO] WebApp:579 - Web application path used C:\ST\STM32CubeIDE_1.15.0\STM32CubeIDE\plugins\com.st.stm32cube.common.mx_6.13.0.202411220809\db\plugins\mcufinder\reactClient1\index.html
2024-11-28 09:41:59,668 [WARN] PackLoader:240 - Cannot read IP mode file for STMicroelectronics.FP-SNS-FLIGHT1.5.0.2
2024-11-28 09:41:59,688 [WARN] PackLoader:240 - Cannot read IP mode file for STMicroelectronics.X-CUBE-DISPLAY.3.0.0
2024-11-28 09:41:59,714 [WARN] PackLoader:240 - Cannot read IP mode file for STMicroelectronics.X-CUBE-BLE1.7.0.0
2024-11-28 09:41:59,735 [WARN] PackLoader:240 - Cannot read IP mode file for STMicroelectronics.X-CUBE-NFC10.1.0.0
2024-11-28 09:41:59,756 [WARN] PackLoader:240 - Cannot read IP mode file for emotas.I-CUBE-CANOPEN.1.3.0
2024-11-28 09:41:59,777 [WARN] PackLoader:240 - Cannot read IP mode file for STMicroelectronics.X-CUBE-BLEMGR.3.1.0
2024-11-28 09:41:59,786 [INFO] UserAuth:486 - Internet connection configuration mode: 1
2024-11-28 09:41:59,794 [WARN] PackLoader:240 - Cannot read IP mode file for STMicroelectronics.FP-SNS-SMARTAG2.1.2.0
2024-11-28 09:41:59,815 [INFO] LogOutputStream:77 - [STDOUT_REDIRECT] 1 : Invalid condition id : UX_CORESTACK_Condition cause : null
2024-11-28 09:41:59,816 [INFO] LogOutputStream:77 - [STDOUT_REDIRECT] 1 : Invalid condition id : UX_CORESTACK_Condition cause : null
2024-11-28 09:41:59,817 [INFO] LogOutputStream:77 - [STDOUT_REDIRECT] 1 : Invalid condition id : UX_CORESTACK_Condition cause : null
2024-11-28 09:41:59,818 [INFO] LogOutputStream:77 - [STDOUT_REDIRECT] 1 : Invalid condition id : UX_CORESTACK_Condition cause : null
2024-11-28 09:41:59,819 [INFO] LogOutputStream:77 - [STDOUT_REDIRECT] 1 : Invalid condition id : UX_CORESTACK_Condition cause : null
2024-11-28 09:41:59,821 [WARN] PackLoader:240 - Cannot read IP mode file for STMicroelectronics.X-CUBE-AZRTOS-WL.2.0.0
2024-11-28 09:41:59,836 [WARN] PackLoader:240 - Cannot read IP mode file for STMicroelectronics.FP-SNS-MOTENV1.5.0.0
2024-11-28 09:41:59,847 [WARN] PackLoader:240 - Cannot read IP mode file for wolfSSL.I-CUBE-wolfMQTT.1.19.0
2024-11-28 09:41:59,866 [WARN] PackLoader:240 - Cannot read IP mode file for WES.I-CUBE-Cesium.1.3.0
2024-11-28 09:41:59,884 [WARN] PackLoader:240 - Cannot read IP mode file for STMicroelectronics.X-CUBE-BLE2.3.3.0
2024-11-28 09:41:59,900 [WARN] PackLoader:240 - Cannot read IP mode file for STMicroelectronics.X-CUBE-NFC9.1.0.0
2024-11-28 09:41:59,915 [WARN] PackLoader:240 - Cannot read IP mode file for STMicroelectronics.X-CUBE-TCPP.4.1.0
2024-11-28 09:41:59,938 [WARN] PackLoader:240 - Cannot read IP mode file for STMicroelectronics.X-CUBE-AZRTOS-G0.1.1.0
2024-11-28 09:41:59,951 [WARN] PackLoader:240 - Cannot read IP mode file for STMicroelectronics.X-CUBE-SAFEA1.1.2.2
2024-11-28 09:41:59,963 [WARN] PackLoader:240 - Cannot read IP mode file for STMicroelectronics.X-CUBE-NFC4.3.0.0
2024-11-28 09:41:59,980 [WARN] PackLoader:240 - Cannot read IP mode file for EmbeddedOffice.I-CUBE-FS-RTOS.1.0.1
2024-11-28 09:41:59,991 [WARN] PackLoader:240 - Cannot read IP mode file for RealThread.X-CUBE-RT-Thread_Nano.4.1.1
2024-11-28 09:42:00,004 [WARN] PackLoader:240 - Cannot read IP mode file for STMicroelectronics.FP-ATR-SIGFOX1.3.2.0
2024-11-28 09:42:00,014 [WARN] PackLoader:240 - Cannot read IP mode file for wolfSSL.I-CUBE-wolfSSL.5.7.2
2024-11-28 09:42:00,022 [WARN] ConditionMgr:438 - getConditionDescription Invalid condition id : Cortex-A Device cause : null
2024-11-28 09:42:00,047 [WARN] ConditionMgr:1044 - genDependencies : Invalid condition id : Cortex-A Device cause : null
2024-11-28 09:42:00,047 [WARN] ConditionMgr:1044 - genDependencies : Invalid condition id : Cortex-A Device cause : null
2024-11-28 09:42:00,047 [WARN] ConditionMgr:1044 - genDependencies : Invalid condition id : Cortex-A Device cause : null
2024-11-28 09:42:00,062 [WARN] PackLoader:240 - Cannot read IP mode file for STMicroelectronics.X-CUBE-EEPRMA1.5.1.0
2024-11-28 09:42:00,077 [WARN] PackLoader:240 - Cannot read IP mode file for ITTIA_DB.I-CUBE-ITTIADB.8.9.0
2024-11-28 09:42:00,114 [WARN] PackLoader:240 - Cannot read IP mode file for SEGGER.I-CUBE-embOS.1.3.1
2024-11-28 09:42:00,148 [WARN] PackLoader:240 - Cannot read IP mode file for STMicroelectronics.X-CUBE-ALGOBUILD.1.4.0
2024-11-28 09:42:00,162 [WARN] PackLoader:240 - Cannot read IP mode file for STMicroelectronics.X-CUBE-AI.9.1.0
2024-11-28 09:42:00,174 [WARN] PackLoader:240 - Cannot read IP mode file for STMicroelectronics.X-CUBE-GNSS1.6.0.0
2024-11-28 09:42:00,193 [WARN] PackLoader:240 - Cannot read IP mode file for STMicroelectronics.X-CUBE-AZRTOS-F4.1.1.0
2024-11-28 09:42:00,207 [WARN] PackLoader:240 - Cannot read IP mode file for STMicroelectronics.X-CUBE-ISPU.2.1.0
2024-11-28 09:42:00,217 [WARN] PackLoader:240 - Cannot read IP mode file for STMicroelectronics.X-CUBE-FREERTOS.1.2.0
2024-11-28 09:42:00,277 [WARN] PackLoader:240 - Cannot read IP mode file for STMicroelectronics.X-CUBE-AZRTOS-L5.2.0.0
2024-11-28 09:42:00,291 [WARN] PackLoader:240 - Cannot read IP mode file for STMicroelectronics.X-CUBE-NFC6.3.1.0
2024-11-28 09:42:00,307 [WARN] PackLoader:240 - Cannot read IP mode file for STMicroelectronics.X-CUBE-DPower.1.2.0
2024-11-28 09:42:00,322 [WARN] PackLoader:240 - Cannot read IP mode file for STMicroelectronics.X-CUBE-AI.9.0.0
2024-11-28 09:42:00,337 [WARN] PackLoader:240 - Cannot read IP mode file for STMicroelectronics.X-CUBE-NFC7.1.0.1
2024-11-28 09:42:00,354 [WARN] PackLoader:240 - Cannot read IP mode file for wolfSSL.I-CUBE-wolfTPM.3.2.0
2024-11-28 09:42:00,380 [WARN] ConditionMgr:438 - getConditionDescription Invalid condition id : LAN8742 Phy interface Condition cause : null
2024-11-28 09:42:00,381 [WARN] PackLoader:240 - Cannot read IP mode file for STMicroelectronics.X-CUBE-AZRTOS-L4.2.0.0
2024-11-28 09:42:00,382 [WARN] ConditionMgr:1044 - genDependencies : Invalid condition id : LAN8742 Phy interface Condition cause : null
2024-11-28 09:42:00,382 [WARN] ConditionMgr:1044 - genDependencies : Invalid condition id : LAN8742 Phy interface Condition cause : null
2024-11-28 09:42:00,382 [WARN] ConditionMgr:1044 - genDependencies : Invalid condition id : LAN8742 Phy interface Condition cause : null
2024-11-28 09:42:00,399 [WARN] PackLoader:240 - Cannot read IP mode file for STMicroelectronics.X-CUBE-SFXS2LP1.4.0.0
2024-11-28 09:42:00,432 [WARN] PackLoader:240 - Cannot read IP mode file for STMicroelectronics.X-CUBE-AZRTOS-H7.3.3.0
2024-11-28 09:42:00,503 [WARN] PackLoader:240 - Cannot read IP mode file for STMicroelectronics.X-CUBE-IPS.3.0.0
2024-11-28 09:42:00,526 [WARN] ConditionMgr:438 - getConditionDescription Invalid condition id : UX DEVICE CLASS RTOS Condition cause : null
2024-11-28 09:42:00,526 [WARN] ConditionMgr:438 - getConditionDescription Invalid condition id : UX DEVICE CLASS RTOS Condition cause : null
2024-11-28 09:42:00,528 [WARN] PackLoader:240 - Cannot read IP mode file for STMicroelectronics.X-CUBE-AZRTOS-WB.2.0.0
2024-11-28 09:42:00,528 [WARN] ConditionMgr:1044 - genDependencies : Invalid condition id : UX DEVICE CLASS RTOS Condition cause : null
2024-11-28 09:42:00,528 [WARN] ConditionMgr:1044 - genDependencies : Invalid condition id : UX DEVICE CLASS RTOS Condition cause : null
2024-11-28 09:42:00,528 [WARN] ConditionMgr:1044 - genDependencies : Invalid condition id : UX DEVICE CLASS RTOS Condition cause : null
2024-11-28 09:42:00,529 [WARN] ConditionMgr:1044 - genDependencies : Invalid condition id : UX DEVICE CLASS RTOS Condition cause : null
2024-11-28 09:42:00,529 [WARN] ConditionMgr:1044 - genDependencies : Invalid condition id : UX DEVICE CLASS RTOS Condition cause : null
2024-11-28 09:42:00,544 [WARN] PackLoader:240 - Cannot read IP mode file for STMicroelectronics.X-CUBE-GNSS1.7.0.0
2024-11-28 09:42:00,560 [WARN] PackLoader:240 - Cannot read IP mode file for STMicroelectronics.FP-SNS-STBOX1.2.0.0
2024-11-28 09:42:00,579 [WARN] PackLoader:240 - Cannot read IP mode file for STMicroelectronics.X-CUBE-SUBG2.5.0.0
2024-11-28 09:42:00,599 [WARN] PackLoader:240 - Cannot read IP mode file for Cesanta.I-CUBE-Mongoose.7.13.0
2024-11-28 09:42:00,624 [WARN] PackLoader:240 - Cannot read IP mode file for STMicroelectronics.X-CUBE-AZRTOS-G4.2.0.0
2024-11-28 09:42:00,638 [WARN] PackLoader:240 - Cannot read IP mode file for STMicroelectronics.X-CUBE-ISPU.2.0.0
2024-11-28 09:42:00,650 [WARN] PackLoader:240 - Cannot read IP mode file for STMicroelectronics.X-CUBE-ALS.1.0.2
2024-11-28 09:42:00,685 [WARN] PackLoader:240 - Cannot read IP mode file for STMicroelectronics.X-CUBE-MEMS1.10.0.0
2024-11-28 09:42:00,762 [WARN] PackLoader:240 - Cannot read IP mode file for STMicroelectronics.X-CUBE-FREERTOS.1.1.0
2024-11-28 09:42:00,823 [WARN] PackLoader:240 - Cannot read IP mode file for STMicroelectronics.X-CUBE-TOUCHGFX.4.24.0
2024-11-28 09:42:00,874 [WARN] PackLoader:240 - Cannot read IP mode file for STMicroelectronics.X-CUBE-TOUCHGFX.4.24.1
2024-11-28 09:42:00,889 [WARN] PackLoader:240 - Cannot read IP mode file for portGmbH.I-Cube-SoM-uGOAL.1.1.0
2024-11-28 09:42:00,910 [WARN] PackLoader:240 - Cannot read IP mode file for STMicroelectronics.X-CUBE-AZRTOS-H7RS.1.0.0
2024-11-28 09:42:00,924 [WARN] PackLoader:240 - Cannot read IP mode file for STMicroelectronics.FP-ATR-ASTRA1.2.0.0
2024-11-28 09:42:00,942 [WARN] PackLoader:240 - Cannot read IP mode file for STMicroelectronics.X-CUBE-TOF1.3.4.2
2024-11-28 09:42:00,970 [WARN] PackLoader:240 - Cannot read IP mode file for STMicroelectronics.X-CUBE-AZRTOS-H7.3.2.0
2024-11-28 09:42:00,995 [WARN] PackLoader:240 - Cannot read IP mode file for Infineon.AIROC-Wi-Fi-Bluetooth-STM32.1.6.0
2024-11-28 09:42:01,017 [WARN] PackLoader:240 - Cannot read IP mode file for wolfSSL.I-CUBE-wolfSSH.1.4.17
2024-11-28 09:42:01,017 [INFO] ThirdParty:978 - Integrity check success = true
2024-11-28 09:42:01,018 [INFO] IntegrityCheckThread:100 - exiting critical section [integrity check]
2024-11-28 09:42:01,018 [INFO] IntegrityCheckThread:103 - End integrity checks thread
2024-11-28 09:44:01,458 [ERROR] LogOutputStream:75 - [STDERR_REDIRECT] 
