2024-08-15 08:28:39,814 [INFO] Activator:176 - 


2024-08-15 08:28:39,814 [INFO] Activator:177 - !SESSION log4j initialized
2024-08-15 08:28:44,326 [INFO] LogOutputStream:77 - [STDOUT_REDIRECT] 
2024-08-15 08:28:51,394 [INFO] ApplicationProperties:184 - Using Application install path: C:\ST\STM32CubeIDE_1.15.0\STM32CubeIDE\plugins\com.st.stm32cube.common.mx_6.12.0.202406281431
2024-08-15 08:28:51,419 [INFO] DbMcusXml:78 - Set database path to: C:\ST\STM32CubeIDE_1.15.0\STM32CubeIDE\plugins\com.st.stm32cube.common.mx_6.12.0.202406281431\\db\/mcu/
2024-08-15 08:28:51,419 [INFO] ApiDb:274 - Set plugin database path to: C:\ST\STM32CubeIDE_1.15.0\STM32CubeIDE\plugins\com.st.stm32cube.common.mx_6.12.0.202406281431\\db\/plugins/boardmanager/
2024-08-15 08:28:51,420 [WARN] ApiDb:259 - Overriding images path with different value:  => C:\ST\STM32CubeIDE_1.15.0\STM32CubeIDE\plugins\com.st.stm32cube.common.mx_6.12.0.202406281431\\db\/plugins/mcufinder/images/
2024-08-15 08:28:51,439 [INFO] ApiDb:250 - Set database path to: C:\Users\stefa\.stmcufinder\plugins\mcufinder//mcu/
2024-08-15 08:28:51,441 [INFO] DbMcusAds:125 - Set database path to: C:\Users\stefa\.stmcufinder\plugins\mcufinder//mcu/
2024-08-15 08:28:51,445 [INFO] CrossReferenceDbSqlite:203 - Set database path to: C:\Users\stefa\.stmcufinder\plugins\mcufinder//mcu/cs/
2024-08-15 08:28:51,591 [INFO] RulesReader:64 - Compatibility file has been processed (297 Rules)
2024-08-15 08:28:51,709 [INFO] DbMcusXml:78 - Set database path to: C:\ST\STM32CubeIDE_1.15.0\STM32CubeIDE\plugins\com.st.stm32cube.common.mx_6.12.0.202406281431\\db\/mcu/
2024-08-15 08:28:51,709 [INFO] ApiDb:274 - Set plugin database path to: C:\ST\STM32CubeIDE_1.15.0\STM32CubeIDE\plugins\com.st.stm32cube.common.mx_6.12.0.202406281431\\db\/plugins/boardmanager/
2024-08-15 08:28:51,710 [INFO] ApiDb:261 - Set plugin images path to: C:\ST\STM32CubeIDE_1.15.0\STM32CubeIDE\plugins\com.st.stm32cube.common.mx_6.12.0.202406281431\\db\/plugins/mcufinder/images/
2024-08-15 08:28:51,710 [WARN] DbFile:41 - Overriding database path with different value: C:\Users\stefa\.stmcufinder\plugins\mcufinder/ => C:\Users\stefa\.stmcufinder\plugins\mcufinder
2024-08-15 08:28:51,710 [INFO] ApiDb:250 - Set database path to: C:\Users\stefa\.stmcufinder\plugins\mcufinder//mcu/
2024-08-15 08:28:51,710 [WARN] DbFile:41 - Overriding database path with different value: C:\Users\stefa\.stmcufinder\plugins\mcufinder/ => C:\Users\stefa\.stmcufinder\plugins\mcufinder
2024-08-15 08:28:51,711 [INFO] DbMcusAds:125 - Set database path to: C:\Users\stefa\.stmcufinder\plugins\mcufinder//mcu/
2024-08-15 08:28:51,711 [WARN] DbFile:41 - Overriding database path with different value: C:\Users\stefa\.stmcufinder\plugins\mcufinder/ => C:\Users\stefa\.stmcufinder\plugins\mcufinder
2024-08-15 08:28:51,711 [WARN] DbFile:41 - Overriding database path with different value: C:\Users\stefa\.stmcufinder\plugins\mcufinder/ => C:\Users\stefa\.stmcufinder\plugins\mcufinder
2024-08-15 08:28:51,711 [INFO] CrossReferenceDbSqlite:203 - Set database path to: C:\Users\stefa\.stmcufinder\plugins\mcufinder//mcu/cs/
2024-08-15 08:28:51,814 [INFO] MainPanel:268 - HeapMemory: 268435456
2024-08-15 08:28:51,923 [INFO] DbMcusXml:78 - Set database path to: C:\ST\STM32CubeIDE_1.15.0\STM32CubeIDE\plugins\com.st.stm32cube.common.mx_6.12.0.202406281431\\db\/mcu/
2024-08-15 08:28:51,924 [INFO] ApiDb:274 - Set plugin database path to: C:\ST\STM32CubeIDE_1.15.0\STM32CubeIDE\plugins\com.st.stm32cube.common.mx_6.12.0.202406281431\\db\/plugins/boardmanager/
2024-08-15 08:28:51,924 [INFO] ApiDb:261 - Set plugin images path to: C:\ST\STM32CubeIDE_1.15.0\STM32CubeIDE\plugins\com.st.stm32cube.common.mx_6.12.0.202406281431\\db\/plugins/mcufinder/images/
2024-08-15 08:28:51,924 [WARN] DbFile:41 - Overriding database path with different value: C:\Users\stefa\.stmcufinder\plugins\mcufinder/ => C:\Users\stefa\.stmcufinder\plugins\mcufinder
2024-08-15 08:28:51,924 [INFO] ApiDb:250 - Set database path to: C:\Users\stefa\.stmcufinder\plugins\mcufinder//mcu/
2024-08-15 08:28:51,924 [WARN] DbFile:41 - Overriding database path with different value: C:\Users\stefa\.stmcufinder\plugins\mcufinder/ => C:\Users\stefa\.stmcufinder\plugins\mcufinder
2024-08-15 08:28:51,924 [INFO] DbMcusAds:125 - Set database path to: C:\Users\stefa\.stmcufinder\plugins\mcufinder//mcu/
2024-08-15 08:28:51,924 [WARN] DbFile:41 - Overriding database path with different value: C:\Users\stefa\.stmcufinder\plugins\mcufinder/ => C:\Users\stefa\.stmcufinder\plugins\mcufinder
2024-08-15 08:28:51,924 [WARN] DbFile:41 - Overriding database path with different value: C:\Users\stefa\.stmcufinder\plugins\mcufinder/ => C:\Users\stefa\.stmcufinder\plugins\mcufinder
2024-08-15 08:28:51,924 [INFO] CrossReferenceDbSqlite:203 - Set database path to: C:\Users\stefa\.stmcufinder\plugins\mcufinder//mcu/cs/
2024-08-15 08:28:51,940 [INFO] ApplicationProperties:184 - Using Application install path: C:\ST\STM32CubeIDE_1.15.0\STM32CubeIDE\plugins\com.st.stm32cube.common.mx_6.12.0.202406281431
2024-08-15 08:28:51,942 [INFO] PluginManage:196 - Search for loadable plugins [exclusion list=, ]
2024-08-15 08:28:51,944 [INFO] PluginManage:310 - Check plugin analytics
2024-08-15 08:28:52,191 [INFO] AnalyticsPlugin:253 - Accepted Software Licenses: STM32CubeMX.6.12.0
2024-08-15 08:28:52,191 [INFO] AnalyticsPlugin:255 - Accepted CMSIS Pack Licenses: STMicroelectronics.X-CUBE-TOUCHGFX.4.24.0,STMicroelectronics.X-CUBE-FREERTOS.1.2.0,STMicroelectronics.X-CUBE-TOUCHGFX.4.23.2
2024-08-15 08:28:52,191 [INFO] AnalyticsPlugin:257 - Accepted Firmware Licenses: FW.H5.1.3.0,FW.H7.1.11.0
2024-08-15 08:28:52,193 [INFO] PluginManage:359 - Loaded plugin analytics (category:tool,tabindex:-1)
2024-08-15 08:28:52,194 [INFO] PluginManage:310 - Check plugin cadmodel
2024-08-15 08:28:52,211 [INFO] CADModel:105 - Init CAD model plugin
2024-08-15 08:28:52,212 [INFO] PluginManage:359 - Loaded plugin cadmodel (category:power,tabindex:5)
2024-08-15 08:28:52,212 [INFO] PluginManage:310 - Check plugin clock
2024-08-15 08:28:52,236 [INFO] PluginManage:359 - Loaded plugin clock (category:base,tabindex:2)
2024-08-15 08:28:52,236 [INFO] PluginManage:310 - Check plugin ddr
2024-08-15 08:28:52,240 [INFO] PluginManage:359 - Loaded plugin ddr (category:tool,tabindex:6)
2024-08-15 08:28:52,241 [INFO] PluginManage:310 - Check plugin filemanager
2024-08-15 08:28:52,438 [INFO] PluginManage:359 - Loaded plugin filemanager (category:base,tabindex:10)
2024-08-15 08:28:52,438 [INFO] PluginManage:310 - Check plugin ipmanager
2024-08-15 08:28:52,446 [INFO] PluginManage:359 - Loaded plugin ipmanager (category:base,tabindex:5)
2024-08-15 08:28:52,446 [INFO] PluginManage:310 - Check plugin lpbam
2024-08-15 08:28:52,472 [INFO] PluginManage:359 - Loaded plugin lpbam (category:base,tabindex:0)
2024-08-15 08:28:52,472 [INFO] PluginManage:310 - Check plugin memorymap
2024-08-15 08:28:52,505 [INFO] PluginManage:359 - Loaded plugin memorymap (category:base,tabindex:4)
2024-08-15 08:28:52,505 [INFO] PluginManage:310 - Check plugin pinoutandconfiguration
2024-08-15 08:28:52,527 [INFO] PluginManage:359 - Loaded plugin pinoutandconfiguration (category:base,tabindex:1)
2024-08-15 08:28:52,528 [INFO] PluginManage:310 - Check plugin pinoutconfig
2024-08-15 08:28:52,684 [WARN] SupportedApi:132 - Cannot load RTOS API schema: s4s-elt-must-match.1: The content of 'definitions' must match (annotation?, (simpleType | complexType)?, (unique | key | keyref)*)). A problem was found starting at: attribute.
2024-08-15 08:28:52,828 [INFO] PluginManage:359 - Loaded plugin pinoutconfig (category:base,tabindex:0)
2024-08-15 08:28:52,828 [INFO] PluginManage:310 - Check plugin power
2024-08-15 08:28:52,843 [INFO] PluginManage:359 - Loaded plugin power (category:power,tabindex:4)
2024-08-15 08:28:52,843 [INFO] PluginManage:310 - Check plugin projectmanager
2024-08-15 08:28:52,860 [INFO] PluginManage:359 - Loaded plugin projectmanager (category:projectmanager,tabindex:4)
2024-08-15 08:28:52,860 [INFO] PluginManage:310 - Check plugin rif
2024-08-15 08:28:52,879 [INFO] PluginManage:359 - Loaded plugin rif (category:base,tabindex:3)
2024-08-15 08:28:52,879 [INFO] PluginManage:310 - Check plugin thirdparty
2024-08-15 08:28:53,246 [INFO] PluginManage:359 - Loaded plugin thirdparty (category:base,tabindex:-1)
2024-08-15 08:28:53,246 [INFO] PluginManage:310 - Check plugin tools
2024-08-15 08:28:53,246 [WARN] IntegrityCheckThread:84 - waiting for thirdparty lock release [integrity check]
2024-08-15 08:28:53,246 [INFO] IntegrityCheckThread:86 - entering critical section [integrity check]
2024-08-15 08:28:53,247 [INFO] ThirdPartyUpdaterWithRetryManager:70 - Updater plugin not ready yet. [1/15]
2024-08-15 08:28:53,250 [INFO] PluginManage:359 - Loaded plugin tools (category:base,tabindex:7)
2024-08-15 08:28:53,251 [INFO] PluginManage:310 - Check plugin tutovideos
2024-08-15 08:28:53,552 [INFO] PluginManage:359 - Loaded plugin tutovideos (category:base,tabindex:-1)
2024-08-15 08:28:53,552 [INFO] PluginManage:310 - Check plugin updater
2024-08-15 08:28:53,577 [INFO] PluginManage:359 - Loaded plugin updater (category:base,tabindex:12)
2024-08-15 08:28:53,577 [INFO] PluginManage:310 - Check plugin userauth
2024-08-15 08:28:53,586 [INFO] UserAuth:113 - Init User Auth plugin
2024-08-15 08:28:53,586 [INFO] PluginManage:359 - Loaded plugin userauth (category:base,tabindex:14)
2024-08-15 08:28:53,587 [INFO] PluginManage:283 - PluginManage : Loaded plugins [18]
2024-08-15 08:28:53,932 [INFO] PinOutPanel:1561 - setPackage(No Configuration,No Configuration)
2024-08-15 08:28:54,049 [INFO] CADModel:165 - CPN selected for project level
2024-08-15 08:28:54,049 [INFO] CADModel:114 - Register for checkConnection events
2024-08-15 08:28:54,080 [INFO] IPUIPlugin:80 - create IPUIPlugin
2024-08-15 08:28:54,081 [INFO] PluginManager:220 - loadIPPluginJar : add adc
2024-08-15 08:28:54,129 [INFO] IPUIPlugin:80 - create IPUIPlugin
2024-08-15 08:28:54,129 [INFO] PluginManager:220 - loadIPPluginJar : add aes
2024-08-15 08:28:54,174 [INFO] IPUIPlugin:80 - create IPUIPlugin
2024-08-15 08:28:54,174 [INFO] PluginManager:220 - loadIPPluginJar : add can
2024-08-15 08:28:54,199 [INFO] IPUIPlugin:80 - create IPUIPlugin
2024-08-15 08:28:54,199 [INFO] PluginManager:220 - loadIPPluginJar : add comp
2024-08-15 08:28:54,239 [INFO] IPUIPlugin:80 - create IPUIPlugin
2024-08-15 08:28:54,239 [INFO] PluginManager:220 - loadIPPluginJar : add cryp
2024-08-15 08:28:54,258 [INFO] IPUIPlugin:80 - create IPUIPlugin
2024-08-15 08:28:54,258 [INFO] PluginManager:220 - loadIPPluginJar : add ddr_ctrl_phy
2024-08-15 08:28:54,312 [INFO] IPUIPlugin:80 - create IPUIPlugin
2024-08-15 08:28:54,312 [INFO] PluginManager:220 - loadIPPluginJar : add dfsdm
2024-08-15 08:28:54,334 [INFO] IPUIPlugin:80 - create IPUIPlugin
2024-08-15 08:28:54,335 [INFO] PluginManager:220 - loadIPPluginJar : add dma
2024-08-15 08:28:54,409 [INFO] IPUIPlugin:80 - create IPUIPlugin
2024-08-15 08:28:54,409 [INFO] PluginManager:220 - loadIPPluginJar : add dma3
2024-08-15 08:28:54,472 [INFO] IPUIPlugin:80 - create IPUIPlugin
2024-08-15 08:28:54,472 [INFO] PluginManager:220 - loadIPPluginJar : add extmemmanager
2024-08-15 08:28:54,502 [INFO] IPUIPlugin:80 - create IPUIPlugin
2024-08-15 08:28:54,502 [INFO] PluginManager:220 - loadIPPluginJar : add fatfs
2024-08-15 08:28:54,557 [INFO] IPUIPlugin:80 - create IPUIPlugin
2024-08-15 08:28:54,557 [INFO] PluginManager:220 - loadIPPluginJar : add fmc
2024-08-15 08:28:54,569 [INFO] IPUIPlugin:80 - create IPUIPlugin
2024-08-15 08:28:54,570 [INFO] PluginManager:220 - loadIPPluginJar : add freertos
2024-08-15 08:28:54,590 [INFO] IPUIPlugin:80 - create IPUIPlugin
2024-08-15 08:28:54,590 [INFO] PluginManager:220 - loadIPPluginJar : add genericplugin
2024-08-15 08:28:54,697 [INFO] IPUIPlugin:80 - create IPUIPlugin
2024-08-15 08:28:54,697 [INFO] PluginManager:220 - loadIPPluginJar : add gfxmmu
2024-08-15 08:28:54,846 [INFO] IPUIPlugin:80 - create IPUIPlugin
2024-08-15 08:28:54,846 [INFO] PluginManager:220 - loadIPPluginJar : add gic
2024-08-15 08:28:54,857 [INFO] IPUIPlugin:80 - create IPUIPlugin
2024-08-15 08:28:54,857 [INFO] PluginManager:220 - loadIPPluginJar : add gpio
2024-08-15 08:28:54,959 [INFO] IPUIPlugin:80 - create IPUIPlugin
2024-08-15 08:28:54,959 [INFO] PluginManager:220 - loadIPPluginJar : add gtzc
2024-08-15 08:28:54,998 [INFO] IPUIPlugin:80 - create IPUIPlugin
2024-08-15 08:28:54,998 [INFO] PluginManager:220 - loadIPPluginJar : add hash
2024-08-15 08:28:55,061 [INFO] IPUIPlugin:80 - create IPUIPlugin
2024-08-15 08:28:55,061 [INFO] PluginManager:220 - loadIPPluginJar : add i2c
2024-08-15 08:28:55,103 [INFO] IPUIPlugin:80 - create IPUIPlugin
2024-08-15 08:28:55,103 [INFO] PluginManager:220 - loadIPPluginJar : add i2s
2024-08-15 08:28:55,147 [INFO] IPUIPlugin:80 - create IPUIPlugin
2024-08-15 08:28:55,147 [INFO] PluginManager:220 - loadIPPluginJar : add i3c
2024-08-15 08:28:55,246 [INFO] IPUIPlugin:80 - create IPUIPlugin
2024-08-15 08:28:55,246 [INFO] PluginManager:220 - loadIPPluginJar : add ipddr
2024-08-15 08:28:55,372 [INFO] IPUIPlugin:80 - create IPUIPlugin
2024-08-15 08:28:55,373 [INFO] PluginManager:220 - loadIPPluginJar : add linkedlist
2024-08-15 08:28:55,410 [INFO] IPUIPlugin:80 - create IPUIPlugin
2024-08-15 08:28:55,410 [INFO] PluginManager:220 - loadIPPluginJar : add lorawan
2024-08-15 08:28:55,453 [INFO] IPUIPlugin:80 - create IPUIPlugin
2024-08-15 08:28:55,453 [INFO] PluginManager:220 - loadIPPluginJar : add ltdc
2024-08-15 08:28:55,470 [INFO] IPUIPlugin:80 - create IPUIPlugin
2024-08-15 08:28:55,470 [INFO] PluginManager:220 - loadIPPluginJar : add mdma
2024-08-15 08:28:55,483 [INFO] IPUIPlugin:80 - create IPUIPlugin
2024-08-15 08:28:55,483 [INFO] PluginManager:220 - loadIPPluginJar : add nvic
2024-08-15 08:28:55,525 [INFO] IPUIPlugin:80 - create IPUIPlugin
2024-08-15 08:28:55,525 [INFO] PluginManager:220 - loadIPPluginJar : add opamp
2024-08-15 08:28:55,604 [INFO] IPUIPlugin:80 - create IPUIPlugin
2024-08-15 08:28:55,604 [INFO] PluginManager:220 - loadIPPluginJar : add openamp
2024-08-15 08:28:55,664 [INFO] IPUIPlugin:80 - create IPUIPlugin
2024-08-15 08:28:55,665 [INFO] PluginManager:220 - loadIPPluginJar : add pdm2pcm
2024-08-15 08:28:55,680 [INFO] IPUIPlugin:80 - create IPUIPlugin
2024-08-15 08:28:55,683 [INFO] PluginManager:220 - loadIPPluginJar : add plateformsettings
2024-08-15 08:28:55,717 [INFO] IPUIPlugin:80 - create IPUIPlugin
2024-08-15 08:28:55,717 [INFO] PluginManager:220 - loadIPPluginJar : add quadspi
2024-08-15 08:28:55,751 [INFO] IPUIPlugin:80 - create IPUIPlugin
2024-08-15 08:28:55,753 [INFO] PluginManager:220 - loadIPPluginJar : add radio
2024-08-15 08:28:55,766 [INFO] IPUIPlugin:80 - create IPUIPlugin
2024-08-15 08:28:55,766 [INFO] PluginManager:220 - loadIPPluginJar : add resmgrutility
2024-08-15 08:28:55,821 [INFO] IPUIPlugin:80 - create IPUIPlugin
2024-08-15 08:28:55,821 [INFO] PluginManager:220 - loadIPPluginJar : add sai
2024-08-15 08:28:55,866 [INFO] IPUIPlugin:80 - create IPUIPlugin
2024-08-15 08:28:55,866 [INFO] PluginManager:220 - loadIPPluginJar : add spi
2024-08-15 08:28:55,947 [INFO] IPUIPlugin:80 - create IPUIPlugin
2024-08-15 08:28:55,948 [INFO] PluginManager:220 - loadIPPluginJar : add stm32_wpan
2024-08-15 08:28:55,951 [INFO] IPUIPlugin:80 - create IPUIPlugin
2024-08-15 08:28:55,951 [INFO] PluginManager:220 - loadIPPluginJar : add tim
2024-08-15 08:28:56,022 [INFO] IPUIPlugin:80 - create IPUIPlugin
2024-08-15 08:28:56,023 [INFO] PluginManager:220 - loadIPPluginJar : add touchsensing
2024-08-15 08:28:56,049 [INFO] IPUIPlugin:80 - create IPUIPlugin
2024-08-15 08:28:56,049 [INFO] PluginManager:220 - loadIPPluginJar : add tracer_emb
2024-08-15 08:28:56,078 [INFO] IPUIPlugin:80 - create IPUIPlugin
2024-08-15 08:28:56,079 [INFO] PluginManager:220 - loadIPPluginJar : add ts
2024-08-15 08:28:56,103 [INFO] IPUIPlugin:80 - create IPUIPlugin
2024-08-15 08:28:56,103 [INFO] PluginManager:220 - loadIPPluginJar : add tsc
2024-08-15 08:28:56,128 [INFO] IPUIPlugin:80 - create IPUIPlugin
2024-08-15 08:28:56,128 [INFO] PluginManager:220 - loadIPPluginJar : add ucpd
2024-08-15 08:28:56,186 [INFO] IPUIPlugin:80 - create IPUIPlugin
2024-08-15 08:28:56,186 [INFO] PluginManager:220 - loadIPPluginJar : add usart
2024-08-15 08:28:56,235 [INFO] IPUIPlugin:80 - create IPUIPlugin
2024-08-15 08:28:56,235 [INFO] PluginManager:220 - loadIPPluginJar : add usbx
2024-08-15 08:28:56,248 [INFO] ThirdPartyUpdaterWithRetryManager:70 - Updater plugin not ready yet. [2/15]
2024-08-15 08:28:56,363 [INFO] CADModel:165 - CPN selected for project level
2024-08-15 08:28:56,363 [INFO] CADModel:114 - Register for checkConnection events
2024-08-15 08:28:56,363 [FATAL] Updater:334 - Updater called before beeing initialized
2024-08-15 08:28:56,363 [ERROR] CADModel:125 - Updater not yet initialized, retry later 
2024-08-15 08:28:56,482 [INFO] CADModel:165 - CPN selected for project level
2024-08-15 08:28:56,482 [INFO] CADModel:114 - Register for checkConnection events
2024-08-15 08:28:56,482 [FATAL] Updater:334 - Updater called before beeing initialized
2024-08-15 08:28:56,482 [ERROR] CADModel:125 - Updater not yet initialized, retry later 
2024-08-15 08:28:56,486 [FATAL] Updater:334 - Updater called before beeing initialized
2024-08-15 08:28:56,582 [FATAL] Updater:334 - Updater called before beeing initialized
2024-08-15 08:28:56,588 [INFO] DbMcusAds:53 - JSON generation date=Thu May 16 11:22:00 CEST 2024 (1715851320667)
2024-08-15 08:28:56,589 [FATAL] Updater:334 - Updater called before beeing initialized
2024-08-15 08:28:56,644 [WARN] DetailPanel:346 - Failed to get advertising image, set to default
2024-08-15 08:28:56,714 [FATAL] Updater:334 - Updater called before beeing initialized
2024-08-15 08:28:56,717 [FATAL] Updater:334 - Updater called before beeing initialized
2024-08-15 08:28:56,718 [FATAL] Updater:334 - Updater called before beeing initialized
2024-08-15 08:28:56,718 [WARN] DetailPanel:346 - Failed to get advertising image, set to default
2024-08-15 08:28:56,719 [FATAL] Updater:334 - Updater called before beeing initialized
2024-08-15 08:28:56,796 [ERROR] Updater:1164 - MainUpdater not yet initialized. External WinMGr cannot be set.
2024-08-15 08:28:56,812 [INFO] Updater:1100 - Updater Version found : 6.12.0
2024-08-15 08:28:56,838 [INFO] ApplicationProperties:184 - Using Application install path: C:\ST\STM32CubeIDE_1.15.0\STM32CubeIDE\plugins\com.st.stm32cube.common.mx_6.12.0.202406281431
2024-08-15 08:28:58,416 [ERROR] LogOutputStream:75 - [STDERR_REDIRECT] Aug 15, 2024 8:28:58 AM java.util.prefs.WindowsPreferences <init>
2024-08-15 08:28:58,418 [ERROR] LogOutputStream:75 - [STDERR_REDIRECT] WARNING: Could not open/create prefs root node Software\JavaSoft\Prefs at root 0xffffffff80000002. Windows RegCreateKeyEx(...) returned error code 5.
2024-08-15 08:28:58,418 [ERROR] LogOutputStream:75 - [STDERR_REDIRECT] 
2024-08-15 08:28:58,842 [INFO] MainUpdater:2873 - connection check result : 10
2024-08-15 08:28:58,843 [INFO] MainUpdater:290 - Updater Check For Update Now.
2024-08-15 08:28:58,844 [INFO] MicroXplorer:498 - Change Database Version : DB.6.0.120
2024-08-15 08:28:58,865 [INFO] McuFinderGlobals:63 - Set McuFinder mode to 2 (CubeIDE integrated)
2024-08-15 08:28:58,865 [INFO] UserAuth:179 - activating auth plugin
2024-08-15 08:28:58,870 [INFO] UserAuth:417 - Internet connection configuration mode: 1
2024-08-15 08:28:58,898 [INFO] JxBrowserEngine:152 - Initiate JxBrowser Engine with user profile folder
2024-08-15 08:28:59,049 [INFO] CheckServerUpdateThread:120 - End of CheckServer Thread
2024-08-15 08:28:59,454 [WARN] PackLoader:240 - Cannot read IP mode file for STMicroelectronics.FP-SNS-MOTENVWB1.1.4.0
2024-08-15 08:28:59,472 [WARN] PackLoader:240 - Cannot read IP mode file for STMicroelectronics.X-CUBE-SMBUS.2.1.0
2024-08-15 08:28:59,480 [WARN] PackLoader:240 - Cannot read IP mode file for STMicroelectronics.X-CUBE-TOUCHGFX.4.23.0
2024-08-15 08:28:59,580 [WARN] PackLoader:240 - Cannot read IP mode file for STMicroelectronics.X-CUBE-TOUCHGFX.4.23.2
2024-08-15 08:28:59,658 [WARN] PackLoader:240 - Cannot read IP mode file for STMicroelectronics.X-CUBE-AZRTOS-F7.1.1.0
2024-08-15 08:28:59,668 [WARN] PackLoader:240 - Cannot read IP mode file for STMicroelectronics.X-CUBE-TOUCHGFX.4.19.1
2024-08-15 08:28:59,702 [WARN] PackLoader:240 - Cannot read IP mode file for STMicroelectronics.FP-SNS-FLIGHT1.5.0.2
2024-08-15 08:28:59,709 [WARN] PackLoader:240 - Cannot read IP mode file for STMicroelectronics.X-CUBE-DISPLAY.3.0.0
2024-08-15 08:28:59,723 [WARN] PackLoader:240 - Cannot read IP mode file for STMicroelectronics.X-CUBE-BLE1.7.0.0
2024-08-15 08:28:59,728 [WARN] PackLoader:240 - Cannot read IP mode file for emotas.I-CUBE-CANOPEN.1.3.0
2024-08-15 08:28:59,741 [WARN] PackLoader:240 - Cannot read IP mode file for STMicroelectronics.X-CUBE-BLEMGR.3.1.0
2024-08-15 08:28:59,750 [WARN] PackLoader:240 - Cannot read IP mode file for STMicroelectronics.FP-SNS-SMARTAG2.1.2.0
2024-08-15 08:28:59,759 [INFO] LogOutputStream:77 - [STDOUT_REDIRECT] 1 : Invalid condition id : UX_CORESTACK_Condition cause : null
2024-08-15 08:28:59,760 [INFO] LogOutputStream:77 - [STDOUT_REDIRECT] 1 : Invalid condition id : UX_CORESTACK_Condition cause : null
2024-08-15 08:28:59,762 [INFO] LogOutputStream:77 - [STDOUT_REDIRECT] 1 : Invalid condition id : UX_CORESTACK_Condition cause : null
2024-08-15 08:28:59,763 [INFO] LogOutputStream:77 - [STDOUT_REDIRECT] 1 : Invalid condition id : UX_CORESTACK_Condition cause : null
2024-08-15 08:28:59,764 [INFO] LogOutputStream:77 - [STDOUT_REDIRECT] 1 : Invalid condition id : UX_CORESTACK_Condition cause : null
2024-08-15 08:28:59,768 [WARN] PackLoader:240 - Cannot read IP mode file for STMicroelectronics.X-CUBE-AZRTOS-WL.2.0.0
2024-08-15 08:28:59,775 [WARN] PackLoader:240 - Cannot read IP mode file for STMicroelectronics.FP-SNS-MOTENV1.5.0.0
2024-08-15 08:28:59,783 [WARN] PackLoader:240 - Cannot read IP mode file for wolfSSL.I-CUBE-wolfMQTT.1.19.0
2024-08-15 08:28:59,803 [WARN] PackLoader:240 - Cannot read IP mode file for WES.I-CUBE-Cesium.1.3.0
2024-08-15 08:28:59,812 [WARN] PackLoader:240 - Cannot read IP mode file for STMicroelectronics.X-CUBE-BLE2.3.3.0
2024-08-15 08:28:59,819 [WARN] PackLoader:240 - Cannot read IP mode file for STMicroelectronics.X-CUBE-TCPP.4.1.0
2024-08-15 08:28:59,845 [WARN] PackLoader:240 - Cannot read IP mode file for STMicroelectronics.X-CUBE-AZRTOS-G0.1.1.0
2024-08-15 08:28:59,855 [WARN] PackLoader:240 - Cannot read IP mode file for STMicroelectronics.X-CUBE-SAFEA1.1.2.2
2024-08-15 08:28:59,863 [WARN] PackLoader:240 - Cannot read IP mode file for STMicroelectronics.X-CUBE-NFC4.3.0.0
2024-08-15 08:28:59,877 [WARN] PackLoader:240 - Cannot read IP mode file for EmbeddedOffice.I-CUBE-FS-RTOS.1.0.1
2024-08-15 08:28:59,878 [ERROR] ConditionMgr:805 - Attr not supported : Dmpu
2024-08-15 08:28:59,878 [ERROR] ConditionMgr:805 - Attr not supported : Dmpu
2024-08-15 08:28:59,878 [ERROR] ConditionMgr:805 - Attr not supported : Dmpu
2024-08-15 08:28:59,878 [ERROR] ConditionMgr:805 - Attr not supported : Dmpu
2024-08-15 08:28:59,878 [ERROR] ConditionMgr:805 - Attr not supported : Dmpu
2024-08-15 08:28:59,878 [ERROR] ConditionMgr:805 - Attr not supported : Dmpu
2024-08-15 08:28:59,878 [ERROR] ConditionMgr:805 - Attr not supported : Dmpu
2024-08-15 08:28:59,878 [ERROR] ConditionMgr:805 - Attr not supported : Dmpu
2024-08-15 08:28:59,878 [ERROR] ConditionMgr:805 - Attr not supported : Dmpu
2024-08-15 08:28:59,878 [ERROR] ConditionMgr:805 - Attr not supported : Dmpu
2024-08-15 08:28:59,878 [ERROR] ConditionMgr:805 - Attr not supported : Dmpu
2024-08-15 08:28:59,878 [ERROR] ConditionMgr:805 - Attr not supported : Dmpu
2024-08-15 08:28:59,879 [ERROR] ConditionMgr:805 - Attr not supported : Dmpu
2024-08-15 08:28:59,879 [ERROR] ConditionMgr:805 - Attr not supported : Dmpu
2024-08-15 08:28:59,879 [ERROR] ConditionMgr:805 - Attr not supported : Dmpu
2024-08-15 08:28:59,879 [ERROR] ConditionMgr:805 - Attr not supported : Dmpu
2024-08-15 08:28:59,879 [ERROR] ConditionMgr:805 - Attr not supported : Dmpu
2024-08-15 08:28:59,879 [ERROR] ConditionMgr:805 - Attr not supported : Dmpu
2024-08-15 08:28:59,879 [ERROR] ConditionMgr:805 - Attr not supported : Dmpu
2024-08-15 08:28:59,879 [ERROR] ConditionMgr:805 - Attr not supported : Dmpu
2024-08-15 08:28:59,879 [ERROR] ConditionMgr:805 - Attr not supported : Dmpu
2024-08-15 08:28:59,879 [ERROR] ConditionMgr:805 - Attr not supported : Dmpu
2024-08-15 08:28:59,879 [ERROR] ConditionMgr:805 - Attr not supported : Dmpu
2024-08-15 08:28:59,879 [ERROR] ConditionMgr:805 - Attr not supported : Dmpu
2024-08-15 08:28:59,880 [ERROR] ConditionMgr:805 - Attr not supported : Dmpu
2024-08-15 08:28:59,880 [ERROR] ConditionMgr:805 - Attr not supported : Dmpu
2024-08-15 08:28:59,880 [ERROR] ConditionMgr:805 - Attr not supported : Dmpu
2024-08-15 08:28:59,880 [ERROR] ConditionMgr:805 - Attr not supported : Dmpu
2024-08-15 08:28:59,880 [ERROR] ConditionMgr:805 - Attr not supported : Dmpu
2024-08-15 08:28:59,880 [ERROR] ConditionMgr:805 - Attr not supported : Dmpu
2024-08-15 08:28:59,880 [ERROR] ConditionMgr:805 - Attr not supported : Dmpu
2024-08-15 08:28:59,880 [ERROR] ConditionMgr:805 - Attr not supported : Dmpu
2024-08-15 08:28:59,880 [ERROR] ConditionMgr:805 - Attr not supported : Dmpu
2024-08-15 08:28:59,880 [ERROR] ConditionMgr:805 - Attr not supported : Dmpu
2024-08-15 08:28:59,880 [ERROR] ConditionMgr:805 - Attr not supported : Dmpu
2024-08-15 08:28:59,880 [ERROR] ConditionMgr:805 - Attr not supported : Dmpu
2024-08-15 08:28:59,880 [ERROR] ConditionMgr:805 - Attr not supported : Dmpu
2024-08-15 08:28:59,881 [ERROR] ConditionMgr:805 - Attr not supported : Dmpu
2024-08-15 08:28:59,881 [ERROR] ConditionMgr:805 - Attr not supported : Dmpu
2024-08-15 08:28:59,881 [ERROR] ConditionMgr:805 - Attr not supported : Dmpu
2024-08-15 08:28:59,881 [ERROR] ConditionMgr:805 - Attr not supported : Dmpu
2024-08-15 08:28:59,881 [ERROR] ConditionMgr:805 - Attr not supported : Dmpu
2024-08-15 08:28:59,881 [ERROR] ConditionMgr:805 - Attr not supported : Dmpu
2024-08-15 08:28:59,881 [ERROR] ConditionMgr:805 - Attr not supported : Dmpu
2024-08-15 08:28:59,881 [ERROR] ConditionMgr:805 - Attr not supported : Dmpu
2024-08-15 08:28:59,881 [ERROR] ConditionMgr:805 - Attr not supported : Dmpu
2024-08-15 08:28:59,881 [ERROR] ConditionMgr:805 - Attr not supported : Dmpu
2024-08-15 08:28:59,881 [ERROR] ConditionMgr:805 - Attr not supported : Dmpu
2024-08-15 08:28:59,882 [ERROR] ConditionMgr:805 - Attr not supported : Dmpu
2024-08-15 08:28:59,882 [ERROR] ConditionMgr:805 - Attr not supported : Dmpu
2024-08-15 08:28:59,882 [ERROR] ConditionMgr:805 - Attr not supported : Dmpu
2024-08-15 08:28:59,882 [ERROR] ConditionMgr:805 - Attr not supported : Dmpu
2024-08-15 08:28:59,882 [ERROR] ConditionMgr:805 - Attr not supported : Dmpu
2024-08-15 08:28:59,882 [ERROR] ConditionMgr:805 - Attr not supported : Dmpu
2024-08-15 08:28:59,882 [ERROR] ConditionMgr:805 - Attr not supported : Dmpu
2024-08-15 08:28:59,882 [ERROR] ConditionMgr:805 - Attr not supported : Dmpu
2024-08-15 08:28:59,882 [ERROR] ConditionMgr:805 - Attr not supported : Dmpu
2024-08-15 08:28:59,882 [ERROR] ConditionMgr:805 - Attr not supported : Dmpu
2024-08-15 08:28:59,882 [ERROR] ConditionMgr:805 - Attr not supported : Dmpu
2024-08-15 08:28:59,882 [ERROR] ConditionMgr:805 - Attr not supported : Dmpu
2024-08-15 08:28:59,882 [ERROR] ConditionMgr:805 - Attr not supported : Dmpu
2024-08-15 08:28:59,883 [ERROR] ConditionMgr:805 - Attr not supported : Dmpu
2024-08-15 08:28:59,883 [ERROR] ConditionMgr:805 - Attr not supported : Dmpu
2024-08-15 08:28:59,883 [ERROR] ConditionMgr:805 - Attr not supported : Dmpu
2024-08-15 08:28:59,889 [WARN] PackLoader:240 - Cannot read IP mode file for RealThread.X-CUBE-RT-Thread_Nano.4.1.1
2024-08-15 08:28:59,895 [WARN] PackLoader:240 - Cannot read IP mode file for STMicroelectronics.FP-ATR-SIGFOX1.3.2.0
2024-08-15 08:28:59,900 [WARN] PackLoader:240 - Cannot read IP mode file for wolfSSL.I-CUBE-wolfSSL.5.7.2
2024-08-15 08:28:59,906 [WARN] PackLoader:240 - Cannot read IP mode file for STMicroelectronics.X-CUBE-EEPRMA1.5.1.0
2024-08-15 08:28:59,913 [WARN] PackLoader:240 - Cannot read IP mode file for ITTIA_DB.I-CUBE-ITTIADB.8.9.0
2024-08-15 08:28:59,936 [WARN] PackLoader:240 - Cannot read IP mode file for SEGGER.I-CUBE-embOS.1.3.1
2024-08-15 08:28:59,971 [WARN] PackLoader:240 - Cannot read IP mode file for STMicroelectronics.X-CUBE-ALGOBUILD.1.4.0
2024-08-15 08:28:59,977 [WARN] PackLoader:240 - Cannot read IP mode file for STMicroelectronics.X-CUBE-GNSS1.6.0.0
2024-08-15 08:28:59,991 [WARN] PackLoader:240 - Cannot read IP mode file for STMicroelectronics.X-CUBE-AZRTOS-F4.1.1.0
2024-08-15 08:28:59,999 [WARN] PackLoader:240 - Cannot read IP mode file for STMicroelectronics.X-CUBE-FREERTOS.1.2.0
2024-08-15 08:29:00,046 [WARN] PackLoader:240 - Cannot read IP mode file for STMicroelectronics.X-CUBE-AZRTOS-L5.2.0.0
2024-08-15 08:29:00,053 [WARN] PackLoader:240 - Cannot read IP mode file for STMicroelectronics.X-CUBE-NFC6.3.1.0
2024-08-15 08:29:00,060 [WARN] PackLoader:240 - Cannot read IP mode file for STMicroelectronics.X-CUBE-DPower.1.2.0
2024-08-15 08:29:00,064 [WARN] PackLoader:240 - Cannot read IP mode file for STMicroelectronics.X-CUBE-AI.9.0.0
2024-08-15 08:29:00,069 [WARN] PackLoader:240 - Cannot read IP mode file for STMicroelectronics.X-CUBE-NFC7.1.0.1
2024-08-15 08:29:00,080 [WARN] PackLoader:240 - Cannot read IP mode file for wolfSSL.I-CUBE-wolfTPM.3.2.0
2024-08-15 08:29:00,095 [WARN] ConditionMgr:438 - getConditionDescription Invalid condition id : LAN8742 Phy interface Condition cause : null
2024-08-15 08:29:00,096 [WARN] PackLoader:240 - Cannot read IP mode file for STMicroelectronics.X-CUBE-AZRTOS-L4.2.0.0
2024-08-15 08:29:00,097 [WARN] ConditionMgr:1039 - genDependencies : Invalid condition id : LAN8742 Phy interface Condition cause : null
2024-08-15 08:29:00,097 [WARN] ConditionMgr:1039 - genDependencies : Invalid condition id : LAN8742 Phy interface Condition cause : null
2024-08-15 08:29:00,098 [WARN] ConditionMgr:1039 - genDependencies : Invalid condition id : LAN8742 Phy interface Condition cause : null
2024-08-15 08:29:00,105 [WARN] PackLoader:240 - Cannot read IP mode file for STMicroelectronics.X-CUBE-SFXS2LP1.4.0.0
2024-08-15 08:29:00,117 [WARN] ConditionMgr:438 - getConditionDescription Invalid condition id : UX DEVICE CLASS RTOS Condition cause : null
2024-08-15 08:29:00,118 [WARN] ConditionMgr:438 - getConditionDescription Invalid condition id : UX DEVICE CLASS RTOS Condition cause : null
2024-08-15 08:29:00,120 [WARN] PackLoader:240 - Cannot read IP mode file for STMicroelectronics.X-CUBE-AZRTOS-WB.2.0.0
2024-08-15 08:29:00,121 [WARN] ConditionMgr:1039 - genDependencies : Invalid condition id : UX DEVICE CLASS RTOS Condition cause : null
2024-08-15 08:29:00,121 [WARN] ConditionMgr:1039 - genDependencies : Invalid condition id : UX DEVICE CLASS RTOS Condition cause : null
2024-08-15 08:29:00,121 [WARN] ConditionMgr:1039 - genDependencies : Invalid condition id : UX DEVICE CLASS RTOS Condition cause : null
2024-08-15 08:29:00,122 [WARN] ConditionMgr:1039 - genDependencies : Invalid condition id : UX DEVICE CLASS RTOS Condition cause : null
2024-08-15 08:29:00,122 [WARN] ConditionMgr:1039 - genDependencies : Invalid condition id : UX DEVICE CLASS RTOS Condition cause : null
2024-08-15 08:29:00,128 [WARN] PackLoader:240 - Cannot read IP mode file for STMicroelectronics.FP-SNS-STBOX1.2.0.0
2024-08-15 08:29:00,137 [WARN] PackLoader:240 - Cannot read IP mode file for STMicroelectronics.X-CUBE-SUBG2.5.0.0
2024-08-15 08:29:00,147 [WARN] PackLoader:240 - Cannot read IP mode file for Cesanta.I-CUBE-Mongoose.7.13.0
2024-08-15 08:29:00,160 [WARN] PackLoader:240 - Cannot read IP mode file for STMicroelectronics.X-CUBE-AZRTOS-G4.2.0.0
2024-08-15 08:29:00,165 [WARN] PackLoader:240 - Cannot read IP mode file for STMicroelectronics.X-CUBE-ISPU.2.0.0
2024-08-15 08:29:00,170 [WARN] PackLoader:240 - Cannot read IP mode file for STMicroelectronics.X-CUBE-ALS.1.0.2
2024-08-15 08:29:00,201 [WARN] PackLoader:240 - Cannot read IP mode file for STMicroelectronics.X-CUBE-MEMS1.10.0.0
2024-08-15 08:29:00,320 [WARN] PackLoader:240 - Cannot read IP mode file for STMicroelectronics.X-CUBE-FREERTOS.1.1.0
2024-08-15 08:29:00,357 [WARN] PackLoader:240 - Cannot read IP mode file for STMicroelectronics.X-CUBE-TOUCHGFX.4.24.0
2024-08-15 08:29:00,393 [WARN] PackLoader:240 - Cannot read IP mode file for portGmbH.I-Cube-SoM-uGOAL.1.1.0
2024-08-15 08:29:00,409 [WARN] PackLoader:240 - Cannot read IP mode file for STMicroelectronics.X-CUBE-AZRTOS-H7RS.1.0.0
2024-08-15 08:29:00,415 [WARN] PackLoader:240 - Cannot read IP mode file for STMicroelectronics.FP-ATR-ASTRA1.2.0.0
2024-08-15 08:29:00,424 [WARN] PackLoader:240 - Cannot read IP mode file for STMicroelectronics.X-CUBE-TOF1.3.4.2
2024-08-15 08:29:00,450 [WARN] PackLoader:240 - Cannot read IP mode file for STMicroelectronics.X-CUBE-AZRTOS-H7.3.2.0
2024-08-15 08:29:00,465 [WARN] PackLoader:240 - Cannot read IP mode file for Infineon.AIROC-Wi-Fi-Bluetooth-STM32.1.6.0
2024-08-15 08:29:00,473 [WARN] PackLoader:240 - Cannot read IP mode file for wolfSSL.I-CUBE-wolfSSH.1.4.17
2024-08-15 08:29:00,474 [INFO] ThirdParty:978 - Integrity check success = true
2024-08-15 08:29:00,474 [INFO] IntegrityCheckThread:100 - exiting critical section [integrity check]
2024-08-15 08:29:00,474 [INFO] IntegrityCheckThread:103 - End integrity checks thread
2024-08-15 08:29:02,678 [INFO] WebApp:167 - Instantiating new browser for Auth
2024-08-15 08:29:03,638 [INFO] WebApp:448 - Apply proxy settings
2024-08-15 08:29:03,638 [INFO] WebApp:533 - Chromium requires no authentication
2024-08-15 08:29:03,652 [INFO] WebApp:476 - Direct internet connection detected
2024-08-15 08:29:03,693 [INFO] WebApp:869 - Register for checkConnection events
2024-08-15 08:29:03,693 [INFO] WebApp:448 - Apply proxy settings
2024-08-15 08:29:03,693 [INFO] WebApp:533 - Chromium requires no authentication
2024-08-15 08:29:03,693 [INFO] WebApp:476 - Direct internet connection detected
2024-08-15 08:29:03,876 [INFO] WebApp:186 - Connection restablished
2024-08-15 08:29:03,922 [INFO] WebApp:220 - Starting web application
2024-08-15 08:29:03,922 [INFO] WebApp:578 - Web application path used C:\ST\STM32CubeIDE_1.15.0\STM32CubeIDE\plugins\com.st.stm32cube.common.mx_6.12.0.202406281431\db\plugins\mcufinder\reactClient1\index.html
2024-08-15 08:42:24,658 [INFO] WebApp:388 - JxBrowser engine has been closed 
2024-08-15 09:34:12,458 [ERROR] LogOutputStream:75 - [STDERR_REDIRECT] 
2024-08-15 09:34:12,461 [ERROR] LogOutputStream:75 - [STDERR_REDIRECT] 
