2024-11-06 10:11:32,665 [INFO] McuFinderGlobals:63 - Set McuFinder mode to 2 (CubeIDE integrated)
2024-11-06 10:11:32,819 [INFO] MainUpdater:2873 - connection check result : 10
2024-11-06 10:11:32,823 [INFO] MainUpdater:2873 - connection check result : 10
2024-11-06 10:11:32,955 [INFO] RulesReader:64 - Compatibility file has been processed (297 Rules)
2024-11-06 10:11:32,960 [INFO] RulesReader:64 - Compatibility file has been processed (297 Rules)
2024-11-06 10:11:32,963 [INFO] MicroXplorer:468 - Change Database Path : 
2024-11-06 10:11:32,963 [INFO] MicroXplorer:498 - Change Database Version : DB.6.0.121
2024-11-06 10:11:32,969 [WARN] ThirdParty:871 - waiting for thirdparty lock release [close project]
2024-11-06 10:11:32,970 [INFO] ThirdParty:873 - entering critical section [close project]
2024-11-06 10:11:32,971 [INFO] ThirdParty:883 - exiting critical section [close project]
2024-11-06 10:11:32,973 [INFO] PinOutPanel:1561 - setPackage(No Configuration,No Configuration)
2024-11-06 10:11:32,977 [INFO] UtilMem:75 - Begin LoadConfig() Used Memory: 212068424 Bytes (601882624)
2024-11-06 10:11:35,164 [INFO] MicroXplorer:468 - Change Database Path : 
2024-11-06 10:11:35,164 [INFO] MicroXplorer:498 - Change Database Version : DB.6.0.121
2024-11-06 10:11:35,164 [INFO] OpenFileManager:332 - Change cursor
2024-11-06 10:11:35,208 [INFO] ThirdPartyDownloadManager:103 - Found SW packSTMicroelectronics.X-CUBE-TOUCHGFX.4.23.0up-to-date on disk
2024-11-06 10:11:35,246 [INFO] Mcu:2032 - Initializing MCU STM32H735IGKx STM32H735IGKx STM32H735IGK3
2024-11-06 10:11:37,722 [INFO] Context:742 - Trying to add GPIOservice into a context  which must be forbidden
2024-11-06 10:11:38,566 [INFO] ApiDbMcu:508 - Load IP Config File for STMicroelectronics.X-CUBE-TOUCHGFX.4.23.0
2024-11-06 10:11:38,832 [INFO] RtosManager:555 - Registered RTOS mode: class=CMSIS, group=RTOS, mode=CMSIS_V1, owner=FREERTOS
2024-11-06 10:11:38,832 [INFO] RtosManager:555 - Registered RTOS mode: class=CMSIS, group=RTOS2, mode=CMSIS_V2, owner=FREERTOS
2024-11-06 10:11:38,832 [INFO] RtosManager:555 - Registered RTOS mode: class=RTOS, group=Core, mode=CMSIS_V1, owner=FREERTOS
2024-11-06 10:11:38,832 [INFO] RtosManager:555 - Registered RTOS mode: class=RTOS, group=Core, mode=CMSIS_V2, owner=FREERTOS
2024-11-06 10:11:38,832 [WARN] ModelIntegratedComponent:184 - Missing modes for component STMicroelectronics:FreeRTOS:0.0.1:STMicroelectronics:RTOS:FreeRTOS:Core:::10.2.0:
2024-11-06 10:11:38,838 [WARN] ModelIntegratedComponent:182 - Modes not found for component STMicroelectronics:USB_HOST:1.0.0:STMicroelectronics:USB::USB Host:Audio FS::1.0:USB_HOST_1_0_RESTRICTED_FS
2024-11-06 10:11:38,838 [WARN] ModelIntegratedComponent:188 - Modes not found for component STMicroelectronics:USB_HOST:1.0.0:STMicroelectronics:USB::USB Host:Audio FS::1.0:USB_HOST_1_0_RESTRICTED_FS
2024-11-06 10:11:38,838 [WARN] ModelIntegratedComponent:182 - Modes not found for component STMicroelectronics:USB_HOST:1.0.0:STMicroelectronics:USB::USB Host:CDC FS::1.0:USB_HOST_1_0_RESTRICTED_FS
2024-11-06 10:11:38,838 [WARN] ModelIntegratedComponent:188 - Modes not found for component STMicroelectronics:USB_HOST:1.0.0:STMicroelectronics:USB::USB Host:CDC FS::1.0:USB_HOST_1_0_RESTRICTED_FS
2024-11-06 10:11:38,838 [WARN] ModelIntegratedComponent:182 - Modes not found for component STMicroelectronics:USB_HOST:1.0.0:STMicroelectronics:USB::USB Host:MSC FS::1.0:USB_HOST_1_0_RESTRICTED_FS
2024-11-06 10:11:38,838 [WARN] ModelIntegratedComponent:188 - Modes not found for component STMicroelectronics:USB_HOST:1.0.0:STMicroelectronics:USB::USB Host:MSC FS::1.0:USB_HOST_1_0_RESTRICTED_FS
2024-11-06 10:11:38,838 [WARN] ModelIntegratedComponent:182 - Modes not found for component STMicroelectronics:USB_HOST:1.0.0:STMicroelectronics:USB::USB Host:HID FS::1.0:USB_HOST_1_0_RESTRICTED_FS
2024-11-06 10:11:38,838 [WARN] ModelIntegratedComponent:188 - Modes not found for component STMicroelectronics:USB_HOST:1.0.0:STMicroelectronics:USB::USB Host:HID FS::1.0:USB_HOST_1_0_RESTRICTED_FS
2024-11-06 10:11:38,838 [WARN] ModelIntegratedComponent:182 - Modes not found for component STMicroelectronics:USB_HOST:1.0.0:STMicroelectronics:USB::USB Host:MTP FS::1.0:USB_HOST_1_0_RESTRICTED_FS
2024-11-06 10:11:38,838 [WARN] ModelIntegratedComponent:188 - Modes not found for component STMicroelectronics:USB_HOST:1.0.0:STMicroelectronics:USB::USB Host:MTP FS::1.0:USB_HOST_1_0_RESTRICTED_FS
2024-11-06 10:11:38,842 [WARN] ModelIntegratedComponent:63 - No mode defined for component null
2024-11-06 10:11:38,842 [WARN] ModelIntegratedComponent:63 - No mode defined for component null
2024-11-06 10:11:38,842 [WARN] ModelIntegratedComponent:63 - No mode defined for component null
2024-11-06 10:11:38,842 [WARN] ModelIntegratedComponent:63 - No mode defined for component null
2024-11-06 10:11:38,842 [WARN] ModelIntegratedComponent:63 - No mode defined for component null
2024-11-06 10:11:38,842 [WARN] ModelIntegratedComponent:63 - No mode defined for component null
2024-11-06 10:11:38,842 [WARN] ModelIntegratedComponent:63 - No mode defined for component null
2024-11-06 10:11:38,842 [WARN] ModelIntegratedComponent:63 - No mode defined for component null
2024-11-06 10:11:38,842 [WARN] ModelIntegratedComponent:63 - No mode defined for component null
2024-11-06 10:11:38,842 [WARN] ModelIntegratedComponent:63 - No mode defined for component null
2024-11-06 10:11:38,842 [WARN] ModelIntegratedComponent:63 - No mode defined for component null
2024-11-06 10:11:38,842 [WARN] ModelIntegratedComponent:63 - No mode defined for component null
2024-11-06 10:11:38,842 [WARN] ModelIntegratedComponent:63 - No mode defined for component null
2024-11-06 10:11:38,842 [WARN] ModelIntegratedComponent:63 - No mode defined for component null
2024-11-06 10:11:38,842 [WARN] ModelIntegratedComponent:63 - No mode defined for component null
2024-11-06 10:11:38,842 [WARN] ModelIntegratedComponent:63 - No mode defined for component null
2024-11-06 10:11:38,842 [WARN] ModelIntegratedComponent:63 - No mode defined for component null
2024-11-06 10:11:38,842 [WARN] ModelIntegratedComponent:63 - No mode defined for component null
2024-11-06 10:11:38,842 [WARN] ModelIntegratedComponent:63 - No mode defined for component null
2024-11-06 10:11:38,842 [WARN] ModelIntegratedComponent:63 - No mode defined for component null
2024-11-06 10:11:38,842 [WARN] ModelIntegratedComponent:63 - No mode defined for component null
2024-11-06 10:11:38,842 [WARN] ModelIntegratedComponent:63 - No mode defined for component null
2024-11-06 10:11:38,842 [WARN] ModelIntegratedComponent:63 - No mode defined for component null
2024-11-06 10:11:38,842 [WARN] ModelIntegratedComponent:63 - No mode defined for component null
2024-11-06 10:11:38,842 [WARN] ModelIntegratedComponent:63 - No mode defined for component null
2024-11-06 10:11:38,842 [WARN] ModelIntegratedComponent:63 - No mode defined for component null
2024-11-06 10:11:38,842 [WARN] ModelIntegratedComponent:63 - No mode defined for component null
2024-11-06 10:11:38,842 [WARN] ModelIntegratedComponent:63 - No mode defined for component null
2024-11-06 10:11:38,842 [WARN] ModelIntegratedComponent:63 - No mode defined for component null
2024-11-06 10:11:38,842 [WARN] ModelIntegratedComponent:63 - No mode defined for component null
2024-11-06 10:11:38,842 [WARN] ModelIntegratedComponent:63 - No mode defined for component null
2024-11-06 10:11:38,843 [WARN] ModelIntegratedComponent:63 - No mode defined for component null
2024-11-06 10:11:38,843 [WARN] ModelIntegratedComponent:63 - No mode defined for component null
2024-11-06 10:11:38,843 [WARN] ModelIntegratedComponent:63 - No mode defined for component null
2024-11-06 10:11:38,843 [WARN] ModelIntegratedComponent:63 - No mode defined for component null
2024-11-06 10:11:38,843 [WARN] ModelPack:524 - Component already loaded: STMicroelectronics:HAL Drivers:0.0.0:STMicroelectronics:Device:STMicro_Driver:XSPI:HAL::0.0.1:HAL_XSPI
2024-11-06 10:11:38,900 [WARN] ModelIntegratedComponent:182 - Modes not found for component STMicroelectronics:USB_DEVICE:1.0.0:STMicroelectronics:USB::USB Device:Audio FS::1.0:USB_DEVICE_1_0_RESTRICTED_FS
2024-11-06 10:11:38,900 [WARN] ModelIntegratedComponent:188 - Modes not found for component STMicroelectronics:USB_DEVICE:1.0.0:STMicroelectronics:USB::USB Device:Audio FS::1.0:USB_DEVICE_1_0_RESTRICTED_FS
2024-11-06 10:11:38,900 [WARN] ModelIntegratedComponent:182 - Modes not found for component STMicroelectronics:USB_DEVICE:1.0.0:STMicroelectronics:USB::USB Device:CDC FS::1.0:USB_DEVICE_1_0_RESTRICTED_FS
2024-11-06 10:11:38,900 [WARN] ModelIntegratedComponent:188 - Modes not found for component STMicroelectronics:USB_DEVICE:1.0.0:STMicroelectronics:USB::USB Device:CDC FS::1.0:USB_DEVICE_1_0_RESTRICTED_FS
2024-11-06 10:11:38,900 [WARN] ModelIntegratedComponent:182 - Modes not found for component STMicroelectronics:USB_DEVICE:1.0.0:STMicroelectronics:USB::USB Device:DFU FS::1.0:USB_DEVICE_1_0_RESTRICTED_FS
2024-11-06 10:11:38,900 [WARN] ModelIntegratedComponent:188 - Modes not found for component STMicroelectronics:USB_DEVICE:1.0.0:STMicroelectronics:USB::USB Device:DFU FS::1.0:USB_DEVICE_1_0_RESTRICTED_FS
2024-11-06 10:11:38,900 [WARN] ModelIntegratedComponent:182 - Modes not found for component STMicroelectronics:USB_DEVICE:1.0.0:STMicroelectronics:USB::USB Device:HID FS::1.0:USB_DEVICE_1_0_RESTRICTED_FS
2024-11-06 10:11:38,900 [WARN] ModelIntegratedComponent:188 - Modes not found for component STMicroelectronics:USB_DEVICE:1.0.0:STMicroelectronics:USB::USB Device:HID FS::1.0:USB_DEVICE_1_0_RESTRICTED_FS
2024-11-06 10:11:38,900 [WARN] ModelIntegratedComponent:182 - Modes not found for component STMicroelectronics:USB_DEVICE:1.0.0:STMicroelectronics:USB::USB Device:Custom HID FS::1.0:USB_DEVICE_1_0_RESTRICTED_FS
2024-11-06 10:11:38,900 [WARN] ModelIntegratedComponent:188 - Modes not found for component STMicroelectronics:USB_DEVICE:1.0.0:STMicroelectronics:USB::USB Device:Custom HID FS::1.0:USB_DEVICE_1_0_RESTRICTED_FS
2024-11-06 10:11:38,900 [WARN] ModelIntegratedComponent:182 - Modes not found for component STMicroelectronics:USB_DEVICE:1.0.0:STMicroelectronics:USB::USB Device:MSC FS::1.0:USB_DEVICE_1_0_RESTRICTED_FS
2024-11-06 10:11:38,900 [WARN] ModelIntegratedComponent:188 - Modes not found for component STMicroelectronics:USB_DEVICE:1.0.0:STMicroelectronics:USB::USB Device:MSC FS::1.0:USB_DEVICE_1_0_RESTRICTED_FS
2024-11-06 10:11:39,469 [INFO] ApiDbMcu:508 - Load IP Config File for FREERTOS
2024-11-06 10:11:39,485 [INFO] ThirdPartyModel:298 - Start build external matchings
2024-11-06 10:11:39,819 [INFO] ThirdPartyModel:316 - End build external matchings
2024-11-06 10:11:39,832 [INFO] RtosManager:919 - Current active RTOS is FREERTOS [Cortex-M7NS]
2024-11-06 10:11:39,839 [INFO] ImportTextPane:205 - (OptionalMessage_ERROR) IP (ADC1) : Parameter (OffsetSignedSaturation) has invalid value (null)
2024-11-06 10:11:39,840 [INFO] ImportTextPane:205 - (OptionalMessage_ERROR) IP (ADC2) : Parameter (OffsetSignedSaturation) has invalid value (null)
2024-11-06 10:11:39,841 [INFO] ImportTextPane:205 - (OptionalMessage_ERROR) IP (DMA) : Parameter (Instance) has Id (ADC1) currently not set
2024-11-06 10:11:39,841 [INFO] ImportTextPane:205 - (OptionalMessage_ERROR) IP (DMA) : Parameter (Request) has Id (ADC1) currently not set
2024-11-06 10:11:39,841 [INFO] ImportTextPane:205 - (OptionalMessage_ERROR) IP (DMA) : Parameter (Direction) has Id (ADC1) currently not set
2024-11-06 10:11:39,841 [INFO] ImportTextPane:205 - (OptionalMessage_ERROR) IP (DMA) : Parameter (PeriphInc) has Id (ADC1) currently not set
2024-11-06 10:11:39,841 [INFO] ImportTextPane:205 - (OptionalMessage_ERROR) IP (DMA) : Parameter (MemInc) has Id (ADC1) currently not set
2024-11-06 10:11:39,841 [INFO] ImportTextPane:205 - (OptionalMessage_ERROR) IP (DMA) : Parameter (PeriphDataAlignment) has Id (ADC1) currently not set
2024-11-06 10:11:39,841 [INFO] ImportTextPane:205 - (OptionalMessage_ERROR) IP (DMA) : Parameter (MemDataAlignment) has Id (ADC1) currently not set
2024-11-06 10:11:39,841 [INFO] ImportTextPane:205 - (OptionalMessage_ERROR) IP (DMA) : Parameter (Mode) has Id (ADC1) currently not set
2024-11-06 10:11:39,842 [INFO] ImportTextPane:205 - (OptionalMessage_ERROR) IP (DMA) : Parameter (Priority) has Id (ADC1) currently not set
2024-11-06 10:11:39,842 [INFO] ImportTextPane:205 - (OptionalMessage_ERROR) IP (DMA) : Parameter (FIFOMode) has Id (ADC1) currently not set
2024-11-06 10:11:39,842 [INFO] ImportTextPane:205 - (OptionalMessage_ERROR) IP (DMA) : Parameter (SignalID) has Id (ADC1) currently not set
2024-11-06 10:11:39,842 [INFO] ImportTextPane:205 - (OptionalMessage_ERROR) IP (DMA) : Parameter (Polarity) has Id (ADC1) currently not set
2024-11-06 10:11:39,842 [INFO] ImportTextPane:205 - (OptionalMessage_ERROR) IP (DMA) : Parameter (RequestNumber) has Id (ADC1) currently not set
2024-11-06 10:11:39,842 [INFO] ImportTextPane:205 - (OptionalMessage_ERROR) IP (DMA) : Parameter (SyncSignalID) has Id (ADC1) currently not set
2024-11-06 10:11:39,842 [INFO] ImportTextPane:205 - (OptionalMessage_ERROR) IP (DMA) : Parameter (SyncPolarity) has Id (ADC1) currently not set
2024-11-06 10:11:39,842 [INFO] ImportTextPane:205 - (OptionalMessage_ERROR) IP (DMA) : Parameter (SyncEnable) has Id (ADC1) currently not set
2024-11-06 10:11:39,842 [INFO] ImportTextPane:205 - (OptionalMessage_ERROR) IP (DMA) : Parameter (EventEnable) has Id (ADC1) currently not set
2024-11-06 10:11:39,842 [INFO] ImportTextPane:205 - (OptionalMessage_ERROR) IP (DMA) : Parameter (SyncRequestNumber) has Id (ADC1) currently not set
2024-11-06 10:11:39,842 [INFO] ImportTextPane:205 - (OptionalMessage_ERROR) IP (DMA) : Parameter (Instance) has Id (ADC2) currently not set
2024-11-06 10:11:39,842 [INFO] ImportTextPane:205 - (OptionalMessage_ERROR) IP (DMA) : Parameter (Request) has Id (ADC2) currently not set
2024-11-06 10:11:39,842 [INFO] ImportTextPane:205 - (OptionalMessage_ERROR) IP (DMA) : Parameter (Direction) has Id (ADC2) currently not set
2024-11-06 10:11:39,842 [INFO] ImportTextPane:205 - (OptionalMessage_ERROR) IP (DMA) : Parameter (PeriphInc) has Id (ADC2) currently not set
2024-11-06 10:11:39,842 [INFO] ImportTextPane:205 - (OptionalMessage_ERROR) IP (DMA) : Parameter (MemInc) has Id (ADC2) currently not set
2024-11-06 10:11:39,842 [INFO] ImportTextPane:205 - (OptionalMessage_ERROR) IP (DMA) : Parameter (PeriphDataAlignment) has Id (ADC2) currently not set
2024-11-06 10:11:39,842 [INFO] ImportTextPane:205 - (OptionalMessage_ERROR) IP (DMA) : Parameter (MemDataAlignment) has Id (ADC2) currently not set
2024-11-06 10:11:39,842 [INFO] ImportTextPane:205 - (OptionalMessage_ERROR) IP (DMA) : Parameter (Mode) has Id (ADC2) currently not set
2024-11-06 10:11:39,842 [INFO] ImportTextPane:205 - (OptionalMessage_ERROR) IP (DMA) : Parameter (Priority) has Id (ADC2) currently not set
2024-11-06 10:11:39,842 [INFO] ImportTextPane:205 - (OptionalMessage_ERROR) IP (DMA) : Parameter (FIFOMode) has Id (ADC2) currently not set
2024-11-06 10:11:39,842 [INFO] ImportTextPane:205 - (OptionalMessage_ERROR) IP (DMA) : Parameter (SignalID) has Id (ADC2) currently not set
2024-11-06 10:11:39,842 [INFO] ImportTextPane:205 - (OptionalMessage_ERROR) IP (DMA) : Parameter (Polarity) has Id (ADC2) currently not set
2024-11-06 10:11:39,842 [INFO] ImportTextPane:205 - (OptionalMessage_ERROR) IP (DMA) : Parameter (RequestNumber) has Id (ADC2) currently not set
2024-11-06 10:11:39,842 [INFO] ImportTextPane:205 - (OptionalMessage_ERROR) IP (DMA) : Parameter (SyncSignalID) has Id (ADC2) currently not set
2024-11-06 10:11:39,842 [INFO] ImportTextPane:205 - (OptionalMessage_ERROR) IP (DMA) : Parameter (SyncPolarity) has Id (ADC2) currently not set
2024-11-06 10:11:39,842 [INFO] ImportTextPane:205 - (OptionalMessage_ERROR) IP (DMA) : Parameter (SyncEnable) has Id (ADC2) currently not set
2024-11-06 10:11:39,842 [INFO] ImportTextPane:205 - (OptionalMessage_ERROR) IP (DMA) : Parameter (EventEnable) has Id (ADC2) currently not set
2024-11-06 10:11:39,843 [INFO] ImportTextPane:205 - (OptionalMessage_ERROR) IP (DMA) : Parameter (SyncRequestNumber) has Id (ADC2) currently not set
2024-11-06 10:11:39,849 [WARN] IP:2191 - LayerIdx_L1 not found: check if there is a RefParameter without a condition.
2024-11-06 10:11:39,850 [INFO] ImportTextPane:205 - (OptionalMessage_ERROR) IP (RCC) : Parameter (DFSDMACLkFreq_Value) has invalid value (275000000)
2024-11-06 10:11:39,852 [INFO] ImportTextPane:205 - (OptionalMessage_ERROR) IP (RCC) : Parameter (FDCANFreq_Value) has invalid value (275000000)
2024-11-06 10:11:39,852 [INFO] ImportTextPane:205 - (OptionalMessage_ERROR) IP (RCC) : Invalid parameter (FamilyName)
2024-11-06 10:11:39,852 [INFO] ImportTextPane:205 - (OptionalMessage_ERROR) IP (RCC) : Parameter (SAI1Freq_Value) has invalid value (275000000)
2024-11-06 10:11:39,852 [INFO] ImportTextPane:205 - (OptionalMessage_ERROR) IP (RCC) : Parameter (SAI4AFreq_Value) has invalid value (275000000)
2024-11-06 10:11:39,852 [INFO] ImportTextPane:205 - (OptionalMessage_ERROR) IP (RCC) : Parameter (SAI4BFreq_Value) has invalid value (275000000)
2024-11-06 10:11:39,852 [INFO] ImportTextPane:205 - (OptionalMessage_ERROR) IP (RCC) : Parameter (SDMMCFreq_Value) has invalid value (275000000)
2024-11-06 10:11:39,852 [INFO] ImportTextPane:205 - (OptionalMessage_ERROR) IP (RCC) : Parameter (SPDIFRXFreq_Value) has invalid value (275000000)
2024-11-06 10:11:39,852 [INFO] ImportTextPane:205 - (OptionalMessage_ERROR) IP (RCC) : Parameter (SPI123Freq_Value) has invalid value (275000000)
2024-11-06 10:11:39,852 [INFO] ImportTextPane:205 - (OptionalMessage_ERROR) IP (RCC) : Parameter (USBFreq_Value) has invalid value (275000000)
2024-11-06 10:11:39,862 [INFO] ImportTextPane:205 - (OptionalMessage_ERROR) IP (STMicroelectronics.X-CUBE-TOUCHGFX.4.23.0) : Parameter (tgfx_video_strategy) has invalid value (1)
2024-11-06 10:11:39,862 [INFO] ImportTextPane:205 - (OptionalMessage_ERROR) IP (STMicroelectronics.X-CUBE-TOUCHGFX.4.23.0) : Parameter (tgfx_video_buffer_format) has invalid value (RGB888:3)
2024-11-06 10:11:39,862 [INFO] ImportTextPane:205 - (OptionalMessage_ERROR) IP (STMicroelectronics.X-CUBE-TOUCHGFX.4.23.0) : Parameter (ApplicationCcGraphicsJjApplication) has invalid value (TouchGFXOoGenerator)
2024-11-06 10:11:40,310 [INFO] ApiDb:581 - Connected to CubeFinder SQLite database (C:\Users\stefa\.stmcufinder\plugins\mcufinder\mcu\cube-finder-db.db)
2024-11-06 10:11:40,348 [INFO] ApiDb:668 - CubeFinder database Data Model version=2.1
2024-11-06 10:11:40,348 [INFO] ApiDb:669 - CubeFinder database Configuration version=3.0.39
2024-11-06 10:11:40,349 [INFO] ApiDb:670 - CubeFinder database generation date=2024-08-28 (1724861534)
2024-11-06 10:11:40,349 [INFO] ApiDb:671 - CubeFinder database FW Pack versions=[FP-ATR-ASTRA1_V2.0.0, FP-SNS-FLIGHT1_V5.0.2, FP-SNS-MOTENV1_V5.0.0, FP-SNS-MOTENVWB1_V1.4.0, FP-SNS-SMARTAG2_V1.2.0, FP-SNS-STBOX1_V2.0.0, STM32Cube_FW_C0_V1.2.0, STM32Cube_FW_F4_V1.28.0, STM32Cube_FW_F7_V1.17.2, STM32Cube_FW_G0_V1.6.2, STM32Cube_FW_G4_V1.6.0, STM32Cube_FW_H5_V1.3.0, STM32Cube_FW_H7RS_V1.1.0, STM32Cube_FW_H7_V1.11.2, STM32Cube_FW_L0_V1.12.2, STM32Cube_FW_L5_V1.5.1, STM32Cube_FW_U0_V1.1.0, STM32Cube_FW_U5_V1.6.0, STM32Cube_FW_WB0_V1.0.0, STM32Cube_FW_WBA_V1.4.1, STM32Cube_FW_WB_V1.20.0, STM32Cube_FW_WL_V1.3.0, X-CUBE-ALGOBUILD_V1.4.0, X-CUBE-ALS_V1.0.2, X-CUBE-AZRTOS-F4_V1.1.0, X-CUBE-AZRTOS-F7_V1.1.0, X-CUBE-AZRTOS-G0_V1.1.0, X-CUBE-AZRTOS-G4_V2.0.0, X-CUBE-AZRTOS-H7RS_V1.0.0, X-CUBE-AZRTOS-H7_V3.2.0, X-CUBE-AZRTOS-L4_V2.0.0, X-CUBE-AZRTOS-L5_V1.1.0, X-CUBE-AZRTOS-WB_V2.0.0, X-CUBE-AZRTOS-WL_V2.0.0, X-CUBE-BLE1_V7.0.0, X-CUBE-BLE2_V3.3.0, X-CUBE-BLEMGR_V3.1.0, X-CUBE-EEPRMA1_V5.1.0, X-CUBE-FREERTOS_V1.2.0, X-CUBE-GNSS1_V6.0.0, X-CUBE-MEMS1_V10.0.0, X-CUBE-NFC4_V3.0.0, X-CUBE-NFC7_V1.0.1, X-CUBE-SFXS2LP1_V4.0.0, X-CUBE-SUBG2_V5.0.0, X-CUBE-TOF1_V3.4.2]
2024-11-06 10:11:40,393 [INFO] DbBoardsSqlite:226 - include board P-NUCLEO-WB55-NUCLEO as a kit item of type 'Nucleo-64'
2024-11-06 10:11:40,393 [INFO] DbBoardsSqlite:226 - include board P-NUCLEO-WB55-USBDONGLE as a kit item of type 'Nucleo USB Dongle'
2024-11-06 10:11:40,393 [INFO] DbBoardsSqlite:226 - include board STEVAL-IDP005V1 as a kit item of type 'Evaluation Board'
2024-11-06 10:11:40,393 [INFO] DbBoardsSqlite:226 - include board STEVAL-IDP005V2 as a kit item of type 'Evaluation Board'
2024-11-06 10:11:40,426 [INFO] ApiDb:240 - Found 646 in-development CPN: [B-G473E-ZEST1S, B-WB1M-WPAN1, B-WL5M-SUBG1, NUCLEO-C031C6, NUCLEO-C071RB, NUCLEO-H503RB, NUCLEO-H533RE, NUCLEO-H563ZI, NUCLEO-H7S3L8, NUCLEO-U031R8, NUCLEO-U083RC, NUCLEO-U545RE-Q, NUCLEO-U5A5ZJ-Q, NUCLEO-WB05KZ, NUCLEO-WB07CC, NUCLEO-WB09KE, NUCLEO-WBA52CG, NUCLEO-WBA55CG, STEVAL-PROTEUS1, STEVAL-SMARTAG2, STEVAL-STWINBX1, STM320518-EVAL, STM32C0116-DK, STM32C011D6Y3TR, STM32C011D6Y6TR, STM32C011F4P3, STM32C011F4P6, STM32C011F4U3, STM32C011F4U6TR, STM32C011F6P3, STM32C011F6P6, STM32C011F6U3, STM32C011F6U6TR, STM32C011J4M3, STM32C011J4M6, STM32C011J6M3, STM32C011J6M6, STM32C0316-DK, STM32C031C4T3, STM32C031C4T6, STM32C031C4U3, STM32C031C4U6, STM32C031C6T3, STM32C031C6T6, STM32C031C6U3, STM32C031C6U6, STM32C031F4P3, STM32C031F4P6, STM32C031F6P3, STM32C031F6P6, STM32C031G4U3, STM32C031G4U6, STM32C031G6U3, STM32C031G6U6, STM32C031K4T3, STM32C031K4T6, STM32C031K4U3, STM32C031K4U6, STM32C031K6T3, STM32C031K6T6, STM32C031K6U3, STM32C031K6U6, STM32C071C8T6, STM32C071C8T6N, STM32C071C8U6, STM32C071C8U6N, STM32C071CBT6, STM32C071CBT6N, STM32C071CBU6, STM32C071CBU6N, STM32C071F8P6, STM32C071F8P6N, STM32C071FBP6, STM32C071FBP6N, STM32C071FBY6TR, STM32C071G8U6, STM32C071G8U6N, STM32C071GBU6, STM32C071GBU6N, STM32C071K8T6, STM32C071K8T6N, STM32C071K8U6, STM32C071K8U6N, STM32C071KBT6, STM32C071KBT6N, STM32C071KBU6, STM32C071KBU6N, STM32C071R8T6, STM32C071R8T6N, STM32C071RBI6N, STM32C071RBT6, STM32C071RBT6N, STM32G071K8TXN, STM32G071K8UXN, STM32G081GBU6N, STM32G081KBT6N, STM32G081KBUXN, STM32G0B1CCT6N, STM32G0B1KCT6, STM32G0B1NEY6TR, STM32G0B1RCT6N, STM32G0C1CCT6, STM32G0C1CCT6N, STM32G0C1CCU6N, STM32G0C1CET6N, STM32G0C1CEU6N, STM32G0C1KCT6, STM32G0C1NEY6TR, STM32G0C1RCI6N, STM32G0C1RCT6N, STM32G0C1REI6N, STM32G0C1RET6N, STM32G0C1VCI6, STM32G0C1VEI6, STM32G411C6T3, STM32G411C6T6, STM32G411C6U3, STM32G411C6U6, STM32G411C8T3, STM32G411C8T6, STM32G411C8U3, STM32G411C8U6, STM32G411CBT3, STM32G411CBT6, STM32G411CBU3, STM32G411CBU6, STM32G411K6T3, STM32G411K6T6, STM32G411K6U3, STM32G411K6U6, STM32G411K8T3, STM32G411K8T6, STM32G411K8U3, STM32G411K8U6, STM32G411KBT3, STM32G411KBT6, STM32G411KBU3, STM32G411KBU6, STM32G411M6T3, STM32G411M6T6, STM32G411M8T3, STM32G411M8T6, STM32G411MBT3, STM32G411MBT6, STM32G411R6T3, STM32G411R6T6, STM32G411R8T3, STM32G411R8T6, STM32G411RBT3, STM32G411RBT6, STM32G414CBT3, STM32G414CBT6, STM32G414CBU3, STM32G414CBU6, STM32G414CCT3, STM32G414CCT6, STM32G414CCU3, STM32G414CCU6, STM32G414MBT3, STM32G414MBT6, STM32G414MCT3, STM32G414MCT6, STM32G414RBT3, STM32G414RBT6, STM32G414RCT3, STM32G414RCT6, STM32G414VBT3, STM32G414VBT6, STM32G414VCT3, STM32G414VCT6, STM32G431CBT3Z, STM32G431RBT3Z, STM32G471CCT6, STM32G471CCU6, STM32G471CET3, STM32G471CET6, STM32G471CEU3, STM32G471CEU6, STM32G471MCT6, STM32G471MET3, STM32G471MET6, STM32G471MEY6TR, STM32G471QCT6, STM32G471QET3, STM32G471RCT6, STM32G471RET3, STM32G471RET6, STM32G471VCH6, STM32G471VCI6, STM32G471VCT6, STM32G471VEH3, STM32G471VEH6, STM32G471VEI3, STM32G471VEI6, STM32G471VET3, STM32G471VET6, STM32G473QET3Z, STM32G473RET3Z, STM32G474CCT6, STM32G491RET3Z, STM32H503CBT6, STM32H503CBU6, STM32H503EBY6TR, STM32H503KBU6, STM32H503RBT6, STM32H523CCT6, STM32H523CCU6, STM32H523CET6, STM32H523CEU6, STM32H523HEY6TR, STM32H523RCT6, STM32H523RET6, STM32H523VCI6, STM32H523VCT6, STM32H523VEI6, STM32H523VET6, STM32H523ZCJ6, STM32H523ZCT6, STM32H523ZEJ6, STM32H523ZET6, STM32H533CET6, STM32H533CEU6, STM32H533HEY6TR, STM32H533RET6, STM32H533VEI6, STM32H533VET6, STM32H533ZEJ6, STM32H533ZET6, STM32H562AGI6, STM32H562AII6, STM32H562IGK6, STM32H562IGT6, STM32H562IIK6, STM32H562IIT6, STM32H562RGT6, STM32H562RGV6, STM32H562RIT6, STM32H562RIV6, STM32H562VGT6, STM32H562VIT6, STM32H562ZGT6, STM32H562ZIT6, STM32H563AGI6, STM32H563AII3Q, STM32H563AII6, STM32H563IGK6, STM32H563IGT6, STM32H563IIK3Q, STM32H563IIK6, STM32H563IIT3Q, STM32H563IIT6, STM32H563MIY3QTR, STM32H563RGT6, STM32H563RGV6, STM32H563RIT6, STM32H563RIV6, STM32H563VGT6, STM32H563VIT3Q, STM32H563VIT6, STM32H563ZGT6, STM32H563ZIT3Q, STM32H563ZIT6, STM32H573AII3Q, STM32H573AII6, STM32H573I-DK, STM32H573IIK3Q, STM32H573IIK6, STM32H573IIT3Q, STM32H573IIT6, STM32H573MIY3QTR, STM32H573RIT6, STM32H573RIV6, STM32H573VIT3Q, STM32H573VIT6, STM32H573ZIT3Q, STM32H573ZIT6, STM32H7R3A8I6, STM32H7R3I8K6, STM32H7R3I8T6, STM32H7R3L8H6, STM32H7R3L8H6H, STM32H7R3R8V6, STM32H7R3V8H6, STM32H7R3V8T6, STM32H7R3V8Y6TR, STM32H7R3Z8J6, STM32H7R3Z8T6, STM32H7R7A8I6, STM32H7R7I8K6, STM32H7R7I8T6, STM32H7R7L8H6, STM32H7R7L8H6H, STM32H7R7Z8J6, STM32H7S3A8I6, STM32H7S3I8K6, STM32H7S3I8T6, STM32H7S3L8H6, STM32H7S3L8H6H, STM32H7S3R8V6, STM32H7S3V8H6, STM32H7S3V8T6, STM32H7S3V8Y6TR, STM32H7S3Z8J6, STM32H7S3Z8T6, STM32H7S78-DK, STM32H7S7A8I6, STM32H7S7I8K6, STM32H7S7I8T6, STM32H7S7L8H6, STM32H7S7L8H6H, STM32H7S7Z8J6, STM32L4R5QGI6STR, STM32MP131AAE3, STM32MP131AAF3, STM32MP131AAG3, STM32MP131CAE3, STM32MP131CAF3, STM32MP131CAG3, STM32MP131DAE7, STM32MP131DAF7, STM32MP131DAG7, STM32MP131FAE7, STM32MP131FAF7, STM32MP131FAG7, STM32MP133AAE3, STM32MP133AAF3, STM32MP133AAG3, STM32MP133CAE3, STM32MP133CAF3, STM32MP133CAG3, STM32MP133DAE7, STM32MP133DAF7, STM32MP133DAG7, STM32MP133FAE7, STM32MP133FAF7, STM32MP133FAG7, STM32MP135AAE3, STM32MP135AAF3, STM32MP135AAG3, STM32MP135CAE3, STM32MP135CAF3, STM32MP135CAG3, STM32MP135DAE7, STM32MP135DAF7, STM32MP135DAG7, STM32MP135F-DK, STM32MP135FAE7, STM32MP135FAF7, STM32MP135FAF7T, STM32MP135FAF7U, STM32MP135FAG7, STM32MP251AAI3, STM32MP251AAK3, STM32MP251AAL3, STM32MP251CAI3, STM32MP251CAK3, STM32MP251CAL3, STM32MP251DAI3, STM32MP251DAK3, STM32MP251DAL3, STM32MP251FAI3, STM32MP251FAK3, STM32MP251FAL3, STM32MP253AAI3, STM32MP253AAK3, STM32MP253AAL3, STM32MP253CAI3, STM32MP253CAK3, STM32MP253CAL3, STM32MP253DAI3, STM32MP253DAK3, STM32MP253DAL3, STM32MP253FAI3, STM32MP253FAK3, STM32MP253FAL3, STM32MP255AAI3, STM32MP255AAK3, STM32MP255AAL3, STM32MP255CAI3, STM32MP255CAK3, STM32MP255CAL3, STM32MP255DAI3, STM32MP255DAK3, STM32MP255DAL3, STM32MP255FAI3, STM32MP255FAK3, STM32MP255FAL3, STM32MP257AAI3, STM32MP257AAK3, STM32MP257AAL3, STM32MP257CAI3, STM32MP257CAK3, STM32MP257CAL3, STM32MP257DAI3, STM32MP257DAK3, STM32MP257DAL3, STM32MP257F-DK, STM32MP257F-EV1, STM32MP257FAI3, STM32MP257FAK3, STM32MP257FAL3, STM32U031C6T6, STM32U031C6U6, STM32U031C8T6, STM32U031C8U6, STM32U031F4P6, STM32U031F6P6, STM32U031F8P6, STM32U031G6Y6TR, STM32U031G8Y6TR, STM32U031K4U6, STM32U031K6U6, STM32U031K8U6, STM32U031R6I6, STM32U031R6T6, STM32U031R8I6, STM32U031R8T6, STM32U073C8T6, STM32U073C8U6, STM32U073CBT6, STM32U073CBU6, STM32U073CCT6, STM32U073CCU6, STM32U073H8Y6TR, STM32U073HBY6TR, STM32U073HCY6TR, STM32U073K8U6, STM32U073KBU6, STM32U073KCU6, STM32U073M8I6, STM32U073M8T6, STM32U073MBI6, STM32U073MBT6, STM32U073MCI6, STM32U073MCT6, STM32U073R8I6, STM32U073R8T6, STM32U073RBI6, STM32U073RBT6, STM32U073RCI6, STM32U073RCT6, STM32U083C-DK, STM32U083CCT6, STM32U083CCU6, STM32U083HCY6TR, STM32U083KCU6, STM32U083MCI6, STM32U083MCT6, STM32U083RCI6, STM32U083RCT6, STM32U535CBT6, STM32U535CBT6Q, STM32U535CBU6, STM32U535CBU6Q, STM32U535CCT6, STM32U535CCT6Q, STM32U535CCU6, STM32U535CCU6Q, STM32U535CET6, STM32U535CET6Q, STM32U535CEU6, STM32U535CEU6Q, STM32U535JEY6QTR, STM32U535NCY6QTR, STM32U535NEY6QTR, STM32U535RBI6, STM32U535RBI6Q, STM32U535RBT6, STM32U535RBT6Q, STM32U535RCI6, STM32U535RCI6Q, STM32U535RCT6, STM32U535RCT6Q, STM32U535REI6, STM32U535REI6Q, STM32U535RET6, STM32U535RET6Q, STM32U535VCI6, STM32U535VCI6Q, STM32U535VCT6, STM32U535VCT6Q, STM32U535VEI6, STM32U535VEI6Q, STM32U535VET6, STM32U535VET6Q, STM32U545CET6, STM32U545CET6Q, STM32U545CEU6, STM32U545CEU6Q, STM32U545JEY6QTR, STM32U545NEY6QTR, STM32U545REI6, STM32U545REI6Q, STM32U545RET6, STM32U545RET6Q, STM32U545VEI6, STM32U545VEI6Q, STM32U545VET6, STM32U545VET6Q, STM32U595AIH6, STM32U595AIH6Q, STM32U595AJH6, STM32U595AJH6Q, STM32U595QII6, STM32U595QII6Q, STM32U595QJI6, STM32U595QJI6Q, STM32U595RIT6, STM32U595RIT6Q, STM32U595RJT6, STM32U595RJT6Q, STM32U595VIT6, STM32U595VIT6Q, STM32U595VJT6, STM32U595VJT6Q, STM32U595ZIT6, STM32U595ZIT6Q, STM32U595ZIY6QTR, STM32U595ZJT6, STM32U595ZJT6Q, STM32U595ZJY6QTR, STM32U599BJY6QTR, STM32U599NIH6Q, STM32U599NJH6Q, STM32U599VIT6Q, STM32U599VJT6, STM32U599VJT6Q, STM32U599ZIT6Q, STM32U599ZIY6QTR, STM32U599ZJT6Q, STM32U599ZJY6QTR, STM32U5A5AJH6, STM32U5A5AJH6Q, STM32U5A5QII3Q , STM32U5A5QJI6, STM32U5A5QJI6Q, STM32U5A5RJT6, STM32U5A5RJT6Q, STM32U5A5VJT6, STM32U5A5VJT6Q, STM32U5A5ZJT6, STM32U5A5ZJT6Q, STM32U5A5ZJY6QTR, STM32U5A9BJY6QTR, STM32U5A9J-DK, STM32U5A9NJH6Q, STM32U5A9VJT6Q, STM32U5A9ZJT6Q, STM32U5A9ZJY6QTR, STM32U5F7VIT6, STM32U5F7VIT6Q, STM32U5F7VJT6, STM32U5F7VJT6Q, STM32U5F9BJY6QTR, STM32U5F9NJH6Q, STM32U5F9VIT6Q, STM32U5F9VJT6Q, STM32U5F9ZIJ6QTR, STM32U5F9ZIT6Q, STM32U5F9ZJJ6QTR, STM32U5F9ZJT6Q, STM32U5G7VJT6, STM32U5G7VJT6Q, STM32U5G9BJY6QTR, STM32U5G9J-DK1, STM32U5G9J-DK2, STM32U5G9NJH6Q, STM32U5G9VJT6Q, STM32U5G9ZJJ6QTR, STM32U5G9ZJT6Q, STM32WB05KZV6TR, STM32WB05KZV7TR, STM32WB05TZF6TR, STM32WB05TZF7TR, STM32WB06CCF6TR, STM32WB06CCF7TR, STM32WB06CCV6TR, STM32WB06CCV7TR, STM32WB06KCV6TR, STM32WB06KCV7TR, STM32WB07CCF6TR, STM32WB07CCF7TR, STM32WB07CCV6TR, STM32WB07CCV7TR, STM32WB07KCV6TR, STM32WB07KCV7TR, STM32WB09KEV6TR, STM32WB09KEV7TR, STM32WB09TEF6TR, STM32WB09TEF7TR, STM32WB1MMCH6, STM32WBA50KGU6, STM32WBA50KGU6TR, STM32WBA52CEU6, STM32WBA52CEU6TR, STM32WBA52CEU7, STM32WBA52CEU7TR, STM32WBA52CGU6, STM32WBA52CGU6TR, STM32WBA52CGU6U, STM32WBA52CGU7, STM32WBA52CGU7TR, STM32WBA52KEU6, STM32WBA52KEU6TR, STM32WBA52KGU6, STM32WBA52KGU6TR, STM32WBA54CEU6, STM32WBA54CEU6TR, STM32WBA54CEU7, STM32WBA54CEU7TR, STM32WBA54CGU6, STM32WBA54CGU6TR, STM32WBA54CGU7, STM32WBA54CGU7TR, STM32WBA54KEU6, STM32WBA54KEU6TR, STM32WBA54KEU7, STM32WBA54KEU7TR, STM32WBA54KGU6, STM32WBA54KGU6TR, STM32WBA54KGU7, STM32WBA54KGU7TR, STM32WBA55CEU6, STM32WBA55CEU6TR, STM32WBA55CEU7, STM32WBA55CEU7TR, STM32WBA55CGU6, STM32WBA55CGU6TR, STM32WBA55CGU6U, STM32WBA55CGU7, STM32WBA55CGU7TR, STM32WBA55G-DK1, STM32WBA55HEF6, STM32WBA55HEF7, STM32WBA55HGF6, STM32WBA55HGF7, STM32WBA55UEI6, STM32WBA55UEI6TR, STM32WBA55UEI7, STM32WBA55UEI7TR, STM32WBA55UGI6, STM32WBA55UGI6TR, STM32WBA55UGI7, STM32WBA55UGI7TR, STM32WL5MOCH6, STM32WL5MOCH6TR]
2024-11-06 10:11:40,518 [INFO] BoardInfo:889 - No configuration file found for board P-NUCLEO-WB55
2024-11-06 10:11:40,519 [INFO] DbBoards:161 - Kit is not supported: P-NUCLEO-WB55
2024-11-06 10:11:40,522 [INFO] BoardInfo:889 - No configuration file found for board STEVAL-BFA001V1B
2024-11-06 10:11:40,523 [INFO] DbBoards:161 - Kit is not supported: STEVAL-BFA001V1B
2024-11-06 10:11:40,523 [INFO] BoardInfo:889 - No configuration file found for board STEVAL-BFA001V2B
2024-11-06 10:11:40,524 [INFO] DbBoards:161 - Kit is not supported: STEVAL-BFA001V2B
2024-11-06 10:11:40,620 [INFO] DbBoards:168 - Found 201 boards, 198 are supported
2024-11-06 10:11:40,620 [INFO] DbBoards:169 - Found 201 boards, 25 of them is supported for  Bsp
2024-11-06 10:11:40,622 [INFO] ApiDb:668 - CubeFinder database Data Model version=2.1
2024-11-06 10:11:40,622 [INFO] ApiDb:669 - CubeFinder database Configuration version=3.0.39
2024-11-06 10:11:40,622 [INFO] ApiDb:670 - CubeFinder database generation date=2024-08-28 (1724861534)
2024-11-06 10:11:40,622 [INFO] ApiDb:671 - CubeFinder database FW Pack versions=[FP-ATR-ASTRA1_V2.0.0, FP-SNS-FLIGHT1_V5.0.2, FP-SNS-MOTENV1_V5.0.0, FP-SNS-MOTENVWB1_V1.4.0, FP-SNS-SMARTAG2_V1.2.0, FP-SNS-STBOX1_V2.0.0, STM32Cube_FW_C0_V1.2.0, STM32Cube_FW_F4_V1.28.0, STM32Cube_FW_F7_V1.17.2, STM32Cube_FW_G0_V1.6.2, STM32Cube_FW_G4_V1.6.0, STM32Cube_FW_H5_V1.3.0, STM32Cube_FW_H7RS_V1.1.0, STM32Cube_FW_H7_V1.11.2, STM32Cube_FW_L0_V1.12.2, STM32Cube_FW_L5_V1.5.1, STM32Cube_FW_U0_V1.1.0, STM32Cube_FW_U5_V1.6.0, STM32Cube_FW_WB0_V1.0.0, STM32Cube_FW_WBA_V1.4.1, STM32Cube_FW_WB_V1.20.0, STM32Cube_FW_WL_V1.3.0, X-CUBE-ALGOBUILD_V1.4.0, X-CUBE-ALS_V1.0.2, X-CUBE-AZRTOS-F4_V1.1.0, X-CUBE-AZRTOS-F7_V1.1.0, X-CUBE-AZRTOS-G0_V1.1.0, X-CUBE-AZRTOS-G4_V2.0.0, X-CUBE-AZRTOS-H7RS_V1.0.0, X-CUBE-AZRTOS-H7_V3.2.0, X-CUBE-AZRTOS-L4_V2.0.0, X-CUBE-AZRTOS-L5_V1.1.0, X-CUBE-AZRTOS-WB_V2.0.0, X-CUBE-AZRTOS-WL_V2.0.0, X-CUBE-BLE1_V7.0.0, X-CUBE-BLE2_V3.3.0, X-CUBE-BLEMGR_V3.1.0, X-CUBE-EEPRMA1_V5.1.0, X-CUBE-FREERTOS_V1.2.0, X-CUBE-GNSS1_V6.0.0, X-CUBE-MEMS1_V10.0.0, X-CUBE-NFC4_V3.0.0, X-CUBE-NFC7_V1.0.1, X-CUBE-SFXS2LP1_V4.0.0, X-CUBE-SUBG2_V5.0.0, X-CUBE-TOF1_V3.4.2]
2024-11-06 10:11:41,768 [INFO] ApiDb:240 - Found 646 in-development CPN: [B-G473E-ZEST1S, B-WB1M-WPAN1, B-WL5M-SUBG1, NUCLEO-C031C6, NUCLEO-C071RB, NUCLEO-H503RB, NUCLEO-H533RE, NUCLEO-H563ZI, NUCLEO-H7S3L8, NUCLEO-U031R8, NUCLEO-U083RC, NUCLEO-U545RE-Q, NUCLEO-U5A5ZJ-Q, NUCLEO-WB05KZ, NUCLEO-WB07CC, NUCLEO-WB09KE, NUCLEO-WBA52CG, NUCLEO-WBA55CG, STEVAL-PROTEUS1, STEVAL-SMARTAG2, STEVAL-STWINBX1, STM320518-EVAL, STM32C0116-DK, STM32C011D6Y3TR, STM32C011D6Y6TR, STM32C011F4P3, STM32C011F4P6, STM32C011F4U3, STM32C011F4U6TR, STM32C011F6P3, STM32C011F6P6, STM32C011F6U3, STM32C011F6U6TR, STM32C011J4M3, STM32C011J4M6, STM32C011J6M3, STM32C011J6M6, STM32C0316-DK, STM32C031C4T3, STM32C031C4T6, STM32C031C4U3, STM32C031C4U6, STM32C031C6T3, STM32C031C6T6, STM32C031C6U3, STM32C031C6U6, STM32C031F4P3, STM32C031F4P6, STM32C031F6P3, STM32C031F6P6, STM32C031G4U3, STM32C031G4U6, STM32C031G6U3, STM32C031G6U6, STM32C031K4T3, STM32C031K4T6, STM32C031K4U3, STM32C031K4U6, STM32C031K6T3, STM32C031K6T6, STM32C031K6U3, STM32C031K6U6, STM32C071C8T6, STM32C071C8T6N, STM32C071C8U6, STM32C071C8U6N, STM32C071CBT6, STM32C071CBT6N, STM32C071CBU6, STM32C071CBU6N, STM32C071F8P6, STM32C071F8P6N, STM32C071FBP6, STM32C071FBP6N, STM32C071FBY6TR, STM32C071G8U6, STM32C071G8U6N, STM32C071GBU6, STM32C071GBU6N, STM32C071K8T6, STM32C071K8T6N, STM32C071K8U6, STM32C071K8U6N, STM32C071KBT6, STM32C071KBT6N, STM32C071KBU6, STM32C071KBU6N, STM32C071R8T6, STM32C071R8T6N, STM32C071RBI6N, STM32C071RBT6, STM32C071RBT6N, STM32G071K8TXN, STM32G071K8UXN, STM32G081GBU6N, STM32G081KBT6N, STM32G081KBUXN, STM32G0B1CCT6N, STM32G0B1KCT6, STM32G0B1NEY6TR, STM32G0B1RCT6N, STM32G0C1CCT6, STM32G0C1CCT6N, STM32G0C1CCU6N, STM32G0C1CET6N, STM32G0C1CEU6N, STM32G0C1KCT6, STM32G0C1NEY6TR, STM32G0C1RCI6N, STM32G0C1RCT6N, STM32G0C1REI6N, STM32G0C1RET6N, STM32G0C1VCI6, STM32G0C1VEI6, STM32G411C6T3, STM32G411C6T6, STM32G411C6U3, STM32G411C6U6, STM32G411C8T3, STM32G411C8T6, STM32G411C8U3, STM32G411C8U6, STM32G411CBT3, STM32G411CBT6, STM32G411CBU3, STM32G411CBU6, STM32G411K6T3, STM32G411K6T6, STM32G411K6U3, STM32G411K6U6, STM32G411K8T3, STM32G411K8T6, STM32G411K8U3, STM32G411K8U6, STM32G411KBT3, STM32G411KBT6, STM32G411KBU3, STM32G411KBU6, STM32G411M6T3, STM32G411M6T6, STM32G411M8T3, STM32G411M8T6, STM32G411MBT3, STM32G411MBT6, STM32G411R6T3, STM32G411R6T6, STM32G411R8T3, STM32G411R8T6, STM32G411RBT3, STM32G411RBT6, STM32G414CBT3, STM32G414CBT6, STM32G414CBU3, STM32G414CBU6, STM32G414CCT3, STM32G414CCT6, STM32G414CCU3, STM32G414CCU6, STM32G414MBT3, STM32G414MBT6, STM32G414MCT3, STM32G414MCT6, STM32G414RBT3, STM32G414RBT6, STM32G414RCT3, STM32G414RCT6, STM32G414VBT3, STM32G414VBT6, STM32G414VCT3, STM32G414VCT6, STM32G431CBT3Z, STM32G431RBT3Z, STM32G471CCT6, STM32G471CCU6, STM32G471CET3, STM32G471CET6, STM32G471CEU3, STM32G471CEU6, STM32G471MCT6, STM32G471MET3, STM32G471MET6, STM32G471MEY6TR, STM32G471QCT6, STM32G471QET3, STM32G471RCT6, STM32G471RET3, STM32G471RET6, STM32G471VCH6, STM32G471VCI6, STM32G471VCT6, STM32G471VEH3, STM32G471VEH6, STM32G471VEI3, STM32G471VEI6, STM32G471VET3, STM32G471VET6, STM32G473QET3Z, STM32G473RET3Z, STM32G474CCT6, STM32G491RET3Z, STM32H503CBT6, STM32H503CBU6, STM32H503EBY6TR, STM32H503KBU6, STM32H503RBT6, STM32H523CCT6, STM32H523CCU6, STM32H523CET6, STM32H523CEU6, STM32H523HEY6TR, STM32H523RCT6, STM32H523RET6, STM32H523VCI6, STM32H523VCT6, STM32H523VEI6, STM32H523VET6, STM32H523ZCJ6, STM32H523ZCT6, STM32H523ZEJ6, STM32H523ZET6, STM32H533CET6, STM32H533CEU6, STM32H533HEY6TR, STM32H533RET6, STM32H533VEI6, STM32H533VET6, STM32H533ZEJ6, STM32H533ZET6, STM32H562AGI6, STM32H562AII6, STM32H562IGK6, STM32H562IGT6, STM32H562IIK6, STM32H562IIT6, STM32H562RGT6, STM32H562RGV6, STM32H562RIT6, STM32H562RIV6, STM32H562VGT6, STM32H562VIT6, STM32H562ZGT6, STM32H562ZIT6, STM32H563AGI6, STM32H563AII3Q, STM32H563AII6, STM32H563IGK6, STM32H563IGT6, STM32H563IIK3Q, STM32H563IIK6, STM32H563IIT3Q, STM32H563IIT6, STM32H563MIY3QTR, STM32H563RGT6, STM32H563RGV6, STM32H563RIT6, STM32H563RIV6, STM32H563VGT6, STM32H563VIT3Q, STM32H563VIT6, STM32H563ZGT6, STM32H563ZIT3Q, STM32H563ZIT6, STM32H573AII3Q, STM32H573AII6, STM32H573I-DK, STM32H573IIK3Q, STM32H573IIK6, STM32H573IIT3Q, STM32H573IIT6, STM32H573MIY3QTR, STM32H573RIT6, STM32H573RIV6, STM32H573VIT3Q, STM32H573VIT6, STM32H573ZIT3Q, STM32H573ZIT6, STM32H7R3A8I6, STM32H7R3I8K6, STM32H7R3I8T6, STM32H7R3L8H6, STM32H7R3L8H6H, STM32H7R3R8V6, STM32H7R3V8H6, STM32H7R3V8T6, STM32H7R3V8Y6TR, STM32H7R3Z8J6, STM32H7R3Z8T6, STM32H7R7A8I6, STM32H7R7I8K6, STM32H7R7I8T6, STM32H7R7L8H6, STM32H7R7L8H6H, STM32H7R7Z8J6, STM32H7S3A8I6, STM32H7S3I8K6, STM32H7S3I8T6, STM32H7S3L8H6, STM32H7S3L8H6H, STM32H7S3R8V6, STM32H7S3V8H6, STM32H7S3V8T6, STM32H7S3V8Y6TR, STM32H7S3Z8J6, STM32H7S3Z8T6, STM32H7S78-DK, STM32H7S7A8I6, STM32H7S7I8K6, STM32H7S7I8T6, STM32H7S7L8H6, STM32H7S7L8H6H, STM32H7S7Z8J6, STM32L4R5QGI6STR, STM32MP131AAE3, STM32MP131AAF3, STM32MP131AAG3, STM32MP131CAE3, STM32MP131CAF3, STM32MP131CAG3, STM32MP131DAE7, STM32MP131DAF7, STM32MP131DAG7, STM32MP131FAE7, STM32MP131FAF7, STM32MP131FAG7, STM32MP133AAE3, STM32MP133AAF3, STM32MP133AAG3, STM32MP133CAE3, STM32MP133CAF3, STM32MP133CAG3, STM32MP133DAE7, STM32MP133DAF7, STM32MP133DAG7, STM32MP133FAE7, STM32MP133FAF7, STM32MP133FAG7, STM32MP135AAE3, STM32MP135AAF3, STM32MP135AAG3, STM32MP135CAE3, STM32MP135CAF3, STM32MP135CAG3, STM32MP135DAE7, STM32MP135DAF7, STM32MP135DAG7, STM32MP135F-DK, STM32MP135FAE7, STM32MP135FAF7, STM32MP135FAF7T, STM32MP135FAF7U, STM32MP135FAG7, STM32MP251AAI3, STM32MP251AAK3, STM32MP251AAL3, STM32MP251CAI3, STM32MP251CAK3, STM32MP251CAL3, STM32MP251DAI3, STM32MP251DAK3, STM32MP251DAL3, STM32MP251FAI3, STM32MP251FAK3, STM32MP251FAL3, STM32MP253AAI3, STM32MP253AAK3, STM32MP253AAL3, STM32MP253CAI3, STM32MP253CAK3, STM32MP253CAL3, STM32MP253DAI3, STM32MP253DAK3, STM32MP253DAL3, STM32MP253FAI3, STM32MP253FAK3, STM32MP253FAL3, STM32MP255AAI3, STM32MP255AAK3, STM32MP255AAL3, STM32MP255CAI3, STM32MP255CAK3, STM32MP255CAL3, STM32MP255DAI3, STM32MP255DAK3, STM32MP255DAL3, STM32MP255FAI3, STM32MP255FAK3, STM32MP255FAL3, STM32MP257AAI3, STM32MP257AAK3, STM32MP257AAL3, STM32MP257CAI3, STM32MP257CAK3, STM32MP257CAL3, STM32MP257DAI3, STM32MP257DAK3, STM32MP257DAL3, STM32MP257F-DK, STM32MP257F-EV1, STM32MP257FAI3, STM32MP257FAK3, STM32MP257FAL3, STM32U031C6T6, STM32U031C6U6, STM32U031C8T6, STM32U031C8U6, STM32U031F4P6, STM32U031F6P6, STM32U031F8P6, STM32U031G6Y6TR, STM32U031G8Y6TR, STM32U031K4U6, STM32U031K6U6, STM32U031K8U6, STM32U031R6I6, STM32U031R6T6, STM32U031R8I6, STM32U031R8T6, STM32U073C8T6, STM32U073C8U6, STM32U073CBT6, STM32U073CBU6, STM32U073CCT6, STM32U073CCU6, STM32U073H8Y6TR, STM32U073HBY6TR, STM32U073HCY6TR, STM32U073K8U6, STM32U073KBU6, STM32U073KCU6, STM32U073M8I6, STM32U073M8T6, STM32U073MBI6, STM32U073MBT6, STM32U073MCI6, STM32U073MCT6, STM32U073R8I6, STM32U073R8T6, STM32U073RBI6, STM32U073RBT6, STM32U073RCI6, STM32U073RCT6, STM32U083C-DK, STM32U083CCT6, STM32U083CCU6, STM32U083HCY6TR, STM32U083KCU6, STM32U083MCI6, STM32U083MCT6, STM32U083RCI6, STM32U083RCT6, STM32U535CBT6, STM32U535CBT6Q, STM32U535CBU6, STM32U535CBU6Q, STM32U535CCT6, STM32U535CCT6Q, STM32U535CCU6, STM32U535CCU6Q, STM32U535CET6, STM32U535CET6Q, STM32U535CEU6, STM32U535CEU6Q, STM32U535JEY6QTR, STM32U535NCY6QTR, STM32U535NEY6QTR, STM32U535RBI6, STM32U535RBI6Q, STM32U535RBT6, STM32U535RBT6Q, STM32U535RCI6, STM32U535RCI6Q, STM32U535RCT6, STM32U535RCT6Q, STM32U535REI6, STM32U535REI6Q, STM32U535RET6, STM32U535RET6Q, STM32U535VCI6, STM32U535VCI6Q, STM32U535VCT6, STM32U535VCT6Q, STM32U535VEI6, STM32U535VEI6Q, STM32U535VET6, STM32U535VET6Q, STM32U545CET6, STM32U545CET6Q, STM32U545CEU6, STM32U545CEU6Q, STM32U545JEY6QTR, STM32U545NEY6QTR, STM32U545REI6, STM32U545REI6Q, STM32U545RET6, STM32U545RET6Q, STM32U545VEI6, STM32U545VEI6Q, STM32U545VET6, STM32U545VET6Q, STM32U595AIH6, STM32U595AIH6Q, STM32U595AJH6, STM32U595AJH6Q, STM32U595QII6, STM32U595QII6Q, STM32U595QJI6, STM32U595QJI6Q, STM32U595RIT6, STM32U595RIT6Q, STM32U595RJT6, STM32U595RJT6Q, STM32U595VIT6, STM32U595VIT6Q, STM32U595VJT6, STM32U595VJT6Q, STM32U595ZIT6, STM32U595ZIT6Q, STM32U595ZIY6QTR, STM32U595ZJT6, STM32U595ZJT6Q, STM32U595ZJY6QTR, STM32U599BJY6QTR, STM32U599NIH6Q, STM32U599NJH6Q, STM32U599VIT6Q, STM32U599VJT6, STM32U599VJT6Q, STM32U599ZIT6Q, STM32U599ZIY6QTR, STM32U599ZJT6Q, STM32U599ZJY6QTR, STM32U5A5AJH6, STM32U5A5AJH6Q, STM32U5A5QII3Q , STM32U5A5QJI6, STM32U5A5QJI6Q, STM32U5A5RJT6, STM32U5A5RJT6Q, STM32U5A5VJT6, STM32U5A5VJT6Q, STM32U5A5ZJT6, STM32U5A5ZJT6Q, STM32U5A5ZJY6QTR, STM32U5A9BJY6QTR, STM32U5A9J-DK, STM32U5A9NJH6Q, STM32U5A9VJT6Q, STM32U5A9ZJT6Q, STM32U5A9ZJY6QTR, STM32U5F7VIT6, STM32U5F7VIT6Q, STM32U5F7VJT6, STM32U5F7VJT6Q, STM32U5F9BJY6QTR, STM32U5F9NJH6Q, STM32U5F9VIT6Q, STM32U5F9VJT6Q, STM32U5F9ZIJ6QTR, STM32U5F9ZIT6Q, STM32U5F9ZJJ6QTR, STM32U5F9ZJT6Q, STM32U5G7VJT6, STM32U5G7VJT6Q, STM32U5G9BJY6QTR, STM32U5G9J-DK1, STM32U5G9J-DK2, STM32U5G9NJH6Q, STM32U5G9VJT6Q, STM32U5G9ZJJ6QTR, STM32U5G9ZJT6Q, STM32WB05KZV6TR, STM32WB05KZV7TR, STM32WB05TZF6TR, STM32WB05TZF7TR, STM32WB06CCF6TR, STM32WB06CCF7TR, STM32WB06CCV6TR, STM32WB06CCV7TR, STM32WB06KCV6TR, STM32WB06KCV7TR, STM32WB07CCF6TR, STM32WB07CCF7TR, STM32WB07CCV6TR, STM32WB07CCV7TR, STM32WB07KCV6TR, STM32WB07KCV7TR, STM32WB09KEV6TR, STM32WB09KEV7TR, STM32WB09TEF6TR, STM32WB09TEF7TR, STM32WB1MMCH6, STM32WBA50KGU6, STM32WBA50KGU6TR, STM32WBA52CEU6, STM32WBA52CEU6TR, STM32WBA52CEU7, STM32WBA52CEU7TR, STM32WBA52CGU6, STM32WBA52CGU6TR, STM32WBA52CGU6U, STM32WBA52CGU7, STM32WBA52CGU7TR, STM32WBA52KEU6, STM32WBA52KEU6TR, STM32WBA52KGU6, STM32WBA52KGU6TR, STM32WBA54CEU6, STM32WBA54CEU6TR, STM32WBA54CEU7, STM32WBA54CEU7TR, STM32WBA54CGU6, STM32WBA54CGU6TR, STM32WBA54CGU7, STM32WBA54CGU7TR, STM32WBA54KEU6, STM32WBA54KEU6TR, STM32WBA54KEU7, STM32WBA54KEU7TR, STM32WBA54KGU6, STM32WBA54KGU6TR, STM32WBA54KGU7, STM32WBA54KGU7TR, STM32WBA55CEU6, STM32WBA55CEU6TR, STM32WBA55CEU7, STM32WBA55CEU7TR, STM32WBA55CGU6, STM32WBA55CGU6TR, STM32WBA55CGU6U, STM32WBA55CGU7, STM32WBA55CGU7TR, STM32WBA55G-DK1, STM32WBA55HEF6, STM32WBA55HEF7, STM32WBA55HGF6, STM32WBA55HGF7, STM32WBA55UEI6, STM32WBA55UEI6TR, STM32WBA55UEI7, STM32WBA55UEI7TR, STM32WBA55UGI6, STM32WBA55UGI6TR, STM32WBA55UGI7, STM32WBA55UGI7TR, STM32WL5MOCH6, STM32WL5MOCH6TR]
2024-11-06 10:11:41,770 [INFO] DbMcus:218 - Found 4252 MCUs, 4252 are supported
2024-11-06 10:11:41,770 [INFO] ApiDb:423 - Load user favorites file C:\Users\stefa/.stm32cubeide/favorites.mcus.txt: 0 item(s)
2024-11-06 10:11:41,770 [INFO] ApiDb:427 - User favorites MCUs=[]
2024-11-06 10:11:41,770 [INFO] DbMcus:224 - Set 0 / 0 favorites MCUs
2024-11-06 10:11:41,938 [INFO] ApiDb:423 - Load user favorites file C:\Users\stefa/.stm32cubeide/favorites.boards.txt: 1 item(s)
2024-11-06 10:11:41,938 [INFO] ApiDb:427 - User favorites Boards=[NUCLEO-H563ZI]
2024-11-06 10:11:41,938 [INFO] DbBoards:198 - Set 1 / 1 favorites Boards
2024-11-06 10:11:41,987 [INFO] UtilMem:75 - End LoadConfig() Used Memory: 556932432 Bytes (696254464)
2024-11-06 10:11:42,062 [WARN] ThirdParty:833 - waiting for thirdparty lock release [change project]
2024-11-06 10:11:42,062 [INFO] ThirdParty:835 - entering critical section [change project]
2024-11-06 10:11:42,062 [INFO] ThirdParty:1030 - CMSIS Pack Vendor :STMicroelectronics USBPD 4.1
2024-11-06 10:11:42,062 [INFO] ThirdParty:1030 - CMSIS Pack Vendor :STMicroelectronics X-CUBE-AZRTOS-H7 3.3.0
2024-11-06 10:11:42,062 [INFO] ThirdParty:1030 - CMSIS Pack Vendor :STMicroelectronics X-CUBE-NFC9 1.0.0
2024-11-06 10:11:42,062 [INFO] ThirdParty:1030 - CMSIS Pack Vendor :STMicroelectronics X-CUBE-GNSS1 6.0.0
2024-11-06 10:11:42,062 [INFO] ThirdParty:1030 - CMSIS Pack Vendor :STMicroelectronics USB_HOST 2.0.0
2024-11-06 10:11:42,062 [INFO] ThirdParty:1030 - CMSIS Pack Vendor :STMicroelectronics FP-SNS-MOTENVWB1 1.4.0
2024-11-06 10:11:42,062 [INFO] ThirdParty:1030 - CMSIS Pack Vendor :STMicroelectronics X-CUBE-AZRTOS-F4 1.1.0
2024-11-06 10:11:42,062 [INFO] ThirdParty:1030 - CMSIS Pack Vendor :STMicroelectronics LIBJPEG 8.0.0
2024-11-06 10:11:42,062 [INFO] ThirdParty:1030 - CMSIS Pack Vendor :STMicroelectronics X-CUBE-SMBUS 2.1.0
2024-11-06 10:11:42,062 [INFO] ThirdParty:1030 - CMSIS Pack Vendor :STMicroelectronics X-CUBE-WB05N 1.1.0
2024-11-06 10:11:42,062 [INFO] ThirdParty:1030 - CMSIS Pack Vendor :STMicroelectronics USB_DEVICE 3.0.0
2024-11-06 10:11:42,062 [INFO] ThirdParty:1030 - CMSIS Pack Vendor :STMicroelectronics X-CUBE-TCPP 4.1.0
2024-11-06 10:11:42,062 [INFO] ThirdParty:1030 - CMSIS Pack Vendor :STMicroelectronics X-CUBE-ISPU 2.1.0
2024-11-06 10:11:42,062 [INFO] ThirdParty:1030 - CMSIS Pack Vendor :STMicroelectronics X-CUBE-FREERTOS 1.2.0
2024-11-06 10:11:42,062 [INFO] ThirdParty:1030 - CMSIS Pack Vendor :STMicroelectronics X-CUBE-IPS 3.0.0
2024-11-06 10:11:42,062 [INFO] ThirdParty:1030 - CMSIS Pack Vendor :STMicroelectronics X-CUBE-AZRTOS-WB 2.0.0
2024-11-06 10:11:42,062 [INFO] ThirdParty:1030 - CMSIS Pack Vendor :STMicroelectronics X-CUBE-GNSS1 7.0.0
2024-11-06 10:11:42,062 [INFO] ThirdParty:1030 - CMSIS Pack Vendor :STMicroelectronics X-CUBE-TOUCHGFX 4.23.0
2024-11-06 10:11:42,062 [INFO] ThirdParty:1030 - CMSIS Pack Vendor :STMicroelectronics X-CUBE-TOUCHGFX 4.23.2
2024-11-06 10:11:42,062 [INFO] ThirdParty:1030 - CMSIS Pack Vendor :STMicroelectronics X-CUBE-AZRTOS-F7 1.1.0
2024-11-06 10:11:42,062 [INFO] ThirdParty:1030 - CMSIS Pack Vendor :STMicroelectronics X-CUBE-AZRTOS-L5 2.0.0
2024-11-06 10:11:42,062 [INFO] ThirdParty:1030 - CMSIS Pack Vendor :STMicroelectronics USB_DEVICE 2.0.0
2024-11-06 10:11:42,062 [INFO] ThirdParty:1030 - CMSIS Pack Vendor :STMicroelectronics X-CUBE-NFC6 3.1.0
2024-11-06 10:11:42,062 [INFO] ThirdParty:1030 - CMSIS Pack Vendor :STMicroelectronics X-CUBE-TOUCHGFX 4.19.1
2024-11-06 10:11:42,062 [INFO] ThirdParty:1030 - CMSIS Pack Vendor :STMicroelectronics FP-SNS-STBOX1 2.0.0
2024-11-06 10:11:42,062 [INFO] ThirdParty:1030 - CMSIS Pack Vendor :STMicroelectronics X-CUBE-MEMS1 11.0.0
2024-11-06 10:11:42,062 [INFO] ThirdParty:1030 - CMSIS Pack Vendor :STMicroelectronics FreeRTOS 0.0.1
2024-11-06 10:11:42,062 [INFO] ThirdParty:1030 - CMSIS Pack Vendor :STMicroelectronics X-CUBE-AZRTOS-G0 1.1.0
2024-11-06 10:11:42,062 [INFO] ThirdParty:1030 - CMSIS Pack Vendor :STMicroelectronics X-CUBE-SAFEA1 1.2.2
2024-11-06 10:11:42,062 [INFO] ThirdParty:1030 - CMSIS Pack Vendor :STMicroelectronics X-CUBE-NFC4 3.0.0
2024-11-06 10:11:42,062 [INFO] ThirdParty:1030 - CMSIS Pack Vendor :STMicroelectronics X-CUBE-DPower 1.2.0
2024-11-06 10:11:42,062 [INFO] ThirdParty:1030 - CMSIS Pack Vendor :STMicroelectronics X-CUBE-SUBG2 5.0.0
2024-11-06 10:11:42,062 [INFO] ThirdParty:1030 - CMSIS Pack Vendor :STMicroelectronics STM32_WPAN 1.0.0
2024-11-06 10:11:42,062 [INFO] ThirdParty:1030 - CMSIS Pack Vendor :EmbeddedOffice I-CUBE-FS-RTOS 1.0.1
2024-11-06 10:11:42,062 [INFO] ThirdParty:1030 - CMSIS Pack Vendor :STMicroelectronics lwIP 2.0.3
2024-11-06 10:11:42,062 [INFO] ThirdParty:1030 - CMSIS Pack Vendor :STMicroelectronics FP-SNS-FLIGHT1 5.0.2
2024-11-06 10:11:42,062 [INFO] ThirdParty:1030 - CMSIS Pack Vendor :Cesanta I-CUBE-Mongoose 7.13.0
2024-11-06 10:11:42,062 [INFO] ThirdParty:1030 - CMSIS Pack Vendor :STMicroelectronics USB_HOST 1.0.0
2024-11-06 10:11:42,062 [INFO] ThirdParty:1030 - CMSIS Pack Vendor :STMicroelectronics X-CUBE-AI 9.0.0
2024-11-06 10:11:42,062 [INFO] ThirdParty:1030 - CMSIS Pack Vendor :STMicroelectronics X-CUBE-AZRTOS-G4 2.0.0
2024-11-06 10:11:42,062 [INFO] ThirdParty:1030 - CMSIS Pack Vendor :STMicroelectronics PDM2PCM 3.1.0
2024-11-06 10:11:42,062 [INFO] ThirdParty:1030 - CMSIS Pack Vendor :STMicroelectronics PDM2PCM 3.3.0
2024-11-06 10:11:42,062 [INFO] ThirdParty:1030 - CMSIS Pack Vendor :STMicroelectronics X-CUBE-DISPLAY 3.0.0
2024-11-06 10:11:42,062 [INFO] ThirdParty:1030 - CMSIS Pack Vendor :RealThread X-CUBE-RT-Thread_Nano 4.1.1
2024-11-06 10:11:42,062 [INFO] ThirdParty:1030 - CMSIS Pack Vendor :STMicroelectronics X-CUBE-BLE1 7.0.0
2024-11-06 10:11:42,062 [INFO] ThirdParty:1030 - CMSIS Pack Vendor :STMicroelectronics FP-ATR-SIGFOX1 3.2.0
2024-11-06 10:11:42,062 [INFO] ThirdParty:1030 - CMSIS Pack Vendor :STMicroelectronics X-CUBE-NFC10 1.0.0
2024-11-06 10:11:42,062 [INFO] ThirdParty:1030 - CMSIS Pack Vendor :wolfSSL I-CUBE-wolfSSL 5.7.2
2024-11-06 10:11:42,062 [INFO] ThirdParty:1030 - CMSIS Pack Vendor :STMicroelectronics X-CUBE-ISPU 2.0.0
2024-11-06 10:11:42,063 [INFO] ThirdParty:1030 - CMSIS Pack Vendor :STMicroelectronics X-CUBE-EEPRMA1 5.1.0
2024-11-06 10:11:42,063 [INFO] ThirdParty:1030 - CMSIS Pack Vendor :STMicroelectronics HAL Drivers 0.0.0
2024-11-06 10:11:42,063 [INFO] ThirdParty:1030 - CMSIS Pack Vendor :STMicroelectronics MBEDTLS 2.16.2
2024-11-06 10:11:42,063 [INFO] ThirdParty:1030 - CMSIS Pack Vendor :STMicroelectronics X-CUBE-ALS 1.0.2
2024-11-06 10:11:42,063 [INFO] ThirdParty:1030 - CMSIS Pack Vendor :emotas I-CUBE-CANOPEN 1.3.0
2024-11-06 10:11:42,063 [INFO] ThirdParty:1030 - CMSIS Pack Vendor :STMicroelectronics X-CUBE-MEMS1 10.0.0
2024-11-06 10:11:42,063 [INFO] ThirdParty:1030 - CMSIS Pack Vendor :STMicroelectronics X-CUBE-FREERTOS 1.1.0
2024-11-06 10:11:42,063 [INFO] ThirdParty:1030 - CMSIS Pack Vendor :STMicroelectronics X-CUBE-NFC7 1.0.1
2024-11-06 10:11:42,063 [INFO] ThirdParty:1030 - CMSIS Pack Vendor :STMicroelectronics MBEDTLS 2.14.1
2024-11-06 10:11:42,063 [INFO] ThirdParty:1030 - CMSIS Pack Vendor :STMicroelectronics X-CUBE-TOUCHGFX 4.24.0
2024-11-06 10:11:42,063 [INFO] ThirdParty:1030 - CMSIS Pack Vendor :ITTIA_DB I-CUBE-ITTIADB 8.9.0
2024-11-06 10:11:42,063 [INFO] ThirdParty:1030 - CMSIS Pack Vendor :wolfSSL I-CUBE-wolfTPM 3.2.0
2024-11-06 10:11:42,063 [INFO] ThirdParty:1030 - CMSIS Pack Vendor :STMicroelectronics X-CUBE-TOUCHGFX 4.24.1
2024-11-06 10:11:42,063 [INFO] ThirdParty:1030 - CMSIS Pack Vendor :portGmbH I-Cube-SoM-uGOAL 1.1.0
2024-11-06 10:11:42,063 [INFO] ThirdParty:1030 - CMSIS Pack Vendor :STMicroelectronics X-CUBE-BLEMGR 3.1.0
2024-11-06 10:11:42,063 [INFO] ThirdParty:1030 - CMSIS Pack Vendor :STMicroelectronics ThreadX 1.0.0
2024-11-06 10:11:42,063 [INFO] ThirdParty:1030 - CMSIS Pack Vendor :STMicroelectronics FP-SNS-SMARTAG2 1.2.0
2024-11-06 10:11:42,063 [INFO] ThirdParty:1030 - CMSIS Pack Vendor :STMicroelectronics X-CUBE-AZRTOS-WL 2.0.0
2024-11-06 10:11:42,063 [INFO] ThirdParty:1030 - CMSIS Pack Vendor :SEGGER I-CUBE-embOS 1.3.1
2024-11-06 10:11:42,063 [INFO] ThirdParty:1030 - CMSIS Pack Vendor :STMicroelectronics X-CUBE-ALGOBUILD 1.4.0
2024-11-06 10:11:42,063 [INFO] ThirdParty:1030 - CMSIS Pack Vendor :STMicroelectronics FP-SNS-MOTENV1 5.0.0
2024-11-06 10:11:42,063 [INFO] ThirdParty:1030 - CMSIS Pack Vendor :STMicroelectronics USB_DEVICE 1.0.0
2024-11-06 10:11:42,063 [INFO] ThirdParty:1030 - CMSIS Pack Vendor :STMicroelectronics X-CUBE-AZRTOS-H7RS 1.0.0
2024-11-06 10:11:42,063 [INFO] ThirdParty:1030 - CMSIS Pack Vendor :wolfSSL I-CUBE-wolfMQTT 1.19.0
2024-11-06 10:11:42,063 [INFO] ThirdParty:1030 - CMSIS Pack Vendor :STMicroelectronics X-CUBE-AZRTOS-L4 2.0.0
2024-11-06 10:11:42,063 [INFO] ThirdParty:1030 - CMSIS Pack Vendor :STMicroelectronics ThreadX 0.0.2
2024-11-06 10:11:42,063 [INFO] ThirdParty:1030 - CMSIS Pack Vendor :WES I-CUBE-Cesium 1.3.0
2024-11-06 10:11:42,063 [INFO] ThirdParty:1030 - CMSIS Pack Vendor :STMicroelectronics FP-ATR-ASTRA1 2.0.0
2024-11-06 10:11:42,063 [INFO] ThirdParty:1030 - CMSIS Pack Vendor :STMicroelectronics lwIP 2.1.2
2024-11-06 10:11:42,063 [INFO] ThirdParty:1030 - CMSIS Pack Vendor :STMicroelectronics X-CUBE-SFXS2LP1 4.0.0
2024-11-06 10:11:42,063 [INFO] ThirdParty:1030 - CMSIS Pack Vendor :STMicroelectronics X-CUBE-BLE2 3.3.0
2024-11-06 10:11:42,063 [INFO] ThirdParty:1030 - CMSIS Pack Vendor :STMicroelectronics X-CUBE-TOF1 3.4.2
2024-11-06 10:11:42,063 [INFO] ThirdParty:1030 - CMSIS Pack Vendor :STMicroelectronics X-CUBE-AI 9.1.0
2024-11-06 10:11:42,063 [INFO] ThirdParty:1030 - CMSIS Pack Vendor :STMicroelectronics X-CUBE-AZRTOS-H7 3.2.0
2024-11-06 10:11:42,063 [INFO] ThirdParty:1030 - CMSIS Pack Vendor :Infineon AIROC-Wi-Fi-Bluetooth-STM32 1.6.0
2024-11-06 10:11:42,063 [INFO] ThirdParty:1030 - CMSIS Pack Vendor :STMicroelectronics PDM2PCM 3.2.0
2024-11-06 10:11:42,063 [INFO] ThirdParty:1030 - CMSIS Pack Vendor :wolfSSL I-CUBE-wolfSSH 1.4.17
2024-11-06 10:11:42,063 [INFO] ThirdParty:841 - exiting critical section [change project]
2024-11-06 10:11:42,337 [INFO] PinOutPanel:1561 - setPackage(No Configuration,No Configuration)
2024-11-06 10:11:42,338 [INFO] PinOutPanel:1561 - setPackage(STM32H735IGKx,UFBGA176)
2024-11-06 10:11:43,038 [INFO] UtilMem:75 - Before build in PCC Used Memory: 507556904 Bytes (696254464)
2024-11-06 10:11:44,171 [INFO] UtilMem:75 - After build in PCC Used Memory: 504638744 Bytes (856686592)
2024-11-06 10:11:44,210 [INFO] IPUIPlugin:80 - create IPUIPlugin
2024-11-06 10:11:44,210 [INFO] IPUIPlugin:80 - create IPUIPlugin
2024-11-06 10:11:44,210 [INFO] IPUIPlugin:80 - create IPUIPlugin
2024-11-06 10:11:44,210 [INFO] IPUIPlugin:80 - create IPUIPlugin
2024-11-06 10:11:44,210 [INFO] IPUIPlugin:80 - create IPUIPlugin
2024-11-06 10:11:44,210 [INFO] IPUIPlugin:80 - create IPUIPlugin
2024-11-06 10:11:44,210 [INFO] IPUIPlugin:80 - create IPUIPlugin
2024-11-06 10:11:44,210 [INFO] IPUIPlugin:80 - create IPUIPlugin
2024-11-06 10:11:44,210 [INFO] IPUIPlugin:80 - create IPUIPlugin
2024-11-06 10:11:44,210 [INFO] IPUIPlugin:80 - create IPUIPlugin
2024-11-06 10:11:44,211 [INFO] IPUIPlugin:80 - create IPUIPlugin
2024-11-06 10:11:44,211 [INFO] IPUIPlugin:80 - create IPUIPlugin
2024-11-06 10:11:44,211 [INFO] IPUIPlugin:80 - create IPUIPlugin
2024-11-06 10:11:44,211 [INFO] IPUIPlugin:80 - create IPUIPlugin
2024-11-06 10:11:44,211 [INFO] IPUIPlugin:80 - create IPUIPlugin
2024-11-06 10:11:44,211 [INFO] IPUIPlugin:80 - create IPUIPlugin
2024-11-06 10:11:44,211 [INFO] IPUIPlugin:80 - create IPUIPlugin
2024-11-06 10:11:44,211 [INFO] IPUIPlugin:80 - create IPUIPlugin
2024-11-06 10:11:44,211 [INFO] IPUIPlugin:80 - create IPUIPlugin
2024-11-06 10:11:44,211 [INFO] IPUIPlugin:80 - create IPUIPlugin
2024-11-06 10:11:44,211 [INFO] IPUIPlugin:80 - create IPUIPlugin
2024-11-06 10:11:44,211 [INFO] IPUIPlugin:80 - create IPUIPlugin
2024-11-06 10:11:44,211 [INFO] IPUIPlugin:80 - create IPUIPlugin
2024-11-06 10:11:44,211 [INFO] IPUIPlugin:80 - create IPUIPlugin
2024-11-06 10:11:44,212 [INFO] IPUIPlugin:80 - create IPUIPlugin
2024-11-06 10:11:44,212 [INFO] IPUIPlugin:80 - create IPUIPlugin
2024-11-06 10:11:44,212 [INFO] IPUIPlugin:80 - create IPUIPlugin
2024-11-06 10:11:44,213 [INFO] IPUIPlugin:80 - create IPUIPlugin
2024-11-06 10:11:44,213 [INFO] IPUIPlugin:80 - create IPUIPlugin
2024-11-06 10:11:44,213 [INFO] IPUIPlugin:80 - create IPUIPlugin
2024-11-06 10:11:44,213 [INFO] IPUIPlugin:80 - create IPUIPlugin
2024-11-06 10:11:44,213 [INFO] IPUIPlugin:80 - create IPUIPlugin
2024-11-06 10:11:44,213 [INFO] IPUIPlugin:80 - create IPUIPlugin
2024-11-06 10:11:44,213 [INFO] IPUIPlugin:80 - create IPUIPlugin
2024-11-06 10:11:44,213 [INFO] IPUIPlugin:80 - create IPUIPlugin
2024-11-06 10:11:44,213 [INFO] IPUIPlugin:80 - create IPUIPlugin
2024-11-06 10:11:44,213 [INFO] IPUIPlugin:80 - create IPUIPlugin
2024-11-06 10:11:44,214 [INFO] IPUIPlugin:80 - create IPUIPlugin
2024-11-06 10:11:44,214 [INFO] IPUIPlugin:80 - create IPUIPlugin
2024-11-06 10:11:44,214 [INFO] IPUIPlugin:80 - create IPUIPlugin
2024-11-06 10:11:44,214 [INFO] IPUIPlugin:80 - create IPUIPlugin
2024-11-06 10:11:44,215 [INFO] IPUIPlugin:80 - create IPUIPlugin
2024-11-06 10:11:44,215 [INFO] IPUIPlugin:80 - create IPUIPlugin
2024-11-06 10:11:44,215 [INFO] IPUIPlugin:80 - create IPUIPlugin
2024-11-06 10:11:44,215 [INFO] IPUIPlugin:80 - create IPUIPlugin
2024-11-06 10:11:44,215 [INFO] IPUIPlugin:80 - create IPUIPlugin
2024-11-06 10:11:44,216 [INFO] IPUIPlugin:80 - create IPUIPlugin
2024-11-06 10:11:44,216 [INFO] IPUIPlugin:80 - create IPUIPlugin
2024-11-06 10:11:44,216 [INFO] IPUIPlugin:80 - create IPUIPlugin
2024-11-06 10:11:44,216 [INFO] IPUIPlugin:80 - create IPUIPlugin
2024-11-06 10:11:44,216 [INFO] IPUIPlugin:80 - create IPUIPlugin
2024-11-06 10:11:44,216 [INFO] IPUIPlugin:80 - create IPUIPlugin
2024-11-06 10:11:44,217 [INFO] IPUIPlugin:80 - create IPUIPlugin
2024-11-06 10:11:44,217 [INFO] IPUIPlugin:80 - create IPUIPlugin
2024-11-06 10:11:44,217 [INFO] IPUIPlugin:80 - create IPUIPlugin
2024-11-06 10:11:44,217 [INFO] IPUIPlugin:80 - create IPUIPlugin
2024-11-06 10:11:44,217 [INFO] IPUIPlugin:80 - create IPUIPlugin
2024-11-06 10:11:44,217 [INFO] IPUIPlugin:80 - create IPUIPlugin
2024-11-06 10:11:44,218 [INFO] IPUIPlugin:80 - create IPUIPlugin
2024-11-06 10:11:44,218 [INFO] IPUIPlugin:80 - create IPUIPlugin
2024-11-06 10:11:44,218 [INFO] IPUIPlugin:80 - create IPUIPlugin
2024-11-06 10:11:44,218 [INFO] IPUIPlugin:80 - create IPUIPlugin
2024-11-06 10:11:44,218 [INFO] IPUIPlugin:80 - create IPUIPlugin
2024-11-06 10:11:44,219 [INFO] IPUIPlugin:80 - create IPUIPlugin
2024-11-06 10:11:44,219 [INFO] IPUIPlugin:80 - create IPUIPlugin
2024-11-06 10:11:44,219 [INFO] IPUIPlugin:80 - create IPUIPlugin
2024-11-06 10:11:44,219 [INFO] IPUIPlugin:80 - create IPUIPlugin
2024-11-06 10:11:44,219 [INFO] IPUIPlugin:80 - create IPUIPlugin
2024-11-06 10:11:44,220 [INFO] IPUIPlugin:80 - create IPUIPlugin
2024-11-06 10:11:44,220 [INFO] IPUIPlugin:80 - create IPUIPlugin
2024-11-06 10:11:44,220 [INFO] IPUIPlugin:80 - create IPUIPlugin
2024-11-06 10:11:44,220 [INFO] IPUIPlugin:80 - create IPUIPlugin
2024-11-06 10:11:44,221 [INFO] IPUIPlugin:80 - create IPUIPlugin
2024-11-06 10:11:44,221 [INFO] IPUIPlugin:80 - create IPUIPlugin
2024-11-06 10:11:44,221 [INFO] IPUIPlugin:80 - create IPUIPlugin
2024-11-06 10:11:44,221 [INFO] IPUIPlugin:80 - create IPUIPlugin
2024-11-06 10:11:44,221 [INFO] IPUIPlugin:80 - create IPUIPlugin
2024-11-06 10:11:44,222 [INFO] IPUIPlugin:80 - create IPUIPlugin
2024-11-06 10:11:44,222 [INFO] IPUIPlugin:80 - create IPUIPlugin
2024-11-06 10:11:44,223 [INFO] IPUIPlugin:80 - create IPUIPlugin
2024-11-06 10:11:44,223 [INFO] IPUIPlugin:80 - create IPUIPlugin
2024-11-06 10:11:44,223 [INFO] IPUIPlugin:80 - create IPUIPlugin
2024-11-06 10:11:44,223 [INFO] IPUIPlugin:80 - create IPUIPlugin
2024-11-06 10:11:44,224 [INFO] IPUIPlugin:80 - create IPUIPlugin
2024-11-06 10:11:44,224 [INFO] IPUIPlugin:80 - create IPUIPlugin
2024-11-06 10:11:44,224 [INFO] IPUIPlugin:80 - create IPUIPlugin
2024-11-06 10:11:44,224 [INFO] IPUIPlugin:80 - create IPUIPlugin
2024-11-06 10:11:44,224 [INFO] IPUIPlugin:80 - create IPUIPlugin
2024-11-06 10:11:44,225 [INFO] IPUIPlugin:80 - create IPUIPlugin
2024-11-06 10:11:44,225 [INFO] IPUIPlugin:80 - create IPUIPlugin
2024-11-06 10:11:44,225 [INFO] IPUIPlugin:80 - create IPUIPlugin
2024-11-06 10:11:44,225 [INFO] IPUIPlugin:80 - create IPUIPlugin
2024-11-06 10:11:44,226 [INFO] IPUIPlugin:80 - create IPUIPlugin
2024-11-06 10:11:44,226 [INFO] IPUIPlugin:80 - create IPUIPlugin
2024-11-06 10:11:44,226 [INFO] IPUIPlugin:80 - create IPUIPlugin
2024-11-06 10:11:44,227 [INFO] IPUIPlugin:80 - create IPUIPlugin
2024-11-06 10:11:44,227 [INFO] IPUIPlugin:80 - create IPUIPlugin
2024-11-06 10:11:44,227 [INFO] IPUIPlugin:80 - create IPUIPlugin
2024-11-06 10:11:44,228 [INFO] IPUIPlugin:80 - create IPUIPlugin
2024-11-06 10:11:44,228 [INFO] IPUIPlugin:80 - create IPUIPlugin
2024-11-06 10:11:44,228 [INFO] IPUIPlugin:80 - create IPUIPlugin
2024-11-06 10:11:44,229 [INFO] IPUIPlugin:80 - create IPUIPlugin
2024-11-06 10:11:44,229 [INFO] IPUIPlugin:80 - create IPUIPlugin
2024-11-06 10:11:44,229 [INFO] IPUIPlugin:80 - create IPUIPlugin
2024-11-06 10:11:44,230 [INFO] IPUIPlugin:80 - create IPUIPlugin
2024-11-06 10:11:44,230 [INFO] IPUIPlugin:80 - create IPUIPlugin
2024-11-06 10:11:44,230 [INFO] IPUIPlugin:80 - create IPUIPlugin
2024-11-06 10:11:44,231 [INFO] IPUIPlugin:80 - create IPUIPlugin
2024-11-06 10:11:44,231 [INFO] IPUIPlugin:80 - create IPUIPlugin
2024-11-06 10:11:44,232 [INFO] IPUIPlugin:80 - create IPUIPlugin
2024-11-06 10:11:44,232 [INFO] IPUIPlugin:80 - create IPUIPlugin
2024-11-06 10:11:44,247 [INFO] ApiDbMcu:508 - Load IP Config File for PDM2PCM
2024-11-06 10:11:44,270 [WARN] FreeRTOS:1023 - Null or empty value: should not occur! (nothing added to the table)
2024-11-06 10:11:44,462 [INFO] CADModel:165 - CPN selected for project levelSTM32H735IGK3
2024-11-06 10:11:44,462 [INFO] CADModel:114 - Register for checkConnection events
2024-11-06 10:11:44,465 [INFO] RtosManager:697 - Active RTOS found at IOC load: FREERTOS [Cortex-M7NS]
2024-11-06 10:11:44,516 [INFO] OpenFileManager:363 - Restore cursor
2024-11-06 10:11:44,645 [WARN] IP:2191 - LayerIdx_L1 not found: check if there is a RefParameter without a condition.
2024-11-06 10:12:52,972 [WARN] IP:2191 - LayerIdx_L1 not found: check if there is a RefParameter without a condition.
2024-11-06 10:13:00,659 [INFO] UtilMem:75 - End SaveConfig() Used Memory: 615083664 Bytes (974127104)
2024-11-06 10:13:03,223 [INFO] UtilMem:75 - End SaveConfig() Used Memory: 653150784 Bytes (974127104)
2024-11-06 10:13:03,670 [INFO] UtilMem:75 - End SaveConfig() Used Memory: 710379928 Bytes (974127104)
2024-11-06 10:13:04,068 [INFO] BlockDiagram:2766 - set Specific Code input for plugin: FREERTOS
2024-11-06 10:13:04,068 [INFO] BlockDiagram:2766 - set Specific Code input for plugin: STMicroelectronics.X-CUBE-TOUCHGFX.4.23.0
2024-11-06 10:13:04,068 [INFO] BlockDiagram:2766 - set Specific Code input for plugin: LTDC
2024-11-06 10:13:04,068 [INFO] BlockDiagram:2766 - set Specific Code input for plugin: RCC
2024-11-06 10:13:04,068 [INFO] BlockDiagram:2766 - set Specific Code input for plugin: I2C
2024-11-06 10:13:04,068 [INFO] BlockDiagram:2766 - set Specific Code input for plugin: OCTOSPI
2024-11-06 10:13:04,068 [INFO] BlockDiagram:2766 - set Specific Code input for plugin: OCTOSPI
2024-11-06 10:13:04,068 [INFO] BlockDiagram:2766 - set Specific Code input for plugin: TIM1_8H7
2024-11-06 10:13:04,068 [INFO] BlockDiagram:2766 - set Specific Code input for plugin: MEMORYMAP
2024-11-06 10:13:04,068 [INFO] BlockDiagram:2766 - set Specific Code input for plugin: TIM1_8H7
2024-11-06 10:13:04,068 [INFO] BlockDiagram:2766 - set Specific Code input for plugin: ADC
2024-11-06 10:13:04,068 [INFO] BlockDiagram:2766 - set Specific Code input for plugin: SYS
2024-11-06 10:13:04,068 [INFO] BlockDiagram:2766 - set Specific Code input for plugin: ADC
2024-11-06 10:13:04,068 [INFO] BlockDiagram:2766 - set Specific Code input for plugin: CRC
2024-11-06 10:13:04,068 [INFO] BlockDiagram:2766 - set Specific Code input for plugin: NVIC
2024-11-06 10:13:04,068 [INFO] BlockDiagram:2766 - set Specific Code input for plugin: DMA2D
2024-11-06 10:13:04,068 [INFO] BlockDiagram:2766 - set Specific Code input for plugin: CORTEX_M7
2024-11-06 10:13:04,068 [INFO] BlockDiagram:2766 - set Specific Code input for plugin: DMA
2024-11-06 10:13:04,068 [INFO] BlockDiagram:2766 - set Specific Code input for plugin: VREFBUF
2024-11-06 10:13:04,069 [INFO] BlockDiagram:2766 - set Specific Code input for plugin: GPIO
2024-11-06 10:13:04,088 [INFO] CodeGenerator:807 - code generatio: config db path: C:\ST\STM32CubeIDE_1.15.0\STM32CubeIDE\plugins\com.st.stm32cube.common.mx_6.12.1.202409122256\\db\
2024-11-06 10:13:04,116 [WARN] IP:2191 - LayerIdx_L1 not found: check if there is a RefParameter without a condition.
2024-11-06 10:13:04,301 [INFO] IP:3348 - RTE Config file name : RTE_Component
2024-11-06 10:13:04,301 [INFO] IP:3366 - RTE template : RTE_Components.ftl
2024-11-06 10:13:04,339 [INFO] CodeEngine:255 - oldGeneratedFile, C:\ProjectsOnC\PhasorRadio\Code\PhasorRadio1\MXTmpFiles\license.tmp_save
2024-11-06 10:13:04,662 [INFO] CodeEngine:279 - Generated code: C:\ProjectsOnC\PhasorRadio\Code\PhasorRadio1\MXTmpFiles\license.tmp
2024-11-06 10:13:04,838 [INFO] CodeEngine:255 - oldGeneratedFile, C:\ProjectsOnC\PhasorRadio\Code\PhasorRadio1\MXTmpFiles\gpio.tmp_save
2024-11-06 10:13:04,980 [INFO] CodeEngine:279 - Generated code: C:\ProjectsOnC\PhasorRadio\Code\PhasorRadio1\MXTmpFiles\gpio.tmp
2024-11-06 10:13:06,123 [WARN] IPConfigManager:98 - WARNING: Missing Config File for MEMORYMAP ip!!
2024-11-06 10:13:06,970 [INFO] Middleware:1439 - No code input for Bsp Dependency
2024-11-06 10:13:06,978 [INFO] CodeEngine:255 - oldGeneratedFile, C:\ProjectsOnC\PhasorRadio\Code\PhasorRadio1\MXTmpFiles\rtos_inc.tmp_save
2024-11-06 10:13:07,040 [INFO] CodeEngine:279 - Generated code: C:\ProjectsOnC\PhasorRadio\Code\PhasorRadio1\MXTmpFiles\rtos_inc.tmp
2024-11-06 10:13:07,048 [INFO] CodeEngine:255 - oldGeneratedFile, C:\ProjectsOnC\PhasorRadio\Code\PhasorRadio1\MXTmpFiles\rtos_kernelInit.tmp_save
2024-11-06 10:13:07,105 [INFO] CodeEngine:279 - Generated code: C:\ProjectsOnC\PhasorRadio\Code\PhasorRadio1\MXTmpFiles\rtos_kernelInit.tmp
2024-11-06 10:13:07,112 [INFO] CodeEngine:255 - oldGeneratedFile, C:\ProjectsOnC\PhasorRadio\Code\PhasorRadio1\MXTmpFiles\rtos_kernelStart.tmp_save
2024-11-06 10:13:07,159 [INFO] CodeEngine:279 - Generated code: C:\ProjectsOnC\PhasorRadio\Code\PhasorRadio1\MXTmpFiles\rtos_kernelStart.tmp
2024-11-06 10:13:07,166 [INFO] CodeEngine:255 - oldGeneratedFile, C:\ProjectsOnC\PhasorRadio\Code\PhasorRadio1\MXTmpFiles\rtos_typedefs.tmp_save
2024-11-06 10:13:07,207 [INFO] CodeEngine:279 - Generated code: C:\ProjectsOnC\PhasorRadio\Code\PhasorRadio1\MXTmpFiles\rtos_typedefs.tmp
2024-11-06 10:13:07,207 [INFO] CodeEngine:255 - oldGeneratedFile, C:\ProjectsOnC\PhasorRadio\Code\PhasorRadio1\MXTmpFiles\rtos_vars.tmp_save
2024-11-06 10:13:07,270 [INFO] CodeEngine:279 - Generated code: C:\ProjectsOnC\PhasorRadio\Code\PhasorRadio1\MXTmpFiles\rtos_vars.tmp
2024-11-06 10:13:07,285 [INFO] CodeEngine:255 - oldGeneratedFile, C:\ProjectsOnC\PhasorRadio\Code\PhasorRadio1\MXTmpFiles\rtos_pfp.tmp_save
2024-11-06 10:13:07,332 [INFO] CodeEngine:279 - Generated code: C:\ProjectsOnC\PhasorRadio\Code\PhasorRadio1\MXTmpFiles\rtos_pfp.tmp
2024-11-06 10:13:07,332 [INFO] CodeEngine:255 - oldGeneratedFile, C:\ProjectsOnC\PhasorRadio\Code\PhasorRadio1\MXTmpFiles\rtos_obj_creat.tmp_save
2024-11-06 10:13:07,379 [INFO] CodeEngine:279 - Generated code: C:\ProjectsOnC\PhasorRadio\Code\PhasorRadio1\MXTmpFiles\rtos_obj_creat.tmp
2024-11-06 10:13:07,395 [INFO] CodeEngine:255 - oldGeneratedFile, C:\ProjectsOnC\PhasorRadio\Code\PhasorRadio1\MXTmpFiles\rtos_default_thread.tmp_save
2024-11-06 10:13:07,441 [INFO] CodeEngine:279 - Generated code: C:\ProjectsOnC\PhasorRadio\Code\PhasorRadio1\MXTmpFiles\rtos_default_thread.tmp
2024-11-06 10:13:07,457 [INFO] CodeEngine:255 - oldGeneratedFile, C:\ProjectsOnC\PhasorRadio\Code\PhasorRadio1\MXTmpFiles\rtos_threads.tmp_save
2024-11-06 10:13:07,504 [INFO] CodeEngine:279 - Generated code: C:\ProjectsOnC\PhasorRadio\Code\PhasorRadio1\MXTmpFiles\rtos_threads.tmp
2024-11-06 10:13:07,519 [INFO] Middleware:1439 - No code input for Bsp Dependency
2024-11-06 10:13:07,519 [INFO] IP:3348 - RTE Config file name : RTE_Component
2024-11-06 10:13:07,519 [INFO] IP:3366 - RTE template : RTE_Components.ftl
2024-11-06 10:13:07,535 [INFO] CodeEngine:255 - oldGeneratedFile, C:\ProjectsOnC\PhasorRadio\Code\PhasorRadio1\MXTmpFiles\SCB_CleanInvalidateDCache.tmp_save
2024-11-06 10:13:07,582 [INFO] CodeEngine:279 - Generated code: C:\ProjectsOnC\PhasorRadio\Code\PhasorRadio1\MXTmpFiles\SCB_CleanInvalidateDCache.tmp
2024-11-06 10:13:07,582 [INFO] CodeEngine:255 - oldGeneratedFile, C:\ProjectsOnC\PhasorRadio\Code\PhasorRadio1\MXTmpFiles\SCB_InvalidateDCache.tmp_save
2024-11-06 10:13:07,629 [INFO] CodeEngine:279 - Generated code: C:\ProjectsOnC\PhasorRadio\Code\PhasorRadio1\MXTmpFiles\SCB_InvalidateDCache.tmp
2024-11-06 10:13:07,629 [INFO] CodeEngine:255 - oldGeneratedFile, C:\ProjectsOnC\PhasorRadio\Code\PhasorRadio1\MXTmpFiles\touchgfx_license.tmp_save
2024-11-06 10:13:07,676 [INFO] CodeEngine:279 - Generated code: C:\ProjectsOnC\PhasorRadio\Code\PhasorRadio1\MXTmpFiles\touchgfx_license.tmp
2024-11-06 10:13:07,676 [INFO] CodeEngine:255 - oldGeneratedFile, C:\ProjectsOnC\PhasorRadio\Code\PhasorRadio1\MXTmpFiles\touchgfx_gen_license.tmp_save
2024-11-06 10:13:07,723 [INFO] CodeEngine:279 - Generated code: C:\ProjectsOnC\PhasorRadio\Code\PhasorRadio1\MXTmpFiles\touchgfx_gen_license.tmp
2024-11-06 10:13:07,738 [INFO] CodeEngine:255 - oldGeneratedFile, C:\ProjectsOnC\PhasorRadio\Code\PhasorRadio1\MXTmpFiles\dma_paint_common.tmp_save
2024-11-06 10:13:07,785 [INFO] CodeEngine:279 - Generated code: C:\ProjectsOnC\PhasorRadio\Code\PhasorRadio1\MXTmpFiles\dma_paint_common.tmp
2024-11-06 10:13:07,785 [INFO] CodeEngine:255 - oldGeneratedFile, C:\ProjectsOnC\PhasorRadio\Code\PhasorRadio1\MXTmpFiles\dma_24bpp_implementation.tmp_save
2024-11-06 10:13:07,832 [INFO] CodeEngine:279 - Generated code: C:\ProjectsOnC\PhasorRadio\Code\PhasorRadio1\MXTmpFiles\dma_24bpp_implementation.tmp
2024-11-06 10:13:07,848 [INFO] CodeEngine:255 - oldGeneratedFile, C:\ProjectsOnC\PhasorRadio\Code\PhasorRadio1\MXTmpFiles\oswrappers_cmsis.tmp_save
2024-11-06 10:13:07,910 [INFO] CodeEngine:279 - Generated code: C:\ProjectsOnC\PhasorRadio\Code\PhasorRadio1\MXTmpFiles\oswrappers_cmsis.tmp
2024-11-06 10:13:07,910 [INFO] Middleware:1439 - No code input for Bsp Dependency
2024-11-06 10:13:07,926 [INFO] CodeEngine:255 - oldGeneratedFile, C:\ProjectsOnC\PhasorRadio\Code\PhasorRadio1\MXTmpFiles\rtos_inc.tmp_save
2024-11-06 10:13:07,972 [INFO] CodeEngine:279 - Generated code: C:\ProjectsOnC\PhasorRadio\Code\PhasorRadio1\MXTmpFiles\rtos_inc.tmp
2024-11-06 10:13:07,972 [INFO] CodeEngine:255 - oldGeneratedFile, C:\ProjectsOnC\PhasorRadio\Code\PhasorRadio1\MXTmpFiles\rtos_kernelInit.tmp_save
2024-11-06 10:13:08,004 [INFO] CodeEngine:279 - Generated code: C:\ProjectsOnC\PhasorRadio\Code\PhasorRadio1\MXTmpFiles\rtos_kernelInit.tmp
2024-11-06 10:13:08,004 [INFO] CodeEngine:255 - oldGeneratedFile, C:\ProjectsOnC\PhasorRadio\Code\PhasorRadio1\MXTmpFiles\rtos_kernelStart.tmp_save
2024-11-06 10:13:08,035 [INFO] CodeEngine:279 - Generated code: C:\ProjectsOnC\PhasorRadio\Code\PhasorRadio1\MXTmpFiles\rtos_kernelStart.tmp
2024-11-06 10:13:08,051 [INFO] CodeEngine:255 - oldGeneratedFile, C:\ProjectsOnC\PhasorRadio\Code\PhasorRadio1\MXTmpFiles\rtos_typedefs.tmp_save
2024-11-06 10:13:08,082 [INFO] CodeEngine:279 - Generated code: C:\ProjectsOnC\PhasorRadio\Code\PhasorRadio1\MXTmpFiles\rtos_typedefs.tmp
2024-11-06 10:13:08,082 [INFO] CodeEngine:255 - oldGeneratedFile, C:\ProjectsOnC\PhasorRadio\Code\PhasorRadio1\MXTmpFiles\rtos_vars.tmp_save
2024-11-06 10:13:08,129 [INFO] CodeEngine:279 - Generated code: C:\ProjectsOnC\PhasorRadio\Code\PhasorRadio1\MXTmpFiles\rtos_vars.tmp
2024-11-06 10:13:08,129 [INFO] CodeEngine:255 - oldGeneratedFile, C:\ProjectsOnC\PhasorRadio\Code\PhasorRadio1\MXTmpFiles\rtos_pfp.tmp_save
2024-11-06 10:13:08,160 [INFO] CodeEngine:279 - Generated code: C:\ProjectsOnC\PhasorRadio\Code\PhasorRadio1\MXTmpFiles\rtos_pfp.tmp
2024-11-06 10:13:08,176 [INFO] CodeEngine:255 - oldGeneratedFile, C:\ProjectsOnC\PhasorRadio\Code\PhasorRadio1\MXTmpFiles\rtos_obj_creat.tmp_save
2024-11-06 10:13:08,210 [INFO] CodeEngine:279 - Generated code: C:\ProjectsOnC\PhasorRadio\Code\PhasorRadio1\MXTmpFiles\rtos_obj_creat.tmp
2024-11-06 10:13:08,213 [INFO] CodeEngine:255 - oldGeneratedFile, C:\ProjectsOnC\PhasorRadio\Code\PhasorRadio1\MXTmpFiles\rtos_default_thread.tmp_save
2024-11-06 10:13:08,245 [INFO] CodeEngine:279 - Generated code: C:\ProjectsOnC\PhasorRadio\Code\PhasorRadio1\MXTmpFiles\rtos_default_thread.tmp
2024-11-06 10:13:08,248 [INFO] CodeEngine:255 - oldGeneratedFile, C:\ProjectsOnC\PhasorRadio\Code\PhasorRadio1\MXTmpFiles\rtos_threads.tmp_save
2024-11-06 10:13:08,281 [INFO] CodeEngine:279 - Generated code: C:\ProjectsOnC\PhasorRadio\Code\PhasorRadio1\MXTmpFiles\rtos_threads.tmp
2024-11-06 10:13:08,294 [INFO] CodeEngine:255 - oldGeneratedFile, C:\ProjectsOnC\PhasorRadio\Code\PhasorRadio1\Core\Inc\FreeRTOSConfig.h_save
2024-11-06 10:13:08,374 [INFO] CodeEngine:279 - Generated code: C:\ProjectsOnC\PhasorRadio\Code\PhasorRadio1\Core\Inc\FreeRTOSConfig.h
2024-11-06 10:13:08,391 [INFO] CodeEngine:255 - oldGeneratedFile, C:\ProjectsOnC\PhasorRadio\Code\PhasorRadio1\Core\Src\freertos.c_save
2024-11-06 10:13:08,458 [INFO] CodeEngine:279 - Generated code: C:\ProjectsOnC\PhasorRadio\Code\PhasorRadio1\Core\Src\freertos.c
2024-11-06 10:13:08,469 [INFO] CodeEngine:255 - oldGeneratedFile, C:\ProjectsOnC\PhasorRadio\Code\PhasorRadio1\MXTmpFiles\cortex.tmp_save
2024-11-06 10:13:08,530 [INFO] CodeEngine:279 - Generated code: C:\ProjectsOnC\PhasorRadio\Code\PhasorRadio1\MXTmpFiles\cortex.tmp
2024-11-06 10:13:08,607 [INFO] CodeEngine:255 - oldGeneratedFile, C:\ProjectsOnC\PhasorRadio\Code\PhasorRadio1\MXTmpFiles\dma.tmp_save
2024-11-06 10:13:08,655 [INFO] CodeEngine:279 - Generated code: C:\ProjectsOnC\PhasorRadio\Code\PhasorRadio1\MXTmpFiles\dma.tmp
2024-11-06 10:13:08,661 [INFO] CodeEngine:255 - oldGeneratedFile, C:\ProjectsOnC\PhasorRadio\Code\PhasorRadio1\MXTmpFiles\dma_GV.tmp_save
2024-11-06 10:13:08,697 [INFO] CodeEngine:279 - Generated code: C:\ProjectsOnC\PhasorRadio\Code\PhasorRadio1\MXTmpFiles\dma_GV.tmp
2024-11-06 10:13:08,705 [INFO] Middleware:1439 - No code input for Bsp Dependency
2024-11-06 10:13:08,706 [INFO] IP:3348 - RTE Config file name : RTE_Component
2024-11-06 10:13:08,706 [INFO] IP:3366 - RTE template : RTE_Components.ftl
2024-11-06 10:13:08,711 [INFO] CodeEngine:255 - oldGeneratedFile, C:\ProjectsOnC\PhasorRadio\Code\PhasorRadio1\MXTmpFiles\SCB_CleanInvalidateDCache.tmp_save
2024-11-06 10:13:08,755 [INFO] CodeEngine:279 - Generated code: C:\ProjectsOnC\PhasorRadio\Code\PhasorRadio1\MXTmpFiles\SCB_CleanInvalidateDCache.tmp
2024-11-06 10:13:08,758 [INFO] CodeEngine:255 - oldGeneratedFile, C:\ProjectsOnC\PhasorRadio\Code\PhasorRadio1\MXTmpFiles\SCB_InvalidateDCache.tmp_save
2024-11-06 10:13:08,791 [INFO] CodeEngine:279 - Generated code: C:\ProjectsOnC\PhasorRadio\Code\PhasorRadio1\MXTmpFiles\SCB_InvalidateDCache.tmp
2024-11-06 10:13:08,794 [INFO] CodeEngine:255 - oldGeneratedFile, C:\ProjectsOnC\PhasorRadio\Code\PhasorRadio1\MXTmpFiles\touchgfx_license.tmp_save
2024-11-06 10:13:08,828 [INFO] CodeEngine:279 - Generated code: C:\ProjectsOnC\PhasorRadio\Code\PhasorRadio1\MXTmpFiles\touchgfx_license.tmp
2024-11-06 10:13:08,831 [INFO] CodeEngine:255 - oldGeneratedFile, C:\ProjectsOnC\PhasorRadio\Code\PhasorRadio1\MXTmpFiles\touchgfx_gen_license.tmp_save
2024-11-06 10:13:08,864 [INFO] CodeEngine:279 - Generated code: C:\ProjectsOnC\PhasorRadio\Code\PhasorRadio1\MXTmpFiles\touchgfx_gen_license.tmp
2024-11-06 10:13:08,866 [INFO] CodeEngine:255 - oldGeneratedFile, C:\ProjectsOnC\PhasorRadio\Code\PhasorRadio1\MXTmpFiles\dma_paint_common.tmp_save
2024-11-06 10:13:08,898 [INFO] CodeEngine:279 - Generated code: C:\ProjectsOnC\PhasorRadio\Code\PhasorRadio1\MXTmpFiles\dma_paint_common.tmp
2024-11-06 10:13:08,906 [INFO] CodeEngine:255 - oldGeneratedFile, C:\ProjectsOnC\PhasorRadio\Code\PhasorRadio1\MXTmpFiles\dma_24bpp_implementation.tmp_save
2024-11-06 10:13:08,952 [INFO] CodeEngine:279 - Generated code: C:\ProjectsOnC\PhasorRadio\Code\PhasorRadio1\MXTmpFiles\dma_24bpp_implementation.tmp
2024-11-06 10:13:08,965 [INFO] CodeEngine:255 - oldGeneratedFile, C:\ProjectsOnC\PhasorRadio\Code\PhasorRadio1\MXTmpFiles\oswrappers_cmsis.tmp_save
2024-11-06 10:13:09,008 [INFO] CodeEngine:279 - Generated code: C:\ProjectsOnC\PhasorRadio\Code\PhasorRadio1\MXTmpFiles\oswrappers_cmsis.tmp
2024-11-06 10:13:09,020 [INFO] CodeEngine:255 - oldGeneratedFile, C:\ProjectsOnC\PhasorRadio\Code\PhasorRadio1\TouchGFX\App\app_touchgfx.h_save
2024-11-06 10:13:09,065 [INFO] CodeEngine:279 - Generated code: C:\ProjectsOnC\PhasorRadio\Code\PhasorRadio1\TouchGFX\App\app_touchgfx.h
2024-11-06 10:13:09,077 [INFO] CodeEngine:255 - oldGeneratedFile, C:\ProjectsOnC\PhasorRadio\Code\PhasorRadio1\TouchGFX\ApplicationTemplate.touchgfx.part_save
2024-11-06 10:13:09,128 [INFO] CodeEngine:279 - Generated code: C:\ProjectsOnC\PhasorRadio\Code\PhasorRadio1\TouchGFX\ApplicationTemplate.touchgfx.part
2024-11-06 10:13:09,141 [INFO] CodeEngine:255 - oldGeneratedFile, C:\ProjectsOnC\PhasorRadio\Code\PhasorRadio1\TouchGFX\target\generated\TouchGFXConfiguration.cpp_save
2024-11-06 10:13:09,202 [INFO] CodeEngine:279 - Generated code: C:\ProjectsOnC\PhasorRadio\Code\PhasorRadio1\TouchGFX\target\generated\TouchGFXConfiguration.cpp
2024-11-06 10:13:09,218 [INFO] CodeEngine:255 - oldGeneratedFile, C:\ProjectsOnC\PhasorRadio\Code\PhasorRadio1\TouchGFX\target\generated\TouchGFXGeneratedHAL.hpp_save
2024-11-06 10:13:09,271 [INFO] CodeEngine:279 - Generated code: C:\ProjectsOnC\PhasorRadio\Code\PhasorRadio1\TouchGFX\target\generated\TouchGFXGeneratedHAL.hpp
2024-11-06 10:13:09,282 [INFO] CodeEngine:255 - oldGeneratedFile, C:\ProjectsOnC\PhasorRadio\Code\PhasorRadio1\TouchGFX\target\generated\TouchGFXGeneratedHAL.cpp_save
2024-11-06 10:13:09,336 [INFO] CodeEngine:279 - Generated code: C:\ProjectsOnC\PhasorRadio\Code\PhasorRadio1\TouchGFX\target\generated\TouchGFXGeneratedHAL.cpp
2024-11-06 10:13:09,351 [INFO] CodeEngine:255 - oldGeneratedFile, C:\ProjectsOnC\PhasorRadio\Code\PhasorRadio1\TouchGFX\target\TouchGFXHAL.hpp_save
2024-11-06 10:13:09,411 [INFO] CodeEngine:279 - Generated code: C:\ProjectsOnC\PhasorRadio\Code\PhasorRadio1\TouchGFX\target\TouchGFXHAL.hpp
2024-11-06 10:13:09,431 [INFO] CodeEngine:255 - oldGeneratedFile, C:\ProjectsOnC\PhasorRadio\Code\PhasorRadio1\TouchGFX\target\TouchGFXHAL.cpp_save
2024-11-06 10:13:09,501 [INFO] CodeEngine:279 - Generated code: C:\ProjectsOnC\PhasorRadio\Code\PhasorRadio1\TouchGFX\target\TouchGFXHAL.cpp
2024-11-06 10:13:09,512 [INFO] CodeEngine:255 - oldGeneratedFile, C:\ProjectsOnC\PhasorRadio\Code\PhasorRadio1\TouchGFX\target\STM32TouchController.hpp_save
2024-11-06 10:13:09,570 [INFO] CodeEngine:279 - Generated code: C:\ProjectsOnC\PhasorRadio\Code\PhasorRadio1\TouchGFX\target\STM32TouchController.hpp
2024-11-06 10:13:09,581 [INFO] CodeEngine:255 - oldGeneratedFile, C:\ProjectsOnC\PhasorRadio\Code\PhasorRadio1\TouchGFX\target\STM32TouchController.cpp_save
2024-11-06 10:13:09,637 [INFO] CodeEngine:279 - Generated code: C:\ProjectsOnC\PhasorRadio\Code\PhasorRadio1\TouchGFX\target\STM32TouchController.cpp
2024-11-06 10:13:09,650 [INFO] CodeEngine:255 - oldGeneratedFile, C:\ProjectsOnC\PhasorRadio\Code\PhasorRadio1\TouchGFX\target\generated\STM32DMA.hpp_save
2024-11-06 10:13:09,704 [INFO] CodeEngine:279 - Generated code: C:\ProjectsOnC\PhasorRadio\Code\PhasorRadio1\TouchGFX\target\generated\STM32DMA.hpp
2024-11-06 10:13:09,716 [INFO] CodeEngine:255 - oldGeneratedFile, C:\ProjectsOnC\PhasorRadio\Code\PhasorRadio1\TouchGFX\target\generated\STM32DMA.cpp_save
2024-11-06 10:13:09,776 [INFO] CodeEngine:279 - Generated code: C:\ProjectsOnC\PhasorRadio\Code\PhasorRadio1\TouchGFX\target\generated\STM32DMA.cpp
2024-11-06 10:13:09,787 [INFO] CodeEngine:255 - oldGeneratedFile, C:\ProjectsOnC\PhasorRadio\Code\PhasorRadio1\TouchGFX\target\generated\OSWrappers.cpp_save
2024-11-06 10:13:09,851 [INFO] CodeEngine:279 - Generated code: C:\ProjectsOnC\PhasorRadio\Code\PhasorRadio1\TouchGFX\target\generated\OSWrappers.cpp
2024-11-06 10:13:09,863 [INFO] CodeEngine:255 - oldGeneratedFile, C:\ProjectsOnC\PhasorRadio\Code\PhasorRadio1\TouchGFX\target\TouchGFXGPIO.cpp_save
2024-11-06 10:13:09,919 [INFO] CodeEngine:279 - Generated code: C:\ProjectsOnC\PhasorRadio\Code\PhasorRadio1\TouchGFX\target\TouchGFXGPIO.cpp
2024-11-06 10:13:09,931 [INFO] CodeEngine:255 - oldGeneratedFile, C:\ProjectsOnC\PhasorRadio\Code\PhasorRadio1\TouchGFX\App\app_touchgfx.c_save
2024-11-06 10:13:09,979 [INFO] CodeEngine:279 - Generated code: C:\ProjectsOnC\PhasorRadio\Code\PhasorRadio1\TouchGFX\App\app_touchgfx.c
2024-11-06 10:13:10,011 [INFO] CodeEngine:255 - oldGeneratedFile, C:\ProjectsOnC\PhasorRadio\Code\PhasorRadio1\Core\Src\stm32h7xx_it.c_save
2024-11-06 10:13:10,107 [INFO] CodeEngine:279 - Generated code: C:\ProjectsOnC\PhasorRadio\Code\PhasorRadio1\Core\Src\stm32h7xx_it.c
2024-11-06 10:13:10,119 [INFO] CodeEngine:255 - oldGeneratedFile, C:\ProjectsOnC\PhasorRadio\Code\PhasorRadio1\Core\Inc\stm32h7xx_it.h_save
2024-11-06 10:13:10,172 [INFO] CodeEngine:279 - Generated code: C:\ProjectsOnC\PhasorRadio\Code\PhasorRadio1\Core\Inc\stm32h7xx_it.h
2024-11-06 10:13:10,173 [INFO] IP:3348 - RTE Config file name : RTE_Component
2024-11-06 10:13:10,173 [INFO] IP:3366 - RTE template : RTE_Components.ftl
2024-11-06 10:13:10,173 [INFO] CodeGenerator:2153 - Add RTE Code Input 
2024-11-06 10:13:10,184 [INFO] CodeEngine:255 - oldGeneratedFile, C:\ProjectsOnC\PhasorRadio\Code\PhasorRadio1\Core\Inc\RTE_Components.h_save
2024-11-06 10:13:10,239 [INFO] CodeEngine:279 - Generated code: C:\ProjectsOnC\PhasorRadio\Code\PhasorRadio1\Core\Inc\RTE_Components.h
2024-11-06 10:13:10,353 [INFO] CodeEngine:255 - oldGeneratedFile, C:\ProjectsOnC\PhasorRadio\Code\PhasorRadio1\Core\Src\stm32h7xx_hal_msp.c_save
2024-11-06 10:13:10,496 [INFO] CodeEngine:279 - Generated code: C:\ProjectsOnC\PhasorRadio\Code\PhasorRadio1\Core\Src\stm32h7xx_hal_msp.c
2024-11-06 10:13:10,511 [INFO] CodeEngine:255 - oldGeneratedFile, C:\ProjectsOnC\PhasorRadio\Code\PhasorRadio1\MXTmpFiles\system.tmp_save
2024-11-06 10:13:10,564 [INFO] CodeEngine:279 - Generated code: C:\ProjectsOnC\PhasorRadio\Code\PhasorRadio1\MXTmpFiles\system.tmp
2024-11-06 10:13:10,591 [INFO] CodeEngine:255 - oldGeneratedFile, C:\ProjectsOnC\PhasorRadio\Code\PhasorRadio1\Core\Src\stm32h7xx_hal_timebase_tim.c_save
2024-11-06 10:13:10,660 [INFO] CodeEngine:279 - Generated code: C:\ProjectsOnC\PhasorRadio\Code\PhasorRadio1\Core\Src\stm32h7xx_hal_timebase_tim.c
2024-11-06 10:13:10,684 [INFO] CodeEngine:311 - oldGeneratedFile, C:\ProjectsOnC\PhasorRadio\Code\PhasorRadio1\Core\Inc\stm32h7xx_hal_conf.h_save
2024-11-06 10:13:10,744 [INFO] CodeEngine:335 - Generated code: C:\ProjectsOnC\PhasorRadio\Code\PhasorRadio1\Core\Inc\stm32h7xx_hal_conf.h
2024-11-06 10:13:10,785 [WARN] IPConfigManager:3554 - IP not found : TIM
2024-11-06 10:13:10,786 [WARN] CodeGenerator:4002 - IP not found : null
2024-11-06 10:13:10,804 [INFO] CodeEngine:255 - oldGeneratedFile, C:\ProjectsOnC\PhasorRadio\Code\PhasorRadio1\Core\Inc\main.h_save
2024-11-06 10:13:10,873 [INFO] CodeEngine:279 - Generated code: C:\ProjectsOnC\PhasorRadio\Code\PhasorRadio1\Core\Inc\main.h
2024-11-06 10:13:10,888 [INFO] CodeEngine:255 - oldGeneratedFile, C:\ProjectsOnC\PhasorRadio\Code\PhasorRadio1\Core\Src\main.c_save
2024-11-06 10:13:11,086 [INFO] CodeEngine:279 - Generated code: C:\ProjectsOnC\PhasorRadio\Code\PhasorRadio1\Core\Src\main.c
2024-11-06 10:13:11,332 [INFO] ProjectBuilder:3249 - Time for Copy HAL[1] : 125mS.
2024-11-06 10:13:11,332 [ERROR] Middleware:2969 - Invalid RefComponent list
2024-11-06 10:13:11,332 [ERROR] Middleware:2969 - Invalid RefComponent list
2024-11-06 10:13:11,332 [ERROR] Middleware:2969 - Invalid RefComponent list
2024-11-06 10:13:11,332 [ERROR] Middleware:2969 - Invalid RefComponent list
2024-11-06 10:13:11,332 [ERROR] Middleware:2969 - Invalid RefComponent list
2024-11-06 10:13:11,332 [ERROR] Middleware:2969 - Invalid RefComponent list
2024-11-06 10:13:11,332 [ERROR] Middleware:2969 - Invalid RefComponent list
2024-11-06 10:13:11,332 [ERROR] Middleware:2969 - Invalid RefComponent list
2024-11-06 10:13:11,332 [ERROR] Middleware:2969 - Invalid RefComponent list
2024-11-06 10:13:11,332 [ERROR] Middleware:2969 - Invalid RefComponent list
2024-11-06 10:13:11,332 [ERROR] Middleware:2969 - Invalid RefComponent list
2024-11-06 10:13:11,332 [ERROR] Middleware:2969 - Invalid RefComponent list
2024-11-06 10:13:11,332 [ERROR] Middleware:2969 - Invalid RefComponent list
2024-11-06 10:13:11,332 [ERROR] Middleware:2969 - Invalid RefComponent list
2024-11-06 10:13:11,332 [ERROR] Middleware:2969 - Invalid RefComponent list
2024-11-06 10:13:11,332 [ERROR] Middleware:2969 - Invalid RefComponent list
2024-11-06 10:13:11,332 [ERROR] Middleware:2969 - Invalid RefComponent list
2024-11-06 10:13:11,332 [ERROR] Middleware:2969 - Invalid RefComponent list
2024-11-06 10:13:11,332 [ERROR] Middleware:2969 - Invalid RefComponent list
2024-11-06 10:13:11,332 [ERROR] Middleware:2969 - Invalid RefComponent list
2024-11-06 10:13:11,332 [ERROR] Middleware:2969 - Invalid RefComponent list
2024-11-06 10:13:11,332 [ERROR] Middleware:2969 - Invalid RefComponent list
2024-11-06 10:13:11,332 [ERROR] Middleware:2969 - Invalid RefComponent list
2024-11-06 10:13:11,332 [ERROR] Middleware:2969 - Invalid RefComponent list
2024-11-06 10:13:11,332 [ERROR] Middleware:2969 - Invalid RefComponent list
2024-11-06 10:13:11,332 [ERROR] Middleware:2969 - Invalid RefComponent list
2024-11-06 10:13:11,332 [ERROR] Middleware:2969 - Invalid RefComponent list
2024-11-06 10:13:11,332 [ERROR] Middleware:2969 - Invalid RefComponent list
2024-11-06 10:13:11,332 [ERROR] Middleware:2969 - Invalid RefComponent list
2024-11-06 10:13:11,332 [ERROR] Middleware:2969 - Invalid RefComponent list
2024-11-06 10:13:11,332 [ERROR] Middleware:2969 - Invalid RefComponent list
2024-11-06 10:13:11,332 [ERROR] Middleware:2969 - Invalid RefComponent list
2024-11-06 10:13:11,332 [ERROR] Middleware:2969 - Invalid RefComponent list
2024-11-06 10:13:11,332 [ERROR] Middleware:2969 - Invalid RefComponent list
2024-11-06 10:13:11,332 [ERROR] Middleware:2969 - Invalid RefComponent list
2024-11-06 10:13:11,332 [ERROR] Middleware:2969 - Invalid RefComponent list
2024-11-06 10:13:11,332 [ERROR] Middleware:2969 - Invalid RefComponent list
2024-11-06 10:13:11,332 [ERROR] Middleware:2969 - Invalid RefComponent list
2024-11-06 10:13:11,332 [ERROR] Middleware:2969 - Invalid RefComponent list
2024-11-06 10:13:11,332 [ERROR] Middleware:2969 - Invalid RefComponent list
2024-11-06 10:13:11,332 [ERROR] Middleware:2969 - Invalid RefComponent list
2024-11-06 10:13:11,332 [ERROR] Middleware:2969 - Invalid RefComponent list
2024-11-06 10:13:11,332 [ERROR] Middleware:2969 - Invalid RefComponent list
2024-11-06 10:13:11,332 [ERROR] Middleware:2969 - Invalid RefComponent list
2024-11-06 10:13:11,332 [ERROR] Middleware:2969 - Invalid RefComponent list
2024-11-06 10:13:11,332 [ERROR] Middleware:2969 - Invalid RefComponent list
2024-11-06 10:13:11,332 [ERROR] Middleware:2969 - Invalid RefComponent list
2024-11-06 10:13:11,332 [ERROR] Middleware:2969 - Invalid RefComponent list
2024-11-06 10:13:11,332 [ERROR] Middleware:2969 - Invalid RefComponent list
2024-11-06 10:13:11,332 [ERROR] Middleware:2969 - Invalid RefComponent list
2024-11-06 10:13:11,332 [ERROR] Middleware:2969 - Invalid RefComponent list
2024-11-06 10:13:11,332 [ERROR] Middleware:2969 - Invalid RefComponent list
2024-11-06 10:13:11,332 [ERROR] Middleware:2969 - Invalid RefComponent list
2024-11-06 10:13:11,332 [ERROR] Middleware:2969 - Invalid RefComponent list
2024-11-06 10:13:11,332 [ERROR] Middleware:2969 - Invalid RefComponent list
2024-11-06 10:13:11,332 [ERROR] Middleware:2969 - Invalid RefComponent list
2024-11-06 10:13:11,332 [ERROR] Middleware:2969 - Invalid RefComponent list
2024-11-06 10:13:11,332 [ERROR] Middleware:2969 - Invalid RefComponent list
2024-11-06 10:13:11,332 [ERROR] Middleware:2969 - Invalid RefComponent list
2024-11-06 10:13:11,332 [ERROR] Middleware:2969 - Invalid RefComponent list
2024-11-06 10:13:11,332 [ERROR] Middleware:2969 - Invalid RefComponent list
2024-11-06 10:13:11,332 [ERROR] Middleware:2969 - Invalid RefComponent list
2024-11-06 10:13:11,332 [ERROR] Middleware:2969 - Invalid RefComponent list
2024-11-06 10:13:11,332 [ERROR] Middleware:2969 - Invalid RefComponent list
2024-11-06 10:13:11,332 [ERROR] Middleware:2969 - Invalid RefComponent list
2024-11-06 10:13:11,332 [ERROR] Middleware:2969 - Invalid RefComponent list
2024-11-06 10:13:11,332 [ERROR] Middleware:2969 - Invalid RefComponent list
2024-11-06 10:13:11,332 [ERROR] Middleware:2969 - Invalid RefComponent list
2024-11-06 10:13:11,332 [ERROR] Middleware:2969 - Invalid RefComponent list
2024-11-06 10:13:11,332 [ERROR] Middleware:2969 - Invalid RefComponent list
2024-11-06 10:13:11,332 [ERROR] Middleware:2969 - Invalid RefComponent list
2024-11-06 10:13:11,332 [ERROR] Middleware:2969 - Invalid RefComponent list
2024-11-06 10:13:11,332 [ERROR] Middleware:2969 - Invalid RefComponent list
2024-11-06 10:13:11,332 [ERROR] Middleware:2969 - Invalid RefComponent list
2024-11-06 10:13:11,332 [ERROR] Middleware:2969 - Invalid RefComponent list
2024-11-06 10:13:11,332 [ERROR] Middleware:2969 - Invalid RefComponent list
2024-11-06 10:13:11,332 [ERROR] Middleware:2969 - Invalid RefComponent list
2024-11-06 10:13:11,332 [ERROR] Middleware:2969 - Invalid RefComponent list
2024-11-06 10:13:11,332 [ERROR] Middleware:2969 - Invalid RefComponent list
2024-11-06 10:13:11,332 [ERROR] Middleware:2969 - Invalid RefComponent list
2024-11-06 10:13:11,332 [ERROR] Middleware:2969 - Invalid RefComponent list
2024-11-06 10:13:11,332 [ERROR] Middleware:2969 - Invalid RefComponent list
2024-11-06 10:13:11,332 [ERROR] Middleware:2969 - Invalid RefComponent list
2024-11-06 10:13:11,332 [ERROR] Middleware:2969 - Invalid RefComponent list
2024-11-06 10:13:11,332 [ERROR] Middleware:2969 - Invalid RefComponent list
2024-11-06 10:13:11,332 [ERROR] Middleware:2969 - Invalid RefComponent list
2024-11-06 10:13:11,347 [INFO] ProjectBuilder:4828 - Project Generator version: 4.5.0-B34
2024-11-06 10:13:11,394 [INFO] ConfigFileManager:1531 - The Die is : DIE483
2024-11-06 10:13:11,410 [INFO] ApiDbMcu:508 - Load IP Config File for FATFS
2024-11-06 10:13:11,410 [INFO] ApiDbMcu:508 - Load IP Config File for LIBJPEG
2024-11-06 10:13:11,425 [INFO] ApiDbMcu:508 - Load IP Config File for LWIP
2024-11-06 10:13:11,441 [INFO] ApiDbMcu:508 - Load IP Config File for MBEDTLS
2024-11-06 10:13:11,457 [INFO] ApiDbMcu:508 - Load IP Config File for USB_DEVICE
2024-11-06 10:13:11,457 [INFO] ApiDbMcu:508 - Load IP Config File for USB_HOST
