2024-08-12 09:55:12,547 [INFO] Activator:176 - 


2024-08-12 09:55:12,547 [INFO] Activator:177 - !SESSION log4j initialized
2024-08-12 09:55:16,794 [INFO] LogOutputStream:77 - [STDOUT_REDIRECT] 
2024-08-12 09:55:20,306 [INFO] ApplicationProperties:184 - Using Application install path: C:\ST\STM32CubeIDE_1.15.0\STM32CubeIDE\plugins\com.st.stm32cube.common.mx_6.12.0.202406281431
2024-08-12 09:55:20,324 [INFO] DbMcusXml:78 - Set database path to: C:\ST\STM32CubeIDE_1.15.0\STM32CubeIDE\plugins\com.st.stm32cube.common.mx_6.12.0.202406281431\\db\/mcu/
2024-08-12 09:55:20,324 [INFO] ApiDb:274 - Set plugin database path to: C:\ST\STM32CubeIDE_1.15.0\STM32CubeIDE\plugins\com.st.stm32cube.common.mx_6.12.0.202406281431\\db\/plugins/boardmanager/
2024-08-12 09:55:20,324 [WARN] ApiDb:259 - Overriding images path with different value:  => C:\ST\STM32CubeIDE_1.15.0\STM32CubeIDE\plugins\com.st.stm32cube.common.mx_6.12.0.202406281431\\db\/plugins/mcufinder/images/
2024-08-12 09:55:20,329 [INFO] ApiDb:250 - Set database path to: C:\Users\stefa\.stmcufinder\plugins\mcufinder//mcu/
2024-08-12 09:55:20,330 [INFO] DbMcusAds:125 - Set database path to: C:\Users\stefa\.stmcufinder\plugins\mcufinder//mcu/
2024-08-12 09:55:20,333 [INFO] CrossReferenceDbSqlite:203 - Set database path to: C:\Users\stefa\.stmcufinder\plugins\mcufinder//mcu/cs/
2024-08-12 09:55:20,437 [INFO] RulesReader:64 - Compatibility file has been processed (297 Rules)
2024-08-12 09:55:20,506 [INFO] DbMcusXml:78 - Set database path to: C:\ST\STM32CubeIDE_1.15.0\STM32CubeIDE\plugins\com.st.stm32cube.common.mx_6.12.0.202406281431\\db\/mcu/
2024-08-12 09:55:20,506 [INFO] ApiDb:274 - Set plugin database path to: C:\ST\STM32CubeIDE_1.15.0\STM32CubeIDE\plugins\com.st.stm32cube.common.mx_6.12.0.202406281431\\db\/plugins/boardmanager/
2024-08-12 09:55:20,506 [INFO] ApiDb:261 - Set plugin images path to: C:\ST\STM32CubeIDE_1.15.0\STM32CubeIDE\plugins\com.st.stm32cube.common.mx_6.12.0.202406281431\\db\/plugins/mcufinder/images/
2024-08-12 09:55:20,506 [WARN] DbFile:41 - Overriding database path with different value: C:\Users\stefa\.stmcufinder\plugins\mcufinder/ => C:\Users\stefa\.stmcufinder\plugins\mcufinder
2024-08-12 09:55:20,506 [INFO] ApiDb:250 - Set database path to: C:\Users\stefa\.stmcufinder\plugins\mcufinder//mcu/
2024-08-12 09:55:20,506 [WARN] DbFile:41 - Overriding database path with different value: C:\Users\stefa\.stmcufinder\plugins\mcufinder/ => C:\Users\stefa\.stmcufinder\plugins\mcufinder
2024-08-12 09:55:20,507 [INFO] DbMcusAds:125 - Set database path to: C:\Users\stefa\.stmcufinder\plugins\mcufinder//mcu/
2024-08-12 09:55:20,507 [WARN] DbFile:41 - Overriding database path with different value: C:\Users\stefa\.stmcufinder\plugins\mcufinder/ => C:\Users\stefa\.stmcufinder\plugins\mcufinder
2024-08-12 09:55:20,507 [WARN] DbFile:41 - Overriding database path with different value: C:\Users\stefa\.stmcufinder\plugins\mcufinder/ => C:\Users\stefa\.stmcufinder\plugins\mcufinder
2024-08-12 09:55:20,507 [INFO] CrossReferenceDbSqlite:203 - Set database path to: C:\Users\stefa\.stmcufinder\plugins\mcufinder//mcu/cs/
2024-08-12 09:55:20,608 [INFO] MainPanel:268 - HeapMemory: 268435456
2024-08-12 09:55:20,761 [INFO] DbMcusXml:78 - Set database path to: C:\ST\STM32CubeIDE_1.15.0\STM32CubeIDE\plugins\com.st.stm32cube.common.mx_6.12.0.202406281431\\db\/mcu/
2024-08-12 09:55:20,761 [INFO] ApiDb:274 - Set plugin database path to: C:\ST\STM32CubeIDE_1.15.0\STM32CubeIDE\plugins\com.st.stm32cube.common.mx_6.12.0.202406281431\\db\/plugins/boardmanager/
2024-08-12 09:55:20,761 [INFO] ApiDb:261 - Set plugin images path to: C:\ST\STM32CubeIDE_1.15.0\STM32CubeIDE\plugins\com.st.stm32cube.common.mx_6.12.0.202406281431\\db\/plugins/mcufinder/images/
2024-08-12 09:55:20,762 [WARN] DbFile:41 - Overriding database path with different value: C:\Users\stefa\.stmcufinder\plugins\mcufinder/ => C:\Users\stefa\.stmcufinder\plugins\mcufinder
2024-08-12 09:55:20,762 [INFO] ApiDb:250 - Set database path to: C:\Users\stefa\.stmcufinder\plugins\mcufinder//mcu/
2024-08-12 09:55:20,762 [WARN] DbFile:41 - Overriding database path with different value: C:\Users\stefa\.stmcufinder\plugins\mcufinder/ => C:\Users\stefa\.stmcufinder\plugins\mcufinder
2024-08-12 09:55:20,762 [INFO] DbMcusAds:125 - Set database path to: C:\Users\stefa\.stmcufinder\plugins\mcufinder//mcu/
2024-08-12 09:55:20,762 [WARN] DbFile:41 - Overriding database path with different value: C:\Users\stefa\.stmcufinder\plugins\mcufinder/ => C:\Users\stefa\.stmcufinder\plugins\mcufinder
2024-08-12 09:55:20,762 [WARN] DbFile:41 - Overriding database path with different value: C:\Users\stefa\.stmcufinder\plugins\mcufinder/ => C:\Users\stefa\.stmcufinder\plugins\mcufinder
2024-08-12 09:55:20,762 [INFO] CrossReferenceDbSqlite:203 - Set database path to: C:\Users\stefa\.stmcufinder\plugins\mcufinder//mcu/cs/
2024-08-12 09:55:20,784 [INFO] ApplicationProperties:184 - Using Application install path: C:\ST\STM32CubeIDE_1.15.0\STM32CubeIDE\plugins\com.st.stm32cube.common.mx_6.12.0.202406281431
2024-08-12 09:55:20,786 [INFO] PluginManage:196 - Search for loadable plugins [exclusion list=, ]
2024-08-12 09:55:20,788 [INFO] PluginManage:310 - Check plugin analytics
2024-08-12 09:55:20,962 [INFO] AnalyticsPlugin:253 - Accepted Software Licenses: STM32CubeMX.6.12.0
2024-08-12 09:55:20,962 [INFO] AnalyticsPlugin:255 - Accepted CMSIS Pack Licenses: STMicroelectronics.X-CUBE-TOUCHGFX.4.24.0,STMicroelectronics.X-CUBE-FREERTOS.1.2.0,STMicroelectronics.X-CUBE-TOUCHGFX.4.23.2
2024-08-12 09:55:20,962 [INFO] AnalyticsPlugin:257 - Accepted Firmware Licenses: FW.H5.1.3.0,FW.H7.1.11.0
2024-08-12 09:55:20,965 [INFO] PluginManage:359 - Loaded plugin analytics (category:tool,tabindex:-1)
2024-08-12 09:55:20,965 [INFO] PluginManage:310 - Check plugin cadmodel
2024-08-12 09:55:20,989 [INFO] CADModel:105 - Init CAD model plugin
2024-08-12 09:55:20,990 [INFO] PluginManage:359 - Loaded plugin cadmodel (category:power,tabindex:5)
2024-08-12 09:55:20,990 [INFO] PluginManage:310 - Check plugin clock
2024-08-12 09:55:21,015 [INFO] PluginManage:359 - Loaded plugin clock (category:base,tabindex:2)
2024-08-12 09:55:21,015 [INFO] PluginManage:310 - Check plugin ddr
2024-08-12 09:55:21,017 [INFO] PluginManage:359 - Loaded plugin ddr (category:tool,tabindex:6)
2024-08-12 09:55:21,017 [INFO] PluginManage:310 - Check plugin filemanager
2024-08-12 09:55:21,149 [INFO] PluginManage:359 - Loaded plugin filemanager (category:base,tabindex:10)
2024-08-12 09:55:21,149 [INFO] PluginManage:310 - Check plugin ipmanager
2024-08-12 09:55:21,158 [INFO] PluginManage:359 - Loaded plugin ipmanager (category:base,tabindex:5)
2024-08-12 09:55:21,158 [INFO] PluginManage:310 - Check plugin lpbam
2024-08-12 09:55:21,182 [INFO] PluginManage:359 - Loaded plugin lpbam (category:base,tabindex:0)
2024-08-12 09:55:21,182 [INFO] PluginManage:310 - Check plugin memorymap
2024-08-12 09:55:21,214 [INFO] PluginManage:359 - Loaded plugin memorymap (category:base,tabindex:4)
2024-08-12 09:55:21,214 [INFO] PluginManage:310 - Check plugin pinoutandconfiguration
2024-08-12 09:55:21,242 [INFO] PluginManage:359 - Loaded plugin pinoutandconfiguration (category:base,tabindex:1)
2024-08-12 09:55:21,243 [INFO] PluginManage:310 - Check plugin pinoutconfig
2024-08-12 09:55:21,380 [WARN] SupportedApi:132 - Cannot load RTOS API schema: s4s-elt-must-match.1: The content of 'definitions' must match (annotation?, (simpleType | complexType)?, (unique | key | keyref)*)). A problem was found starting at: attribute.
2024-08-12 09:55:21,554 [INFO] PluginManage:359 - Loaded plugin pinoutconfig (category:base,tabindex:0)
2024-08-12 09:55:21,554 [INFO] PluginManage:310 - Check plugin power
2024-08-12 09:55:21,572 [INFO] PluginManage:359 - Loaded plugin power (category:power,tabindex:4)
2024-08-12 09:55:21,572 [INFO] PluginManage:310 - Check plugin projectmanager
2024-08-12 09:55:21,585 [INFO] PluginManage:359 - Loaded plugin projectmanager (category:projectmanager,tabindex:4)
2024-08-12 09:55:21,585 [INFO] PluginManage:310 - Check plugin rif
2024-08-12 09:55:21,598 [INFO] PluginManage:359 - Loaded plugin rif (category:base,tabindex:3)
2024-08-12 09:55:21,598 [INFO] PluginManage:310 - Check plugin thirdparty
2024-08-12 09:55:21,850 [INFO] PluginManage:359 - Loaded plugin thirdparty (category:base,tabindex:-1)
2024-08-12 09:55:21,850 [WARN] IntegrityCheckThread:84 - waiting for thirdparty lock release [integrity check]
2024-08-12 09:55:21,851 [INFO] PluginManage:310 - Check plugin tools
2024-08-12 09:55:21,851 [INFO] IntegrityCheckThread:86 - entering critical section [integrity check]
2024-08-12 09:55:21,851 [INFO] ThirdPartyUpdaterWithRetryManager:70 - Updater plugin not ready yet. [1/15]
2024-08-12 09:55:21,896 [INFO] PluginManage:359 - Loaded plugin tools (category:base,tabindex:7)
2024-08-12 09:55:21,896 [INFO] PluginManage:310 - Check plugin tutovideos
2024-08-12 09:55:22,168 [INFO] PluginManage:359 - Loaded plugin tutovideos (category:base,tabindex:-1)
2024-08-12 09:55:22,168 [INFO] PluginManage:310 - Check plugin updater
2024-08-12 09:55:22,188 [INFO] PluginManage:359 - Loaded plugin updater (category:base,tabindex:12)
2024-08-12 09:55:22,189 [INFO] PluginManage:310 - Check plugin userauth
2024-08-12 09:55:22,196 [INFO] UserAuth:113 - Init User Auth plugin
2024-08-12 09:55:22,196 [INFO] PluginManage:359 - Loaded plugin userauth (category:base,tabindex:14)
2024-08-12 09:55:22,197 [INFO] PluginManage:283 - PluginManage : Loaded plugins [18]
2024-08-12 09:55:22,478 [INFO] PinOutPanel:1561 - setPackage(No Configuration,No Configuration)
2024-08-12 09:55:22,581 [INFO] CADModel:165 - CPN selected for project level
2024-08-12 09:55:22,581 [INFO] CADModel:114 - Register for checkConnection events
2024-08-12 09:55:22,605 [INFO] IPUIPlugin:80 - create IPUIPlugin
2024-08-12 09:55:22,605 [INFO] PluginManager:220 - loadIPPluginJar : add adc
2024-08-12 09:55:22,644 [INFO] IPUIPlugin:80 - create IPUIPlugin
2024-08-12 09:55:22,644 [INFO] PluginManager:220 - loadIPPluginJar : add aes
2024-08-12 09:55:22,698 [INFO] IPUIPlugin:80 - create IPUIPlugin
2024-08-12 09:55:22,698 [INFO] PluginManager:220 - loadIPPluginJar : add can
2024-08-12 09:55:22,725 [INFO] IPUIPlugin:80 - create IPUIPlugin
2024-08-12 09:55:22,725 [INFO] PluginManager:220 - loadIPPluginJar : add comp
2024-08-12 09:55:22,765 [INFO] IPUIPlugin:80 - create IPUIPlugin
2024-08-12 09:55:22,765 [INFO] PluginManager:220 - loadIPPluginJar : add cryp
2024-08-12 09:55:22,780 [INFO] IPUIPlugin:80 - create IPUIPlugin
2024-08-12 09:55:22,781 [INFO] PluginManager:220 - loadIPPluginJar : add ddr_ctrl_phy
2024-08-12 09:55:22,821 [INFO] IPUIPlugin:80 - create IPUIPlugin
2024-08-12 09:55:22,821 [INFO] PluginManager:220 - loadIPPluginJar : add dfsdm
2024-08-12 09:55:22,838 [INFO] IPUIPlugin:80 - create IPUIPlugin
2024-08-12 09:55:22,839 [INFO] PluginManager:220 - loadIPPluginJar : add dma
2024-08-12 09:55:22,887 [INFO] IPUIPlugin:80 - create IPUIPlugin
2024-08-12 09:55:22,888 [INFO] PluginManager:220 - loadIPPluginJar : add dma3
2024-08-12 09:55:22,926 [INFO] IPUIPlugin:80 - create IPUIPlugin
2024-08-12 09:55:22,926 [INFO] PluginManager:220 - loadIPPluginJar : add extmemmanager
2024-08-12 09:55:22,944 [INFO] IPUIPlugin:80 - create IPUIPlugin
2024-08-12 09:55:22,944 [INFO] PluginManager:220 - loadIPPluginJar : add fatfs
2024-08-12 09:55:22,989 [INFO] IPUIPlugin:80 - create IPUIPlugin
2024-08-12 09:55:22,990 [INFO] PluginManager:220 - loadIPPluginJar : add fmc
2024-08-12 09:55:23,011 [INFO] IPUIPlugin:80 - create IPUIPlugin
2024-08-12 09:55:23,011 [INFO] PluginManager:220 - loadIPPluginJar : add freertos
2024-08-12 09:55:23,015 [INFO] IPUIPlugin:80 - create IPUIPlugin
2024-08-12 09:55:23,015 [INFO] PluginManager:220 - loadIPPluginJar : add genericplugin
2024-08-12 09:55:23,101 [INFO] IPUIPlugin:80 - create IPUIPlugin
2024-08-12 09:55:23,101 [INFO] PluginManager:220 - loadIPPluginJar : add gfxmmu
2024-08-12 09:55:23,276 [INFO] IPUIPlugin:80 - create IPUIPlugin
2024-08-12 09:55:23,277 [INFO] PluginManager:220 - loadIPPluginJar : add gic
2024-08-12 09:55:23,291 [INFO] IPUIPlugin:80 - create IPUIPlugin
2024-08-12 09:55:23,291 [INFO] PluginManager:220 - loadIPPluginJar : add gpio
2024-08-12 09:55:23,410 [INFO] IPUIPlugin:80 - create IPUIPlugin
2024-08-12 09:55:23,410 [INFO] PluginManager:220 - loadIPPluginJar : add gtzc
2024-08-12 09:55:23,463 [INFO] IPUIPlugin:80 - create IPUIPlugin
2024-08-12 09:55:23,463 [INFO] PluginManager:220 - loadIPPluginJar : add hash
2024-08-12 09:55:23,538 [INFO] IPUIPlugin:80 - create IPUIPlugin
2024-08-12 09:55:23,539 [INFO] PluginManager:220 - loadIPPluginJar : add i2c
2024-08-12 09:55:23,600 [INFO] IPUIPlugin:80 - create IPUIPlugin
2024-08-12 09:55:23,600 [INFO] PluginManager:220 - loadIPPluginJar : add i2s
2024-08-12 09:55:23,661 [INFO] IPUIPlugin:80 - create IPUIPlugin
2024-08-12 09:55:23,662 [INFO] PluginManager:220 - loadIPPluginJar : add i3c
2024-08-12 09:55:23,790 [INFO] IPUIPlugin:80 - create IPUIPlugin
2024-08-12 09:55:23,790 [INFO] PluginManager:220 - loadIPPluginJar : add ipddr
2024-08-12 09:55:23,909 [INFO] IPUIPlugin:80 - create IPUIPlugin
2024-08-12 09:55:23,913 [INFO] PluginManager:220 - loadIPPluginJar : add linkedlist
2024-08-12 09:55:23,954 [INFO] IPUIPlugin:80 - create IPUIPlugin
2024-08-12 09:55:23,954 [INFO] PluginManager:220 - loadIPPluginJar : add lorawan
2024-08-12 09:55:23,990 [INFO] IPUIPlugin:80 - create IPUIPlugin
2024-08-12 09:55:23,990 [INFO] PluginManager:220 - loadIPPluginJar : add ltdc
2024-08-12 09:55:24,007 [INFO] IPUIPlugin:80 - create IPUIPlugin
2024-08-12 09:55:24,007 [INFO] PluginManager:220 - loadIPPluginJar : add mdma
2024-08-12 09:55:24,017 [INFO] IPUIPlugin:80 - create IPUIPlugin
2024-08-12 09:55:24,017 [INFO] PluginManager:220 - loadIPPluginJar : add nvic
2024-08-12 09:55:24,048 [INFO] IPUIPlugin:80 - create IPUIPlugin
2024-08-12 09:55:24,048 [INFO] PluginManager:220 - loadIPPluginJar : add opamp
2024-08-12 09:55:24,102 [INFO] IPUIPlugin:80 - create IPUIPlugin
2024-08-12 09:55:24,102 [INFO] PluginManager:220 - loadIPPluginJar : add openamp
2024-08-12 09:55:24,131 [INFO] IPUIPlugin:80 - create IPUIPlugin
2024-08-12 09:55:24,131 [INFO] PluginManager:220 - loadIPPluginJar : add pdm2pcm
2024-08-12 09:55:24,141 [INFO] IPUIPlugin:80 - create IPUIPlugin
2024-08-12 09:55:24,142 [INFO] PluginManager:220 - loadIPPluginJar : add plateformsettings
2024-08-12 09:55:24,143 [INFO] IPUIPlugin:80 - create IPUIPlugin
2024-08-12 09:55:24,143 [INFO] PluginManager:220 - loadIPPluginJar : add quadspi
2024-08-12 09:55:24,167 [INFO] IPUIPlugin:80 - create IPUIPlugin
2024-08-12 09:55:24,167 [INFO] PluginManager:220 - loadIPPluginJar : add radio
2024-08-12 09:55:24,179 [INFO] IPUIPlugin:80 - create IPUIPlugin
2024-08-12 09:55:24,180 [INFO] PluginManager:220 - loadIPPluginJar : add resmgrutility
2024-08-12 09:55:24,222 [INFO] IPUIPlugin:80 - create IPUIPlugin
2024-08-12 09:55:24,222 [INFO] PluginManager:220 - loadIPPluginJar : add sai
2024-08-12 09:55:24,251 [INFO] IPUIPlugin:80 - create IPUIPlugin
2024-08-12 09:55:24,252 [INFO] PluginManager:220 - loadIPPluginJar : add spi
2024-08-12 09:55:24,320 [INFO] IPUIPlugin:80 - create IPUIPlugin
2024-08-12 09:55:24,320 [INFO] PluginManager:220 - loadIPPluginJar : add stm32_wpan
2024-08-12 09:55:24,342 [INFO] IPUIPlugin:80 - create IPUIPlugin
2024-08-12 09:55:24,342 [INFO] PluginManager:220 - loadIPPluginJar : add tim
2024-08-12 09:55:24,399 [INFO] IPUIPlugin:80 - create IPUIPlugin
2024-08-12 09:55:24,399 [INFO] PluginManager:220 - loadIPPluginJar : add touchsensing
2024-08-12 09:55:24,402 [INFO] IPUIPlugin:80 - create IPUIPlugin
2024-08-12 09:55:24,402 [INFO] PluginManager:220 - loadIPPluginJar : add tracer_emb
2024-08-12 09:55:24,404 [INFO] IPUIPlugin:80 - create IPUIPlugin
2024-08-12 09:55:24,404 [INFO] PluginManager:220 - loadIPPluginJar : add ts
2024-08-12 09:55:24,422 [INFO] IPUIPlugin:80 - create IPUIPlugin
2024-08-12 09:55:24,422 [INFO] PluginManager:220 - loadIPPluginJar : add tsc
2024-08-12 09:55:24,442 [INFO] IPUIPlugin:80 - create IPUIPlugin
2024-08-12 09:55:24,442 [INFO] PluginManager:220 - loadIPPluginJar : add ucpd
2024-08-12 09:55:24,478 [INFO] IPUIPlugin:80 - create IPUIPlugin
2024-08-12 09:55:24,478 [INFO] PluginManager:220 - loadIPPluginJar : add usart
2024-08-12 09:55:24,512 [INFO] IPUIPlugin:80 - create IPUIPlugin
2024-08-12 09:55:24,512 [INFO] PluginManager:220 - loadIPPluginJar : add usbx
2024-08-12 09:55:24,623 [INFO] CADModel:165 - CPN selected for project level
2024-08-12 09:55:24,623 [INFO] CADModel:114 - Register for checkConnection events
2024-08-12 09:55:24,623 [FATAL] Updater:334 - Updater called before beeing initialized
2024-08-12 09:55:24,623 [ERROR] CADModel:125 - Updater not yet initialized, retry later 
2024-08-12 09:55:24,707 [INFO] CADModel:165 - CPN selected for project level
2024-08-12 09:55:24,707 [INFO] CADModel:114 - Register for checkConnection events
2024-08-12 09:55:24,707 [FATAL] Updater:334 - Updater called before beeing initialized
2024-08-12 09:55:24,707 [ERROR] CADModel:125 - Updater not yet initialized, retry later 
2024-08-12 09:55:24,709 [FATAL] Updater:334 - Updater called before beeing initialized
2024-08-12 09:55:24,776 [FATAL] Updater:334 - Updater called before beeing initialized
2024-08-12 09:55:24,780 [INFO] DbMcusAds:53 - JSON generation date=Thu May 16 11:22:00 CEST 2024 (1715851320667)
2024-08-12 09:55:24,780 [FATAL] Updater:334 - Updater called before beeing initialized
2024-08-12 09:55:24,807 [WARN] DetailPanel:346 - Failed to get advertising image, set to default
2024-08-12 09:55:24,854 [INFO] ThirdPartyUpdaterWithRetryManager:70 - Updater plugin not ready yet. [2/15]
2024-08-12 09:55:24,864 [FATAL] Updater:334 - Updater called before beeing initialized
2024-08-12 09:55:24,866 [FATAL] Updater:334 - Updater called before beeing initialized
2024-08-12 09:55:24,866 [FATAL] Updater:334 - Updater called before beeing initialized
2024-08-12 09:55:24,866 [WARN] DetailPanel:346 - Failed to get advertising image, set to default
2024-08-12 09:55:24,867 [FATAL] Updater:334 - Updater called before beeing initialized
2024-08-12 09:55:24,921 [ERROR] Updater:1164 - MainUpdater not yet initialized. External WinMGr cannot be set.
2024-08-12 09:55:24,929 [INFO] Updater:1100 - Updater Version found : 6.12.0
2024-08-12 09:55:24,942 [INFO] ApplicationProperties:184 - Using Application install path: C:\ST\STM32CubeIDE_1.15.0\STM32CubeIDE\plugins\com.st.stm32cube.common.mx_6.12.0.202406281431
2024-08-12 09:55:26,510 [ERROR] LogOutputStream:75 - [STDERR_REDIRECT] Aug 12, 2024 9:55:26 AM java.util.prefs.WindowsPreferences <init>
2024-08-12 09:55:26,511 [ERROR] LogOutputStream:75 - [STDERR_REDIRECT] WARNING: Could not open/create prefs root node Software\JavaSoft\Prefs at root 0xffffffff80000002. Windows RegCreateKeyEx(...) returned error code 5.
2024-08-12 09:55:26,511 [ERROR] LogOutputStream:75 - [STDERR_REDIRECT] 
2024-08-12 09:55:26,726 [INFO] MainUpdater:2873 - connection check result : 10
2024-08-12 09:55:26,726 [INFO] MainUpdater:290 - Updater Check For Update Now.
2024-08-12 09:55:26,726 [INFO] MicroXplorer:498 - Change Database Version : DB.6.0.120
2024-08-12 09:55:26,743 [INFO] McuFinderGlobals:63 - Set McuFinder mode to 2 (CubeIDE integrated)
2024-08-12 09:55:26,743 [INFO] UserAuth:179 - activating auth plugin
2024-08-12 09:55:26,746 [INFO] UserAuth:417 - Internet connection configuration mode: 1
2024-08-12 09:55:26,769 [INFO] JxBrowserEngine:152 - Initiate JxBrowser Engine with user profile folder
2024-08-12 09:55:26,892 [INFO] CheckServerUpdateThread:120 - End of CheckServer Thread
2024-08-12 09:55:27,959 [WARN] PackLoader:240 - Cannot read IP mode file for STMicroelectronics.FP-SNS-MOTENVWB1.1.4.0
2024-08-12 09:55:27,965 [WARN] PackLoader:240 - Cannot read IP mode file for STMicroelectronics.X-CUBE-SMBUS.2.1.0
2024-08-12 09:55:27,968 [WARN] PackLoader:240 - Cannot read IP mode file for STMicroelectronics.X-CUBE-TOUCHGFX.4.23.0
2024-08-12 09:55:28,020 [WARN] PackLoader:240 - Cannot read IP mode file for STMicroelectronics.X-CUBE-TOUCHGFX.4.23.2
2024-08-12 09:55:28,067 [WARN] PackLoader:240 - Cannot read IP mode file for STMicroelectronics.X-CUBE-AZRTOS-F7.1.1.0
2024-08-12 09:55:28,294 [WARN] PackLoader:240 - Cannot read IP mode file for STMicroelectronics.X-CUBE-TOUCHGFX.4.19.1
2024-08-12 09:55:28,323 [WARN] PackLoader:240 - Cannot read IP mode file for STMicroelectronics.FP-SNS-FLIGHT1.5.0.2
2024-08-12 09:55:28,333 [WARN] PackLoader:240 - Cannot read IP mode file for STMicroelectronics.X-CUBE-DISPLAY.3.0.0
2024-08-12 09:55:28,347 [WARN] PackLoader:240 - Cannot read IP mode file for STMicroelectronics.X-CUBE-BLE1.7.0.0
2024-08-12 09:55:28,352 [WARN] PackLoader:240 - Cannot read IP mode file for emotas.I-CUBE-CANOPEN.1.3.0
2024-08-12 09:55:28,363 [WARN] PackLoader:240 - Cannot read IP mode file for STMicroelectronics.X-CUBE-BLEMGR.3.1.0
2024-08-12 09:55:28,370 [WARN] PackLoader:240 - Cannot read IP mode file for STMicroelectronics.FP-SNS-SMARTAG2.1.2.0
2024-08-12 09:55:28,378 [INFO] LogOutputStream:77 - [STDOUT_REDIRECT] 1 : Invalid condition id : UX_CORESTACK_Condition cause : null
2024-08-12 09:55:28,379 [INFO] LogOutputStream:77 - [STDOUT_REDIRECT] 1 : Invalid condition id : UX_CORESTACK_Condition cause : null
2024-08-12 09:55:28,380 [INFO] LogOutputStream:77 - [STDOUT_REDIRECT] 1 : Invalid condition id : UX_CORESTACK_Condition cause : null
2024-08-12 09:55:28,381 [INFO] LogOutputStream:77 - [STDOUT_REDIRECT] 1 : Invalid condition id : UX_CORESTACK_Condition cause : null
2024-08-12 09:55:28,381 [INFO] LogOutputStream:77 - [STDOUT_REDIRECT] 1 : Invalid condition id : UX_CORESTACK_Condition cause : null
2024-08-12 09:55:28,384 [WARN] PackLoader:240 - Cannot read IP mode file for STMicroelectronics.X-CUBE-AZRTOS-WL.2.0.0
2024-08-12 09:55:28,389 [WARN] PackLoader:240 - Cannot read IP mode file for STMicroelectronics.FP-SNS-MOTENV1.5.0.0
2024-08-12 09:55:28,392 [WARN] PackLoader:240 - Cannot read IP mode file for wolfSSL.I-CUBE-wolfMQTT.1.19.0
2024-08-12 09:55:28,400 [WARN] PackLoader:240 - Cannot read IP mode file for WES.I-CUBE-Cesium.1.3.0
2024-08-12 09:55:28,405 [WARN] PackLoader:240 - Cannot read IP mode file for STMicroelectronics.X-CUBE-BLE2.3.3.0
2024-08-12 09:55:28,409 [WARN] PackLoader:240 - Cannot read IP mode file for STMicroelectronics.X-CUBE-TCPP.4.1.0
2024-08-12 09:55:28,423 [WARN] PackLoader:240 - Cannot read IP mode file for STMicroelectronics.X-CUBE-AZRTOS-G0.1.1.0
2024-08-12 09:55:28,433 [WARN] PackLoader:240 - Cannot read IP mode file for STMicroelectronics.X-CUBE-SAFEA1.1.2.2
2024-08-12 09:55:28,437 [WARN] PackLoader:240 - Cannot read IP mode file for STMicroelectronics.X-CUBE-NFC4.3.0.0
2024-08-12 09:55:28,444 [WARN] PackLoader:240 - Cannot read IP mode file for EmbeddedOffice.I-CUBE-FS-RTOS.1.0.1
2024-08-12 09:55:28,445 [ERROR] ConditionMgr:805 - Attr not supported : Dmpu
2024-08-12 09:55:28,445 [ERROR] ConditionMgr:805 - Attr not supported : Dmpu
2024-08-12 09:55:28,445 [ERROR] ConditionMgr:805 - Attr not supported : Dmpu
2024-08-12 09:55:28,445 [ERROR] ConditionMgr:805 - Attr not supported : Dmpu
2024-08-12 09:55:28,445 [ERROR] ConditionMgr:805 - Attr not supported : Dmpu
2024-08-12 09:55:28,445 [ERROR] ConditionMgr:805 - Attr not supported : Dmpu
2024-08-12 09:55:28,445 [ERROR] ConditionMgr:805 - Attr not supported : Dmpu
2024-08-12 09:55:28,445 [ERROR] ConditionMgr:805 - Attr not supported : Dmpu
2024-08-12 09:55:28,445 [ERROR] ConditionMgr:805 - Attr not supported : Dmpu
2024-08-12 09:55:28,445 [ERROR] ConditionMgr:805 - Attr not supported : Dmpu
2024-08-12 09:55:28,445 [ERROR] ConditionMgr:805 - Attr not supported : Dmpu
2024-08-12 09:55:28,445 [ERROR] ConditionMgr:805 - Attr not supported : Dmpu
2024-08-12 09:55:28,445 [ERROR] ConditionMgr:805 - Attr not supported : Dmpu
2024-08-12 09:55:28,445 [ERROR] ConditionMgr:805 - Attr not supported : Dmpu
2024-08-12 09:55:28,445 [ERROR] ConditionMgr:805 - Attr not supported : Dmpu
2024-08-12 09:55:28,445 [ERROR] ConditionMgr:805 - Attr not supported : Dmpu
2024-08-12 09:55:28,445 [ERROR] ConditionMgr:805 - Attr not supported : Dmpu
2024-08-12 09:55:28,445 [ERROR] ConditionMgr:805 - Attr not supported : Dmpu
2024-08-12 09:55:28,446 [ERROR] ConditionMgr:805 - Attr not supported : Dmpu
2024-08-12 09:55:28,446 [ERROR] ConditionMgr:805 - Attr not supported : Dmpu
2024-08-12 09:55:28,446 [ERROR] ConditionMgr:805 - Attr not supported : Dmpu
2024-08-12 09:55:28,446 [ERROR] ConditionMgr:805 - Attr not supported : Dmpu
2024-08-12 09:55:28,446 [ERROR] ConditionMgr:805 - Attr not supported : Dmpu
2024-08-12 09:55:28,446 [ERROR] ConditionMgr:805 - Attr not supported : Dmpu
2024-08-12 09:55:28,446 [ERROR] ConditionMgr:805 - Attr not supported : Dmpu
2024-08-12 09:55:28,446 [ERROR] ConditionMgr:805 - Attr not supported : Dmpu
2024-08-12 09:55:28,446 [ERROR] ConditionMgr:805 - Attr not supported : Dmpu
2024-08-12 09:55:28,446 [ERROR] ConditionMgr:805 - Attr not supported : Dmpu
2024-08-12 09:55:28,446 [ERROR] ConditionMgr:805 - Attr not supported : Dmpu
2024-08-12 09:55:28,446 [ERROR] ConditionMgr:805 - Attr not supported : Dmpu
2024-08-12 09:55:28,446 [ERROR] ConditionMgr:805 - Attr not supported : Dmpu
2024-08-12 09:55:28,446 [ERROR] ConditionMgr:805 - Attr not supported : Dmpu
2024-08-12 09:55:28,447 [ERROR] ConditionMgr:805 - Attr not supported : Dmpu
2024-08-12 09:55:28,447 [ERROR] ConditionMgr:805 - Attr not supported : Dmpu
2024-08-12 09:55:28,447 [ERROR] ConditionMgr:805 - Attr not supported : Dmpu
2024-08-12 09:55:28,447 [ERROR] ConditionMgr:805 - Attr not supported : Dmpu
2024-08-12 09:55:28,447 [ERROR] ConditionMgr:805 - Attr not supported : Dmpu
2024-08-12 09:55:28,447 [ERROR] ConditionMgr:805 - Attr not supported : Dmpu
2024-08-12 09:55:28,447 [ERROR] ConditionMgr:805 - Attr not supported : Dmpu
2024-08-12 09:55:28,447 [ERROR] ConditionMgr:805 - Attr not supported : Dmpu
2024-08-12 09:55:28,447 [ERROR] ConditionMgr:805 - Attr not supported : Dmpu
2024-08-12 09:55:28,447 [ERROR] ConditionMgr:805 - Attr not supported : Dmpu
2024-08-12 09:55:28,447 [ERROR] ConditionMgr:805 - Attr not supported : Dmpu
2024-08-12 09:55:28,447 [ERROR] ConditionMgr:805 - Attr not supported : Dmpu
2024-08-12 09:55:28,447 [ERROR] ConditionMgr:805 - Attr not supported : Dmpu
2024-08-12 09:55:28,447 [ERROR] ConditionMgr:805 - Attr not supported : Dmpu
2024-08-12 09:55:28,447 [ERROR] ConditionMgr:805 - Attr not supported : Dmpu
2024-08-12 09:55:28,447 [ERROR] ConditionMgr:805 - Attr not supported : Dmpu
2024-08-12 09:55:28,447 [ERROR] ConditionMgr:805 - Attr not supported : Dmpu
2024-08-12 09:55:28,447 [ERROR] ConditionMgr:805 - Attr not supported : Dmpu
2024-08-12 09:55:28,448 [ERROR] ConditionMgr:805 - Attr not supported : Dmpu
2024-08-12 09:55:28,448 [ERROR] ConditionMgr:805 - Attr not supported : Dmpu
2024-08-12 09:55:28,448 [ERROR] ConditionMgr:805 - Attr not supported : Dmpu
2024-08-12 09:55:28,448 [ERROR] ConditionMgr:805 - Attr not supported : Dmpu
2024-08-12 09:55:28,448 [ERROR] ConditionMgr:805 - Attr not supported : Dmpu
2024-08-12 09:55:28,448 [ERROR] ConditionMgr:805 - Attr not supported : Dmpu
2024-08-12 09:55:28,448 [ERROR] ConditionMgr:805 - Attr not supported : Dmpu
2024-08-12 09:55:28,448 [ERROR] ConditionMgr:805 - Attr not supported : Dmpu
2024-08-12 09:55:28,448 [ERROR] ConditionMgr:805 - Attr not supported : Dmpu
2024-08-12 09:55:28,448 [ERROR] ConditionMgr:805 - Attr not supported : Dmpu
2024-08-12 09:55:28,448 [ERROR] ConditionMgr:805 - Attr not supported : Dmpu
2024-08-12 09:55:28,448 [ERROR] ConditionMgr:805 - Attr not supported : Dmpu
2024-08-12 09:55:28,448 [ERROR] ConditionMgr:805 - Attr not supported : Dmpu
2024-08-12 09:55:28,448 [ERROR] ConditionMgr:805 - Attr not supported : Dmpu
2024-08-12 09:55:28,452 [WARN] PackLoader:240 - Cannot read IP mode file for RealThread.X-CUBE-RT-Thread_Nano.4.1.1
2024-08-12 09:55:28,456 [WARN] PackLoader:240 - Cannot read IP mode file for STMicroelectronics.FP-ATR-SIGFOX1.3.2.0
2024-08-12 09:55:28,458 [WARN] PackLoader:240 - Cannot read IP mode file for wolfSSL.I-CUBE-wolfSSL.5.7.2
2024-08-12 09:55:28,463 [WARN] PackLoader:240 - Cannot read IP mode file for STMicroelectronics.X-CUBE-EEPRMA1.5.1.0
2024-08-12 09:55:28,469 [WARN] PackLoader:240 - Cannot read IP mode file for ITTIA_DB.I-CUBE-ITTIADB.8.9.0
2024-08-12 09:55:28,486 [WARN] PackLoader:240 - Cannot read IP mode file for SEGGER.I-CUBE-embOS.1.3.1
2024-08-12 09:55:28,818 [WARN] PackLoader:240 - Cannot read IP mode file for STMicroelectronics.X-CUBE-ALGOBUILD.1.4.0
2024-08-12 09:55:28,825 [WARN] PackLoader:240 - Cannot read IP mode file for STMicroelectronics.X-CUBE-GNSS1.6.0.0
2024-08-12 09:55:28,839 [WARN] PackLoader:240 - Cannot read IP mode file for STMicroelectronics.X-CUBE-AZRTOS-F4.1.1.0
2024-08-12 09:55:28,847 [WARN] PackLoader:240 - Cannot read IP mode file for STMicroelectronics.X-CUBE-FREERTOS.1.2.0
2024-08-12 09:55:28,882 [WARN] PackLoader:240 - Cannot read IP mode file for STMicroelectronics.X-CUBE-AZRTOS-L5.2.0.0
2024-08-12 09:55:28,888 [WARN] PackLoader:240 - Cannot read IP mode file for STMicroelectronics.X-CUBE-NFC6.3.1.0
2024-08-12 09:55:28,893 [WARN] PackLoader:240 - Cannot read IP mode file for STMicroelectronics.X-CUBE-DPower.1.2.0
2024-08-12 09:55:28,897 [WARN] PackLoader:240 - Cannot read IP mode file for STMicroelectronics.X-CUBE-AI.9.0.0
2024-08-12 09:55:28,901 [WARN] PackLoader:240 - Cannot read IP mode file for STMicroelectronics.X-CUBE-NFC7.1.0.1
2024-08-12 09:55:28,905 [WARN] PackLoader:240 - Cannot read IP mode file for wolfSSL.I-CUBE-wolfTPM.3.2.0
2024-08-12 09:55:28,917 [WARN] ConditionMgr:438 - getConditionDescription Invalid condition id : LAN8742 Phy interface Condition cause : null
2024-08-12 09:55:28,918 [WARN] PackLoader:240 - Cannot read IP mode file for STMicroelectronics.X-CUBE-AZRTOS-L4.2.0.0
2024-08-12 09:55:28,920 [WARN] ConditionMgr:1039 - genDependencies : Invalid condition id : LAN8742 Phy interface Condition cause : null
2024-08-12 09:55:28,920 [WARN] ConditionMgr:1039 - genDependencies : Invalid condition id : LAN8742 Phy interface Condition cause : null
2024-08-12 09:55:28,921 [WARN] ConditionMgr:1039 - genDependencies : Invalid condition id : LAN8742 Phy interface Condition cause : null
2024-08-12 09:55:28,929 [WARN] PackLoader:240 - Cannot read IP mode file for STMicroelectronics.X-CUBE-SFXS2LP1.4.0.0
2024-08-12 09:55:28,940 [WARN] ConditionMgr:438 - getConditionDescription Invalid condition id : UX DEVICE CLASS RTOS Condition cause : null
2024-08-12 09:55:28,941 [WARN] ConditionMgr:438 - getConditionDescription Invalid condition id : UX DEVICE CLASS RTOS Condition cause : null
2024-08-12 09:55:28,943 [WARN] PackLoader:240 - Cannot read IP mode file for STMicroelectronics.X-CUBE-AZRTOS-WB.2.0.0
2024-08-12 09:55:28,943 [WARN] ConditionMgr:1039 - genDependencies : Invalid condition id : UX DEVICE CLASS RTOS Condition cause : null
2024-08-12 09:55:28,944 [WARN] ConditionMgr:1039 - genDependencies : Invalid condition id : UX DEVICE CLASS RTOS Condition cause : null
2024-08-12 09:55:28,944 [WARN] ConditionMgr:1039 - genDependencies : Invalid condition id : UX DEVICE CLASS RTOS Condition cause : null
2024-08-12 09:55:28,944 [WARN] ConditionMgr:1039 - genDependencies : Invalid condition id : UX DEVICE CLASS RTOS Condition cause : null
2024-08-12 09:55:28,944 [WARN] ConditionMgr:1039 - genDependencies : Invalid condition id : UX DEVICE CLASS RTOS Condition cause : null
2024-08-12 09:55:28,953 [WARN] PackLoader:240 - Cannot read IP mode file for STMicroelectronics.FP-SNS-STBOX1.2.0.0
2024-08-12 09:55:28,977 [WARN] PackLoader:240 - Cannot read IP mode file for STMicroelectronics.X-CUBE-SUBG2.5.0.0
2024-08-12 09:55:28,987 [WARN] PackLoader:240 - Cannot read IP mode file for Cesanta.I-CUBE-Mongoose.7.13.0
2024-08-12 09:55:29,004 [WARN] PackLoader:240 - Cannot read IP mode file for STMicroelectronics.X-CUBE-AZRTOS-G4.2.0.0
2024-08-12 09:55:29,010 [WARN] PackLoader:240 - Cannot read IP mode file for STMicroelectronics.X-CUBE-ISPU.2.0.0
2024-08-12 09:55:29,014 [WARN] PackLoader:240 - Cannot read IP mode file for STMicroelectronics.X-CUBE-ALS.1.0.2
2024-08-12 09:55:29,063 [WARN] PackLoader:240 - Cannot read IP mode file for STMicroelectronics.X-CUBE-MEMS1.10.0.0
2024-08-12 09:55:29,139 [WARN] PackLoader:240 - Cannot read IP mode file for STMicroelectronics.X-CUBE-FREERTOS.1.1.0
2024-08-12 09:55:29,166 [WARN] PackLoader:240 - Cannot read IP mode file for STMicroelectronics.X-CUBE-TOUCHGFX.4.24.0
2024-08-12 09:55:29,193 [WARN] PackLoader:240 - Cannot read IP mode file for portGmbH.I-Cube-SoM-uGOAL.1.1.0
2024-08-12 09:55:29,204 [WARN] PackLoader:240 - Cannot read IP mode file for STMicroelectronics.X-CUBE-AZRTOS-H7RS.1.0.0
2024-08-12 09:55:29,208 [WARN] PackLoader:240 - Cannot read IP mode file for STMicroelectronics.FP-ATR-ASTRA1.2.0.0
2024-08-12 09:55:29,217 [WARN] PackLoader:240 - Cannot read IP mode file for STMicroelectronics.X-CUBE-TOF1.3.4.2
2024-08-12 09:55:29,247 [WARN] PackLoader:240 - Cannot read IP mode file for STMicroelectronics.X-CUBE-AZRTOS-H7.3.2.0
2024-08-12 09:55:29,262 [WARN] PackLoader:240 - Cannot read IP mode file for Infineon.AIROC-Wi-Fi-Bluetooth-STM32.1.6.0
2024-08-12 09:55:29,270 [WARN] PackLoader:240 - Cannot read IP mode file for wolfSSL.I-CUBE-wolfSSH.1.4.17
2024-08-12 09:55:29,271 [INFO] ThirdParty:978 - Integrity check success = true
2024-08-12 09:55:29,271 [INFO] IntegrityCheckThread:100 - exiting critical section [integrity check]
2024-08-12 09:55:29,271 [INFO] IntegrityCheckThread:103 - End integrity checks thread
2024-08-12 09:55:29,344 [INFO] WebApp:167 - Instantiating new browser for Auth
2024-08-12 09:55:29,951 [INFO] WebApp:448 - Apply proxy settings
2024-08-12 09:55:29,952 [INFO] WebApp:533 - Chromium requires no authentication
2024-08-12 09:55:29,982 [INFO] WebApp:476 - Direct internet connection detected
2024-08-12 09:55:30,007 [INFO] WebApp:869 - Register for checkConnection events
2024-08-12 09:55:30,007 [INFO] WebApp:448 - Apply proxy settings
2024-08-12 09:55:30,007 [INFO] WebApp:533 - Chromium requires no authentication
2024-08-12 09:55:30,008 [INFO] WebApp:476 - Direct internet connection detected
2024-08-12 09:55:30,152 [INFO] WebApp:186 - Connection restablished
2024-08-12 09:55:30,153 [INFO] WebApp:220 - Starting web application
2024-08-12 09:55:30,153 [INFO] WebApp:578 - Web application path used C:\ST\STM32CubeIDE_1.15.0\STM32CubeIDE\plugins\com.st.stm32cube.common.mx_6.12.0.202406281431\db\plugins\mcufinder\reactClient1\index.html
2024-08-12 15:16:59,053 [ERROR] LogOutputStream:75 - [STDERR_REDIRECT] 
2024-08-12 15:16:59,053 [ERROR] LogOutputStream:75 - [STDERR_REDIRECT] 
