2024-08-03 15:04:57,209 [INFO] Activator:176 - 


2024-08-03 15:04:57,214 [INFO] Activator:177 - !SESSION log4j initialized
2024-08-03 15:05:00,845 [INFO] LogOutputStream:77 - [STDOUT_REDIRECT] 
2024-08-03 15:05:02,316 [INFO] ApplicationProperties:184 - Using Application install path: C:\ST\STM32CubeIDE_1.15.0\STM32CubeIDE\plugins\com.st.stm32cube.common.mx_6.12.0.202406281431
2024-08-03 15:05:02,333 [INFO] DbMcusXml:78 - Set database path to: C:\ST\STM32CubeIDE_1.15.0\STM32CubeIDE\plugins\com.st.stm32cube.common.mx_6.12.0.202406281431\\db\/mcu/
2024-08-03 15:05:02,333 [INFO] ApiDb:274 - Set plugin database path to: C:\ST\STM32CubeIDE_1.15.0\STM32CubeIDE\plugins\com.st.stm32cube.common.mx_6.12.0.202406281431\\db\/plugins/boardmanager/
2024-08-03 15:05:02,333 [WARN] ApiDb:259 - Overriding images path with different value:  => C:\ST\STM32CubeIDE_1.15.0\STM32CubeIDE\plugins\com.st.stm32cube.common.mx_6.12.0.202406281431\\db\/plugins/mcufinder/images/
2024-08-03 15:05:02,340 [INFO] ApiDb:250 - Set database path to: C:\Users\stefa\.stmcufinder\plugins\mcufinder//mcu/
2024-08-03 15:05:02,341 [INFO] DbMcusAds:125 - Set database path to: C:\Users\stefa\.stmcufinder\plugins\mcufinder//mcu/
2024-08-03 15:05:02,344 [INFO] CrossReferenceDbSqlite:203 - Set database path to: C:\Users\stefa\.stmcufinder\plugins\mcufinder//mcu/cs/
2024-08-03 15:05:02,429 [INFO] RulesReader:64 - Compatibility file has been processed (297 Rules)
2024-08-03 15:05:02,537 [INFO] DbMcusXml:78 - Set database path to: C:\ST\STM32CubeIDE_1.15.0\STM32CubeIDE\plugins\com.st.stm32cube.common.mx_6.12.0.202406281431\\db\/mcu/
2024-08-03 15:05:02,538 [INFO] ApiDb:274 - Set plugin database path to: C:\ST\STM32CubeIDE_1.15.0\STM32CubeIDE\plugins\com.st.stm32cube.common.mx_6.12.0.202406281431\\db\/plugins/boardmanager/
2024-08-03 15:05:02,538 [INFO] ApiDb:261 - Set plugin images path to: C:\ST\STM32CubeIDE_1.15.0\STM32CubeIDE\plugins\com.st.stm32cube.common.mx_6.12.0.202406281431\\db\/plugins/mcufinder/images/
2024-08-03 15:05:02,538 [WARN] DbFile:41 - Overriding database path with different value: C:\Users\stefa\.stmcufinder\plugins\mcufinder/ => C:\Users\stefa\.stmcufinder\plugins\mcufinder
2024-08-03 15:05:02,538 [INFO] ApiDb:250 - Set database path to: C:\Users\stefa\.stmcufinder\plugins\mcufinder//mcu/
2024-08-03 15:05:02,538 [WARN] DbFile:41 - Overriding database path with different value: C:\Users\stefa\.stmcufinder\plugins\mcufinder/ => C:\Users\stefa\.stmcufinder\plugins\mcufinder
2024-08-03 15:05:02,538 [INFO] DbMcusAds:125 - Set database path to: C:\Users\stefa\.stmcufinder\plugins\mcufinder//mcu/
2024-08-03 15:05:02,538 [WARN] DbFile:41 - Overriding database path with different value: C:\Users\stefa\.stmcufinder\plugins\mcufinder/ => C:\Users\stefa\.stmcufinder\plugins\mcufinder
2024-08-03 15:05:02,538 [WARN] DbFile:41 - Overriding database path with different value: C:\Users\stefa\.stmcufinder\plugins\mcufinder/ => C:\Users\stefa\.stmcufinder\plugins\mcufinder
2024-08-03 15:05:02,538 [INFO] CrossReferenceDbSqlite:203 - Set database path to: C:\Users\stefa\.stmcufinder\plugins\mcufinder//mcu/cs/
2024-08-03 15:05:02,621 [INFO] MainPanel:268 - HeapMemory: 268435456
2024-08-03 15:05:02,758 [INFO] DbMcusXml:78 - Set database path to: C:\ST\STM32CubeIDE_1.15.0\STM32CubeIDE\plugins\com.st.stm32cube.common.mx_6.12.0.202406281431\\db\/mcu/
2024-08-03 15:05:02,758 [INFO] ApiDb:274 - Set plugin database path to: C:\ST\STM32CubeIDE_1.15.0\STM32CubeIDE\plugins\com.st.stm32cube.common.mx_6.12.0.202406281431\\db\/plugins/boardmanager/
2024-08-03 15:05:02,759 [INFO] ApiDb:261 - Set plugin images path to: C:\ST\STM32CubeIDE_1.15.0\STM32CubeIDE\plugins\com.st.stm32cube.common.mx_6.12.0.202406281431\\db\/plugins/mcufinder/images/
2024-08-03 15:05:02,759 [WARN] DbFile:41 - Overriding database path with different value: C:\Users\stefa\.stmcufinder\plugins\mcufinder/ => C:\Users\stefa\.stmcufinder\plugins\mcufinder
2024-08-03 15:05:02,759 [INFO] ApiDb:250 - Set database path to: C:\Users\stefa\.stmcufinder\plugins\mcufinder//mcu/
2024-08-03 15:05:02,759 [WARN] DbFile:41 - Overriding database path with different value: C:\Users\stefa\.stmcufinder\plugins\mcufinder/ => C:\Users\stefa\.stmcufinder\plugins\mcufinder
2024-08-03 15:05:02,759 [INFO] DbMcusAds:125 - Set database path to: C:\Users\stefa\.stmcufinder\plugins\mcufinder//mcu/
2024-08-03 15:05:02,759 [WARN] DbFile:41 - Overriding database path with different value: C:\Users\stefa\.stmcufinder\plugins\mcufinder/ => C:\Users\stefa\.stmcufinder\plugins\mcufinder
2024-08-03 15:05:02,760 [WARN] DbFile:41 - Overriding database path with different value: C:\Users\stefa\.stmcufinder\plugins\mcufinder/ => C:\Users\stefa\.stmcufinder\plugins\mcufinder
2024-08-03 15:05:02,760 [INFO] CrossReferenceDbSqlite:203 - Set database path to: C:\Users\stefa\.stmcufinder\plugins\mcufinder//mcu/cs/
2024-08-03 15:05:02,783 [INFO] ApplicationProperties:184 - Using Application install path: C:\ST\STM32CubeIDE_1.15.0\STM32CubeIDE\plugins\com.st.stm32cube.common.mx_6.12.0.202406281431
2024-08-03 15:05:02,785 [INFO] PluginManage:196 - Search for loadable plugins [exclusion list=, ]
2024-08-03 15:05:02,788 [INFO] PluginManage:310 - Check plugin analytics
2024-08-03 15:05:03,038 [INFO] AnalyticsPlugin:253 - Accepted Software Licenses: 
2024-08-03 15:05:03,038 [INFO] AnalyticsPlugin:255 - Accepted CMSIS Pack Licenses: STMicroelectronics.X-CUBE-TOUCHGFX.4.24.0
2024-08-03 15:05:03,038 [INFO] AnalyticsPlugin:257 - Accepted Firmware Licenses: 
2024-08-03 15:05:03,041 [INFO] PluginManage:359 - Loaded plugin analytics (category:tool,tabindex:-1)
2024-08-03 15:05:03,041 [INFO] PluginManage:310 - Check plugin cadmodel
2024-08-03 15:05:03,049 [INFO] CADModel:105 - Init CAD model plugin
2024-08-03 15:05:03,050 [INFO] PluginManage:359 - Loaded plugin cadmodel (category:power,tabindex:5)
2024-08-03 15:05:03,050 [INFO] PluginManage:310 - Check plugin clock
2024-08-03 15:05:03,064 [INFO] PluginManage:359 - Loaded plugin clock (category:base,tabindex:2)
2024-08-03 15:05:03,065 [INFO] PluginManage:310 - Check plugin ddr
2024-08-03 15:05:03,069 [INFO] PluginManage:359 - Loaded plugin ddr (category:tool,tabindex:6)
2024-08-03 15:05:03,069 [INFO] PluginManage:310 - Check plugin filemanager
2024-08-03 15:05:03,226 [INFO] PluginManage:359 - Loaded plugin filemanager (category:base,tabindex:10)
2024-08-03 15:05:03,226 [INFO] PluginManage:310 - Check plugin ipmanager
2024-08-03 15:05:03,232 [INFO] PluginManage:359 - Loaded plugin ipmanager (category:base,tabindex:5)
2024-08-03 15:05:03,232 [INFO] PluginManage:310 - Check plugin lpbam
2024-08-03 15:05:03,239 [INFO] PluginManage:359 - Loaded plugin lpbam (category:base,tabindex:0)
2024-08-03 15:05:03,239 [INFO] PluginManage:310 - Check plugin memorymap
2024-08-03 15:05:03,250 [INFO] PluginManage:359 - Loaded plugin memorymap (category:base,tabindex:4)
2024-08-03 15:05:03,250 [INFO] PluginManage:310 - Check plugin pinoutandconfiguration
2024-08-03 15:05:03,257 [INFO] PluginManage:359 - Loaded plugin pinoutandconfiguration (category:base,tabindex:1)
2024-08-03 15:05:03,257 [INFO] PluginManage:310 - Check plugin pinoutconfig
2024-08-03 15:05:03,328 [WARN] SupportedApi:132 - Cannot load RTOS API schema: s4s-elt-must-match.1: The content of 'definitions' must match (annotation?, (simpleType | complexType)?, (unique | key | keyref)*)). A problem was found starting at: attribute.
2024-08-03 15:05:03,464 [INFO] PluginManage:359 - Loaded plugin pinoutconfig (category:base,tabindex:0)
2024-08-03 15:05:03,465 [INFO] PluginManage:310 - Check plugin power
2024-08-03 15:05:03,481 [INFO] PluginManage:359 - Loaded plugin power (category:power,tabindex:4)
2024-08-03 15:05:03,481 [INFO] PluginManage:310 - Check plugin projectmanager
2024-08-03 15:05:03,501 [INFO] PluginManage:359 - Loaded plugin projectmanager (category:projectmanager,tabindex:4)
2024-08-03 15:05:03,502 [INFO] PluginManage:310 - Check plugin rif
2024-08-03 15:05:03,510 [INFO] PluginManage:359 - Loaded plugin rif (category:base,tabindex:3)
2024-08-03 15:05:03,510 [INFO] PluginManage:310 - Check plugin thirdparty
2024-08-03 15:05:03,658 [INFO] PluginManage:359 - Loaded plugin thirdparty (category:base,tabindex:-1)
2024-08-03 15:05:03,658 [WARN] IntegrityCheckThread:84 - waiting for thirdparty lock release [integrity check]
2024-08-03 15:05:03,659 [INFO] PluginManage:310 - Check plugin tools
2024-08-03 15:05:03,659 [INFO] IntegrityCheckThread:86 - entering critical section [integrity check]
2024-08-03 15:05:03,659 [INFO] ThirdPartyUpdaterWithRetryManager:70 - Updater plugin not ready yet. [1/15]
2024-08-03 15:05:03,663 [INFO] PluginManage:359 - Loaded plugin tools (category:base,tabindex:7)
2024-08-03 15:05:03,663 [INFO] PluginManage:310 - Check plugin tutovideos
2024-08-03 15:05:03,892 [INFO] PluginManage:359 - Loaded plugin tutovideos (category:base,tabindex:-1)
2024-08-03 15:05:03,892 [INFO] PluginManage:310 - Check plugin updater
2024-08-03 15:05:03,913 [INFO] PluginManage:359 - Loaded plugin updater (category:base,tabindex:12)
2024-08-03 15:05:03,913 [INFO] PluginManage:310 - Check plugin userauth
2024-08-03 15:05:03,921 [INFO] UserAuth:113 - Init User Auth plugin
2024-08-03 15:05:03,922 [INFO] PluginManage:359 - Loaded plugin userauth (category:base,tabindex:14)
2024-08-03 15:05:03,923 [INFO] PluginManage:283 - PluginManage : Loaded plugins [18]
2024-08-03 15:05:04,216 [INFO] PinOutPanel:1561 - setPackage(No Configuration,No Configuration)
2024-08-03 15:05:04,329 [INFO] CADModel:165 - CPN selected for project level
2024-08-03 15:05:04,329 [INFO] CADModel:114 - Register for checkConnection events
2024-08-03 15:05:04,355 [INFO] IPUIPlugin:80 - create IPUIPlugin
2024-08-03 15:05:04,355 [INFO] PluginManager:220 - loadIPPluginJar : add adc
2024-08-03 15:05:04,360 [INFO] IPUIPlugin:80 - create IPUIPlugin
2024-08-03 15:05:04,360 [INFO] PluginManager:220 - loadIPPluginJar : add aes
2024-08-03 15:05:04,365 [INFO] IPUIPlugin:80 - create IPUIPlugin
2024-08-03 15:05:04,365 [INFO] PluginManager:220 - loadIPPluginJar : add can
2024-08-03 15:05:04,368 [INFO] IPUIPlugin:80 - create IPUIPlugin
2024-08-03 15:05:04,368 [INFO] PluginManager:220 - loadIPPluginJar : add comp
2024-08-03 15:05:04,372 [INFO] IPUIPlugin:80 - create IPUIPlugin
2024-08-03 15:05:04,372 [INFO] PluginManager:220 - loadIPPluginJar : add cryp
2024-08-03 15:05:04,377 [INFO] IPUIPlugin:80 - create IPUIPlugin
2024-08-03 15:05:04,377 [INFO] PluginManager:220 - loadIPPluginJar : add ddr_ctrl_phy
2024-08-03 15:05:04,381 [INFO] IPUIPlugin:80 - create IPUIPlugin
2024-08-03 15:05:04,382 [INFO] PluginManager:220 - loadIPPluginJar : add dfsdm
2024-08-03 15:05:04,389 [INFO] IPUIPlugin:80 - create IPUIPlugin
2024-08-03 15:05:04,390 [INFO] PluginManager:220 - loadIPPluginJar : add dma
2024-08-03 15:05:04,394 [INFO] IPUIPlugin:80 - create IPUIPlugin
2024-08-03 15:05:04,394 [INFO] PluginManager:220 - loadIPPluginJar : add dma3
2024-08-03 15:05:04,398 [INFO] IPUIPlugin:80 - create IPUIPlugin
2024-08-03 15:05:04,398 [INFO] PluginManager:220 - loadIPPluginJar : add extmemmanager
2024-08-03 15:05:04,401 [INFO] IPUIPlugin:80 - create IPUIPlugin
2024-08-03 15:05:04,401 [INFO] PluginManager:220 - loadIPPluginJar : add fatfs
2024-08-03 15:05:04,407 [INFO] IPUIPlugin:80 - create IPUIPlugin
2024-08-03 15:05:04,407 [INFO] PluginManager:220 - loadIPPluginJar : add fmc
2024-08-03 15:05:04,413 [INFO] IPUIPlugin:80 - create IPUIPlugin
2024-08-03 15:05:04,413 [INFO] PluginManager:220 - loadIPPluginJar : add freertos
2024-08-03 15:05:04,415 [INFO] IPUIPlugin:80 - create IPUIPlugin
2024-08-03 15:05:04,416 [INFO] PluginManager:220 - loadIPPluginJar : add genericplugin
2024-08-03 15:05:04,419 [INFO] IPUIPlugin:80 - create IPUIPlugin
2024-08-03 15:05:04,419 [INFO] PluginManager:220 - loadIPPluginJar : add gfxmmu
2024-08-03 15:05:04,424 [INFO] IPUIPlugin:80 - create IPUIPlugin
2024-08-03 15:05:04,424 [INFO] PluginManager:220 - loadIPPluginJar : add gic
2024-08-03 15:05:04,430 [INFO] IPUIPlugin:80 - create IPUIPlugin
2024-08-03 15:05:04,430 [INFO] PluginManager:220 - loadIPPluginJar : add gpio
2024-08-03 15:05:04,434 [INFO] IPUIPlugin:80 - create IPUIPlugin
2024-08-03 15:05:04,434 [INFO] PluginManager:220 - loadIPPluginJar : add gtzc
2024-08-03 15:05:04,438 [INFO] IPUIPlugin:80 - create IPUIPlugin
2024-08-03 15:05:04,438 [INFO] PluginManager:220 - loadIPPluginJar : add hash
2024-08-03 15:05:04,442 [INFO] IPUIPlugin:80 - create IPUIPlugin
2024-08-03 15:05:04,442 [INFO] PluginManager:220 - loadIPPluginJar : add i2c
2024-08-03 15:05:04,445 [INFO] IPUIPlugin:80 - create IPUIPlugin
2024-08-03 15:05:04,446 [INFO] PluginManager:220 - loadIPPluginJar : add i2s
2024-08-03 15:05:04,450 [INFO] IPUIPlugin:80 - create IPUIPlugin
2024-08-03 15:05:04,451 [INFO] PluginManager:220 - loadIPPluginJar : add i3c
2024-08-03 15:05:04,455 [INFO] IPUIPlugin:80 - create IPUIPlugin
2024-08-03 15:05:04,456 [INFO] PluginManager:220 - loadIPPluginJar : add ipddr
2024-08-03 15:05:04,465 [INFO] IPUIPlugin:80 - create IPUIPlugin
2024-08-03 15:05:04,465 [INFO] PluginManager:220 - loadIPPluginJar : add linkedlist
2024-08-03 15:05:04,469 [INFO] IPUIPlugin:80 - create IPUIPlugin
2024-08-03 15:05:04,469 [INFO] PluginManager:220 - loadIPPluginJar : add lorawan
2024-08-03 15:05:04,471 [INFO] IPUIPlugin:80 - create IPUIPlugin
2024-08-03 15:05:04,471 [INFO] PluginManager:220 - loadIPPluginJar : add ltdc
2024-08-03 15:05:04,478 [INFO] IPUIPlugin:80 - create IPUIPlugin
2024-08-03 15:05:04,478 [INFO] PluginManager:220 - loadIPPluginJar : add mdma
2024-08-03 15:05:04,483 [INFO] IPUIPlugin:80 - create IPUIPlugin
2024-08-03 15:05:04,483 [INFO] PluginManager:220 - loadIPPluginJar : add nvic
2024-08-03 15:05:04,487 [INFO] IPUIPlugin:80 - create IPUIPlugin
2024-08-03 15:05:04,487 [INFO] PluginManager:220 - loadIPPluginJar : add opamp
2024-08-03 15:05:04,493 [INFO] IPUIPlugin:80 - create IPUIPlugin
2024-08-03 15:05:04,493 [INFO] PluginManager:220 - loadIPPluginJar : add openamp
2024-08-03 15:05:04,498 [INFO] IPUIPlugin:80 - create IPUIPlugin
2024-08-03 15:05:04,498 [INFO] PluginManager:220 - loadIPPluginJar : add pdm2pcm
2024-08-03 15:05:04,506 [INFO] IPUIPlugin:80 - create IPUIPlugin
2024-08-03 15:05:04,509 [INFO] PluginManager:220 - loadIPPluginJar : add plateformsettings
2024-08-03 15:05:04,511 [INFO] IPUIPlugin:80 - create IPUIPlugin
2024-08-03 15:05:04,512 [INFO] PluginManager:220 - loadIPPluginJar : add quadspi
2024-08-03 15:05:04,514 [INFO] IPUIPlugin:80 - create IPUIPlugin
2024-08-03 15:05:04,515 [INFO] PluginManager:220 - loadIPPluginJar : add radio
2024-08-03 15:05:04,522 [INFO] IPUIPlugin:80 - create IPUIPlugin
2024-08-03 15:05:04,522 [INFO] PluginManager:220 - loadIPPluginJar : add resmgrutility
2024-08-03 15:05:04,526 [INFO] IPUIPlugin:80 - create IPUIPlugin
2024-08-03 15:05:04,527 [INFO] PluginManager:220 - loadIPPluginJar : add sai
2024-08-03 15:05:04,530 [INFO] IPUIPlugin:80 - create IPUIPlugin
2024-08-03 15:05:04,530 [INFO] PluginManager:220 - loadIPPluginJar : add spi
2024-08-03 15:05:04,537 [INFO] IPUIPlugin:80 - create IPUIPlugin
2024-08-03 15:05:04,538 [INFO] PluginManager:220 - loadIPPluginJar : add stm32_wpan
2024-08-03 15:05:04,540 [INFO] IPUIPlugin:80 - create IPUIPlugin
2024-08-03 15:05:04,541 [INFO] PluginManager:220 - loadIPPluginJar : add tim
2024-08-03 15:05:04,546 [INFO] IPUIPlugin:80 - create IPUIPlugin
2024-08-03 15:05:04,546 [INFO] PluginManager:220 - loadIPPluginJar : add touchsensing
2024-08-03 15:05:04,549 [INFO] IPUIPlugin:80 - create IPUIPlugin
2024-08-03 15:05:04,549 [INFO] PluginManager:220 - loadIPPluginJar : add tracer_emb
2024-08-03 15:05:04,552 [INFO] IPUIPlugin:80 - create IPUIPlugin
2024-08-03 15:05:04,552 [INFO] PluginManager:220 - loadIPPluginJar : add ts
2024-08-03 15:05:04,555 [INFO] IPUIPlugin:80 - create IPUIPlugin
2024-08-03 15:05:04,555 [INFO] PluginManager:220 - loadIPPluginJar : add tsc
2024-08-03 15:05:04,559 [INFO] IPUIPlugin:80 - create IPUIPlugin
2024-08-03 15:05:04,559 [INFO] PluginManager:220 - loadIPPluginJar : add ucpd
2024-08-03 15:05:04,564 [INFO] IPUIPlugin:80 - create IPUIPlugin
2024-08-03 15:05:04,564 [INFO] PluginManager:220 - loadIPPluginJar : add usart
2024-08-03 15:05:04,569 [INFO] IPUIPlugin:80 - create IPUIPlugin
2024-08-03 15:05:04,569 [INFO] PluginManager:220 - loadIPPluginJar : add usbx
2024-08-03 15:05:04,726 [INFO] CADModel:165 - CPN selected for project level
2024-08-03 15:05:04,726 [INFO] CADModel:114 - Register for checkConnection events
2024-08-03 15:05:04,727 [FATAL] Updater:334 - Updater called before beeing initialized
2024-08-03 15:05:04,727 [ERROR] CADModel:125 - Updater not yet initialized, retry later 
2024-08-03 15:05:04,889 [INFO] CADModel:165 - CPN selected for project level
2024-08-03 15:05:04,889 [INFO] CADModel:114 - Register for checkConnection events
2024-08-03 15:05:04,889 [FATAL] Updater:334 - Updater called before beeing initialized
2024-08-03 15:05:04,889 [ERROR] CADModel:125 - Updater not yet initialized, retry later 
2024-08-03 15:05:04,893 [FATAL] Updater:334 - Updater called before beeing initialized
2024-08-03 15:05:05,005 [FATAL] Updater:334 - Updater called before beeing initialized
2024-08-03 15:05:05,010 [INFO] DbMcusAds:53 - JSON generation date=Thu May 16 11:22:00 CEST 2024 (1715851320667)
2024-08-03 15:05:05,010 [FATAL] Updater:334 - Updater called before beeing initialized
2024-08-03 15:05:05,048 [WARN] DetailPanel:346 - Failed to get advertising image, set to default
2024-08-03 15:05:05,141 [FATAL] Updater:334 - Updater called before beeing initialized
2024-08-03 15:05:05,143 [FATAL] Updater:334 - Updater called before beeing initialized
2024-08-03 15:05:05,143 [FATAL] Updater:334 - Updater called before beeing initialized
2024-08-03 15:05:05,151 [WARN] DetailPanel:346 - Failed to get advertising image, set to default
2024-08-03 15:05:05,152 [FATAL] Updater:334 - Updater called before beeing initialized
2024-08-03 15:05:05,203 [ERROR] Updater:1164 - MainUpdater not yet initialized. External WinMGr cannot be set.
2024-08-03 15:05:05,205 [INFO] Updater:1100 - Updater Version found : 6.12.0
2024-08-03 15:05:05,232 [INFO] ApplicationProperties:184 - Using Application install path: C:\ST\STM32CubeIDE_1.15.0\STM32CubeIDE\plugins\com.st.stm32cube.common.mx_6.12.0.202406281431
2024-08-03 15:05:06,662 [INFO] ThirdPartyUpdaterWithRetryManager:70 - Updater plugin not ready yet. [2/15]
2024-08-03 15:05:06,816 [ERROR] LogOutputStream:75 - [STDERR_REDIRECT] Aug 03, 2024 3:05:06 PM java.util.prefs.WindowsPreferences <init>
2024-08-03 15:05:06,817 [ERROR] LogOutputStream:75 - [STDERR_REDIRECT] WARNING: Could not open/create prefs root node Software\JavaSoft\Prefs at root 0xffffffff80000002. Windows RegCreateKeyEx(...) returned error code 5.
2024-08-03 15:05:06,818 [ERROR] LogOutputStream:75 - [STDERR_REDIRECT] 
2024-08-03 15:05:06,881 [INFO] MainUpdater:526 - Copy updater definitions from MX database
2024-08-03 15:05:07,240 [INFO] MainUpdater:2873 - connection check result : 10
2024-08-03 15:05:07,240 [INFO] MainUpdater:3567 - Updater definition file requires update
2024-08-03 15:05:07,242 [INFO] MainUpdater:290 - Updater Check For Update Now.
2024-08-03 15:05:07,242 [INFO] MicroXplorer:498 - Change Database Version : DB.6.0.120
2024-08-03 15:05:07,251 [INFO] McuFinderGlobals:63 - Set McuFinder mode to 2 (CubeIDE integrated)
2024-08-03 15:05:07,251 [INFO] UserAuth:417 - Internet connection configuration mode: 1
2024-08-03 15:05:07,272 [INFO] JxBrowserEngine:152 - Initiate JxBrowser Engine with user profile folder
2024-08-03 15:05:07,348 [INFO] ServerAccessManage:473 - Download File updaters.zip
2024-08-03 15:05:07,425 [INFO] FileExtend:240 - Unzip File : updaters.zip
2024-08-03 15:05:07,425 [INFO] FileExtend:255 - Standard Zip Deflate
2024-08-03 15:05:07,768 [INFO] ServerAccessManage:473 - Download File PacksControlFlags.xml
2024-08-03 15:05:07,860 [INFO] ServerAccessManage:473 - Download File cubemx.pidx
2024-08-03 15:05:08,046 [INFO] LoadServerUpdatesThread:375 - End of LoadServerUpdate Thread
2024-08-03 15:05:08,276 [INFO] CheckServerUpdateThread:120 - End of CheckServer Thread
2024-08-03 15:05:10,075 [WARN] PackLoader:240 - Cannot read IP mode file for STMicroelectronics.FP-SNS-MOTENVWB1.1.4.0
2024-08-03 15:05:10,518 [WARN] PackLoader:240 - Cannot read IP mode file for STMicroelectronics.X-CUBE-SMBUS.2.1.0
2024-08-03 15:05:10,522 [WARN] PackLoader:240 - Cannot read IP mode file for STMicroelectronics.X-CUBE-TOUCHGFX.4.23.1
2024-08-03 15:05:10,525 [WARN] PackLoader:240 - Cannot read IP mode file for STMicroelectronics.X-CUBE-TOUCHGFX.4.23.0
2024-08-03 15:05:10,608 [WARN] PackLoader:240 - Cannot read IP mode file for STMicroelectronics.X-CUBE-TOUCHGFX.4.23.2
2024-08-03 15:05:10,650 [WARN] PackLoader:240 - Cannot read IP mode file for STMicroelectronics.X-CUBE-AZRTOS-F7.1.1.0
2024-08-03 15:05:10,671 [WARN] PackLoader:240 - Cannot read IP mode file for STMicroelectronics.X-CUBE-TOUCHGFX.4.19.1
2024-08-03 15:05:10,743 [WARN] PackLoader:240 - Cannot read IP mode file for STMicroelectronics.FP-SNS-MOTENV1.4.3.2
2024-08-03 15:05:10,750 [WARN] PackLoader:240 - Cannot read IP mode file for STMicroelectronics.FP-SNS-FLIGHT1.5.0.2
2024-08-03 15:05:10,763 [WARN] PackLoader:240 - Cannot read IP mode file for STMicroelectronics.X-CUBE-DISPLAY.3.0.0
2024-08-03 15:05:10,779 [WARN] PackLoader:240 - Cannot read IP mode file for STMicroelectronics.X-CUBE-BLE1.7.0.0
2024-08-03 15:05:10,785 [WARN] PackLoader:240 - Cannot read IP mode file for emotas.I-CUBE-CANOPEN.1.3.0
2024-08-03 15:05:10,795 [WARN] PackLoader:240 - Cannot read IP mode file for STMicroelectronics.X-CUBE-BLEMGR.3.1.0
2024-08-03 15:05:10,802 [WARN] PackLoader:240 - Cannot read IP mode file for STMicroelectronics.FP-SNS-SMARTAG2.1.2.0
2024-08-03 15:05:10,811 [INFO] LogOutputStream:77 - [STDOUT_REDIRECT] 1 : Invalid condition id : UX_CORESTACK_Condition cause : null
2024-08-03 15:05:10,811 [INFO] LogOutputStream:77 - [STDOUT_REDIRECT] 1 : Invalid condition id : UX_CORESTACK_Condition cause : null
2024-08-03 15:05:10,812 [INFO] LogOutputStream:77 - [STDOUT_REDIRECT] 1 : Invalid condition id : UX_CORESTACK_Condition cause : null
2024-08-03 15:05:10,813 [INFO] LogOutputStream:77 - [STDOUT_REDIRECT] 1 : Invalid condition id : UX_CORESTACK_Condition cause : null
2024-08-03 15:05:10,815 [INFO] LogOutputStream:77 - [STDOUT_REDIRECT] 1 : Invalid condition id : UX_CORESTACK_Condition cause : null
2024-08-03 15:05:10,818 [WARN] PackLoader:240 - Cannot read IP mode file for STMicroelectronics.X-CUBE-AZRTOS-WL.2.0.0
2024-08-03 15:05:10,824 [WARN] PackLoader:240 - Cannot read IP mode file for STMicroelectronics.FP-SNS-MOTENV1.5.0.0
2024-08-03 15:05:10,829 [WARN] PackLoader:240 - Cannot read IP mode file for wolfSSL.I-CUBE-wolfMQTT.1.19.0
2024-08-03 15:05:10,838 [WARN] PackLoader:240 - Cannot read IP mode file for WES.I-CUBE-Cesium.1.3.0
2024-08-03 15:05:10,844 [WARN] PackLoader:240 - Cannot read IP mode file for STMicroelectronics.X-CUBE-BLE2.3.3.0
2024-08-03 15:05:10,850 [WARN] PackLoader:240 - Cannot read IP mode file for STMicroelectronics.X-CUBE-TCPP.4.1.0
2024-08-03 15:05:10,862 [WARN] PackLoader:240 - Cannot read IP mode file for STMicroelectronics.X-CUBE-ALGOBUILD.1.3.0
2024-08-03 15:05:10,882 [WARN] PackLoader:240 - Cannot read IP mode file for STMicroelectronics.X-CUBE-AZRTOS-G0.1.1.0
2024-08-03 15:05:10,892 [WARN] PackLoader:240 - Cannot read IP mode file for STMicroelectronics.X-CUBE-SAFEA1.1.2.2
2024-08-03 15:05:10,898 [WARN] PackLoader:240 - Cannot read IP mode file for STMicroelectronics.X-CUBE-NFC4.3.0.0
2024-08-03 15:05:10,903 [WARN] PackLoader:240 - Cannot read IP mode file for wolfSSL.I-CUBE-wolfMQTT.1.18.0
2024-08-03 15:05:10,913 [WARN] PackLoader:240 - Cannot read IP mode file for EmbeddedOffice.I-CUBE-FS-RTOS.1.0.1
2024-08-03 15:05:10,914 [ERROR] ConditionMgr:805 - Attr not supported : Dmpu
2024-08-03 15:05:10,914 [ERROR] ConditionMgr:805 - Attr not supported : Dmpu
2024-08-03 15:05:10,914 [ERROR] ConditionMgr:805 - Attr not supported : Dmpu
2024-08-03 15:05:10,914 [ERROR] ConditionMgr:805 - Attr not supported : Dmpu
2024-08-03 15:05:10,914 [ERROR] ConditionMgr:805 - Attr not supported : Dmpu
2024-08-03 15:05:10,915 [ERROR] ConditionMgr:805 - Attr not supported : Dmpu
2024-08-03 15:05:10,915 [ERROR] ConditionMgr:805 - Attr not supported : Dmpu
2024-08-03 15:05:10,915 [ERROR] ConditionMgr:805 - Attr not supported : Dmpu
2024-08-03 15:05:10,915 [ERROR] ConditionMgr:805 - Attr not supported : Dmpu
2024-08-03 15:05:10,915 [ERROR] ConditionMgr:805 - Attr not supported : Dmpu
2024-08-03 15:05:10,915 [ERROR] ConditionMgr:805 - Attr not supported : Dmpu
2024-08-03 15:05:10,915 [ERROR] ConditionMgr:805 - Attr not supported : Dmpu
2024-08-03 15:05:10,915 [ERROR] ConditionMgr:805 - Attr not supported : Dmpu
2024-08-03 15:05:10,915 [ERROR] ConditionMgr:805 - Attr not supported : Dmpu
2024-08-03 15:05:10,915 [ERROR] ConditionMgr:805 - Attr not supported : Dmpu
2024-08-03 15:05:10,915 [ERROR] ConditionMgr:805 - Attr not supported : Dmpu
2024-08-03 15:05:10,915 [ERROR] ConditionMgr:805 - Attr not supported : Dmpu
2024-08-03 15:05:10,915 [ERROR] ConditionMgr:805 - Attr not supported : Dmpu
2024-08-03 15:05:10,916 [ERROR] ConditionMgr:805 - Attr not supported : Dmpu
2024-08-03 15:05:10,916 [ERROR] ConditionMgr:805 - Attr not supported : Dmpu
2024-08-03 15:05:10,916 [ERROR] ConditionMgr:805 - Attr not supported : Dmpu
2024-08-03 15:05:10,916 [ERROR] ConditionMgr:805 - Attr not supported : Dmpu
2024-08-03 15:05:10,916 [ERROR] ConditionMgr:805 - Attr not supported : Dmpu
2024-08-03 15:05:10,916 [ERROR] ConditionMgr:805 - Attr not supported : Dmpu
2024-08-03 15:05:10,916 [ERROR] ConditionMgr:805 - Attr not supported : Dmpu
2024-08-03 15:05:10,916 [ERROR] ConditionMgr:805 - Attr not supported : Dmpu
2024-08-03 15:05:10,916 [ERROR] ConditionMgr:805 - Attr not supported : Dmpu
2024-08-03 15:05:10,916 [ERROR] ConditionMgr:805 - Attr not supported : Dmpu
2024-08-03 15:05:10,916 [ERROR] ConditionMgr:805 - Attr not supported : Dmpu
2024-08-03 15:05:10,916 [ERROR] ConditionMgr:805 - Attr not supported : Dmpu
2024-08-03 15:05:10,916 [ERROR] ConditionMgr:805 - Attr not supported : Dmpu
2024-08-03 15:05:10,916 [ERROR] ConditionMgr:805 - Attr not supported : Dmpu
2024-08-03 15:05:10,916 [ERROR] ConditionMgr:805 - Attr not supported : Dmpu
2024-08-03 15:05:10,917 [ERROR] ConditionMgr:805 - Attr not supported : Dmpu
2024-08-03 15:05:10,917 [ERROR] ConditionMgr:805 - Attr not supported : Dmpu
2024-08-03 15:05:10,917 [ERROR] ConditionMgr:805 - Attr not supported : Dmpu
2024-08-03 15:05:10,917 [ERROR] ConditionMgr:805 - Attr not supported : Dmpu
2024-08-03 15:05:10,917 [ERROR] ConditionMgr:805 - Attr not supported : Dmpu
2024-08-03 15:05:10,917 [ERROR] ConditionMgr:805 - Attr not supported : Dmpu
2024-08-03 15:05:10,917 [ERROR] ConditionMgr:805 - Attr not supported : Dmpu
2024-08-03 15:05:10,917 [ERROR] ConditionMgr:805 - Attr not supported : Dmpu
2024-08-03 15:05:10,917 [ERROR] ConditionMgr:805 - Attr not supported : Dmpu
2024-08-03 15:05:10,917 [ERROR] ConditionMgr:805 - Attr not supported : Dmpu
2024-08-03 15:05:10,917 [ERROR] ConditionMgr:805 - Attr not supported : Dmpu
2024-08-03 15:05:10,917 [ERROR] ConditionMgr:805 - Attr not supported : Dmpu
2024-08-03 15:05:10,918 [ERROR] ConditionMgr:805 - Attr not supported : Dmpu
2024-08-03 15:05:10,918 [ERROR] ConditionMgr:805 - Attr not supported : Dmpu
2024-08-03 15:05:10,918 [ERROR] ConditionMgr:805 - Attr not supported : Dmpu
2024-08-03 15:05:10,918 [ERROR] ConditionMgr:805 - Attr not supported : Dmpu
2024-08-03 15:05:10,918 [ERROR] ConditionMgr:805 - Attr not supported : Dmpu
2024-08-03 15:05:10,918 [ERROR] ConditionMgr:805 - Attr not supported : Dmpu
2024-08-03 15:05:10,918 [ERROR] ConditionMgr:805 - Attr not supported : Dmpu
2024-08-03 15:05:10,918 [ERROR] ConditionMgr:805 - Attr not supported : Dmpu
2024-08-03 15:05:10,918 [ERROR] ConditionMgr:805 - Attr not supported : Dmpu
2024-08-03 15:05:10,918 [ERROR] ConditionMgr:805 - Attr not supported : Dmpu
2024-08-03 15:05:10,918 [ERROR] ConditionMgr:805 - Attr not supported : Dmpu
2024-08-03 15:05:10,918 [ERROR] ConditionMgr:805 - Attr not supported : Dmpu
2024-08-03 15:05:10,918 [ERROR] ConditionMgr:805 - Attr not supported : Dmpu
2024-08-03 15:05:10,918 [ERROR] ConditionMgr:805 - Attr not supported : Dmpu
2024-08-03 15:05:10,919 [ERROR] ConditionMgr:805 - Attr not supported : Dmpu
2024-08-03 15:05:10,919 [ERROR] ConditionMgr:805 - Attr not supported : Dmpu
2024-08-03 15:05:10,919 [ERROR] ConditionMgr:805 - Attr not supported : Dmpu
2024-08-03 15:05:10,919 [ERROR] ConditionMgr:805 - Attr not supported : Dmpu
2024-08-03 15:05:10,919 [ERROR] ConditionMgr:805 - Attr not supported : Dmpu
2024-08-03 15:05:10,926 [WARN] PackLoader:240 - Cannot read IP mode file for RealThread.X-CUBE-RT-Thread_Nano.4.1.1
2024-08-03 15:05:10,931 [WARN] PackLoader:240 - Cannot read IP mode file for wolfSSL.I-CUBE-wolfSSL.5.7.0
2024-08-03 15:05:10,936 [WARN] PackLoader:240 - Cannot read IP mode file for STMicroelectronics.FP-ATR-SIGFOX1.3.2.0
2024-08-03 15:05:10,943 [WARN] PackLoader:240 - Cannot read IP mode file for STMicroelectronics.X-CUBE-EEPRMA1.5.1.0
2024-08-03 15:05:10,951 [WARN] PackLoader:240 - Cannot read IP mode file for ITTIA_DB.I-CUBE-ITTIADB.8.9.0
2024-08-03 15:05:10,982 [WARN] PackLoader:240 - Cannot read IP mode file for SEGGER.I-CUBE-embOS.1.3.1
2024-08-03 15:05:11,022 [WARN] PackLoader:240 - Cannot read IP mode file for STMicroelectronics.X-CUBE-ALGOBUILD.1.4.0
2024-08-03 15:05:11,028 [WARN] PackLoader:240 - Cannot read IP mode file for STMicroelectronics.X-CUBE-GNSS1.6.0.0
2024-08-03 15:05:11,042 [WARN] PackLoader:240 - Cannot read IP mode file for STMicroelectronics.X-CUBE-AZRTOS-F4.1.1.0
2024-08-03 15:05:11,063 [WARN] PackLoader:240 - Cannot read IP mode file for STMicroelectronics.X-CUBE-FREERTOS.1.2.0
2024-08-03 15:05:11,067 [WARN] PackLoader:240 - Cannot read IP mode file for wolfSSL.I-CUBE-wolfSSL.5.6.6
2024-08-03 15:05:11,083 [WARN] PackLoader:240 - Cannot read IP mode file for STMicroelectronics.X-CUBE-AZRTOS-L5.2.0.0
2024-08-03 15:05:11,091 [WARN] PackLoader:240 - Cannot read IP mode file for STMicroelectronics.X-CUBE-NFC6.3.1.0
2024-08-03 15:05:11,097 [WARN] PackLoader:240 - Cannot read IP mode file for ITTIA_DB.I-CUBE-ITTIADB.8.8.0
2024-08-03 15:05:11,101 [WARN] PackLoader:240 - Cannot read IP mode file for STMicroelectronics.X-CUBE-DPower.1.2.0
2024-08-03 15:05:11,105 [WARN] PackLoader:240 - Cannot read IP mode file for STMicroelectronics.X-CUBE-AI.9.0.0
2024-08-03 15:05:11,111 [WARN] PackLoader:240 - Cannot read IP mode file for STMicroelectronics.X-CUBE-NFC7.1.0.1
2024-08-03 15:05:11,116 [WARN] PackLoader:240 - Cannot read IP mode file for wolfSSL.I-CUBE-wolfTPM.3.2.0
2024-08-03 15:05:11,118 [INFO] WebApp:167 - Instantiating new browser for Auth
2024-08-03 15:05:11,119 [WARN] PackLoader:240 - Cannot read IP mode file for STMicroelectronics.X-CUBE-AI.8.1.0
2024-08-03 15:05:11,138 [WARN] ConditionMgr:438 - getConditionDescription Invalid condition id : LAN8742 Phy interface Condition cause : null
2024-08-03 15:05:11,139 [WARN] PackLoader:240 - Cannot read IP mode file for STMicroelectronics.X-CUBE-AZRTOS-L4.2.0.0
2024-08-03 15:05:11,141 [WARN] ConditionMgr:1039 - genDependencies : Invalid condition id : LAN8742 Phy interface Condition cause : null
2024-08-03 15:05:11,141 [WARN] ConditionMgr:1039 - genDependencies : Invalid condition id : LAN8742 Phy interface Condition cause : null
2024-08-03 15:05:11,142 [WARN] ConditionMgr:1039 - genDependencies : Invalid condition id : LAN8742 Phy interface Condition cause : null
2024-08-03 15:05:11,155 [WARN] PackLoader:240 - Cannot read IP mode file for STMicroelectronics.X-CUBE-SFXS2LP1.4.0.0
2024-08-03 15:05:11,169 [WARN] ConditionMgr:438 - getConditionDescription Invalid condition id : UX DEVICE CLASS RTOS Condition cause : null
2024-08-03 15:05:11,169 [WARN] ConditionMgr:438 - getConditionDescription Invalid condition id : UX DEVICE CLASS RTOS Condition cause : null
2024-08-03 15:05:11,172 [WARN] PackLoader:240 - Cannot read IP mode file for STMicroelectronics.X-CUBE-AZRTOS-WB.2.0.0
2024-08-03 15:05:11,173 [WARN] ConditionMgr:1039 - genDependencies : Invalid condition id : UX DEVICE CLASS RTOS Condition cause : null
2024-08-03 15:05:11,173 [WARN] ConditionMgr:1039 - genDependencies : Invalid condition id : UX DEVICE CLASS RTOS Condition cause : null
2024-08-03 15:05:11,174 [WARN] ConditionMgr:1039 - genDependencies : Invalid condition id : UX DEVICE CLASS RTOS Condition cause : null
2024-08-03 15:05:11,174 [WARN] ConditionMgr:1039 - genDependencies : Invalid condition id : UX DEVICE CLASS RTOS Condition cause : null
2024-08-03 15:05:11,174 [WARN] ConditionMgr:1039 - genDependencies : Invalid condition id : UX DEVICE CLASS RTOS Condition cause : null
2024-08-03 15:05:11,181 [WARN] PackLoader:240 - Cannot read IP mode file for STMicroelectronics.FP-SNS-STBOX1.2.0.0
2024-08-03 15:05:11,193 [WARN] PackLoader:240 - Cannot read IP mode file for STMicroelectronics.X-CUBE-SUBG2.5.0.0
2024-08-03 15:05:11,212 [WARN] PackLoader:240 - Cannot read IP mode file for STMicroelectronics.X-CUBE-AZRTOS-G4.2.0.0
2024-08-03 15:05:11,224 [WARN] PackLoader:240 - Cannot read IP mode file for Infineon.AIROC-Wi-Fi-Bluetooth-STM32.1.5.1
2024-08-03 15:05:11,230 [WARN] PackLoader:240 - Cannot read IP mode file for STMicroelectronics.FP-SNS-MOTENVWB1.1.3.1
2024-08-03 15:05:11,236 [WARN] PackLoader:240 - Cannot read IP mode file for STMicroelectronics.X-CUBE-ISPU.2.0.0
2024-08-03 15:05:11,242 [WARN] PackLoader:240 - Cannot read IP mode file for STMicroelectronics.X-CUBE-ALS.1.0.2
2024-08-03 15:05:11,282 [WARN] PackLoader:240 - Cannot read IP mode file for STMicroelectronics.X-CUBE-MEMS1.10.0.0
2024-08-03 15:05:11,401 [WARN] PackLoader:240 - Cannot read IP mode file for STMicroelectronics.X-CUBE-FREERTOS.1.1.0
2024-08-03 15:05:11,439 [WARN] PackLoader:240 - Cannot read IP mode file for STMicroelectronics.X-CUBE-TOUCHGFX.4.24.0
2024-08-03 15:05:11,479 [WARN] PackLoader:240 - Cannot read IP mode file for portGmbH.I-Cube-SoM-uGOAL.1.1.0
2024-08-03 15:05:11,485 [WARN] PackLoader:240 - Cannot read IP mode file for STMicroelectronics.X-CUBE-ALS.1.0.1
2024-08-03 15:05:11,500 [WARN] PackLoader:240 - Cannot read IP mode file for STMicroelectronics.X-CUBE-AZRTOS-H7RS.1.0.0
2024-08-03 15:05:11,507 [WARN] PackLoader:240 - Cannot read IP mode file for STMicroelectronics.FP-ATR-ASTRA1.2.0.0
2024-08-03 15:05:11,518 [WARN] PackLoader:240 - Cannot read IP mode file for STMicroelectronics.X-CUBE-TOF1.3.4.2
2024-08-03 15:05:11,565 [WARN] PackLoader:240 - Cannot read IP mode file for STMicroelectronics.X-CUBE-TOF1.3.4.1
2024-08-03 15:05:11,589 [WARN] PackLoader:240 - Cannot read IP mode file for STMicroelectronics.X-CUBE-AZRTOS-H7.3.2.0
2024-08-03 15:05:11,602 [WARN] PackLoader:240 - Cannot read IP mode file for Infineon.AIROC-Wi-Fi-Bluetooth-STM32.1.6.0
2024-08-03 15:05:11,610 [WARN] PackLoader:240 - Cannot read IP mode file for wolfSSL.I-CUBE-wolfSSH.1.4.17
2024-08-03 15:05:11,611 [INFO] ThirdParty:978 - Integrity check success = true
2024-08-03 15:05:11,611 [INFO] IntegrityCheckThread:100 - exiting critical section [integrity check]
2024-08-03 15:05:11,611 [INFO] IntegrityCheckThread:103 - End integrity checks thread
2024-08-03 15:05:12,194 [INFO] WebApp:448 - Apply proxy settings
2024-08-03 15:05:12,195 [INFO] WebApp:533 - Chromium requires no authentication
2024-08-03 15:05:12,212 [INFO] WebApp:476 - Direct internet connection detected
2024-08-03 15:05:12,254 [INFO] WebApp:869 - Register for checkConnection events
2024-08-03 15:05:12,255 [INFO] WebApp:448 - Apply proxy settings
2024-08-03 15:05:12,255 [INFO] WebApp:533 - Chromium requires no authentication
2024-08-03 15:05:12,256 [INFO] WebApp:476 - Direct internet connection detected
2024-08-03 15:05:12,510 [INFO] WebApp:186 - Connection restablished
2024-08-03 15:05:12,662 [INFO] WebApp:220 - Starting web application
2024-08-03 15:05:12,663 [INFO] WebApp:578 - Web application path used C:\ST\STM32CubeIDE_1.15.0\STM32CubeIDE\plugins\com.st.stm32cube.common.mx_6.12.0.202406281431\db\plugins\mcufinder\reactClient1\index.html
2024-08-03 15:05:12,913 [INFO] UserAuth:417 - Internet connection configuration mode: 1
2024-08-03 15:53:54,631 [ERROR] LogOutputStream:75 - [STDERR_REDIRECT] 
2024-08-03 15:54:32,602 [INFO] Activator:176 - 


2024-08-03 15:54:32,603 [INFO] Activator:177 - !SESSION log4j initialized
2024-08-03 15:54:36,330 [INFO] LogOutputStream:77 - [STDOUT_REDIRECT] 
2024-08-03 15:54:39,669 [INFO] ApplicationProperties:184 - Using Application install path: C:\ST\STM32CubeIDE_1.15.0\STM32CubeIDE\plugins\com.st.stm32cube.common.mx_6.12.0.202406281431
2024-08-03 15:54:39,693 [INFO] DbMcusXml:78 - Set database path to: C:\ST\STM32CubeIDE_1.15.0\STM32CubeIDE\plugins\com.st.stm32cube.common.mx_6.12.0.202406281431\\db\/mcu/
2024-08-03 15:54:39,693 [INFO] ApiDb:274 - Set plugin database path to: C:\ST\STM32CubeIDE_1.15.0\STM32CubeIDE\plugins\com.st.stm32cube.common.mx_6.12.0.202406281431\\db\/plugins/boardmanager/
2024-08-03 15:54:39,694 [WARN] ApiDb:259 - Overriding images path with different value:  => C:\ST\STM32CubeIDE_1.15.0\STM32CubeIDE\plugins\com.st.stm32cube.common.mx_6.12.0.202406281431\\db\/plugins/mcufinder/images/
2024-08-03 15:54:39,710 [INFO] ApiDb:250 - Set database path to: C:\Users\stefa\.stmcufinder\plugins\mcufinder//mcu/
2024-08-03 15:54:39,712 [INFO] DbMcusAds:125 - Set database path to: C:\Users\stefa\.stmcufinder\plugins\mcufinder//mcu/
2024-08-03 15:54:39,715 [INFO] CrossReferenceDbSqlite:203 - Set database path to: C:\Users\stefa\.stmcufinder\plugins\mcufinder//mcu/cs/
2024-08-03 15:54:39,840 [INFO] RulesReader:64 - Compatibility file has been processed (297 Rules)
2024-08-03 15:54:39,930 [INFO] DbMcusXml:78 - Set database path to: C:\ST\STM32CubeIDE_1.15.0\STM32CubeIDE\plugins\com.st.stm32cube.common.mx_6.12.0.202406281431\\db\/mcu/
2024-08-03 15:54:39,930 [INFO] ApiDb:274 - Set plugin database path to: C:\ST\STM32CubeIDE_1.15.0\STM32CubeIDE\plugins\com.st.stm32cube.common.mx_6.12.0.202406281431\\db\/plugins/boardmanager/
2024-08-03 15:54:39,931 [INFO] ApiDb:261 - Set plugin images path to: C:\ST\STM32CubeIDE_1.15.0\STM32CubeIDE\plugins\com.st.stm32cube.common.mx_6.12.0.202406281431\\db\/plugins/mcufinder/images/
2024-08-03 15:54:39,931 [WARN] DbFile:41 - Overriding database path with different value: C:\Users\stefa\.stmcufinder\plugins\mcufinder/ => C:\Users\stefa\.stmcufinder\plugins\mcufinder
2024-08-03 15:54:39,931 [INFO] ApiDb:250 - Set database path to: C:\Users\stefa\.stmcufinder\plugins\mcufinder//mcu/
2024-08-03 15:54:39,931 [WARN] DbFile:41 - Overriding database path with different value: C:\Users\stefa\.stmcufinder\plugins\mcufinder/ => C:\Users\stefa\.stmcufinder\plugins\mcufinder
2024-08-03 15:54:39,931 [INFO] DbMcusAds:125 - Set database path to: C:\Users\stefa\.stmcufinder\plugins\mcufinder//mcu/
2024-08-03 15:54:39,931 [WARN] DbFile:41 - Overriding database path with different value: C:\Users\stefa\.stmcufinder\plugins\mcufinder/ => C:\Users\stefa\.stmcufinder\plugins\mcufinder
2024-08-03 15:54:39,931 [WARN] DbFile:41 - Overriding database path with different value: C:\Users\stefa\.stmcufinder\plugins\mcufinder/ => C:\Users\stefa\.stmcufinder\plugins\mcufinder
2024-08-03 15:54:39,931 [INFO] CrossReferenceDbSqlite:203 - Set database path to: C:\Users\stefa\.stmcufinder\plugins\mcufinder//mcu/cs/
2024-08-03 15:54:40,004 [INFO] MainPanel:268 - HeapMemory: 268435456
2024-08-03 15:54:40,069 [INFO] DbMcusXml:78 - Set database path to: C:\ST\STM32CubeIDE_1.15.0\STM32CubeIDE\plugins\com.st.stm32cube.common.mx_6.12.0.202406281431\\db\/mcu/
2024-08-03 15:54:40,069 [INFO] ApiDb:274 - Set plugin database path to: C:\ST\STM32CubeIDE_1.15.0\STM32CubeIDE\plugins\com.st.stm32cube.common.mx_6.12.0.202406281431\\db\/plugins/boardmanager/
2024-08-03 15:54:40,069 [INFO] ApiDb:261 - Set plugin images path to: C:\ST\STM32CubeIDE_1.15.0\STM32CubeIDE\plugins\com.st.stm32cube.common.mx_6.12.0.202406281431\\db\/plugins/mcufinder/images/
2024-08-03 15:54:40,070 [WARN] DbFile:41 - Overriding database path with different value: C:\Users\stefa\.stmcufinder\plugins\mcufinder/ => C:\Users\stefa\.stmcufinder\plugins\mcufinder
2024-08-03 15:54:40,070 [INFO] ApiDb:250 - Set database path to: C:\Users\stefa\.stmcufinder\plugins\mcufinder//mcu/
2024-08-03 15:54:40,070 [WARN] DbFile:41 - Overriding database path with different value: C:\Users\stefa\.stmcufinder\plugins\mcufinder/ => C:\Users\stefa\.stmcufinder\plugins\mcufinder
2024-08-03 15:54:40,070 [INFO] DbMcusAds:125 - Set database path to: C:\Users\stefa\.stmcufinder\plugins\mcufinder//mcu/
2024-08-03 15:54:40,070 [WARN] DbFile:41 - Overriding database path with different value: C:\Users\stefa\.stmcufinder\plugins\mcufinder/ => C:\Users\stefa\.stmcufinder\plugins\mcufinder
2024-08-03 15:54:40,070 [WARN] DbFile:41 - Overriding database path with different value: C:\Users\stefa\.stmcufinder\plugins\mcufinder/ => C:\Users\stefa\.stmcufinder\plugins\mcufinder
2024-08-03 15:54:40,070 [INFO] CrossReferenceDbSqlite:203 - Set database path to: C:\Users\stefa\.stmcufinder\plugins\mcufinder//mcu/cs/
2024-08-03 15:54:40,082 [INFO] ApplicationProperties:184 - Using Application install path: C:\ST\STM32CubeIDE_1.15.0\STM32CubeIDE\plugins\com.st.stm32cube.common.mx_6.12.0.202406281431
2024-08-03 15:54:40,082 [INFO] PluginManage:196 - Search for loadable plugins [exclusion list=, ]
2024-08-03 15:54:40,083 [INFO] PluginManage:310 - Check plugin analytics
2024-08-03 15:54:40,288 [INFO] AnalyticsPlugin:253 - Accepted Software Licenses: 
2024-08-03 15:54:40,289 [INFO] AnalyticsPlugin:255 - Accepted CMSIS Pack Licenses: STMicroelectronics.X-CUBE-TOUCHGFX.4.24.0
2024-08-03 15:54:40,289 [INFO] AnalyticsPlugin:257 - Accepted Firmware Licenses: 
2024-08-03 15:54:40,292 [INFO] PluginManage:359 - Loaded plugin analytics (category:tool,tabindex:-1)
2024-08-03 15:54:40,292 [INFO] PluginManage:310 - Check plugin cadmodel
2024-08-03 15:54:40,310 [INFO] CADModel:105 - Init CAD model plugin
2024-08-03 15:54:40,310 [INFO] PluginManage:359 - Loaded plugin cadmodel (category:power,tabindex:5)
2024-08-03 15:54:40,310 [INFO] PluginManage:310 - Check plugin clock
2024-08-03 15:54:40,331 [INFO] PluginManage:359 - Loaded plugin clock (category:base,tabindex:2)
2024-08-03 15:54:40,331 [INFO] PluginManage:310 - Check plugin ddr
2024-08-03 15:54:40,333 [INFO] PluginManage:359 - Loaded plugin ddr (category:tool,tabindex:6)
2024-08-03 15:54:40,334 [INFO] PluginManage:310 - Check plugin filemanager
2024-08-03 15:54:40,493 [INFO] PluginManage:359 - Loaded plugin filemanager (category:base,tabindex:10)
2024-08-03 15:54:40,494 [INFO] PluginManage:310 - Check plugin ipmanager
2024-08-03 15:54:40,503 [INFO] PluginManage:359 - Loaded plugin ipmanager (category:base,tabindex:5)
2024-08-03 15:54:40,504 [INFO] PluginManage:310 - Check plugin lpbam
2024-08-03 15:54:40,524 [INFO] PluginManage:359 - Loaded plugin lpbam (category:base,tabindex:0)
2024-08-03 15:54:40,524 [INFO] PluginManage:310 - Check plugin memorymap
2024-08-03 15:54:40,558 [INFO] PluginManage:359 - Loaded plugin memorymap (category:base,tabindex:4)
2024-08-03 15:54:40,558 [INFO] PluginManage:310 - Check plugin pinoutandconfiguration
2024-08-03 15:54:40,577 [INFO] PluginManage:359 - Loaded plugin pinoutandconfiguration (category:base,tabindex:1)
2024-08-03 15:54:40,577 [INFO] PluginManage:310 - Check plugin pinoutconfig
2024-08-03 15:54:40,708 [WARN] SupportedApi:132 - Cannot load RTOS API schema: s4s-elt-must-match.1: The content of 'definitions' must match (annotation?, (simpleType | complexType)?, (unique | key | keyref)*)). A problem was found starting at: attribute.
2024-08-03 15:54:40,886 [INFO] PluginManage:359 - Loaded plugin pinoutconfig (category:base,tabindex:0)
2024-08-03 15:54:40,886 [INFO] PluginManage:310 - Check plugin power
2024-08-03 15:54:40,911 [INFO] PluginManage:359 - Loaded plugin power (category:power,tabindex:4)
2024-08-03 15:54:40,912 [INFO] PluginManage:310 - Check plugin projectmanager
2024-08-03 15:54:40,932 [INFO] PluginManage:359 - Loaded plugin projectmanager (category:projectmanager,tabindex:4)
2024-08-03 15:54:40,932 [INFO] PluginManage:310 - Check plugin rif
2024-08-03 15:54:40,957 [INFO] PluginManage:359 - Loaded plugin rif (category:base,tabindex:3)
2024-08-03 15:54:40,957 [INFO] PluginManage:310 - Check plugin thirdparty
2024-08-03 15:54:41,294 [INFO] PluginManage:359 - Loaded plugin thirdparty (category:base,tabindex:-1)
2024-08-03 15:54:41,295 [INFO] PluginManage:310 - Check plugin tools
2024-08-03 15:54:41,294 [WARN] IntegrityCheckThread:84 - waiting for thirdparty lock release [integrity check]
2024-08-03 15:54:41,295 [INFO] IntegrityCheckThread:86 - entering critical section [integrity check]
2024-08-03 15:54:41,295 [INFO] ThirdPartyUpdaterWithRetryManager:70 - Updater plugin not ready yet. [1/15]
2024-08-03 15:54:41,348 [INFO] PluginManage:359 - Loaded plugin tools (category:base,tabindex:7)
2024-08-03 15:54:41,348 [INFO] PluginManage:310 - Check plugin tutovideos
2024-08-03 15:54:41,593 [INFO] PluginManage:359 - Loaded plugin tutovideos (category:base,tabindex:-1)
2024-08-03 15:54:41,594 [INFO] PluginManage:310 - Check plugin updater
2024-08-03 15:54:41,610 [INFO] PluginManage:359 - Loaded plugin updater (category:base,tabindex:12)
2024-08-03 15:54:41,611 [INFO] PluginManage:310 - Check plugin userauth
2024-08-03 15:54:41,617 [INFO] UserAuth:113 - Init User Auth plugin
2024-08-03 15:54:41,617 [INFO] PluginManage:359 - Loaded plugin userauth (category:base,tabindex:14)
2024-08-03 15:54:41,618 [INFO] PluginManage:283 - PluginManage : Loaded plugins [18]
2024-08-03 15:54:41,886 [INFO] PinOutPanel:1561 - setPackage(No Configuration,No Configuration)
2024-08-03 15:54:41,994 [INFO] CADModel:165 - CPN selected for project level
2024-08-03 15:54:41,994 [INFO] CADModel:114 - Register for checkConnection events
2024-08-03 15:54:42,026 [INFO] IPUIPlugin:80 - create IPUIPlugin
2024-08-03 15:54:42,027 [INFO] PluginManager:220 - loadIPPluginJar : add adc
2024-08-03 15:54:42,069 [INFO] IPUIPlugin:80 - create IPUIPlugin
2024-08-03 15:54:42,069 [INFO] PluginManager:220 - loadIPPluginJar : add aes
2024-08-03 15:54:42,122 [INFO] IPUIPlugin:80 - create IPUIPlugin
2024-08-03 15:54:42,123 [INFO] PluginManager:220 - loadIPPluginJar : add can
2024-08-03 15:54:42,152 [INFO] IPUIPlugin:80 - create IPUIPlugin
2024-08-03 15:54:42,152 [INFO] PluginManager:220 - loadIPPluginJar : add comp
2024-08-03 15:54:42,190 [INFO] IPUIPlugin:80 - create IPUIPlugin
2024-08-03 15:54:42,190 [INFO] PluginManager:220 - loadIPPluginJar : add cryp
2024-08-03 15:54:42,205 [INFO] IPUIPlugin:80 - create IPUIPlugin
2024-08-03 15:54:42,205 [INFO] PluginManager:220 - loadIPPluginJar : add ddr_ctrl_phy
2024-08-03 15:54:42,236 [INFO] IPUIPlugin:80 - create IPUIPlugin
2024-08-03 15:54:42,236 [INFO] PluginManager:220 - loadIPPluginJar : add dfsdm
2024-08-03 15:54:42,249 [INFO] IPUIPlugin:80 - create IPUIPlugin
2024-08-03 15:54:42,250 [INFO] PluginManager:220 - loadIPPluginJar : add dma
2024-08-03 15:54:42,301 [INFO] IPUIPlugin:80 - create IPUIPlugin
2024-08-03 15:54:42,302 [INFO] PluginManager:220 - loadIPPluginJar : add dma3
2024-08-03 15:54:42,351 [INFO] IPUIPlugin:80 - create IPUIPlugin
2024-08-03 15:54:42,351 [INFO] PluginManager:220 - loadIPPluginJar : add extmemmanager
2024-08-03 15:54:42,373 [INFO] IPUIPlugin:80 - create IPUIPlugin
2024-08-03 15:54:42,373 [INFO] PluginManager:220 - loadIPPluginJar : add fatfs
2024-08-03 15:54:42,416 [INFO] IPUIPlugin:80 - create IPUIPlugin
2024-08-03 15:54:42,416 [INFO] PluginManager:220 - loadIPPluginJar : add fmc
2024-08-03 15:54:42,432 [INFO] IPUIPlugin:80 - create IPUIPlugin
2024-08-03 15:54:42,432 [INFO] PluginManager:220 - loadIPPluginJar : add freertos
2024-08-03 15:54:42,452 [INFO] IPUIPlugin:80 - create IPUIPlugin
2024-08-03 15:54:42,452 [INFO] PluginManager:220 - loadIPPluginJar : add genericplugin
2024-08-03 15:54:42,544 [INFO] IPUIPlugin:80 - create IPUIPlugin
2024-08-03 15:54:42,544 [INFO] PluginManager:220 - loadIPPluginJar : add gfxmmu
2024-08-03 15:54:42,671 [INFO] IPUIPlugin:80 - create IPUIPlugin
2024-08-03 15:54:42,671 [INFO] PluginManager:220 - loadIPPluginJar : add gic
2024-08-03 15:54:42,680 [INFO] IPUIPlugin:80 - create IPUIPlugin
2024-08-03 15:54:42,680 [INFO] PluginManager:220 - loadIPPluginJar : add gpio
2024-08-03 15:54:42,788 [INFO] IPUIPlugin:80 - create IPUIPlugin
2024-08-03 15:54:42,788 [INFO] PluginManager:220 - loadIPPluginJar : add gtzc
2024-08-03 15:54:42,821 [INFO] IPUIPlugin:80 - create IPUIPlugin
2024-08-03 15:54:42,822 [INFO] PluginManager:220 - loadIPPluginJar : add hash
2024-08-03 15:54:42,868 [INFO] IPUIPlugin:80 - create IPUIPlugin
2024-08-03 15:54:42,868 [INFO] PluginManager:220 - loadIPPluginJar : add i2c
2024-08-03 15:54:42,901 [INFO] IPUIPlugin:80 - create IPUIPlugin
2024-08-03 15:54:42,901 [INFO] PluginManager:220 - loadIPPluginJar : add i2s
2024-08-03 15:54:42,935 [INFO] IPUIPlugin:80 - create IPUIPlugin
2024-08-03 15:54:42,935 [INFO] PluginManager:220 - loadIPPluginJar : add i3c
2024-08-03 15:54:43,015 [INFO] IPUIPlugin:80 - create IPUIPlugin
2024-08-03 15:54:43,015 [INFO] PluginManager:220 - loadIPPluginJar : add ipddr
2024-08-03 15:54:43,105 [INFO] IPUIPlugin:80 - create IPUIPlugin
2024-08-03 15:54:43,105 [INFO] PluginManager:220 - loadIPPluginJar : add linkedlist
2024-08-03 15:54:43,142 [INFO] IPUIPlugin:80 - create IPUIPlugin
2024-08-03 15:54:43,142 [INFO] PluginManager:220 - loadIPPluginJar : add lorawan
2024-08-03 15:54:43,179 [INFO] IPUIPlugin:80 - create IPUIPlugin
2024-08-03 15:54:43,179 [INFO] PluginManager:220 - loadIPPluginJar : add ltdc
2024-08-03 15:54:43,191 [INFO] IPUIPlugin:80 - create IPUIPlugin
2024-08-03 15:54:43,191 [INFO] PluginManager:220 - loadIPPluginJar : add mdma
2024-08-03 15:54:43,201 [INFO] IPUIPlugin:80 - create IPUIPlugin
2024-08-03 15:54:43,202 [INFO] PluginManager:220 - loadIPPluginJar : add nvic
2024-08-03 15:54:43,249 [INFO] IPUIPlugin:80 - create IPUIPlugin
2024-08-03 15:54:43,249 [INFO] PluginManager:220 - loadIPPluginJar : add opamp
2024-08-03 15:54:43,322 [INFO] IPUIPlugin:80 - create IPUIPlugin
2024-08-03 15:54:43,322 [INFO] PluginManager:220 - loadIPPluginJar : add openamp
2024-08-03 15:54:43,369 [INFO] IPUIPlugin:80 - create IPUIPlugin
2024-08-03 15:54:43,369 [INFO] PluginManager:220 - loadIPPluginJar : add pdm2pcm
2024-08-03 15:54:43,387 [INFO] IPUIPlugin:80 - create IPUIPlugin
2024-08-03 15:54:43,390 [INFO] PluginManager:220 - loadIPPluginJar : add plateformsettings
2024-08-03 15:54:43,415 [INFO] IPUIPlugin:80 - create IPUIPlugin
2024-08-03 15:54:43,416 [INFO] PluginManager:220 - loadIPPluginJar : add quadspi
2024-08-03 15:54:43,447 [INFO] IPUIPlugin:80 - create IPUIPlugin
2024-08-03 15:54:43,448 [INFO] PluginManager:220 - loadIPPluginJar : add radio
2024-08-03 15:54:43,461 [INFO] IPUIPlugin:80 - create IPUIPlugin
2024-08-03 15:54:43,461 [INFO] PluginManager:220 - loadIPPluginJar : add resmgrutility
2024-08-03 15:54:43,519 [INFO] IPUIPlugin:80 - create IPUIPlugin
2024-08-03 15:54:43,520 [INFO] PluginManager:220 - loadIPPluginJar : add sai
2024-08-03 15:54:43,577 [INFO] IPUIPlugin:80 - create IPUIPlugin
2024-08-03 15:54:43,577 [INFO] PluginManager:220 - loadIPPluginJar : add spi
2024-08-03 15:54:43,674 [INFO] IPUIPlugin:80 - create IPUIPlugin
2024-08-03 15:54:43,674 [INFO] PluginManager:220 - loadIPPluginJar : add stm32_wpan
2024-08-03 15:54:43,713 [INFO] IPUIPlugin:80 - create IPUIPlugin
2024-08-03 15:54:43,713 [INFO] PluginManager:220 - loadIPPluginJar : add tim
2024-08-03 15:54:43,793 [INFO] IPUIPlugin:80 - create IPUIPlugin
2024-08-03 15:54:43,793 [INFO] PluginManager:220 - loadIPPluginJar : add touchsensing
2024-08-03 15:54:43,821 [INFO] IPUIPlugin:80 - create IPUIPlugin
2024-08-03 15:54:43,822 [INFO] PluginManager:220 - loadIPPluginJar : add tracer_emb
2024-08-03 15:54:43,850 [INFO] IPUIPlugin:80 - create IPUIPlugin
2024-08-03 15:54:43,850 [INFO] PluginManager:220 - loadIPPluginJar : add ts
2024-08-03 15:54:43,879 [INFO] IPUIPlugin:80 - create IPUIPlugin
2024-08-03 15:54:43,879 [INFO] PluginManager:220 - loadIPPluginJar : add tsc
2024-08-03 15:54:43,906 [INFO] IPUIPlugin:80 - create IPUIPlugin
2024-08-03 15:54:43,906 [INFO] PluginManager:220 - loadIPPluginJar : add ucpd
2024-08-03 15:54:43,957 [INFO] IPUIPlugin:80 - create IPUIPlugin
2024-08-03 15:54:43,957 [INFO] PluginManager:220 - loadIPPluginJar : add usart
2024-08-03 15:54:44,001 [INFO] IPUIPlugin:80 - create IPUIPlugin
2024-08-03 15:54:44,001 [INFO] PluginManager:220 - loadIPPluginJar : add usbx
2024-08-03 15:54:44,131 [INFO] CADModel:165 - CPN selected for project level
2024-08-03 15:54:44,131 [INFO] CADModel:114 - Register for checkConnection events
2024-08-03 15:54:44,131 [FATAL] Updater:334 - Updater called before beeing initialized
2024-08-03 15:54:44,131 [ERROR] CADModel:125 - Updater not yet initialized, retry later 
2024-08-03 15:54:44,292 [INFO] CADModel:165 - CPN selected for project level
2024-08-03 15:54:44,292 [INFO] CADModel:114 - Register for checkConnection events
2024-08-03 15:54:44,292 [FATAL] Updater:334 - Updater called before beeing initialized
2024-08-03 15:54:44,292 [ERROR] CADModel:125 - Updater not yet initialized, retry later 
2024-08-03 15:54:44,296 [FATAL] Updater:334 - Updater called before beeing initialized
2024-08-03 15:54:44,298 [INFO] ThirdPartyUpdaterWithRetryManager:70 - Updater plugin not ready yet. [2/15]
2024-08-03 15:54:44,412 [FATAL] Updater:334 - Updater called before beeing initialized
2024-08-03 15:54:44,426 [INFO] DbMcusAds:53 - JSON generation date=Thu May 16 11:22:00 CEST 2024 (1715851320667)
2024-08-03 15:54:44,427 [FATAL] Updater:334 - Updater called before beeing initialized
2024-08-03 15:54:44,460 [WARN] DetailPanel:346 - Failed to get advertising image, set to default
2024-08-03 15:54:44,547 [FATAL] Updater:334 - Updater called before beeing initialized
2024-08-03 15:54:44,550 [FATAL] Updater:334 - Updater called before beeing initialized
2024-08-03 15:54:44,550 [FATAL] Updater:334 - Updater called before beeing initialized
2024-08-03 15:54:44,550 [WARN] DetailPanel:346 - Failed to get advertising image, set to default
2024-08-03 15:54:44,551 [FATAL] Updater:334 - Updater called before beeing initialized
2024-08-03 15:54:44,616 [ERROR] Updater:1164 - MainUpdater not yet initialized. External WinMGr cannot be set.
2024-08-03 15:54:44,640 [INFO] Updater:1100 - Updater Version found : 6.12.0
2024-08-03 15:54:44,663 [INFO] ApplicationProperties:184 - Using Application install path: C:\ST\STM32CubeIDE_1.15.0\STM32CubeIDE\plugins\com.st.stm32cube.common.mx_6.12.0.202406281431
2024-08-03 15:54:46,238 [ERROR] LogOutputStream:75 - [STDERR_REDIRECT] Aug 03, 2024 3:54:46 PM java.util.prefs.WindowsPreferences <init>
2024-08-03 15:54:46,240 [ERROR] LogOutputStream:75 - [STDERR_REDIRECT] WARNING: Could not open/create prefs root node Software\JavaSoft\Prefs at root 0xffffffff80000002. Windows RegCreateKeyEx(...) returned error code 5.
2024-08-03 15:54:46,240 [ERROR] LogOutputStream:75 - [STDERR_REDIRECT] 
2024-08-03 15:54:46,757 [INFO] MainUpdater:2873 - connection check result : 10
2024-08-03 15:54:46,758 [INFO] MainUpdater:290 - Updater Check For Update Now.
2024-08-03 15:54:46,758 [INFO] MicroXplorer:498 - Change Database Version : DB.6.0.120
2024-08-03 15:54:46,778 [INFO] McuFinderGlobals:63 - Set McuFinder mode to 2 (CubeIDE integrated)
2024-08-03 15:54:46,786 [INFO] UserAuth:417 - Internet connection configuration mode: 1
2024-08-03 15:54:46,811 [INFO] JxBrowserEngine:152 - Initiate JxBrowser Engine with user profile folder
2024-08-03 15:54:46,969 [INFO] CheckServerUpdateThread:120 - End of CheckServer Thread
2024-08-03 15:54:47,510 [WARN] PackLoader:240 - Cannot read IP mode file for STMicroelectronics.FP-SNS-MOTENVWB1.1.4.0
2024-08-03 15:54:47,532 [WARN] PackLoader:240 - Cannot read IP mode file for STMicroelectronics.X-CUBE-SMBUS.2.1.0
2024-08-03 15:54:47,551 [WARN] PackLoader:240 - Cannot read IP mode file for STMicroelectronics.X-CUBE-TOUCHGFX.4.23.1
2024-08-03 15:54:47,573 [WARN] PackLoader:240 - Cannot read IP mode file for STMicroelectronics.X-CUBE-TOUCHGFX.4.23.0
2024-08-03 15:54:47,687 [WARN] PackLoader:240 - Cannot read IP mode file for STMicroelectronics.X-CUBE-TOUCHGFX.4.23.2
2024-08-03 15:54:47,738 [WARN] PackLoader:240 - Cannot read IP mode file for STMicroelectronics.X-CUBE-AZRTOS-F7.1.1.0
2024-08-03 15:54:47,759 [WARN] PackLoader:240 - Cannot read IP mode file for STMicroelectronics.X-CUBE-TOUCHGFX.4.19.1
2024-08-03 15:54:47,828 [WARN] PackLoader:240 - Cannot read IP mode file for STMicroelectronics.FP-SNS-MOTENV1.4.3.2
2024-08-03 15:54:47,846 [WARN] PackLoader:240 - Cannot read IP mode file for STMicroelectronics.FP-SNS-FLIGHT1.5.0.2
2024-08-03 15:54:47,866 [WARN] PackLoader:240 - Cannot read IP mode file for STMicroelectronics.X-CUBE-DISPLAY.3.0.0
2024-08-03 15:54:47,896 [WARN] PackLoader:240 - Cannot read IP mode file for STMicroelectronics.X-CUBE-BLE1.7.0.0
2024-08-03 15:54:47,912 [WARN] PackLoader:240 - Cannot read IP mode file for emotas.I-CUBE-CANOPEN.1.3.0
2024-08-03 15:54:47,932 [WARN] PackLoader:240 - Cannot read IP mode file for STMicroelectronics.X-CUBE-BLEMGR.3.1.0
2024-08-03 15:54:47,950 [WARN] PackLoader:240 - Cannot read IP mode file for STMicroelectronics.FP-SNS-SMARTAG2.1.2.0
2024-08-03 15:54:47,973 [INFO] LogOutputStream:77 - [STDOUT_REDIRECT] 1 : Invalid condition id : UX_CORESTACK_Condition cause : null
2024-08-03 15:54:47,974 [INFO] LogOutputStream:77 - [STDOUT_REDIRECT] 1 : Invalid condition id : UX_CORESTACK_Condition cause : null
2024-08-03 15:54:47,975 [INFO] LogOutputStream:77 - [STDOUT_REDIRECT] 1 : Invalid condition id : UX_CORESTACK_Condition cause : null
2024-08-03 15:54:47,975 [INFO] LogOutputStream:77 - [STDOUT_REDIRECT] 1 : Invalid condition id : UX_CORESTACK_Condition cause : null
2024-08-03 15:54:47,976 [INFO] LogOutputStream:77 - [STDOUT_REDIRECT] 1 : Invalid condition id : UX_CORESTACK_Condition cause : null
2024-08-03 15:54:47,979 [WARN] PackLoader:240 - Cannot read IP mode file for STMicroelectronics.X-CUBE-AZRTOS-WL.2.0.0
2024-08-03 15:54:47,994 [WARN] PackLoader:240 - Cannot read IP mode file for STMicroelectronics.FP-SNS-MOTENV1.5.0.0
2024-08-03 15:54:48,010 [WARN] PackLoader:240 - Cannot read IP mode file for wolfSSL.I-CUBE-wolfMQTT.1.19.0
2024-08-03 15:54:48,029 [WARN] PackLoader:240 - Cannot read IP mode file for WES.I-CUBE-Cesium.1.3.0
2024-08-03 15:54:48,045 [WARN] PackLoader:240 - Cannot read IP mode file for STMicroelectronics.X-CUBE-BLE2.3.3.0
2024-08-03 15:54:48,061 [WARN] PackLoader:240 - Cannot read IP mode file for STMicroelectronics.X-CUBE-TCPP.4.1.0
2024-08-03 15:54:48,079 [WARN] PackLoader:240 - Cannot read IP mode file for STMicroelectronics.X-CUBE-ALGOBUILD.1.3.0
2024-08-03 15:54:48,111 [WARN] PackLoader:240 - Cannot read IP mode file for STMicroelectronics.X-CUBE-AZRTOS-G0.1.1.0
2024-08-03 15:54:48,130 [WARN] PackLoader:240 - Cannot read IP mode file for STMicroelectronics.X-CUBE-SAFEA1.1.2.2
2024-08-03 15:54:48,145 [WARN] PackLoader:240 - Cannot read IP mode file for STMicroelectronics.X-CUBE-NFC4.3.0.0
2024-08-03 15:54:48,159 [WARN] PackLoader:240 - Cannot read IP mode file for wolfSSL.I-CUBE-wolfMQTT.1.18.0
2024-08-03 15:54:48,177 [WARN] PackLoader:240 - Cannot read IP mode file for EmbeddedOffice.I-CUBE-FS-RTOS.1.0.1
2024-08-03 15:54:48,178 [ERROR] ConditionMgr:805 - Attr not supported : Dmpu
2024-08-03 15:54:48,178 [ERROR] ConditionMgr:805 - Attr not supported : Dmpu
2024-08-03 15:54:48,178 [ERROR] ConditionMgr:805 - Attr not supported : Dmpu
2024-08-03 15:54:48,178 [ERROR] ConditionMgr:805 - Attr not supported : Dmpu
2024-08-03 15:54:48,178 [ERROR] ConditionMgr:805 - Attr not supported : Dmpu
2024-08-03 15:54:48,178 [ERROR] ConditionMgr:805 - Attr not supported : Dmpu
2024-08-03 15:54:48,178 [ERROR] ConditionMgr:805 - Attr not supported : Dmpu
2024-08-03 15:54:48,178 [ERROR] ConditionMgr:805 - Attr not supported : Dmpu
2024-08-03 15:54:48,178 [ERROR] ConditionMgr:805 - Attr not supported : Dmpu
2024-08-03 15:54:48,178 [ERROR] ConditionMgr:805 - Attr not supported : Dmpu
2024-08-03 15:54:48,178 [ERROR] ConditionMgr:805 - Attr not supported : Dmpu
2024-08-03 15:54:48,179 [ERROR] ConditionMgr:805 - Attr not supported : Dmpu
2024-08-03 15:54:48,179 [ERROR] ConditionMgr:805 - Attr not supported : Dmpu
2024-08-03 15:54:48,179 [ERROR] ConditionMgr:805 - Attr not supported : Dmpu
2024-08-03 15:54:48,179 [ERROR] ConditionMgr:805 - Attr not supported : Dmpu
2024-08-03 15:54:48,179 [ERROR] ConditionMgr:805 - Attr not supported : Dmpu
2024-08-03 15:54:48,179 [ERROR] ConditionMgr:805 - Attr not supported : Dmpu
2024-08-03 15:54:48,179 [ERROR] ConditionMgr:805 - Attr not supported : Dmpu
2024-08-03 15:54:48,179 [ERROR] ConditionMgr:805 - Attr not supported : Dmpu
2024-08-03 15:54:48,179 [ERROR] ConditionMgr:805 - Attr not supported : Dmpu
2024-08-03 15:54:48,179 [ERROR] ConditionMgr:805 - Attr not supported : Dmpu
2024-08-03 15:54:48,179 [ERROR] ConditionMgr:805 - Attr not supported : Dmpu
2024-08-03 15:54:48,179 [ERROR] ConditionMgr:805 - Attr not supported : Dmpu
2024-08-03 15:54:48,179 [ERROR] ConditionMgr:805 - Attr not supported : Dmpu
2024-08-03 15:54:48,180 [ERROR] ConditionMgr:805 - Attr not supported : Dmpu
2024-08-03 15:54:48,180 [ERROR] ConditionMgr:805 - Attr not supported : Dmpu
2024-08-03 15:54:48,180 [ERROR] ConditionMgr:805 - Attr not supported : Dmpu
2024-08-03 15:54:48,180 [ERROR] ConditionMgr:805 - Attr not supported : Dmpu
2024-08-03 15:54:48,180 [ERROR] ConditionMgr:805 - Attr not supported : Dmpu
2024-08-03 15:54:48,180 [ERROR] ConditionMgr:805 - Attr not supported : Dmpu
2024-08-03 15:54:48,180 [ERROR] ConditionMgr:805 - Attr not supported : Dmpu
2024-08-03 15:54:48,180 [ERROR] ConditionMgr:805 - Attr not supported : Dmpu
2024-08-03 15:54:48,180 [ERROR] ConditionMgr:805 - Attr not supported : Dmpu
2024-08-03 15:54:48,180 [ERROR] ConditionMgr:805 - Attr not supported : Dmpu
2024-08-03 15:54:48,180 [ERROR] ConditionMgr:805 - Attr not supported : Dmpu
2024-08-03 15:54:48,180 [ERROR] ConditionMgr:805 - Attr not supported : Dmpu
2024-08-03 15:54:48,181 [ERROR] ConditionMgr:805 - Attr not supported : Dmpu
2024-08-03 15:54:48,181 [ERROR] ConditionMgr:805 - Attr not supported : Dmpu
2024-08-03 15:54:48,181 [ERROR] ConditionMgr:805 - Attr not supported : Dmpu
2024-08-03 15:54:48,181 [ERROR] ConditionMgr:805 - Attr not supported : Dmpu
2024-08-03 15:54:48,181 [ERROR] ConditionMgr:805 - Attr not supported : Dmpu
2024-08-03 15:54:48,181 [ERROR] ConditionMgr:805 - Attr not supported : Dmpu
2024-08-03 15:54:48,181 [ERROR] ConditionMgr:805 - Attr not supported : Dmpu
2024-08-03 15:54:48,181 [ERROR] ConditionMgr:805 - Attr not supported : Dmpu
2024-08-03 15:54:48,181 [ERROR] ConditionMgr:805 - Attr not supported : Dmpu
2024-08-03 15:54:48,181 [ERROR] ConditionMgr:805 - Attr not supported : Dmpu
2024-08-03 15:54:48,181 [ERROR] ConditionMgr:805 - Attr not supported : Dmpu
2024-08-03 15:54:48,181 [ERROR] ConditionMgr:805 - Attr not supported : Dmpu
2024-08-03 15:54:48,181 [ERROR] ConditionMgr:805 - Attr not supported : Dmpu
2024-08-03 15:54:48,181 [ERROR] ConditionMgr:805 - Attr not supported : Dmpu
2024-08-03 15:54:48,182 [ERROR] ConditionMgr:805 - Attr not supported : Dmpu
2024-08-03 15:54:48,182 [ERROR] ConditionMgr:805 - Attr not supported : Dmpu
2024-08-03 15:54:48,182 [ERROR] ConditionMgr:805 - Attr not supported : Dmpu
2024-08-03 15:54:48,182 [ERROR] ConditionMgr:805 - Attr not supported : Dmpu
2024-08-03 15:54:48,182 [ERROR] ConditionMgr:805 - Attr not supported : Dmpu
2024-08-03 15:54:48,182 [ERROR] ConditionMgr:805 - Attr not supported : Dmpu
2024-08-03 15:54:48,182 [ERROR] ConditionMgr:805 - Attr not supported : Dmpu
2024-08-03 15:54:48,182 [ERROR] ConditionMgr:805 - Attr not supported : Dmpu
2024-08-03 15:54:48,182 [ERROR] ConditionMgr:805 - Attr not supported : Dmpu
2024-08-03 15:54:48,182 [ERROR] ConditionMgr:805 - Attr not supported : Dmpu
2024-08-03 15:54:48,182 [ERROR] ConditionMgr:805 - Attr not supported : Dmpu
2024-08-03 15:54:48,182 [ERROR] ConditionMgr:805 - Attr not supported : Dmpu
2024-08-03 15:54:48,182 [ERROR] ConditionMgr:805 - Attr not supported : Dmpu
2024-08-03 15:54:48,182 [ERROR] ConditionMgr:805 - Attr not supported : Dmpu
2024-08-03 15:54:48,200 [WARN] PackLoader:240 - Cannot read IP mode file for RealThread.X-CUBE-RT-Thread_Nano.4.1.1
2024-08-03 15:54:48,214 [WARN] PackLoader:240 - Cannot read IP mode file for wolfSSL.I-CUBE-wolfSSL.5.7.0
2024-08-03 15:54:48,233 [WARN] PackLoader:240 - Cannot read IP mode file for STMicroelectronics.FP-ATR-SIGFOX1.3.2.0
2024-08-03 15:54:48,248 [WARN] PackLoader:240 - Cannot read IP mode file for STMicroelectronics.X-CUBE-EEPRMA1.5.1.0
2024-08-03 15:54:48,267 [WARN] PackLoader:240 - Cannot read IP mode file for ITTIA_DB.I-CUBE-ITTIADB.8.9.0
2024-08-03 15:54:48,302 [WARN] PackLoader:240 - Cannot read IP mode file for SEGGER.I-CUBE-embOS.1.3.1
2024-08-03 15:54:48,345 [WARN] PackLoader:240 - Cannot read IP mode file for STMicroelectronics.X-CUBE-ALGOBUILD.1.4.0
2024-08-03 15:54:48,360 [WARN] PackLoader:240 - Cannot read IP mode file for STMicroelectronics.X-CUBE-GNSS1.6.0.0
2024-08-03 15:54:48,385 [WARN] PackLoader:240 - Cannot read IP mode file for STMicroelectronics.X-CUBE-AZRTOS-F4.1.1.0
2024-08-03 15:54:48,405 [WARN] PackLoader:240 - Cannot read IP mode file for STMicroelectronics.X-CUBE-FREERTOS.1.2.0
2024-08-03 15:54:48,422 [WARN] PackLoader:240 - Cannot read IP mode file for wolfSSL.I-CUBE-wolfSSL.5.6.6
2024-08-03 15:54:48,449 [WARN] PackLoader:240 - Cannot read IP mode file for STMicroelectronics.X-CUBE-AZRTOS-L5.2.0.0
2024-08-03 15:54:48,469 [WARN] PackLoader:240 - Cannot read IP mode file for STMicroelectronics.X-CUBE-NFC6.3.1.0
2024-08-03 15:54:48,482 [WARN] PackLoader:240 - Cannot read IP mode file for ITTIA_DB.I-CUBE-ITTIADB.8.8.0
2024-08-03 15:54:48,496 [WARN] PackLoader:240 - Cannot read IP mode file for STMicroelectronics.X-CUBE-DPower.1.2.0
2024-08-03 15:54:48,511 [WARN] PackLoader:240 - Cannot read IP mode file for STMicroelectronics.X-CUBE-AI.9.0.0
2024-08-03 15:54:48,528 [WARN] PackLoader:240 - Cannot read IP mode file for STMicroelectronics.X-CUBE-NFC7.1.0.1
2024-08-03 15:54:48,545 [WARN] PackLoader:240 - Cannot read IP mode file for wolfSSL.I-CUBE-wolfTPM.3.2.0
2024-08-03 15:54:48,559 [WARN] PackLoader:240 - Cannot read IP mode file for STMicroelectronics.X-CUBE-AI.8.1.0
2024-08-03 15:54:48,592 [WARN] ConditionMgr:438 - getConditionDescription Invalid condition id : LAN8742 Phy interface Condition cause : null
2024-08-03 15:54:48,593 [WARN] PackLoader:240 - Cannot read IP mode file for STMicroelectronics.X-CUBE-AZRTOS-L4.2.0.0
2024-08-03 15:54:48,595 [WARN] ConditionMgr:1039 - genDependencies : Invalid condition id : LAN8742 Phy interface Condition cause : null
2024-08-03 15:54:48,595 [WARN] ConditionMgr:1039 - genDependencies : Invalid condition id : LAN8742 Phy interface Condition cause : null
2024-08-03 15:54:48,595 [WARN] ConditionMgr:1039 - genDependencies : Invalid condition id : LAN8742 Phy interface Condition cause : null
2024-08-03 15:54:48,612 [WARN] PackLoader:240 - Cannot read IP mode file for STMicroelectronics.X-CUBE-SFXS2LP1.4.0.0
2024-08-03 15:54:48,637 [WARN] ConditionMgr:438 - getConditionDescription Invalid condition id : UX DEVICE CLASS RTOS Condition cause : null
2024-08-03 15:54:48,638 [WARN] ConditionMgr:438 - getConditionDescription Invalid condition id : UX DEVICE CLASS RTOS Condition cause : null
2024-08-03 15:54:48,639 [WARN] PackLoader:240 - Cannot read IP mode file for STMicroelectronics.X-CUBE-AZRTOS-WB.2.0.0
2024-08-03 15:54:48,640 [WARN] ConditionMgr:1039 - genDependencies : Invalid condition id : UX DEVICE CLASS RTOS Condition cause : null
2024-08-03 15:54:48,640 [WARN] ConditionMgr:1039 - genDependencies : Invalid condition id : UX DEVICE CLASS RTOS Condition cause : null
2024-08-03 15:54:48,640 [WARN] ConditionMgr:1039 - genDependencies : Invalid condition id : UX DEVICE CLASS RTOS Condition cause : null
2024-08-03 15:54:48,640 [WARN] ConditionMgr:1039 - genDependencies : Invalid condition id : UX DEVICE CLASS RTOS Condition cause : null
2024-08-03 15:54:48,640 [WARN] ConditionMgr:1039 - genDependencies : Invalid condition id : UX DEVICE CLASS RTOS Condition cause : null
2024-08-03 15:54:48,657 [WARN] PackLoader:240 - Cannot read IP mode file for STMicroelectronics.FP-SNS-STBOX1.2.0.0
2024-08-03 15:54:48,678 [WARN] PackLoader:240 - Cannot read IP mode file for STMicroelectronics.X-CUBE-SUBG2.5.0.0
2024-08-03 15:54:48,726 [WARN] PackLoader:240 - Cannot read IP mode file for STMicroelectronics.X-CUBE-AZRTOS-G4.2.0.0
2024-08-03 15:54:48,748 [WARN] PackLoader:240 - Cannot read IP mode file for Infineon.AIROC-Wi-Fi-Bluetooth-STM32.1.5.1
2024-08-03 15:54:48,768 [WARN] PackLoader:240 - Cannot read IP mode file for STMicroelectronics.FP-SNS-MOTENVWB1.1.3.1
2024-08-03 15:54:48,779 [WARN] PackLoader:240 - Cannot read IP mode file for STMicroelectronics.X-CUBE-ISPU.2.0.0
2024-08-03 15:54:48,793 [WARN] PackLoader:240 - Cannot read IP mode file for STMicroelectronics.X-CUBE-ALS.1.0.2
2024-08-03 15:54:48,840 [WARN] PackLoader:240 - Cannot read IP mode file for STMicroelectronics.X-CUBE-MEMS1.10.0.0
2024-08-03 15:54:48,934 [WARN] PackLoader:240 - Cannot read IP mode file for STMicroelectronics.X-CUBE-FREERTOS.1.1.0
2024-08-03 15:54:49,005 [WARN] PackLoader:240 - Cannot read IP mode file for STMicroelectronics.X-CUBE-TOUCHGFX.4.24.0
2024-08-03 15:54:49,090 [WARN] PackLoader:240 - Cannot read IP mode file for portGmbH.I-Cube-SoM-uGOAL.1.1.0
2024-08-03 15:54:49,105 [WARN] PackLoader:240 - Cannot read IP mode file for STMicroelectronics.X-CUBE-ALS.1.0.1
2024-08-03 15:54:49,135 [WARN] PackLoader:240 - Cannot read IP mode file for STMicroelectronics.X-CUBE-AZRTOS-H7RS.1.0.0
2024-08-03 15:54:49,154 [WARN] PackLoader:240 - Cannot read IP mode file for STMicroelectronics.FP-ATR-ASTRA1.2.0.0
2024-08-03 15:54:49,177 [WARN] PackLoader:240 - Cannot read IP mode file for STMicroelectronics.X-CUBE-TOF1.3.4.2
2024-08-03 15:54:49,208 [WARN] PackLoader:240 - Cannot read IP mode file for STMicroelectronics.X-CUBE-TOF1.3.4.1
2024-08-03 15:54:49,256 [WARN] PackLoader:240 - Cannot read IP mode file for STMicroelectronics.X-CUBE-AZRTOS-H7.3.2.0
2024-08-03 15:54:49,286 [WARN] PackLoader:240 - Cannot read IP mode file for Infineon.AIROC-Wi-Fi-Bluetooth-STM32.1.6.0
2024-08-03 15:54:49,311 [WARN] PackLoader:240 - Cannot read IP mode file for wolfSSL.I-CUBE-wolfSSH.1.4.17
2024-08-03 15:54:49,312 [INFO] ThirdParty:978 - Integrity check success = true
2024-08-03 15:54:49,312 [INFO] IntegrityCheckThread:100 - exiting critical section [integrity check]
2024-08-03 15:54:49,312 [INFO] IntegrityCheckThread:103 - End integrity checks thread
2024-08-03 15:54:49,567 [INFO] WebApp:167 - Instantiating new browser for Auth
2024-08-03 15:54:50,382 [INFO] WebApp:448 - Apply proxy settings
2024-08-03 15:54:50,382 [INFO] WebApp:533 - Chromium requires no authentication
2024-08-03 15:54:50,397 [INFO] WebApp:476 - Direct internet connection detected
2024-08-03 15:54:50,430 [INFO] WebApp:869 - Register for checkConnection events
2024-08-03 15:54:50,430 [INFO] WebApp:448 - Apply proxy settings
2024-08-03 15:54:50,431 [INFO] WebApp:533 - Chromium requires no authentication
2024-08-03 15:54:50,431 [INFO] WebApp:476 - Direct internet connection detected
2024-08-03 15:54:50,680 [INFO] WebApp:186 - Connection restablished
2024-08-03 15:54:50,733 [INFO] WebApp:220 - Starting web application
2024-08-03 15:54:50,734 [INFO] WebApp:578 - Web application path used C:\ST\STM32CubeIDE_1.15.0\STM32CubeIDE\plugins\com.st.stm32cube.common.mx_6.12.0.202406281431\db\plugins\mcufinder\reactClient1\index.html
2024-08-03 15:54:50,916 [INFO] UserAuth:417 - Internet connection configuration mode: 1
