2024-05-31 15:44:25,622 [INFO] Activator:176 - 


2024-05-31 15:44:25,623 [INFO] Activator:177 - !SESSION log4j initialized
2024-05-31 15:44:26,822 [INFO] LogOutputStream:77 - [STDOUT_REDIRECT] 
2024-05-31 15:44:30,502 [INFO] ApplicationProperties:184 - Using Application install path: C:\ST\STM32CubeIDE_1.15.0\STM32CubeIDE\plugins\com.st.stm32cube.common.mx_6.11.1.202404110753
2024-05-31 15:44:30,528 [INFO] DbMcusXml:78 - Set database path to: C:\ST\STM32CubeIDE_1.15.0\STM32CubeIDE\plugins\com.st.stm32cube.common.mx_6.11.1.202404110753\\db\/mcu/
2024-05-31 15:44:30,528 [INFO] ApiDb:274 - Set plugin database path to: C:\ST\STM32CubeIDE_1.15.0\STM32CubeIDE\plugins\com.st.stm32cube.common.mx_6.11.1.202404110753\\db\/plugins/boardmanager/
2024-05-31 15:44:30,528 [WARN] ApiDb:259 - Overriding images path with different value:  => C:\ST\STM32CubeIDE_1.15.0\STM32CubeIDE\plugins\com.st.stm32cube.common.mx_6.11.1.202404110753\\db\/plugins/mcufinder/images/
2024-05-31 15:44:30,535 [INFO] ApiDb:250 - Set database path to: C:\Users\stefa\.stmcufinder\plugins\mcufinder//mcu/
2024-05-31 15:44:30,536 [INFO] DbMcusAds:125 - Set database path to: C:\Users\stefa\.stmcufinder\plugins\mcufinder//mcu/
2024-05-31 15:44:30,539 [INFO] CrossReferenceDbSqlite:203 - Set database path to: C:\Users\stefa\.stmcufinder\plugins\mcufinder//mcu/cs/
2024-05-31 15:44:30,658 [INFO] RulesReader:64 - Compatibility file has been processed (297 Rules)
2024-05-31 15:44:30,741 [INFO] DbMcusXml:78 - Set database path to: C:\ST\STM32CubeIDE_1.15.0\STM32CubeIDE\plugins\com.st.stm32cube.common.mx_6.11.1.202404110753\\db\/mcu/
2024-05-31 15:44:30,742 [INFO] ApiDb:274 - Set plugin database path to: C:\ST\STM32CubeIDE_1.15.0\STM32CubeIDE\plugins\com.st.stm32cube.common.mx_6.11.1.202404110753\\db\/plugins/boardmanager/
2024-05-31 15:44:30,742 [INFO] ApiDb:261 - Set plugin images path to: C:\ST\STM32CubeIDE_1.15.0\STM32CubeIDE\plugins\com.st.stm32cube.common.mx_6.11.1.202404110753\\db\/plugins/mcufinder/images/
2024-05-31 15:44:30,742 [WARN] DbFile:41 - Overriding database path with different value: C:\Users\stefa\.stmcufinder\plugins\mcufinder/ => C:\Users\stefa\.stmcufinder\plugins\mcufinder
2024-05-31 15:44:30,742 [INFO] ApiDb:250 - Set database path to: C:\Users\stefa\.stmcufinder\plugins\mcufinder//mcu/
2024-05-31 15:44:30,742 [WARN] DbFile:41 - Overriding database path with different value: C:\Users\stefa\.stmcufinder\plugins\mcufinder/ => C:\Users\stefa\.stmcufinder\plugins\mcufinder
2024-05-31 15:44:30,743 [INFO] DbMcusAds:125 - Set database path to: C:\Users\stefa\.stmcufinder\plugins\mcufinder//mcu/
2024-05-31 15:44:30,743 [WARN] DbFile:41 - Overriding database path with different value: C:\Users\stefa\.stmcufinder\plugins\mcufinder/ => C:\Users\stefa\.stmcufinder\plugins\mcufinder
2024-05-31 15:44:30,743 [WARN] DbFile:41 - Overriding database path with different value: C:\Users\stefa\.stmcufinder\plugins\mcufinder/ => C:\Users\stefa\.stmcufinder\plugins\mcufinder
2024-05-31 15:44:30,743 [INFO] CrossReferenceDbSqlite:203 - Set database path to: C:\Users\stefa\.stmcufinder\plugins\mcufinder//mcu/cs/
2024-05-31 15:44:30,820 [INFO] MainPanel:264 - HeapMemory: 268435456
2024-05-31 15:44:30,906 [INFO] DbMcusXml:78 - Set database path to: C:\ST\STM32CubeIDE_1.15.0\STM32CubeIDE\plugins\com.st.stm32cube.common.mx_6.11.1.202404110753\\db\/mcu/
2024-05-31 15:44:30,906 [INFO] ApiDb:274 - Set plugin database path to: C:\ST\STM32CubeIDE_1.15.0\STM32CubeIDE\plugins\com.st.stm32cube.common.mx_6.11.1.202404110753\\db\/plugins/boardmanager/
2024-05-31 15:44:30,906 [INFO] ApiDb:261 - Set plugin images path to: C:\ST\STM32CubeIDE_1.15.0\STM32CubeIDE\plugins\com.st.stm32cube.common.mx_6.11.1.202404110753\\db\/plugins/mcufinder/images/
2024-05-31 15:44:30,906 [WARN] DbFile:41 - Overriding database path with different value: C:\Users\stefa\.stmcufinder\plugins\mcufinder/ => C:\Users\stefa\.stmcufinder\plugins\mcufinder
2024-05-31 15:44:30,907 [INFO] ApiDb:250 - Set database path to: C:\Users\stefa\.stmcufinder\plugins\mcufinder//mcu/
2024-05-31 15:44:30,907 [WARN] DbFile:41 - Overriding database path with different value: C:\Users\stefa\.stmcufinder\plugins\mcufinder/ => C:\Users\stefa\.stmcufinder\plugins\mcufinder
2024-05-31 15:44:30,907 [INFO] DbMcusAds:125 - Set database path to: C:\Users\stefa\.stmcufinder\plugins\mcufinder//mcu/
2024-05-31 15:44:30,907 [WARN] DbFile:41 - Overriding database path with different value: C:\Users\stefa\.stmcufinder\plugins\mcufinder/ => C:\Users\stefa\.stmcufinder\plugins\mcufinder
2024-05-31 15:44:30,907 [WARN] DbFile:41 - Overriding database path with different value: C:\Users\stefa\.stmcufinder\plugins\mcufinder/ => C:\Users\stefa\.stmcufinder\plugins\mcufinder
2024-05-31 15:44:30,907 [INFO] CrossReferenceDbSqlite:203 - Set database path to: C:\Users\stefa\.stmcufinder\plugins\mcufinder//mcu/cs/
2024-05-31 15:44:30,936 [INFO] ApplicationProperties:184 - Using Application install path: C:\ST\STM32CubeIDE_1.15.0\STM32CubeIDE\plugins\com.st.stm32cube.common.mx_6.11.1.202404110753
2024-05-31 15:44:30,938 [INFO] PluginManage:196 - Search for loadable plugins [exclusion list=, ]
2024-05-31 15:44:30,940 [INFO] PluginManage:310 - Check plugin analytics
2024-05-31 15:44:31,128 [INFO] AnalyticsPlugin:253 - Accepted Software Licenses: STM32CubeMX.6.11.1
2024-05-31 15:44:31,129 [INFO] AnalyticsPlugin:255 - Accepted CMSIS Pack Licenses: 
2024-05-31 15:44:31,129 [INFO] AnalyticsPlugin:257 - Accepted Firmware Licenses: 
2024-05-31 15:44:31,132 [INFO] PluginManage:359 - Loaded plugin analytics (category:tool,tabindex:-1)
2024-05-31 15:44:31,133 [INFO] PluginManage:310 - Check plugin cadmodel
2024-05-31 15:44:31,161 [INFO] CADModel:105 - Init CAD model plugin
2024-05-31 15:44:31,161 [INFO] PluginManage:359 - Loaded plugin cadmodel (category:power,tabindex:5)
2024-05-31 15:44:31,162 [INFO] PluginManage:310 - Check plugin clock
2024-05-31 15:44:31,172 [INFO] PluginManage:359 - Loaded plugin clock (category:base,tabindex:2)
2024-05-31 15:44:31,172 [INFO] PluginManage:310 - Check plugin ddr
2024-05-31 15:44:31,175 [INFO] PluginManage:359 - Loaded plugin ddr (category:tool,tabindex:6)
2024-05-31 15:44:31,176 [INFO] PluginManage:310 - Check plugin filemanager
2024-05-31 15:44:31,329 [INFO] PluginManage:359 - Loaded plugin filemanager (category:base,tabindex:10)
2024-05-31 15:44:31,329 [INFO] PluginManage:310 - Check plugin ipmanager
2024-05-31 15:44:31,338 [INFO] PluginManage:359 - Loaded plugin ipmanager (category:base,tabindex:5)
2024-05-31 15:44:31,338 [INFO] PluginManage:310 - Check plugin lpbam
2024-05-31 15:44:31,347 [INFO] PluginManage:359 - Loaded plugin lpbam (category:base,tabindex:0)
2024-05-31 15:44:31,347 [INFO] PluginManage:310 - Check plugin memorymap
2024-05-31 15:44:31,362 [INFO] PluginManage:359 - Loaded plugin memorymap (category:base,tabindex:4)
2024-05-31 15:44:31,362 [INFO] PluginManage:310 - Check plugin pinoutandconfiguration
2024-05-31 15:44:31,370 [INFO] PluginManage:359 - Loaded plugin pinoutandconfiguration (category:base,tabindex:1)
2024-05-31 15:44:31,371 [INFO] PluginManage:310 - Check plugin pinoutconfig
2024-05-31 15:44:31,483 [WARN] SupportedApi:132 - Cannot load RTOS API schema: s4s-elt-must-match.1: The content of 'definitions' must match (annotation?, (simpleType | complexType)?, (unique | key | keyref)*)). A problem was found starting at: attribute.
2024-05-31 15:44:31,659 [INFO] PluginManage:359 - Loaded plugin pinoutconfig (category:base,tabindex:0)
2024-05-31 15:44:31,659 [INFO] PluginManage:310 - Check plugin power
2024-05-31 15:44:31,676 [INFO] PluginManage:359 - Loaded plugin power (category:power,tabindex:4)
2024-05-31 15:44:31,676 [INFO] PluginManage:310 - Check plugin projectmanager
2024-05-31 15:44:31,691 [INFO] PluginManage:359 - Loaded plugin projectmanager (category:projectmanager,tabindex:3)
2024-05-31 15:44:31,691 [INFO] PluginManage:310 - Check plugin thirdparty
2024-05-31 15:44:31,812 [WARN] IntegrityCheckThread:84 - waiting for thirdparty lock release [integrity check]
2024-05-31 15:44:31,812 [INFO] IntegrityCheckThread:86 - entering critical section [integrity check]
2024-05-31 15:44:31,812 [INFO] PluginManage:359 - Loaded plugin thirdparty (category:base,tabindex:-1)
2024-05-31 15:44:31,813 [INFO] PluginManage:310 - Check plugin tools
2024-05-31 15:44:31,813 [INFO] ThirdPartyUpdaterWithRetryManager:70 - Updater plugin not ready yet. [1/15]
2024-05-31 15:44:31,816 [INFO] PluginManage:359 - Loaded plugin tools (category:base,tabindex:7)
2024-05-31 15:44:31,816 [INFO] PluginManage:310 - Check plugin tutovideos
2024-05-31 15:44:31,986 [INFO] PluginManage:359 - Loaded plugin tutovideos (category:base,tabindex:-1)
2024-05-31 15:44:31,986 [INFO] PluginManage:310 - Check plugin updater
2024-05-31 15:44:31,993 [INFO] PluginManage:359 - Loaded plugin updater (category:base,tabindex:12)
2024-05-31 15:44:31,993 [INFO] PluginManage:310 - Check plugin userauth
2024-05-31 15:44:31,997 [INFO] UserAuth:114 - Init User Auth plugin
2024-05-31 15:44:31,997 [INFO] PluginManage:359 - Loaded plugin userauth (category:base,tabindex:14)
2024-05-31 15:44:31,998 [INFO] PluginManage:283 - PluginManage : Loaded plugins [17]
2024-05-31 15:44:32,232 [INFO] PinOutPanel:1561 - setPackage(No Configuration,No Configuration)
2024-05-31 15:44:32,323 [INFO] CADModel:165 - CPN selected for project level
2024-05-31 15:44:32,323 [INFO] CADModel:114 - Register for checkConnection events
2024-05-31 15:44:32,345 [INFO] IPUIPlugin:80 - create IPUIPlugin
2024-05-31 15:44:32,345 [INFO] PluginManager:220 - loadIPPluginJar : add adc
2024-05-31 15:44:32,347 [INFO] IPUIPlugin:80 - create IPUIPlugin
2024-05-31 15:44:32,348 [INFO] PluginManager:220 - loadIPPluginJar : add aes
2024-05-31 15:44:32,350 [INFO] IPUIPlugin:80 - create IPUIPlugin
2024-05-31 15:44:32,350 [INFO] PluginManager:220 - loadIPPluginJar : add can
2024-05-31 15:44:32,352 [INFO] IPUIPlugin:80 - create IPUIPlugin
2024-05-31 15:44:32,352 [INFO] PluginManager:220 - loadIPPluginJar : add comp
2024-05-31 15:44:32,354 [INFO] IPUIPlugin:80 - create IPUIPlugin
2024-05-31 15:44:32,354 [INFO] PluginManager:220 - loadIPPluginJar : add cryp
2024-05-31 15:44:32,356 [INFO] IPUIPlugin:80 - create IPUIPlugin
2024-05-31 15:44:32,356 [INFO] PluginManager:220 - loadIPPluginJar : add dfsdm
2024-05-31 15:44:32,363 [INFO] IPUIPlugin:80 - create IPUIPlugin
2024-05-31 15:44:32,364 [INFO] PluginManager:220 - loadIPPluginJar : add dma
2024-05-31 15:44:32,367 [INFO] IPUIPlugin:80 - create IPUIPlugin
2024-05-31 15:44:32,368 [INFO] PluginManager:220 - loadIPPluginJar : add dma3
2024-05-31 15:44:32,371 [INFO] IPUIPlugin:80 - create IPUIPlugin
2024-05-31 15:44:32,371 [INFO] PluginManager:220 - loadIPPluginJar : add extmemmanager
2024-05-31 15:44:32,373 [INFO] IPUIPlugin:80 - create IPUIPlugin
2024-05-31 15:44:32,373 [INFO] PluginManager:220 - loadIPPluginJar : add fatfs
2024-05-31 15:44:32,378 [INFO] IPUIPlugin:80 - create IPUIPlugin
2024-05-31 15:44:32,379 [INFO] PluginManager:220 - loadIPPluginJar : add fmc
2024-05-31 15:44:32,384 [INFO] IPUIPlugin:80 - create IPUIPlugin
2024-05-31 15:44:32,385 [INFO] PluginManager:220 - loadIPPluginJar : add freertos
2024-05-31 15:44:32,386 [INFO] IPUIPlugin:80 - create IPUIPlugin
2024-05-31 15:44:32,386 [INFO] PluginManager:220 - loadIPPluginJar : add genericplugin
2024-05-31 15:44:32,389 [INFO] IPUIPlugin:80 - create IPUIPlugin
2024-05-31 15:44:32,389 [INFO] PluginManager:220 - loadIPPluginJar : add gfxmmu
2024-05-31 15:44:32,395 [INFO] IPUIPlugin:80 - create IPUIPlugin
2024-05-31 15:44:32,395 [INFO] PluginManager:220 - loadIPPluginJar : add gic
2024-05-31 15:44:32,399 [INFO] IPUIPlugin:80 - create IPUIPlugin
2024-05-31 15:44:32,399 [INFO] PluginManager:220 - loadIPPluginJar : add gpio
2024-05-31 15:44:32,403 [INFO] IPUIPlugin:80 - create IPUIPlugin
2024-05-31 15:44:32,403 [INFO] PluginManager:220 - loadIPPluginJar : add gtzc
2024-05-31 15:44:32,406 [INFO] IPUIPlugin:80 - create IPUIPlugin
2024-05-31 15:44:32,406 [INFO] PluginManager:220 - loadIPPluginJar : add hash
2024-05-31 15:44:32,408 [INFO] IPUIPlugin:80 - create IPUIPlugin
2024-05-31 15:44:32,408 [INFO] PluginManager:220 - loadIPPluginJar : add i2c
2024-05-31 15:44:32,412 [INFO] IPUIPlugin:80 - create IPUIPlugin
2024-05-31 15:44:32,412 [INFO] PluginManager:220 - loadIPPluginJar : add i2s
2024-05-31 15:44:32,415 [INFO] IPUIPlugin:80 - create IPUIPlugin
2024-05-31 15:44:32,415 [INFO] PluginManager:220 - loadIPPluginJar : add i3c
2024-05-31 15:44:32,418 [INFO] IPUIPlugin:80 - create IPUIPlugin
2024-05-31 15:44:32,418 [INFO] PluginManager:220 - loadIPPluginJar : add ipddr
2024-05-31 15:44:32,426 [INFO] IPUIPlugin:80 - create IPUIPlugin
2024-05-31 15:44:32,426 [INFO] PluginManager:220 - loadIPPluginJar : add linkedlist
2024-05-31 15:44:32,429 [INFO] IPUIPlugin:80 - create IPUIPlugin
2024-05-31 15:44:32,429 [INFO] PluginManager:220 - loadIPPluginJar : add lorawan
2024-05-31 15:44:32,431 [INFO] IPUIPlugin:80 - create IPUIPlugin
2024-05-31 15:44:32,432 [INFO] PluginManager:220 - loadIPPluginJar : add ltdc
2024-05-31 15:44:32,439 [INFO] IPUIPlugin:80 - create IPUIPlugin
2024-05-31 15:44:32,439 [INFO] PluginManager:220 - loadIPPluginJar : add mdma
2024-05-31 15:44:32,442 [INFO] IPUIPlugin:80 - create IPUIPlugin
2024-05-31 15:44:32,443 [INFO] PluginManager:220 - loadIPPluginJar : add nvic
2024-05-31 15:44:32,446 [INFO] IPUIPlugin:80 - create IPUIPlugin
2024-05-31 15:44:32,446 [INFO] PluginManager:220 - loadIPPluginJar : add opamp
2024-05-31 15:44:32,449 [INFO] IPUIPlugin:80 - create IPUIPlugin
2024-05-31 15:44:32,449 [INFO] PluginManager:220 - loadIPPluginJar : add openamp
2024-05-31 15:44:32,453 [INFO] IPUIPlugin:80 - create IPUIPlugin
2024-05-31 15:44:32,453 [INFO] PluginManager:220 - loadIPPluginJar : add pdm2pcm
2024-05-31 15:44:32,459 [INFO] IPUIPlugin:80 - create IPUIPlugin
2024-05-31 15:44:32,464 [INFO] PluginManager:220 - loadIPPluginJar : add plateformsettings
2024-05-31 15:44:32,466 [INFO] IPUIPlugin:80 - create IPUIPlugin
2024-05-31 15:44:32,466 [INFO] PluginManager:220 - loadIPPluginJar : add quadspi
2024-05-31 15:44:32,470 [INFO] IPUIPlugin:80 - create IPUIPlugin
2024-05-31 15:44:32,471 [INFO] PluginManager:220 - loadIPPluginJar : add resmgrutility
2024-05-31 15:44:32,475 [INFO] IPUIPlugin:80 - create IPUIPlugin
2024-05-31 15:44:32,475 [INFO] PluginManager:220 - loadIPPluginJar : add sai
2024-05-31 15:44:32,478 [INFO] IPUIPlugin:80 - create IPUIPlugin
2024-05-31 15:44:32,478 [INFO] PluginManager:220 - loadIPPluginJar : add spi
2024-05-31 15:44:32,484 [INFO] IPUIPlugin:80 - create IPUIPlugin
2024-05-31 15:44:32,484 [INFO] PluginManager:220 - loadIPPluginJar : add stm32_wpan
2024-05-31 15:44:32,487 [INFO] IPUIPlugin:80 - create IPUIPlugin
2024-05-31 15:44:32,487 [INFO] PluginManager:220 - loadIPPluginJar : add tim
2024-05-31 15:44:32,491 [INFO] IPUIPlugin:80 - create IPUIPlugin
2024-05-31 15:44:32,492 [INFO] PluginManager:220 - loadIPPluginJar : add touchsensing
2024-05-31 15:44:32,494 [INFO] IPUIPlugin:80 - create IPUIPlugin
2024-05-31 15:44:32,494 [INFO] PluginManager:220 - loadIPPluginJar : add tracer_emb
2024-05-31 15:44:32,497 [INFO] IPUIPlugin:80 - create IPUIPlugin
2024-05-31 15:44:32,498 [INFO] PluginManager:220 - loadIPPluginJar : add ts
2024-05-31 15:44:32,500 [INFO] IPUIPlugin:80 - create IPUIPlugin
2024-05-31 15:44:32,500 [INFO] PluginManager:220 - loadIPPluginJar : add tsc
2024-05-31 15:44:32,502 [INFO] IPUIPlugin:80 - create IPUIPlugin
2024-05-31 15:44:32,502 [INFO] PluginManager:220 - loadIPPluginJar : add ucpd
2024-05-31 15:44:32,505 [INFO] IPUIPlugin:80 - create IPUIPlugin
2024-05-31 15:44:32,505 [INFO] PluginManager:220 - loadIPPluginJar : add usart
2024-05-31 15:44:32,509 [INFO] IPUIPlugin:80 - create IPUIPlugin
2024-05-31 15:44:32,509 [INFO] PluginManager:220 - loadIPPluginJar : add usbx
2024-05-31 15:44:32,638 [INFO] CADModel:165 - CPN selected for project level
2024-05-31 15:44:32,638 [INFO] CADModel:114 - Register for checkConnection events
2024-05-31 15:44:32,639 [FATAL] Updater:308 - Updater called before beeing initialized
2024-05-31 15:44:32,639 [ERROR] CADModel:125 - Updater not yet initialized, retry later 
2024-05-31 15:44:32,735 [INFO] CADModel:165 - CPN selected for project level
2024-05-31 15:44:32,735 [INFO] CADModel:114 - Register for checkConnection events
2024-05-31 15:44:32,736 [FATAL] Updater:308 - Updater called before beeing initialized
2024-05-31 15:44:32,736 [ERROR] CADModel:125 - Updater not yet initialized, retry later 
2024-05-31 15:44:32,739 [FATAL] Updater:308 - Updater called before beeing initialized
2024-05-31 15:44:32,834 [FATAL] Updater:308 - Updater called before beeing initialized
2024-05-31 15:44:32,840 [INFO] DbMcusAds:53 - JSON generation date=Thu May 16 11:22:00 CEST 2024 (1715851320852)
2024-05-31 15:44:32,840 [FATAL] Updater:308 - Updater called before beeing initialized
2024-05-31 15:44:32,869 [WARN] DetailPanel:346 - Failed to get advertising image, set to default
2024-05-31 15:44:32,960 [FATAL] Updater:308 - Updater called before beeing initialized
2024-05-31 15:44:32,963 [FATAL] Updater:308 - Updater called before beeing initialized
2024-05-31 15:44:32,964 [FATAL] Updater:308 - Updater called before beeing initialized
2024-05-31 15:44:32,964 [WARN] DetailPanel:346 - Failed to get advertising image, set to default
2024-05-31 15:44:32,966 [FATAL] Updater:308 - Updater called before beeing initialized
2024-05-31 15:44:33,001 [ERROR] Updater:1120 - MainUpdater not yet initialized. External WinMGr cannot be set.
2024-05-31 15:44:33,002 [INFO] Updater:1056 - Updater Version found : 6.11.1
2024-05-31 15:44:33,017 [INFO] ApplicationProperties:184 - Using Application install path: C:\ST\STM32CubeIDE_1.15.0\STM32CubeIDE\plugins\com.st.stm32cube.common.mx_6.11.1.202404110753
2024-05-31 15:44:34,586 [ERROR] LogOutputStream:75 - [STDERR_REDIRECT] May 31, 2024 3:44:34 PM java.util.prefs.WindowsPreferences <init>
2024-05-31 15:44:34,587 [ERROR] LogOutputStream:75 - [STDERR_REDIRECT] WARNING: Could not open/create prefs root node Software\JavaSoft\Prefs at root 0xffffffff80000002. Windows RegCreateKeyEx(...) returned error code 5.
2024-05-31 15:44:34,587 [ERROR] LogOutputStream:75 - [STDERR_REDIRECT] 
2024-05-31 15:44:34,815 [INFO] ThirdPartyUpdaterWithRetryManager:70 - Updater plugin not ready yet. [2/15]
2024-05-31 15:44:34,844 [INFO] MainUpdater:2873 - connection check result : 10
2024-05-31 15:44:34,844 [INFO] MainUpdater:290 - Updater Check For Update Now.
2024-05-31 15:44:34,844 [INFO] MicroXplorer:498 - Change Database Version : DB.6.0.111
2024-05-31 15:44:34,849 [INFO] McuFinderGlobals:63 - Set McuFinder mode to 2 (CubeIDE integrated)
2024-05-31 15:44:34,855 [INFO] UserAuth:415 - Internet connection configuration mode: 1
2024-05-31 15:44:34,878 [INFO] JxBrowserEngine:152 - Initiate JxBrowser Engine with user profile folder
2024-05-31 15:44:35,005 [INFO] CheckServerUpdateThread:120 - End of CheckServer Thread
2024-05-31 15:44:35,299 [INFO] WebApp:161 - Instantiating new browser for Auth
2024-05-31 15:44:35,598 [INFO] WebApp:779 - Register for checkConnection events
2024-05-31 15:44:35,599 [INFO] WebApp:414 - Apply proxy settings
2024-05-31 15:44:35,599 [INFO] WebApp:499 - Chromium requires no authentication
2024-05-31 15:44:35,603 [INFO] WebApp:442 - Direct internet connection detected
2024-05-31 15:44:35,686 [INFO] WebApp:192 - Starting web application
2024-05-31 15:44:35,686 [INFO] WebApp:544 - Web application path used C:\ST\STM32CubeIDE_1.15.0\STM32CubeIDE\plugins\com.st.stm32cube.common.mx_6.11.1.202404110753\db\plugins\mcufinder\reactClient1\index.html
2024-05-31 15:44:37,899 [WARN] PackLoader:240 - Cannot read IP mode file for STMicroelectronics.FP-SNS-MOTENVWB1.1.4.0
2024-05-31 15:44:37,906 [WARN] PackLoader:240 - Cannot read IP mode file for STMicroelectronics.X-CUBE-SMBUS.2.1.0
2024-05-31 15:44:37,909 [WARN] PackLoader:240 - Cannot read IP mode file for STMicroelectronics.X-CUBE-TOUCHGFX.4.23.1
2024-05-31 15:44:37,911 [WARN] PackLoader:240 - Cannot read IP mode file for STMicroelectronics.X-CUBE-TOUCHGFX.4.23.0
2024-05-31 15:44:37,960 [WARN] PackLoader:240 - Cannot read IP mode file for STMicroelectronics.X-CUBE-TOUCHGFX.4.23.2
2024-05-31 15:44:37,979 [WARN] PackLoader:240 - Cannot read IP mode file for STMicroelectronics.X-CUBE-AZRTOS-F7.1.1.0
2024-05-31 15:44:37,985 [WARN] PackLoader:240 - Cannot read IP mode file for STMicroelectronics.X-CUBE-TOUCHGFX.4.19.1
2024-05-31 15:44:38,008 [WARN] PackLoader:240 - Cannot read IP mode file for STMicroelectronics.FP-SNS-MOTENV1.4.3.2
2024-05-31 15:44:38,012 [WARN] PackLoader:240 - Cannot read IP mode file for STMicroelectronics.FP-SNS-FLIGHT1.5.0.2
2024-05-31 15:44:38,017 [WARN] PackLoader:240 - Cannot read IP mode file for STMicroelectronics.X-CUBE-DISPLAY.3.0.0
2024-05-31 15:44:38,027 [WARN] PackLoader:240 - Cannot read IP mode file for STMicroelectronics.X-CUBE-BLE1.7.0.0
2024-05-31 15:44:38,030 [WARN] PackLoader:240 - Cannot read IP mode file for emotas.I-CUBE-CANOPEN.1.3.0
2024-05-31 15:44:38,036 [WARN] PackLoader:240 - Cannot read IP mode file for STMicroelectronics.X-CUBE-BLEMGR.3.1.0
2024-05-31 15:44:38,042 [WARN] PackLoader:240 - Cannot read IP mode file for STMicroelectronics.FP-SNS-SMARTAG2.1.2.0
2024-05-31 15:44:38,049 [INFO] LogOutputStream:77 - [STDOUT_REDIRECT] 1 : Invalid condition id : UX_CORESTACK_Condition cause : null
2024-05-31 15:44:38,049 [INFO] LogOutputStream:77 - [STDOUT_REDIRECT] 1 : Invalid condition id : UX_CORESTACK_Condition cause : null
2024-05-31 15:44:38,050 [INFO] LogOutputStream:77 - [STDOUT_REDIRECT] 1 : Invalid condition id : UX_CORESTACK_Condition cause : null
2024-05-31 15:44:38,051 [INFO] LogOutputStream:77 - [STDOUT_REDIRECT] 1 : Invalid condition id : UX_CORESTACK_Condition cause : null
2024-05-31 15:44:38,052 [INFO] LogOutputStream:77 - [STDOUT_REDIRECT] 1 : Invalid condition id : UX_CORESTACK_Condition cause : null
2024-05-31 15:44:38,054 [WARN] PackLoader:240 - Cannot read IP mode file for STMicroelectronics.X-CUBE-AZRTOS-WL.2.0.0
2024-05-31 15:44:38,058 [WARN] PackLoader:240 - Cannot read IP mode file for STMicroelectronics.FP-SNS-MOTENV1.5.0.0
2024-05-31 15:44:38,065 [WARN] PackLoader:240 - Cannot read IP mode file for WES.I-CUBE-Cesium.1.3.0
2024-05-31 15:44:38,070 [WARN] PackLoader:240 - Cannot read IP mode file for STMicroelectronics.X-CUBE-BLE2.3.3.0
2024-05-31 15:44:38,074 [WARN] PackLoader:240 - Cannot read IP mode file for STMicroelectronics.X-CUBE-TCPP.4.1.0
2024-05-31 15:44:38,080 [WARN] PackLoader:240 - Cannot read IP mode file for STMicroelectronics.X-CUBE-ALGOBUILD.1.3.0
2024-05-31 15:44:38,091 [WARN] PackLoader:240 - Cannot read IP mode file for STMicroelectronics.X-CUBE-AZRTOS-G0.1.1.0
2024-05-31 15:44:38,097 [WARN] PackLoader:240 - Cannot read IP mode file for STMicroelectronics.X-CUBE-SAFEA1.1.2.2
2024-05-31 15:44:38,102 [WARN] PackLoader:240 - Cannot read IP mode file for STMicroelectronics.X-CUBE-NFC4.3.0.0
2024-05-31 15:44:38,105 [WARN] PackLoader:240 - Cannot read IP mode file for wolfSSL.I-CUBE-wolfMQTT.1.18.0
2024-05-31 15:44:38,108 [WARN] PackLoader:240 - Cannot read IP mode file for wolfSSL.I-CUBE-wolfSSL.5.7.0
2024-05-31 15:44:38,111 [WARN] PackLoader:240 - Cannot read IP mode file for STMicroelectronics.FP-ATR-SIGFOX1.3.2.0
2024-05-31 15:44:38,116 [WARN] PackLoader:240 - Cannot read IP mode file for STMicroelectronics.X-CUBE-EEPRMA1.5.1.0
2024-05-31 15:44:38,122 [WARN] PackLoader:240 - Cannot read IP mode file for ITTIA_DB.I-CUBE-ITTIADB.8.9.0
2024-05-31 15:44:38,142 [WARN] PackLoader:240 - Cannot read IP mode file for SEGGER.I-CUBE-embOS.1.3.1
2024-05-31 15:44:38,177 [WARN] PackLoader:240 - Cannot read IP mode file for STMicroelectronics.X-CUBE-ALGOBUILD.1.4.0
2024-05-31 15:44:38,182 [WARN] PackLoader:240 - Cannot read IP mode file for STMicroelectronics.X-CUBE-GNSS1.6.0.0
2024-05-31 15:44:38,193 [WARN] PackLoader:240 - Cannot read IP mode file for STMicroelectronics.X-CUBE-AZRTOS-F4.1.1.0
2024-05-31 15:44:38,198 [WARN] PackLoader:240 - Cannot read IP mode file for STMicroelectronics.X-CUBE-FREERTOS.1.2.0
2024-05-31 15:44:38,201 [WARN] PackLoader:240 - Cannot read IP mode file for wolfSSL.I-CUBE-wolfSSL.5.6.6
2024-05-31 15:44:38,215 [WARN] PackLoader:240 - Cannot read IP mode file for STMicroelectronics.X-CUBE-AZRTOS-L5.2.0.0
2024-05-31 15:44:38,221 [WARN] PackLoader:240 - Cannot read IP mode file for STMicroelectronics.X-CUBE-NFC6.3.1.0
2024-05-31 15:44:38,225 [WARN] PackLoader:240 - Cannot read IP mode file for ITTIA_DB.I-CUBE-ITTIADB.8.8.0
2024-05-31 15:44:38,229 [WARN] PackLoader:240 - Cannot read IP mode file for STMicroelectronics.X-CUBE-AI.9.0.0
2024-05-31 15:44:38,233 [WARN] PackLoader:240 - Cannot read IP mode file for STMicroelectronics.X-CUBE-NFC7.1.0.1
2024-05-31 15:44:38,238 [WARN] PackLoader:240 - Cannot read IP mode file for STMicroelectronics.X-CUBE-AI.8.1.0
2024-05-31 15:44:38,255 [WARN] ConditionMgr:438 - getConditionDescription Invalid condition id : LAN8742 Phy interface Condition cause : null
2024-05-31 15:44:38,255 [WARN] PackLoader:240 - Cannot read IP mode file for STMicroelectronics.X-CUBE-AZRTOS-L4.2.0.0
2024-05-31 15:44:38,257 [WARN] ConditionMgr:1039 - genDependencies : Invalid condition id : LAN8742 Phy interface Condition cause : null
2024-05-31 15:44:38,257 [WARN] ConditionMgr:1039 - genDependencies : Invalid condition id : LAN8742 Phy interface Condition cause : null
2024-05-31 15:44:38,257 [WARN] ConditionMgr:1039 - genDependencies : Invalid condition id : LAN8742 Phy interface Condition cause : null
2024-05-31 15:44:38,263 [WARN] PackLoader:240 - Cannot read IP mode file for STMicroelectronics.X-CUBE-SFXS2LP1.4.0.0
2024-05-31 15:44:38,274 [WARN] ConditionMgr:438 - getConditionDescription Invalid condition id : UX DEVICE CLASS RTOS Condition cause : null
2024-05-31 15:44:38,275 [WARN] ConditionMgr:438 - getConditionDescription Invalid condition id : UX DEVICE CLASS RTOS Condition cause : null
2024-05-31 15:44:38,277 [WARN] PackLoader:240 - Cannot read IP mode file for STMicroelectronics.X-CUBE-AZRTOS-WB.2.0.0
2024-05-31 15:44:38,277 [WARN] ConditionMgr:1039 - genDependencies : Invalid condition id : UX DEVICE CLASS RTOS Condition cause : null
2024-05-31 15:44:38,278 [WARN] ConditionMgr:1039 - genDependencies : Invalid condition id : UX DEVICE CLASS RTOS Condition cause : null
2024-05-31 15:44:38,278 [WARN] ConditionMgr:1039 - genDependencies : Invalid condition id : UX DEVICE CLASS RTOS Condition cause : null
2024-05-31 15:44:38,278 [WARN] ConditionMgr:1039 - genDependencies : Invalid condition id : UX DEVICE CLASS RTOS Condition cause : null
2024-05-31 15:44:38,279 [WARN] ConditionMgr:1039 - genDependencies : Invalid condition id : UX DEVICE CLASS RTOS Condition cause : null
2024-05-31 15:44:38,287 [WARN] PackLoader:240 - Cannot read IP mode file for STMicroelectronics.X-CUBE-SUBG2.5.0.0
2024-05-31 15:44:38,300 [WARN] PackLoader:240 - Cannot read IP mode file for STMicroelectronics.X-CUBE-AZRTOS-G4.2.0.0
2024-05-31 15:44:38,311 [WARN] PackLoader:240 - Cannot read IP mode file for Infineon.AIROC-Wi-Fi-Bluetooth-STM32.1.5.1
2024-05-31 15:44:38,316 [WARN] PackLoader:240 - Cannot read IP mode file for STMicroelectronics.FP-SNS-MOTENVWB1.1.3.1
2024-05-31 15:44:38,321 [WARN] PackLoader:240 - Cannot read IP mode file for STMicroelectronics.X-CUBE-ISPU.2.0.0
2024-05-31 15:44:38,324 [WARN] PackLoader:240 - Cannot read IP mode file for STMicroelectronics.X-CUBE-ALS.1.0.2
2024-05-31 15:44:38,351 [WARN] PackLoader:240 - Cannot read IP mode file for STMicroelectronics.X-CUBE-MEMS1.10.0.0
2024-05-31 15:44:38,428 [WARN] PackLoader:240 - Cannot read IP mode file for STMicroelectronics.X-CUBE-FREERTOS.1.1.0
2024-05-31 15:44:38,459 [WARN] PackLoader:240 - Cannot read IP mode file for portGmbH.I-Cube-SoM-uGOAL.1.1.0
2024-05-31 15:44:38,463 [WARN] PackLoader:240 - Cannot read IP mode file for STMicroelectronics.X-CUBE-ALS.1.0.1
2024-05-31 15:44:38,476 [WARN] PackLoader:240 - Cannot read IP mode file for STMicroelectronics.X-CUBE-AZRTOS-H7RS.1.0.0
2024-05-31 15:44:38,481 [WARN] PackLoader:240 - Cannot read IP mode file for STMicroelectronics.FP-ATR-ASTRA1.2.0.0
2024-05-31 15:44:38,487 [WARN] PackLoader:240 - Cannot read IP mode file for STMicroelectronics.X-CUBE-TOF1.3.4.1
2024-05-31 15:44:38,503 [WARN] PackLoader:240 - Cannot read IP mode file for STMicroelectronics.X-CUBE-AZRTOS-H7.3.2.0
2024-05-31 15:44:38,511 [WARN] PackLoader:240 - Cannot read IP mode file for Infineon.AIROC-Wi-Fi-Bluetooth-STM32.1.6.0
2024-05-31 15:44:38,514 [INFO] ThirdParty:978 - Integrity check success = true
2024-05-31 15:44:38,514 [INFO] IntegrityCheckThread:100 - exiting critical section [integrity check]
2024-05-31 15:44:38,514 [INFO] IntegrityCheckThread:103 - End integrity checks thread
2024-05-31 15:44:57,065 [ERROR] LogOutputStream:75 - [STDERR_REDIRECT] 
